{"ChunkNumber":3,"Computer":"DC01.forela.local","Payload":"{\"EventData\":\"\"}","UserId":"S-1-5-18","Channel":"Application","Provider":"Microsoft-Windows-WMI","EventId":5615,"EventRecordId":"503","ProcessId":2996,"ThreadId":3092,"Level":"Info","Keywords":"Classic","SourceFile":"Z:\\usr\\lib\\wine\\Artifacts\\APPLICATION.evtx","ExtraDataOffset":0,"HiddenRecord":false,"TimeCreated":"2023-03-27T14:02:55.2280481+00:00","RecordNumber":503}
{"ChunkNumber":3,"Computer":"DC01.forela.local","Payload":"{\"EventData\":\"\"}","UserId":"S-1-5-18","Channel":"Application","Provider":"Microsoft-Windows-WMI","EventId":5617,"EventRecordId":"504","ProcessId":2996,"ThreadId":3240,"Level":"Info","Keywords":"Classic","SourceFile":"Z:\\usr\\lib\\wine\\Artifacts\\APPLICATION.evtx","ExtraDataOffset":0,"HiddenRecord":false,"TimeCreated":"2023-03-27T14:02:55.7044017+00:00","RecordNumber":504}
{"ChunkNumber":3,"Computer":"DC01.forela.local","Payload":"{\"EventData\":{\"Data\":\"\",\"Binary\":\"\"}}","Channel":"Application","Provider":"Desktop Window Manager","EventId":9027,"EventRecordId":"505","ProcessId":0,"ThreadId":0,"Level":"Info","Keywords":"0x80000000000000","SourceFile":"Z:\\usr\\lib\\wine\\Artifacts\\APPLICATION.evtx","ExtraDataOffset":0,"HiddenRecord":false,"TimeCreated":"2023-03-27T14:03:13.6419997+00:00","RecordNumber":505}
{"ChunkNumber":3,"Computer":"DC01.forela.local","Payload":"{\"EventData\":{\"Data\":\"DFSRs, 3052,P,98, \\\\\\\\.\\\\C:\\\\System Volume Information\\\\DFSR\\\\database_72E6_EF45_E6EF_865\\\\dfsr.db: , 0, 10, 00, 20348, 0000\",\"Binary\":\"\"}}","Channel":"Application","Provider":"ESENT","EventId":102,"EventRecordId":"506","ProcessId":0,"ThreadId":0,"Level":"Info","Keywords":"0x80000000000000","SourceFile":"Z:\\usr\\lib\\wine\\Artifacts\\APPLICATION.evtx","ExtraDataOffset":0,"HiddenRecord":false,"TimeCreated":"2023-03-27T14:03:25.4389049+00:00","RecordNumber":506}
{"ChunkNumber":3,"Computer":"DC01.forela.local","Payload":"{\"EventData\":{\"Data\":\"DFSRs, 3052,D,0, \\\\\\\\.\\\\C:\\\\System Volume Information\\\\DFSR\\\\database_72E6_EF45_E6EF_865\\\\dfsr.db: , 0, 0, \\n[1] 0.002849 +J(0) +M(C:0K, Fs:323, WS:1244K # 1244K, PF:6772K # 6772K, P:6772K)\\n[2] 0.000189 +J(0) +M(C:16K, Fs:103, WS:404K # 404K, PF:344K # 344K, P:344K)\\n[3] 0.000009 +J(0) +M(C:0K, Fs:3, WS:12K # 12K, PF:64K # 64K, P:64K)\\n[4] 0.000124 +J(0) +M(C:2032K, Fs:38, WS:144K # 144K, PF:2456K # 2456K, P:2456K)\\n[5] 0.000529 +J(0) +M(C:0K, Fs:10, WS:40K # 40K, PF:24K # 24K, P:24K)\\n[6] 0.001264 +J(0) +M(C:0K, Fs:23, WS:16K # 16K, PF:-112K # 0K, P:-112K)\\n[7] 0.024700 -0.014041 (11) WT +J(0) +M(C:0K, Fs:1300, WS:5188K # 5188K, PF:5132K # 5020K, P:5132K)\\n[8] -\\n[9] -\\n[10] -\\n[11] -\\n[12] -\\n[13] 0.008557 -0.004257 (12) WT +J(CM:0, PgRf:0, Rd:0/0, Dy:0/0, Lg:616/1) +M(C:0K, Fs:6, WS:-5104K # 16K, PF:-5128K # 12K, P:-5128K)\\n[14] 0.000014 +J(0) +M(C:0K, Fs:1, WS:4K # 0K, PF:4K # 0K, P:4K)\\n[15] 0.000040 +J(0) +M(C:0K, Fs:64, WS:256K # 0K, PF:64K # 0K, P:64K)\\n[16] 0.000219 -0.000120 (1) WT +J(0) +M(C:0K, Fs:3, WS:4K # 0K, PF:0K # 0K, P:0K).\",\"Binary\":\"\"}}","Channel":"Application","Provider":"ESENT","EventId":105,"EventRecordId":"507","ProcessId":0,"ThreadId":0,"Level":"Info","Keywords":"0x80000000000000","SourceFile":"Z:\\usr\\lib\\wine\\Artifacts\\APPLICATION.evtx","ExtraDataOffset":0,"HiddenRecord":false,"TimeCreated":"2023-03-27T14:03:25.4702841+00:00","RecordNumber":507}
{"PayloadData1":"Database: DFSRs, 3052,D,50, \\\\.\\C:\\System Volume Information\\DFSR\\database_72E6_EF45_E6EF_865\\dfsr.db: , 1, \\\\.\\C:\\System Volume Information\\DFSR\\database_72E6_EF45_E6EF_865\\dfsr.db, 0, \r\n[1] 0.000002 +J(0) +M(C:0K, Fs:1, WS:4K # 0K, PF:0K # 0K, P:0K)\r\n[2] 0.000629 -0.000479 (1) WT +J(0) +M(C:0K, Fs:19, WS:12K # 0K, PF:8K # 0K, P:8K)\r\n[3] 0.002578 -0.000961 (6) WT +J(CM:0, PgRf:0, Rd:0/0, Dy:0/0, Lg:3480/2) +M(C:0K, Fs:32, WS:116K # 0K, PF:152K # 0K, P:152K)\r\n[4] 0.000048 +J(0)\r\n[5] -\r\n[6] -\r\n[7] -\r\n[8] 0.000418 -0.000259 (2) CM -0.000175 (2) WT +J(CM:2, PgRf:2, Rd:14/2, Dy:0/0, Lg:54/1) +M(C:-8K, Fs:62, WS:240K # 0K, PF:144K # 0K, P:144K)\r\n[9] 0.001391 -0.001261 (2) CM -0.001195 (2) WT +J(CM:2, PgRf:23, Rd:0/1, Dy:0/0, Lg:0/0) +M(C:-12K, Fs:30, WS:108K # 0K, PF:188K # 0K, P:188K)\r\n[10] 0.000419 -0.000365 (1) CM -0.000301 (1) WT +J(CM:1, PgRf:40, Rd:0/1, Dy:0/0, Lg:0/0) +M(C:-4K, Fs:6, WS:20K # 0K, PF:60K # 0K, P:60K)\r\n[11] 0.000008 +J(CM:0, PgRf:1, Rd:0/0, Dy:0/0, Lg:0/0) +M(C:0K, Fs:4, WS:16K # 0K, PF:0K # 0K, P:0K)\r\n[12] 0.000010 +J(CM:0, PgRf:36, Rd:0/0, Dy:0/0, Lg:0/0) +M(C:0K, Fs:1, WS:4K # 0K, PF:0K # 0K, P:0K)\r\n[13] 0.0 +J(0)\r\n[14] 0.0 +J(0)\r\n[15] 0.000002 +J(CM:0, PgRf:1, Rd:0/0, Dy:0/0, Lg:0/0)., 0 0, lgposAttach = 00000001:01D3:0268,\r\ndbv = 1568.180.400 (9360)","MapDescription":"NTDS the database engine attached a database","ChunkNumber":4,"Computer":"DC01.forela.local","Payload":"{\"EventData\":{\"Data\":\"DFSRs, 3052,D,50, \\\\\\\\.\\\\C:\\\\System Volume Information\\\\DFSR\\\\database_72E6_EF45_E6EF_865\\\\dfsr.db: , 1, \\\\\\\\.\\\\C:\\\\System Volume Information\\\\DFSR\\\\database_72E6_EF45_E6EF_865\\\\dfsr.db, 0, \\n[1] 0.000002 +J(0) +M(C:0K, Fs:1, WS:4K # 0K, PF:0K # 0K, P:0K)\\n[2] 0.000629 -0.000479 (1) WT +J(0) +M(C:0K, Fs:19, WS:12K # 0K, PF:8K # 0K, P:8K)\\n[3] 0.002578 -0.000961 (6) WT +J(CM:0, PgRf:0, Rd:0/0, Dy:0/0, Lg:3480/2) +M(C:0K, Fs:32, WS:116K # 0K, PF:152K # 0K, P:152K)\\n[4] 0.000048 +J(0)\\n[5] -\\n[6] -\\n[7] -\\n[8] 0.000418 -0.000259 (2) CM -0.000175 (2) WT +J(CM:2, PgRf:2, Rd:14/2, Dy:0/0, Lg:54/1) +M(C:-8K, Fs:62, WS:240K # 0K, PF:144K # 0K, P:144K)\\n[9] 0.001391 -0.001261 (2) CM -0.001195 (2) WT +J(CM:2, PgRf:23, Rd:0/1, Dy:0/0, Lg:0/0) +M(C:-12K, Fs:30, WS:108K # 0K, PF:188K # 0K, P:188K)\\n[10] 0.000419 -0.000365 (1) CM -0.000301 (1) WT +J(CM:1, PgRf:40, Rd:0/1, Dy:0/0, Lg:0/0) +M(C:-4K, Fs:6, WS:20K # 0K, PF:60K # 0K, P:60K)\\n[11] 0.000008 +J(CM:0, PgRf:1, Rd:0/0, Dy:0/0, Lg:0/0) +M(C:0K, Fs:4, WS:16K # 0K, PF:0K # 0K, P:0K)\\n[12] 0.000010 +J(CM:0, PgRf:36, Rd:0/0, Dy:0/0, Lg:0/0) +M(C:0K, Fs:1, WS:4K # 0K, PF:0K # 0K, P:0K)\\n[13] 0.0 +J(0)\\n[14] 0.0 +J(0)\\n[15] 0.000002 +J(CM:0, PgRf:1, Rd:0/0, Dy:0/0, Lg:0/0)., 0 0, lgposAttach = 00000001:01D3:0268,\\ndbv = 1568.180.400 (9360)\",\"Binary\":\"\"}}","Channel":"Application","Provider":"ESENT","EventId":326,"EventRecordId":"508","ProcessId":0,"ThreadId":0,"Level":"Info","Keywords":"0x80000000000000","SourceFile":"Z:\\usr\\lib\\wine\\Artifacts\\APPLICATION.evtx","ExtraDataOffset":0,"HiddenRecord":false,"TimeCreated":"2023-03-27T14:03:25.4857908+00:00","RecordNumber":508}
{"ChunkNumber":4,"Computer":"DC01.forela.local","Payload":"{\"EventData\":{\"Data\":\"2023-03-28T14:02:25Z, TBL\",\"Binary\":\"\"}}","Channel":"Application","Provider":"Microsoft-Windows-Security-SPP","EventId":16384,"EventRecordId":"509","ProcessId":0,"ThreadId":0,"Level":"Info","Keywords":"0x80000000000000","SourceFile":"Z:\\usr\\lib\\wine\\Artifacts\\APPLICATION.evtx","ExtraDataOffset":0,"HiddenRecord":false,"TimeCreated":"2023-03-27T14:03:25.6891776+00:00","RecordNumber":509}
{"ChunkNumber":4,"Computer":"DC01.forela.local","Payload":"{\"EventData\":{\"Data\":\"\",\"Binary\":\"\"}}","Channel":"Application","Provider":"Microsoft-Windows-Security-SPP","EventId":903,"EventRecordId":"510","ProcessId":0,"ThreadId":0,"Level":"LogAlways","Keywords":"0x80000000000000","SourceFile":"Z:\\usr\\lib\\wine\\Artifacts\\APPLICATION.evtx","ExtraDataOffset":0,"HiddenRecord":false,"TimeCreated":"2023-03-27T14:03:25.6891776+00:00","RecordNumber":510}
{"ChunkNumber":4,"Computer":"DC01.forela.local","Payload":"{\"EventData\":{\"Data\":[{\"@Name\":\"Library\",\"#text\":\"C:\\\\Windows\\\\system32\\\\ntdsperf.dll\"},{\"@Name\":\"Win32Error\",\"#text\":\"126\"}]}}","UserId":"S-1-5-18","Channel":"Application","Provider":"Microsoft-Windows-Perflib","EventId":1023,"EventRecordId":"511","ProcessId":4404,"ThreadId":4436,"Level":"Error","Keywords":"Classic","SourceFile":"Z:\\usr\\lib\\wine\\Artifacts\\APPLICATION.evtx","ExtraDataOffset":0,"HiddenRecord":false,"TimeCreated":"2023-03-27T14:03:25.5519412+00:00","RecordNumber":511}
{"ChunkNumber":4,"Computer":"DC01.forela.local","Payload":"{\"EventData\":{\"Data\":\"\",\"Binary\":\"\"}}","Channel":"Application","Provider":"SceCli","EventId":1704,"EventRecordId":"512","ProcessId":0,"ThreadId":0,"Level":"Info","Keywords":"0x80000000000000","SourceFile":"Z:\\usr\\lib\\wine\\Artifacts\\APPLICATION.evtx","ExtraDataOffset":0,"HiddenRecord":false,"TimeCreated":"2023-03-27T14:03:58.1732182+00:00","RecordNumber":512}
{"ChunkNumber":4,"Computer":"DC01.forela.local","Payload":"{\"EventData\":{\"Data\":\"Service stopped\",\"Binary\":\"\"}}","Channel":"Application","Provider":"edgeupdate","EventId":0,"EventRecordId":"513","ProcessId":0,"ThreadId":0,"Level":"Info","Keywords":"0x80000000000000","SourceFile":"Z:\\usr\\lib\\wine\\Artifacts\\APPLICATION.evtx","ExtraDataOffset":0,"HiddenRecord":false,"TimeCreated":"2023-03-27T14:04:56.3920119+00:00","RecordNumber":513}
{"ChunkNumber":4,"Computer":"DC01.forela.local","Payload":"{\"EventData\":{\"Data\":\"&lt;explicit&gt;\",\"Binary\":\"\"}}","Channel":"Application","Provider":"Microsoft-Windows-Security-SPP","EventId":900,"EventRecordId":"514","ProcessId":0,"ThreadId":0,"Level":"Info","Keywords":"0x80000000000000","SourceFile":"Z:\\usr\\lib\\wine\\Artifacts\\APPLICATION.evtx","ExtraDataOffset":0,"HiddenRecord":false,"TimeCreated":"2023-03-27T14:04:56.6579677+00:00","RecordNumber":514}
{"ChunkNumber":4,"Computer":"DC01.forela.local","Payload":"{\"EventData\":{\"Data\":\"\",\"Binary\":\"\"}}","Channel":"Application","Provider":"Microsoft-Windows-Security-SPP","EventId":16394,"EventRecordId":"515","ProcessId":0,"ThreadId":0,"Level":"Info","Keywords":"0x80000000000000","SourceFile":"Z:\\usr\\lib\\wine\\Artifacts\\APPLICATION.evtx","ExtraDataOffset":0,"HiddenRecord":false,"TimeCreated":"2023-03-27T14:04:56.6892209+00:00","RecordNumber":515}
{"ChunkNumber":4,"Computer":"DC01.forela.local","Payload":"{\"EventData\":{\"Data\":\"2023-08-04T19:46:46Z, RulesEngine\",\"Binary\":\"\"}}","Channel":"Application","Provider":"Microsoft-Windows-Security-SPP","EventId":16384,"EventRecordId":"516","ProcessId":0,"ThreadId":0,"Level":"Info","Keywords":"0x80000000000000","SourceFile":"Z:\\usr\\lib\\wine\\Artifacts\\APPLICATION.evtx","ExtraDataOffset":0,"HiddenRecord":false,"TimeCreated":"2023-03-27T14:05:46.3766616+00:00","RecordNumber":516}
{"ChunkNumber":4,"Computer":"DC01.forela.local","Payload":"{\"EventData\":{\"Data\":\"\",\"Binary\":\"2D-20-43-6F-64-65-3A-20-20-43-4F-52-53-56-43-43-30-30-30-30-30-37-37-38-2D-20-43-61-6C-6C-3A-20-20-43-4F-52-53-56-43-43-30-30-30-30-30-37-36-30-2D-20-50-49-44-3A-20-20-30-30-30-30-34-35-32-34-2D-20-54-49-44-3A-20-20-30-30-30-30-34-35-34-34-2D-20-43-4D-44-3A-20-20-43-3A-5C-57-69-6E-64-6F-77-73-5C-73-79-73-74-65-6D-33-32-5C-76-73-73-76-63-2E-65-78-65-20-20-20-2D-20-55-73-65-72-3A-20-4E-61-6D-65-3A-20-4E-54-20-41-55-54-48-4F-52-49-54-59-5C-53-59-53-54-45-4D-2C-20-53-49-44-3A-53-2D-31-2D-35-2D-31-38-20\"}}","Channel":"Application","Provider":"VSS","EventId":8224,"EventRecordId":"517","ProcessId":0,"ThreadId":0,"Level":"Info","Keywords":"0x80000000000000","SourceFile":"Z:\\usr\\lib\\wine\\Artifacts\\APPLICATION.evtx","ExtraDataOffset":0,"HiddenRecord":false,"TimeCreated":"2023-03-27T14:05:56.8611982+00:00","RecordNumber":517}
{"ChunkNumber":4,"Computer":"DC01.forela.local","Payload":"{\"UserData\":{\"EventXML\":{\"param1\":\"WmiApRpl\",\"param2\":\"WmiApRpl\",\"binaryDataSize\":\"12\",\"binaryData\":\"94-29-00-00-95-29-00-00-D2-05-00-00\"}}}","UserId":"S-1-5-18","Channel":"Application","Provider":"Microsoft-Windows-LoadPerf","EventId":1001,"EventRecordId":"518","ProcessId":5116,"ThreadId":1456,"Level":"Info","Keywords":"Classic","SourceFile":"Z:\\usr\\lib\\wine\\Artifacts\\APPLICATION.evtx","ExtraDataOffset":0,"HiddenRecord":false,"TimeCreated":"2023-03-27T14:07:02.4927201+00:00","RecordNumber":518}
{"ChunkNumber":4,"Computer":"DC01.forela.local","Payload":"{\"UserData\":{\"EventXML\":{\"param1\":\"WmiApRpl\",\"param2\":\"WmiApRpl\",\"binaryDataSize\":\"16\",\"binaryData\":\"96-29-00-00-3C-2A-00-00-97-29-00-00-3D-2A-00-00\"}}}","UserId":"S-1-5-18","Channel":"Application","Provider":"Microsoft-Windows-LoadPerf","EventId":1000,"EventRecordId":"519","ProcessId":5116,"ThreadId":1456,"Level":"Info","Keywords":"Classic","SourceFile":"Z:\\usr\\lib\\wine\\Artifacts\\APPLICATION.evtx","ExtraDataOffset":0,"HiddenRecord":false,"TimeCreated":"2023-03-27T14:07:02.5096391+00:00","RecordNumber":519}
{"ChunkNumber":4,"Computer":"DC01.forela.local","Payload":"{\"EventData\":{\"Data\":\"\",\"Binary\":\"\"}}","Channel":"Application","Provider":"Microsoft-Windows-Security-SPP","EventId":16394,"EventRecordId":"520","ProcessId":0,"ThreadId":0,"Level":"Info","Keywords":"0x80000000000000","SourceFile":"Z:\\usr\\lib\\wine\\Artifacts\\APPLICATION.evtx","ExtraDataOffset":0,"HiddenRecord":false,"TimeCreated":"2023-03-27T14:07:06.5796620+00:00","RecordNumber":520}
{"ChunkNumber":4,"Computer":"DC01.forela.local","Payload":"{\"EventData\":{\"Data\":\"2023-08-04T19:46:36Z, RulesEngine\",\"Binary\":\"\"}}","Channel":"Application","Provider":"Microsoft-Windows-Security-SPP","EventId":16384,"EventRecordId":"521","ProcessId":0,"ThreadId":0,"Level":"Info","Keywords":"0x80000000000000","SourceFile":"Z:\\usr\\lib\\wine\\Artifacts\\APPLICATION.evtx","ExtraDataOffset":0,"HiddenRecord":false,"TimeCreated":"2023-03-27T14:07:36.6892333+00:00","RecordNumber":521}
{"ChunkNumber":4,"Computer":"DC01.forela.local","Payload":"{\"EventData\":{\"Data\":\"Service stopped\",\"Binary\":\"\"}}","Channel":"Application","Provider":"edgeupdate","EventId":0,"EventRecordId":"522","ProcessId":0,"ThreadId":0,"Level":"Info","Keywords":"0x80000000000000","SourceFile":"Z:\\usr\\lib\\wine\\Artifacts\\APPLICATION.evtx","ExtraDataOffset":0,"HiddenRecord":false,"TimeCreated":"2023-03-27T14:07:50.6736333+00:00","RecordNumber":522}
{"ChunkNumber":4,"Computer":"DC01.forela.local","Payload":"{\"EventData\":{\"Data\":\"\",\"Binary\":\"\"}}","Channel":"Application","Provider":"Microsoft-Windows-Security-SPP","EventId":16394,"EventRecordId":"523","ProcessId":0,"ThreadId":0,"Level":"Info","Keywords":"0x80000000000000","SourceFile":"Z:\\usr\\lib\\wine\\Artifacts\\APPLICATION.evtx","ExtraDataOffset":0,"HiddenRecord":false,"TimeCreated":"2023-03-27T14:12:23.3455233+00:00","RecordNumber":523}
{"ChunkNumber":4,"Computer":"DC01.forela.local","Payload":"{\"EventData\":{\"Data\":\"2023-08-04T19:45:53Z, RulesEngine\",\"Binary\":\"\"}}","Channel":"Application","Provider":"Microsoft-Windows-Security-SPP","EventId":16384,"EventRecordId":"524","ProcessId":0,"ThreadId":0,"Level":"Info","Keywords":"0x80000000000000","SourceFile":"Z:\\usr\\lib\\wine\\Artifacts\\APPLICATION.evtx","ExtraDataOffset":0,"HiddenRecord":false,"TimeCreated":"2023-03-27T14:12:53.5173876+00:00","RecordNumber":524}
{"ChunkNumber":4,"Computer":"DC01.forela.local","Payload":"{\"EventData\":{\"Data\":\"svchost, 1748,P,98, DS_Token_DB: , 0, 10, 00, 20348, 0000\",\"Binary\":\"\"}}","Channel":"Application","Provider":"ESENT","EventId":102,"EventRecordId":"525","ProcessId":0,"ThreadId":0,"Level":"Info","Keywords":"0x80000000000000","SourceFile":"Z:\\usr\\lib\\wine\\Artifacts\\APPLICATION.evtx","ExtraDataOffset":0,"HiddenRecord":false,"TimeCreated":"2023-03-27T14:13:03.7982814+00:00","RecordNumber":525}
{"ChunkNumber":4,"Computer":"DC01.forela.local","Payload":"{\"EventData\":{\"Data\":\"svchost, 1748,R,98, DS_Token_DB: \",\"Binary\":\"\"}}","Channel":"Application","Provider":"ESENT","EventId":300,"EventRecordId":"526","ProcessId":0,"ThreadId":0,"Level":"Info","Keywords":"0x80000000000000","SourceFile":"Z:\\usr\\lib\\wine\\Artifacts\\APPLICATION.evtx","ExtraDataOffset":0,"HiddenRecord":false,"TimeCreated":"2023-03-27T14:13:03.7982814+00:00","RecordNumber":526}
{"ChunkNumber":4,"Computer":"DC01.forela.local","Payload":"{\"EventData\":{\"Data\":\"svchost, 1748,R,98, DS_Token_DB: , C:\\\\Windows\\\\system32\\\\config\\\\systemprofile\\\\AppData\\\\Local\\\\DataSharing\\\\Storage\\\\DSS.log, \\n[1] 0.003561 -0.001593 (7) WT +J(CM:0, PgRf:0, Rd:0/0, Dy:0/0, Lg:12168/8) +M(C:0K, Fs:65, WS:184K # 188K, PF:136K # 140K, P:136K)., AttachDB , 1\",\"Binary\":\"\"}}","Channel":"Application","Provider":"ESENT","EventId":301,"EventRecordId":"527","ProcessId":0,"ThreadId":0,"Level":"Info","Keywords":"0x80000000000000","SourceFile":"Z:\\usr\\lib\\wine\\Artifacts\\APPLICATION.evtx","ExtraDataOffset":0,"HiddenRecord":false,"TimeCreated":"2023-03-27T14:13:03.7982814+00:00","RecordNumber":527}
{"ChunkNumber":4,"Computer":"DC01.forela.local","Payload":"{\"EventData\":{\"Data\":\"svchost, 1748,U,98, DS_Token_DB: \",\"Binary\":\"\"}}","Channel":"Application","Provider":"ESENT","EventId":302,"EventRecordId":"528","ProcessId":0,"ThreadId":0,"Level":"Info","Keywords":"0x80000000000000","SourceFile":"Z:\\usr\\lib\\wine\\Artifacts\\APPLICATION.evtx","ExtraDataOffset":0,"HiddenRecord":false,"TimeCreated":"2023-03-27T14:13:03.8139531+00:00","RecordNumber":528}
{"ChunkNumber":4,"Computer":"DC01.forela.local","Payload":"{\"EventData\":{\"Data\":\"svchost, 1748,D,0, DS_Token_DB: , 0, 0, \\n[1] 0.000698 +J(0) +M(C:0K, Fs:223, WS:876K # 876K, PF:3528K # 3528K, P:3528K)\\n[2] 0.000166 +J(0) +M(C:8K, Fs:132, WS:524K # 524K, PF:340K # 340K, P:340K)\\n[3] 0.000008 +J(0) +M(C:0K, Fs:4, WS:12K # 12K, PF:68K # 68K, P:68K)\\n[4] 0.000067 +J(0) +M(C:0K, Fs:29, WS:116K # 116K, PF:188K # 188K, P:188K)\\n[5] 0.000403 +J(0) +M(C:0K, Fs:10, WS:40K # 40K, PF:24K # 24K, P:24K)\\n[6] 0.002084 +J(0) +M(C:0K, Fs:69, WS:272K # 272K, PF:52K # 52K, P:52K)\\n[7] 0.001478 -0.000891 (2) WT +J(0) +M(C:0K, Fs:33, WS:132K # 132K, PF:64K # 64K, P:64K)\\n[8] 0.005625 -0.001971 (10) WT +J(CM:0, PgRf:0, Rd:0/0, Dy:0/0, Lg:12168/8) +M(C:0K, Fs:89, WS:272K # 276K, PF:208K # 212K, P:208K)\\n[9] 0.000312 +J(0) +M(C:0K, Fs:6, WS:24K # 20K, PF:8K # 4K, P:8K)\\n[10] 0.000209 -0.000104 (1) WT +J(0) +M(C:0K, Fs:0, WS:-60K # 0K, PF:-60K # 0K, P:-60K)\\n[11] 0.000009 +J(CM:0, PgRf:0, Rd:0/0, Dy:0/0, Lg:49/1) +M(C:0K, Fs:3, WS:12K # 0K, PF:0K # 0K, P:0K)\\n[12] 0.000034 +J(0) +M(C:0K, Fs:3, WS:12K # 0K, PF:0K # 0K, P:0K)\\n[13] 0.007819 -0.000232 (2) CM -0.001961 (20) WT +J(CM:2, PgRf:2, Rd:0/2, Dy:0/0, Lg:8759/5) +M(C:0K, Fs:52, WS:88K # 116K, PF:228K # 236K, P:228K)\\n[14] 0.000007 +J(0)\\n[15] 0.000005 +J(0)\\n[16] 0.000166 -0.000080 (1) WT +J(0) +M(C:0K, Fs:2, WS:0K # 0K, PF:0K # 0K, P:0K)., lgposV2[] = 00000002:0005:0000 - 00000002:0007:0039 - 00000002:0008:0000 - 00000002:0008:0000 (00000000:0000:0000)\\ncReInits = 1\\n\",\"Binary\":\"\"}}","Channel":"Application","Provider":"ESENT","EventId":105,"EventRecordId":"529","ProcessId":0,"ThreadId":0,"Level":"Info","Keywords":"0x80000000000000","SourceFile":"Z:\\usr\\lib\\wine\\Artifacts\\APPLICATION.evtx","ExtraDataOffset":0,"HiddenRecord":false,"TimeCreated":"2023-03-27T14:13:03.8139531+00:00","RecordNumber":529}
{"PayloadData1":"Database: B: , 1, C:\\Windows\\system32\\config\\systemprofile\\AppData\\Local\\DataSharing\\Storage\\DSTokenDB2.dat","MapDescription":"NTDS the database engine attached a database","ChunkNumber":4,"Computer":"DC01.forela.local","Payload":"{\"EventData\":{\"Data\":\"svchost, 1748,D,50, DS_Token_DB: , 1, C:\\\\Windows\\\\system32\\\\config\\\\systemprofile\\\\AppData\\\\Local\\\\DataSharing\\\\Storage\\\\DSTokenDB2.dat, 0, \\n[1] 0.000001 +J(0)\\n[2] 0.000207 -0.000092 (1) WT +J(0) +M(C:0K, Fs:17, WS:4K # 4K, PF:4K # 0K, P:4K)\\n[3] 0.001464 -0.000467 (6) WT +J(CM:0, PgRf:0, Rd:0/0, Dy:0/0, Lg:3480/2) +M(C:0K, Fs:7, WS:24K # 0K, PF:20K # 0K, P:20K)\\n[4] 0.000043 +J(0)\\n[5] -\\n[6] -\\n[7] -\\n[8] 0.000328 -0.000245 (2) CM -0.000160 (2) WT +J(CM:2, PgRf:2, Rd:4/2, Dy:0/0, Lg:54/1) +M(C:8K, Fs:3, WS:12K # 0K, PF:28K # 0K, P:28K)\\n[9] 0.000682 -0.000517 (3) CM -0.000390 (3) WT +J(CM:3, PgRf:23, Rd:0/3, Dy:0/0, Lg:0/0) +M(C:8K, Fs:31, WS:124K # 96K, PF:204K # 188K, P:204K)\\n[10] 0.000341 -0.000290 (1) CM -0.000245 (1) WT +J(CM:1, PgRf:40, Rd:0/1, Dy:0/0, Lg:0/0) +M(C:0K, Fs:4, WS:16K # 16K, PF:64K # 64K, P:64K)\\n[11] 0.000007 +J(CM:0, PgRf:1, Rd:0/0, Dy:0/0, Lg:0/0) +M(C:0K, Fs:3, WS:12K # 12K, PF:0K # 0K, P:0K)\\n[12] 0.000019 +J(CM:0, PgRf:42, Rd:0/0, Dy:0/0, Lg:0/0) +M(C:0K, Fs:5, WS:20K # 20K, PF:0K # 0K, P:0K)\\n[13] 0.0 +J(0)\\n[14] 0.0 +J(0)\\n[15] 0.000002 +J(CM:0, PgRf:1, Rd:0/0, Dy:0/0, Lg:0/0)., 1 0, lgposAttach = 00000002:000A:0268,\\ndbv = 1568.180.400 (9360)\",\"Binary\":\"\"}}","Channel":"Application","Provider":"ESENT","EventId":326,"EventRecordId":"530","ProcessId":0,"ThreadId":0,"Level":"Info","Keywords":"0x80000000000000","SourceFile":"Z:\\usr\\lib\\wine\\Artifacts\\APPLICATION.evtx","ExtraDataOffset":0,"HiddenRecord":false,"TimeCreated":"2023-03-27T14:13:03.8139531+00:00","RecordNumber":530}
{"ChunkNumber":4,"Computer":"DC01.forela.local","Payload":"{\"EventData\":{\"Data\":\"SessionEnv\",\"Binary\":\"D9-06-00-00\"}}","Channel":"Application","Provider":"Microsoft-Windows-Winlogon","EventId":6003,"EventRecordId":"531","ProcessId":0,"ThreadId":0,"Level":"Info","Keywords":"0x80000000000000","SourceFile":"Z:\\usr\\lib\\wine\\Artifacts\\APPLICATION.evtx","ExtraDataOffset":0,"HiddenRecord":false,"TimeCreated":"2023-03-27T14:13:12.1889648+00:00","RecordNumber":531}
{"ChunkNumber":4,"Computer":"DC01.forela.local","Payload":"{\"EventData\":{\"Data\":\"SessionEnv\",\"Binary\":\"D9-06-00-00\"}}","Channel":"Application","Provider":"Microsoft-Windows-Winlogon","EventId":6000,"EventRecordId":"532","ProcessId":0,"ThreadId":0,"Level":"Info","Keywords":"0x80000000000000","SourceFile":"Z:\\usr\\lib\\wine\\Artifacts\\APPLICATION.evtx","ExtraDataOffset":0,"HiddenRecord":false,"TimeCreated":"2023-03-27T14:13:12.4859649+00:00","RecordNumber":532}
{"ChunkNumber":4,"Computer":"DC01.forela.local","Payload":"{\"EventData\":{\"Data\":\"\",\"Binary\":\"\"}}","Channel":"Application","Provider":"Microsoft-Windows-Security-SPP","EventId":16394,"EventRecordId":"533","ProcessId":0,"ThreadId":0,"Level":"Info","Keywords":"0x80000000000000","SourceFile":"Z:\\usr\\lib\\wine\\Artifacts\\APPLICATION.evtx","ExtraDataOffset":0,"HiddenRecord":false,"TimeCreated":"2024-05-14T04:01:42.7907331+00:00","RecordNumber":533}
{"ChunkNumber":4,"Computer":"DC01.forela.local","Payload":"{\"EventData\":{\"Data\":[{\"@Name\":\"Context\",\"#text\":\"local system\"},{\"@Name\":\"StoreName\",\"#text\":\"ROOT\"},{\"@Name\":\"LdapStore\",\"#text\":\"ldap:///CN=Certification Authorities,CN=Public Key Services,CN=Services,CN=Configuration,DC=forela,DC=local?cACertificate?one?objectCategory=certificationAuthority\"},{\"@Name\":\"ErrorCode\",\"#text\":\"0x8007006e\"},{\"@Name\":\"ErrorMsg\",\"#text\":\"The system cannot open the device or file specified., \"}]}}","Channel":"Application","Provider":"Microsoft-Windows-CertificateServicesClient-AutoEnrollment","EventId":1,"EventRecordId":"534","ProcessId":0,"ThreadId":0,"Level":"Error","Keywords":"0x80000000000000","SourceFile":"Z:\\usr\\lib\\wine\\Artifacts\\APPLICATION.evtx","ExtraDataOffset":0,"HiddenRecord":false,"TimeCreated":"2024-05-14T04:01:42.9625272+00:00","RecordNumber":534}
{"ChunkNumber":4,"Computer":"DC01.forela.local","Payload":"{\"EventData\":{\"Data\":\"DFSRs, 3052,T,97, \\\\\\\\.\\\\C:\\\\System Volume Information\\\\DFSR\\\\database_72E6_EF45_E6EF_865\\\\dfsr.db: , 0, \\n[1] 0.000014 +J(0)\\n[2] 0.000047 +J(0)\\n[3] 0.000054 +J(0)\\n[4] 0.000013 +J(0)\\n[5] 0.752505 -0.673529 (8) WT +J(0) +M(C:-8K, Fs:10, WS:-24K # 0K, PF:-52K # 0K, P:-52K)\\n[6] 0.000019 +J(0)\\n[7] 0.000131 +J(0)\\n[8] 0.027553 -0.011704 (12) WT +J(CM:0, PgRf:0, Rd:0/0, Dy:0/0, Lg:1566/2) +M(C:0K, Fs:7, WS:-28K # 0K, PF:-28K # 0K, P:-28K)\\n[9] 0.005636 -0.000652 (2) WT +J(CM:0, PgRf:0, Rd:0/0, Dy:0/0, Lg:66/1)\\n[10] 0.000445 +J(0)\\n[11] 0.001956 -0.000141 (2) WT +J(0)\\n[12] 0.000061 +J(0) +M(C:0K, Fs:0, WS:-4K # 0K, PF:-4K # 0K, P:-4K)\\n[13] 0.000047 +J(0)\\n[14] 0.000123 +J(0) +M(C:0K, Fs:0, WS:-516K # 0K, PF:-520K # 0K, P:-520K)\\n[15] 0.000019 +J(0)., 0\",\"Binary\":\"\"}}","Channel":"Application","Provider":"ESENT","EventId":103,"EventRecordId":"535","ProcessId":0,"ThreadId":0,"Level":"Info","Keywords":"0x80000000000000","SourceFile":"Z:\\usr\\lib\\wine\\Artifacts\\APPLICATION.evtx","ExtraDataOffset":0,"HiddenRecord":false,"TimeCreated":"2024-05-14T04:01:44.8715965+00:00","RecordNumber":535}
{"ChunkNumber":4,"Computer":"DC01.forela.local","Payload":"{\"EventData\":{\"Data\":\"2024-05-14T04:01:47Z, 2024-05-14T04:01:47Z\",\"Binary\":\"\"}}","Channel":"Application","Provider":"Microsoft-Windows-Security-SPP","EventId":16388,"EventRecordId":"536","ProcessId":0,"ThreadId":0,"Level":"Info","Keywords":"0x80000000000000","SourceFile":"Z:\\usr\\lib\\wine\\Artifacts\\APPLICATION.evtx","ExtraDataOffset":0,"HiddenRecord":false,"TimeCreated":"2024-05-14T04:01:47.1686210+00:00","RecordNumber":536}
{"ChunkNumber":4,"Computer":"DC01.forela.local","Payload":"{\"EventData\":{\"Data\":\"DFSRs, 7344,P,98, \\\\\\\\.\\\\C:\\\\System Volume Information\\\\DFSR\\\\database_72E6_EF45_E6EF_865\\\\dfsr.db: , 0, 10, 00, 20348, 0000\",\"Binary\":\"\"}}","Channel":"Application","Provider":"ESENT","EventId":102,"EventRecordId":"537","ProcessId":0,"ThreadId":0,"Level":"Info","Keywords":"0x80000000000000","SourceFile":"Z:\\usr\\lib\\wine\\Artifacts\\APPLICATION.evtx","ExtraDataOffset":424,"HiddenRecord":false,"TimeCreated":"2024-05-14T04:01:49.9025851+00:00","RecordNumber":537}
{"ChunkNumber":4,"Computer":"DC01.forela.local","Payload":"{\"EventData\":{\"Data\":\"Security-SPP-WriteWauMarker, 500\",\"Binary\":\"\"}}","Channel":"Application","Provider":"Microsoft-Windows-Security-SPP","EventId":1034,"EventRecordId":"538","ProcessId":0,"ThreadId":0,"Level":"Info","Keywords":"0x80000000000000","SourceFile":"Z:\\usr\\lib\\wine\\Artifacts\\APPLICATION.evtx","ExtraDataOffset":0,"HiddenRecord":false,"TimeCreated":"2024-05-14T04:01:50.3090309+00:00","RecordNumber":538}
{"ChunkNumber":4,"Computer":"DC01.forela.local","Payload":"{\"EventData\":{\"Data\":\"DFSRs, 7344,D,0, \\\\\\\\.\\\\C:\\\\System Volume Information\\\\DFSR\\\\database_72E6_EF45_E6EF_865\\\\dfsr.db: , 0, 0, \\n[1] 0.001242 +J(0) +M(C:0K, Fs:238, WS:908K # 908K, PF:3072K # 3024K, P:3072K)\\n[2] 0.000252 +J(0) +M(C:16K, Fs:186, WS:728K # 728K, PF:4168K # 4168K, P:4168K)\\n[3] 0.000018 +J(0) +M(C:0K, Fs:18, WS:72K # 72K, PF:64K # 64K, P:64K)\\n[4] 0.000148 +J(0) +M(C:2032K, Fs:50, WS:188K # 188K, PF:2460K # 2460K, P:2460K)\\n[5] 0.000390 +J(0) +M(C:0K, Fs:12, WS:48K # 48K, PF:24K # 24K, P:24K)\\n[6] 0.000586 -0.000003 (1) WT +J(0) +M(C:0K, Fs:18, WS:68K # 68K, PF:36K # 36K, P:36K)\\n[7] -\\n[8] -\\n[9] -\\n[10] -\\n[11] -\\n[12] -\\n[13] 0.336601 -0.089154 (22) WT +J(CM:0, PgRf:0, Rd:0/0, Dy:0/0, Lg:616/1) +M(C:0K, Fs:1484, WS:736K # 5840K, PF:28K # 5152K, P:28K)\\n[14] 0.000019 +J(0)\\n[15] 0.000048 +J(0) +M(C:0K, Fs:64, WS:256K # 0K, PF:64K # 0K, P:64K)\\n[16] 0.069407 -0.000137 (3) WT +J(0) +M(C:0K, Fs:7, WS:20K # 0K, PF:0K # 0K, P:0K).\",\"Binary\":\"\"}}","Channel":"Application","Provider":"ESENT","EventId":105,"EventRecordId":"539","ProcessId":0,"ThreadId":0,"Level":"Info","Keywords":"0x80000000000000","SourceFile":"Z:\\usr\\lib\\wine\\Artifacts\\APPLICATION.evtx","ExtraDataOffset":0,"HiddenRecord":false,"TimeCreated":"2024-05-14T04:01:50.3090309+00:00","RecordNumber":539}
{"PayloadData1":"Database: DFSRs, 7344,D,35, \\\\.\\C:\\System Volume Information\\DFSR\\database_72E6_EF45_E6EF_865\\dfsr.db: , 1, \\\\.\\C:\\System Volume Information\\DFSR\\database_72E6_EF45_E6EF_865\\dfsr.db, 0, \r\n[1] 0.000046 +J(0) +M(C:0K, Fs:5, WS:20K # 0K, PF:8K # 0K, P:8K)\r\n[2] 0.000753 -0.000139 (1) WT +J(CM:0, PgRf:0, Rd:0/0, Dy:0/0, Lg:3480/2) +M(C:0K, Fs:4, WS:16K # 0K, PF:0K # 0K, P:0K)\r\n[3] 0.167315 -0.000018 (3) WT +J(0) +M(C:0K, Fs:13, WS:44K # 0K, PF:20K # 0K, P:20K)\r\n[4] 0.000473 +J(0) +M(C:0K, Fs:1, WS:4K # 0K, PF:0K # 0K, P:0K)\r\n[5] 0.002012 -0.000683 (3) WT +J(CM:0, PgRf:3, Rd:0/0, Dy:3/6, Lg:122/4) +M(C:0K, Fs:42, WS:156K # 0K, PF:248K # 0K, P:248K)\r\n[6] 0.001403 -0.000294 (2) WT +J(CM:0, PgRf:209, Rd:0/0, Dy:12/408, Lg:24454/447) +M(C:0K, Fs:75, WS:300K # 0K, PF:220K # 0K, P:220K)\r\n[7] 0.000913 -0.000439 (3) WT +J(CM:0, PgRf:0, Rd:0/0, Dy:0/0, Lg:4096/3) +M(C:0K, Fs:4, WS:8K # 0K, PF:0K # 0K, P:0K)\r\n[8] 0.000005 +J(0)\r\n[9] 0.183226 -0.164888 (11) WT +J(0) +M(C:-52K, Fs:8, WS:-28K # 0K, PF:-52K # 0K, P:-52K)\r\n[10] 0.021632 -0.001211 (5) WT +J(CM:0, PgRf:348, Rd:0/0, Dy:7/93, Lg:12509/130) +M(C:12K, Fs:47, WS:180K # 0K, PF:96K # 0K, P:96K)\r\n[11] 0.000005 +J(0)., 0 0, lgposCreate = 00000001:0001:0268,\r\ndbv = 1568.180.400 (9360)","MapDescription":"NTDS the database engine created a new database","ChunkNumber":4,"Computer":"DC01.forela.local","Payload":"{\"EventData\":{\"Data\":\"DFSRs, 7344,D,35, \\\\\\\\.\\\\C:\\\\System Volume Information\\\\DFSR\\\\database_72E6_EF45_E6EF_865\\\\dfsr.db: , 1, \\\\\\\\.\\\\C:\\\\System Volume Information\\\\DFSR\\\\database_72E6_EF45_E6EF_865\\\\dfsr.db, 0, \\n[1] 0.000046 +J(0) +M(C:0K, Fs:5, WS:20K # 0K, PF:8K # 0K, P:8K)\\n[2] 0.000753 -0.000139 (1) WT +J(CM:0, PgRf:0, Rd:0/0, Dy:0/0, Lg:3480/2) +M(C:0K, Fs:4, WS:16K # 0K, PF:0K # 0K, P:0K)\\n[3] 0.167315 -0.000018 (3) WT +J(0) +M(C:0K, Fs:13, WS:44K # 0K, PF:20K # 0K, P:20K)\\n[4] 0.000473 +J(0) +M(C:0K, Fs:1, WS:4K # 0K, PF:0K # 0K, P:0K)\\n[5] 0.002012 -0.000683 (3) WT +J(CM:0, PgRf:3, Rd:0/0, Dy:3/6, Lg:122/4) +M(C:0K, Fs:42, WS:156K # 0K, PF:248K # 0K, P:248K)\\n[6] 0.001403 -0.000294 (2) WT +J(CM:0, PgRf:209, Rd:0/0, Dy:12/408, Lg:24454/447) +M(C:0K, Fs:75, WS:300K # 0K, PF:220K # 0K, P:220K)\\n[7] 0.000913 -0.000439 (3) WT +J(CM:0, PgRf:0, Rd:0/0, Dy:0/0, Lg:4096/3) +M(C:0K, Fs:4, WS:8K # 0K, PF:0K # 0K, P:0K)\\n[8] 0.000005 +J(0)\\n[9] 0.183226 -0.164888 (11) WT +J(0) +M(C:-52K, Fs:8, WS:-28K # 0K, PF:-52K # 0K, P:-52K)\\n[10] 0.021632 -0.001211 (5) WT +J(CM:0, PgRf:348, Rd:0/0, Dy:7/93, Lg:12509/130) +M(C:12K, Fs:47, WS:180K # 0K, PF:96K # 0K, P:96K)\\n[11] 0.000005 +J(0)., 0 0, lgposCreate = 00000001:0001:0268,\\ndbv = 1568.180.400 (9360)\",\"Binary\":\"\"}}","Channel":"Application","Provider":"ESENT","EventId":325,"EventRecordId":"540","ProcessId":0,"ThreadId":0,"Level":"Info","Keywords":"0x80000000000000","SourceFile":"Z:\\usr\\lib\\wine\\Artifacts\\APPLICATION.evtx","ExtraDataOffset":0,"HiddenRecord":false,"TimeCreated":"2024-05-14T04:01:50.6839098+00:00","RecordNumber":540}
{"ChunkNumber":4,"Computer":"DC01.forela.local","Payload":"{\"EventData\":{\"Data\":\"55c92734-d682-4d71-983e-d6ec3f16059f, \\n1: c1a197b6-ba5e-4394-b9bf-b659a6c1b873, 1, 1 [(0 [0xC004E003, 0, 0], [( 9 0xC004FC07 180 0)( 1 0x00000000)(?)( 2 0x00000000 0 0 msft:rm/algorithm/hwid/4.0 0x00000000 0)(?)( 9 0xC004FC07 180 0)( 10 0x00000000 msft:rm/algorithm/flags/1.0)(?)])(1 )(2 )(3 [0x00000000, 0, 0], [( 6 0xC004F009 10 0)( 1 0x00000000)( 6 0xC004F009 10 0)(?)(?)(?)( 10 0x00000000 msft:rm/algorithm/flags/1.0)( 11 0x00000000 0xC004FC07)])]\\n\\n\",\"Binary\":\"\"}}","Channel":"Application","Provider":"Microsoft-Windows-Security-SPP","EventId":1003,"EventRecordId":"541","ProcessId":0,"ThreadId":0,"Level":"Info","Keywords":"0x80000000000000","SourceFile":"Z:\\usr\\lib\\wine\\Artifacts\\APPLICATION.evtx","ExtraDataOffset":0,"HiddenRecord":false,"TimeCreated":"2024-05-14T04:01:50.6997679+00:00","RecordNumber":541}
{"ChunkNumber":4,"Computer":"DC01.forela.local","Payload":"{\"EventData\":{\"Data\":\"Security-SPP-Action-StateData (REG_SZ) =AppId=55c92734-d682-4d71-983e-d6ec3f16059f;LastConsumptionReason=0xc004fc07;LastNotificationId=TimeBasedExpired;LicenseState=SL_LICENSING_STATUS_NOTIFICATION;PartialProductKey=W8JDY;ProductKeyType=Retail:TB:Eval;SkuId=c1a197b6-ba5e-4394-b9bf-b659a6c1b873;ruleId=8244d55f-dcd7-4010-8151-2a5af187b1ed;uxDifferentiator=TIMEBASED_EVAL\",\"Binary\":\"\"}}","Channel":"Application","Provider":"Microsoft-Windows-Security-SPP","EventId":8230,"EventRecordId":"542","ProcessId":0,"ThreadId":0,"Level":"Info","Keywords":"0x80000000000000","SourceFile":"Z:\\usr\\lib\\wine\\Artifacts\\APPLICATION.evtx","ExtraDataOffset":0,"HiddenRecord":false,"TimeCreated":"2024-05-14T04:01:51.2311339+00:00","RecordNumber":542}
{"ChunkNumber":4,"Computer":"DC01.forela.local","Payload":"{\"EventData\":{\"Data\":\"2024-05-14T04:01:51Z, 2024-05-14T04:01:51Z\",\"Binary\":\"\"}}","Channel":"Application","Provider":"Microsoft-Windows-Security-SPP","EventId":16388,"EventRecordId":"543","ProcessId":0,"ThreadId":0,"Level":"Info","Keywords":"0x80000000000000","SourceFile":"Z:\\usr\\lib\\wine\\Artifacts\\APPLICATION.evtx","ExtraDataOffset":0,"HiddenRecord":false,"TimeCreated":"2024-05-14T04:01:51.4811506+00:00","RecordNumber":543}
{"ChunkNumber":4,"Computer":"DC01.forela.local","Payload":"{\"EventData\":{\"Data\":\"Security-SPP-Action-StateData (REG_SZ) =AppId=55c92734-d682-4d71-983e-d6ec3f16059f;LastConsumptionReason=0xc004fc07;LastNotificationId=TimeBasedExpired;LicenseState=SL_LICENSING_STATUS_NOTIFICATION;PartialProductKey=W8JDY;ProductKeyType=Retail:TB:Eval;SkuId=c1a197b6-ba5e-4394-b9bf-b659a6c1b873;ruleId=8244d55f-dcd7-4010-8151-2a5af187b1ed;uxDifferentiator=TIMEBASED_EVAL\",\"Binary\":\"\"}}","Channel":"Application","Provider":"Microsoft-Windows-Security-SPP","EventId":8230,"EventRecordId":"544","ProcessId":0,"ThreadId":0,"Level":"Info","Keywords":"0x80000000000000","SourceFile":"Z:\\usr\\lib\\wine\\Artifacts\\APPLICATION.evtx","ExtraDataOffset":0,"HiddenRecord":false,"TimeCreated":"2024-05-14T04:01:51.5279080+00:00","RecordNumber":544}
{"ChunkNumber":4,"Computer":"DC01.forela.local","Payload":"{\"EventData\":{\"Data\":\"\",\"Binary\":\"\"}}","Channel":"Application","Provider":"SceCli","EventId":1704,"EventRecordId":"545","ProcessId":0,"ThreadId":0,"Level":"Info","Keywords":"0x80000000000000","SourceFile":"Z:\\usr\\lib\\wine\\Artifacts\\APPLICATION.evtx","ExtraDataOffset":0,"HiddenRecord":false,"TimeCreated":"2024-05-14T04:02:06.9182502+00:00","RecordNumber":545}
{"PayloadData1":"Data: explorer.exe, 10.0.20348.558, 1260, 01d960b644186e53, 0, C:\\Windows\\explorer.exe, 1d9debdf-10e2-4be5-8b69-2e79c07655e5, Unknown","MapDescription":"The program has been terminated","ChunkNumber":4,"Computer":"DC01.forela.local","Payload":"{\"EventData\":{\"Data\":\"explorer.exe, 10.0.20348.558, 1260, 01d960b644186e53, 0, C:\\\\Windows\\\\explorer.exe, 1d9debdf-10e2-4be5-8b69-2e79c07655e5, Unknown\",\"Binary\":\"55-00-6E-00-6B-00-6E-00-6F-00-77-00-6E-00-00-00-00-00\"}}","Channel":"Application","Provider":"Application Hang","EventId":1002,"EventRecordId":"546","ProcessId":0,"ThreadId":0,"Level":"Error","Keywords":"0x80000000000000","SourceFile":"Z:\\usr\\lib\\wine\\Artifacts\\APPLICATION.evtx","ExtraDataOffset":0,"HiddenRecord":false,"TimeCreated":"2024-05-14T04:02:10.0280194+00:00","RecordNumber":546}
