{"ChunkNumber":6,"Computer":"DC01.forela.local","Payload":"{\"EventData\":\"\"}","UserId":"S-1-5-18","Channel":"Application","Provider":"Microsoft-Windows-WMI","EventId":5617,"EventRecordId":"595","ProcessId":2988,"ThreadId":3388,"Level":"Info","Keywords":"Classic","SourceFile":"Z:\\usr\\lib\\wine\\Artifacts\\APPLICATION.evtx","ExtraDataOffset":0,"HiddenRecord":false,"TimeCreated":"2024-05-15T05:35:28.4794080+00:00","RecordNumber":595}
{"ChunkNumber":6,"Computer":"DC01.forela.local","Payload":"{\"EventData\":{\"Data\":\"hr=0x80072EE7, 00010001(0x00000000, 10:35:31:105 - https://activation-v2.sls.microsoft.com/SLActivateProduct/SLActivateProduct.asmx?configextension=Retail)\\n00020001(0x00000000, 10:35:31:105)\\n00030001(0x00000000, 10:35:31:105 - https://activation-v2.sls.microsoft.com)\\n00030002(0x00000000, 10:35:31:105 - 0)\\n00040001(0x00000000, 10:35:31:105 - https://activation-v2.sls.microsoft.com)\\n00040002(0x00000000, 10:35:31:121 - 1, &lt;NULL&gt;, &lt;NULL&gt;, &lt;NULL&gt;)\\n00050002(0x80072F94, 10:35:31:121 - 0, 1)\\n00040006(0x00000001, 10:35:31:121 - 0, https://activation-v2.sls.microsoft.com, &lt;N/A&gt;, &lt;N/A&gt;)\\n00020005(0x00000000, 10:35:31:121 - 0)\\n00020008(0x80072EE7, 10:35:43:155 - SOAPAction: \\\"http://microsoft.com/SL/ProductActivationService/IssueToken\\\"\\nContent-Type: text/xml; charset=utf-8\\n, &lt;soap:Envelope xmlns:soap=\\\"http://schemas.xmlsoap.org/soap/envelope/\\\" xmlns:xsi=\\\"http://www.w3.org/2001/XMLSchema-instance\\\" xmlns:xsd=\\\"http://www.w3.org/2001/XMLSchema\\\" xmlns:soapenc=\\\"http://schemas.xmlsoap.org/soap/encoding/\\\"&gt;&lt;soap:Body&gt;&lt;RequestSecurityToken xmlns=\\\"http://schemas.xmlsoap.org/ws/2004/04/security/trust\\\"&gt;&lt;TokenType&gt;ProductActivation&lt;/TokenType&gt;&lt;RequestType&gt;http://schemas.xmlsoap.org/ws/2004/04/security/trust/Issue&lt;/RequestType&gt;&lt;UseKey&gt;&lt;Values xmlns:q1=\\\"http://schemas.xmlsoap.org/ws/2004/04/security/trust\\\" soapenc:arrayType=\\\"q1:TokenEntry[1]\\\"&gt;&lt;TokenEntry&gt;&lt;Name&gt;PublishLicense&lt;/Name&gt;&lt;Value&gt;4TLn1nXWvdmRaTMi7W+LZODpumGhW/b/y/IHmU9OTLFsTLo3tPhNCD9RiWrQJr6kYYlzgL3Qc4RX18yzl4NiK8NyouEpi51pD9WXPc5FOBYgT6aYzFfi9Jqtbic9ulffRlyfW8HPxGHTQGcGbDGONh9u7djefHprg3p/VoT897IB2rd6duOZTW83gu//WSvLpmbODsYE/U156b7mHWSivxwFEU7pSHR5YGI0qNG7T4F0MjV034SbrCXKuv/n1t9psinnY2/xxZb1iUcnZSKogtMAVqPpgI5b0r/KJ/j/iByl84rGl93jQNQwlsY9p4chiBj7haBvEc4b5WoxEKuOxwlbIsfgF0hBHipayNPiNAQb2j9rGiOSHZAl2zS1oZkkEW3/6hyCB7kjQWlanBWLEcqOEo1VVzkheLFhXtchX6dGLopc/h6npvMI7N1EOCRU4I+Lfj0ouH3GbolnbZCXGGR81gqAvWnsjXZXGz10CWiIwx/Zsw5HyQC1/ZDl+TfpGuqiDfgbtEp3Ni7NZNrtHHJ4nW7uonJR+Bx2khp2dRClgn4KdnweEzvn0BN27xOwhm4JJ/0DWAZ+wJzN8BHK3BkEHVs6gs2HtPMf90nrnRfcHU3k7Sx/vCumHy/vBuDwYw/n/dz+rBAgz9XjGBg2w1Zo6S3nXtvq//Lv5B+NFevhuc7g5y+zCvxZi07MpMs+c3aJj09teGElvI3v8fnlIai/MPLvWMJf37xpt9sY1DH5uK6Ec37yILQ1Hho0CWx58GNI7g6RMIedcC9zKopMPGlqLUaPWMXvaUUerfZaO/u3C+wSXR1XWT0mdXlWzoI3KSMqCXmMzu1GRHKOcXh9h75u+TXRYz6ahJISsUpWKAskxA80nD+YVckZecnyZf6N0z6JDNsgLfeXqxvUKHkDbHRC752ThLhp7mh8A5CLrHYHYM4bBez9BGTBi1sCQkya5bKXj8zIE+6LcUvLmOlbjABUF6RhDHHQMVNJMlH9hjST2HKQWPLPmq9h6HPXBpPcwfxQhwdqZI+gDRYHD8YiQUDPwwoRhTcVb7HB0Xuj2DnlUlGkpGcOG/AHjcPpJcZJ2gkTcqUogy74n5heXRyHqDw/jzqrFYIVnnI3qiN2OVCWRLPYTcUiLebLt8paNEaYEWH+WW7ouusWO8JkP3GJvbt0im7BuUrUk3dEkarXprGaqZy76+La4SpvllTc+ks5ZP1v+O4qTn9CyGfsGH5gnE+P6lietHd/DVA+ycu8zJNT7pW7JmMZDZCKMES+VhyS2EKz/R2EwjhfUnVTbivRR/lcR2IY9Vn5CdTZIb/NCChsLtjqJh14iICJJQDPxf+VvovBQWDwTzLFT7RcV6lqAbwwrxewWQj4pFvpR8q0ocFjbxK08XKh1591PXyjyuELNvrtAIbZ8U5SA3nQj6TLGhdOCvwEquod9ch4TtKY9jCR+kUa/62y8Ha+ympsVd+wDUfw5y0ASVrTXokyneWcDB2Qh0vhu01R5N37X+hnpJrCqKKceirD14BstI+kLps4A/wTarw1NXIKP+3tn1mA1wpN/umjQsUS552td+LcWlz1jBSaf7a6JBb7Fjql7VTu380S/d5oHs2X0EHeLfSd1xrpxQ1QM+k3vG24AcoUCCAQvgHKGTHK4/By5GDp2EKMxfUlQ8rINmsWkpNi2pFof+TtRpkKL0LBhuElqTQ1v7cAE8pUnIR0PepygaIUpBKLWZbUyBRtjp4BYkbdK/PyHoau1MS51NftN2UhZFD4fxevtj3ATIU0fHYA3ANPrV8wN+ctt1cjI0NsUM13wQwxRO2Ndrkk0HW/LTt90kcBZDtIQS/lpiasRJbkQ4r0mV1a5JNMN3+pexIo2wyRMmSjUz7OxuUG1iU1gAb7pwXvue6wl9usS7nJCwWSNQORgGULXrZtf14l7EHNen78kXYGfituc1jGlK65xrtUmCmYhYBeUQHi6sxJARozVr8bZ3NRbjJlueCGB+dVw6n33xYckqXFvoXW6T00F4ij1oVQ58PXshVCxRtGVaYILtUFJjBuj0Ge5wY1KEqqVWRgkGR0Pfc02dHTbvT3isEY6mvZu9YiSO33nRw96tdlvU9scarO66rYHrH/NHpDlxXC8nYmlZs47KSErBTndidqaiGUk4BuUMkXdiOZDPQqC1w9iat2wRVdST/MI6YzMYp0W9EFbUrntlOMwpnslsvs810fTWpjotp+mw4JKKH5QNAKSo7Zpy2t0D2tXS4+Efy/VHzOumP6wHcPKNrl/2lhgTgObtJLLbZYGVfF7CVvFjJfRA54ZY57HWv+Vlce12K4joGcdavWm9RLzFWDN7f+7VPDac9QRC03gYeTMyISrs/bv8u4gyBXRmS7m8+7B09W24XGTe01ttQqy28BI488OKf0X9VQSAKubVNkOnO8tAEvJMFKvN6Q5rN9Y6osMpKGFzPSc8/ay64uTkgIjQxccGf5iQQ5NP4eh3Uhc9GbKWanBcpt8NGiI/7ItvIcLz0n5hfjf0RsH+a+TjoF9HP/WaU/Z6W1vpDSxb1GSKua/jY86hbIiDa5iOwZEoRULjKdecvrjYqlQnQuSAv089MlxzGNnaGmgklY3EYCcjGYYEFtyeaF7tCZNiTMdLHJ/b4Fx7KtIjYociskOid96tusymPHG4QWCQv+Fdu2A6I9H2oc4FZJGWx0RIuMXjKcDgstFtNYoIdjiiXEeLIMCJlyfpGXmEuIDiVgEuPwL/+E6yAMPc83YMlIsGKupytojU61Sjo36cegH7n0kQWvFVvvpIJPUfYLYCqjBCpeRagOjvKujV1rrvvAtwx9EhiENoyleiNN9FzfN443jN248y/kB41+l837PxRGULwieNsAvh4OVw6IYldCRxuI7MrRmgaLsTJAY0O5d6uHHU2lkH5+aZUWd3PeifZzjXodb84gm2+PxDoLg06uzD8jVZe6K/bXOkjSxvaCpEhs9hCOWS0LBrTFuKVzKCxlgIWv0DuCRqfj8cMN79MRaDBFHt8ZJMgmAxkfqCxqLWrMYQdu3JNJj4celO1Poh25YqUBoZ6RWY1R7rts6wUXQiXUoVzBAmSTXgWuB41OUIPFBblTxB5xaRZx35jNP4TGSLfvFxEfYKqPQTDW5WKRYKrR6CUu52B+wC8REfl+/VdpG4501Mgv96glkn/pzzKYW1Us2CU6SAD7h+I+VJ6OgBO6RtL+68uv9ib7GhxgCQawPpJsSO34wmUIMCrsa6JbCVYriByLuswNWgAp81Rx9VQYg9+5vDQZTRXv9OJgtHgnQDjSG7Kmb6HG3NKzu9uz2s0FVjxJd/sq1KoNG7iKYmw53SpmcJvwQ2z5VqaYMzBJj9kkREpzpaJKgSu8xORjRQjU34wz4rJXLOqnLj4ihZ5uHPHoNP84x3E+Rhd7sUTrIQ5oFOYxd8lg7jA3TAD2snMwWYCmq+Pksz9L/d+rYEd6xVEzY4b7yk0w7sM+O0AgPb7XalLB82zfsrdfagFvgrV2xGk5YxWSq43ul/1rHj8zPyNCNVWr5Q8HT/lJDiwwj8vfiemJnFjQ5yDlBOkXNR6g1q84oa4vV5MJ9Js9x0F08GmEivr4t+wgU5IvkLvTa1SvT3aqlhsPdjl4KrGLdJ/+DBsN/BtOnuyDAKOfW1CWWI+W2s95lHCOcws+GVxVfXbQlHjGZOixN//C0tQjvJthfCTTG3Kd67ENIR3xQ4rIVGMbUOjyvFeL55Mknm47EQKehODRDxEV1KVD/N4xGN3AmBOjBOOCRPEyGvw2OtKL45CXkU1TgcXlWMCU27dOsTwRoqbn1I02hheo34ORJ/2ZKfXVBdaJsjidFDQov1f5f8IShVDXjrMcINmaAemKPOXapg4LekqIbz+m0/mu3+zqsl66SxEEH+NWVf/n26hT093C51IcAMkjxdNWSblNN4zAjiLSt1ANpNutJxex9gxuWNfN64bvoYSV/p1NVDQB7y0yScFFc189pEClDgUvAkqKsbLW+WG2OkSskGF640C34eWnGICijioISt3wMk9OfBmWFGZTHsXZfdtLxJgfN9Gk1nc0qKsQmPMVjlsWA9v8j/UliL9YsJueqPdSOqSKHFXyA74HJe3tOTvsWE6MjXFKZtM50qtEh3Rw7DVnukINvGtMMKQ3EsIHIo96rRCfadb/SuM4jnTYp5xnYfeXN7KfzTfVfZXLqgjrUuBedRU5EXoQo2GWAsVoj80CQd3FT7SYIdNYC24CfQZRYCGXePvHQeZkHMHvszze06osHedBaZAn71bLPfIfah5J0wNPYrnVPKogbT3QfNXCr421Mn68Qug5GlKakUJxYnLA/W+TQqtJALSi7iWsrQHxbEkAWF/5gRHBr4ov1AXVSE0ecYhKY+mnBYIGvL5lTHKTfX5/8Xj/uazCHUpRG0h2NPVkZ1Qdj5tRXwY+QgnHKZHCFGhuudm+ELMSI4MA7sSuE8ovR4ItMa5KSWlORLojTgYyrXjNv77IKezmanen87kiu+p1RKm+TUHaEaOmtPS+3XIyd2jfwt6dja53zGJb1wGz1P6Gf9XCJ636MqQ7VC/igRpfjzm2+EpgFsO9om8kx8zgrHaw03ILSt2QNdSOCLlvDro4/HbYbfaAAClAPjPTLb9NiFyQjnBqr4YPbwh2mnh52opbHktw3Ig9HRLeADoOo18mVtSFg0lU2UKfOMIIeibwHD6FTCghOl99ZIhBZQ9XT6/yBjCJMQgUP8AW4bhZt4+VQIcgx3goIPGpqMIRdGWH4ua83Y5YbxJa9m04r6baDLDaPgDTcnBLLCg0ssvDurv/vWNC0Ip+s65wP918QTzElnudwxE7KBGjYiSSDYaShcxEhaO23R2/0XXbjC8PSZGuyxAyrfE+xCKWLw4z9/QosvtYG3NqyyQUZWvQ7sBiOB5zx/vEifKhehWxpN+wI5aOx6TzhS0ndaSuM0lvIJxL6PBabAW64lARetywux2YnsCunIIcOCfzxyTjHS+BbAKl9SGvh7j08bAs9CHkkR6Ng8GGTEoeq4cqJhhWzGyOhL4CqZ77chVHfR+mnyAasFS2nX1HH+x/Pl0NhGIkym2UsL28vrs6asBvsp/MSW8cjnwpf5Mg+B53sp1xoCzCwNrI7nMkzn1GW7MnDXRO/RiK9yeosST8c4bUYgeqHy2Iw/RhHIxTenUHQhUCOX2SfrSkuBWOjABWqy26C8LkCuDL7Oejr2GaIHxq8bc6jhZPIH/UFat1f7WAX6kGXFppplzE37A8ytvTT/TWXRhFx+Wb9bQ9M9BrX6+PQpjNiOgT246P7tiHAKM19zKA3aBbpy4aNvWTnDg4wK7EEYnJeNwsm23lJs9Y13SvvH0zV+cY20V8x78Z+pp/Lqr3zkGFqA4EGY3R382hINnQ0LP+f1fFooITBfHPqCIfsR5F/eMCv4PLCdFOkJ36wRNAV2MPbH2tw3Jz9hQfdXH3EutC3x5Cg77nkpptDQRH/yruPCl6NQHJyID/Wuai6LVWSMf6CCQG1QPftq4KN5vqTA1jEVcPVUHfJMEqI1cyCKI76PwgfKHkyPBXD0IRz0dUIS7QGlRe0lWpYnC/N4++CaqK10E3DOVC84fJf04lBPD583oxey4ZNpGeJSGdJSxURBqDMPhXtmEojbWvngR3l8a8ETTSuLrw9FxPDmYw25ANg9DAln7mhF5BfoVb8fsktrzgoDAPikxCs5y5vh7vyxpF1pkGhLulfVRvdCfNDojUt4kyhSpqibuvmOXzslFWi6Nqm/ew9Su9LB1g8BS5cUVKFAaaRrRn5+/xp01PGwtaH57LSJubXc3Q8eMV2qxGhlQDJhSr98jnWEp7LL3QsIcQRXL/xwUDB0jqDFWOzjaYLYNSiQGVNoBHC20wMaVOrZDXh0eBQcrQkiu5PkHosRfdzQBcQ6F9G3fs3kGxL0TcNTPVLls9VwrVJ5Xa01bnHKr5fStCThE8v5hIsFNa8EzTtjMtnIZD0GhjEyNgbpRfb0g+aLSlRcCPGz45SR8oVRhD943FyvtTyIP9MGVRdITcJu4YuR67JxIgXfxjcvfYEiPHZahkDaHEHA+m2rfJCz77hdvx973xi9Idb7X3b8fawPKfBYq8z5Vzzagt7HDdURV1DOdFpwSnBcoK4WTbTrDpJ8wH0sfpZzDuru2cRrZSms4xsMoF4dwjxLy5yuvBrfxB4wGkt+XxN921/FaDZLOuAfu4jpuA3mP3CYtqiHAg/FaV6tYuoLOU6H9y0p7Pry8Hrlwgi+J1GQZuiX6VD7Q880kxmE6ndg1ibhiGP0XeonAuON3PfvYdgo7LRCNriaWeh8u5DPVXsEgpIfmt1mMaPF70Ps9tvjW5U+Kl+PCqrsvD72nt0je46VCsbZ/6h0wgDCSaeEuYd5eV5Rzgfe/ynRwFci3AKQpvsJoROSARJzL9oT7/qT7AiwedveMwc/2aolGA+nUKDNhpF9JkcVQTHCHd4pKL8sIiUyvaAqF84vz0ny9pktlTSdZfww2L+b8mjCPxhowTl4k8mstXOl+lsc/G25a+GO4x6Ne5iZMpOx3DxPVsEJJJadCA5JK5YVaxawJedSNjTil1E8a7V7XJDLlx22FZkAljHeCT1/OjqcnIknjMjuSgYt9ZlmZgL4AINJA6QRy1tiL1l1VsJ3ILZtZKqDMab8Tb4Jie/FIl2prxHbHYZcIW8cYmGe8wujBYwuNG5lbQfzQomRyqfGYnUiAwkLZzCeGKgEkhf6+pkzM9aYZhYW87c4rCHIcaI9pt/pHNoYAyy1VD7INo1WUNPz2RQg1OKuKXD02dK33FhkykQBA9cQ8LTbuG7X9Pc1A/Fvkyy9IWSvbi1RPOGkxNPP4P4R6t2G3FANEUH6HyH69MlRZK/pbSZ119j79JVMHc1raBRd7wX19GCKdbZQG0nlPyUT50gkQyZewB5F5/9h2IDYOeI/o2ovXxLnyMw1g1paQq1RV05sQxpzqS9r03Yb8ajB7wwA3xW1Qf+10drUrck43UEUQGxehYbeamb8eDTKNyKRGzEwxnRD8WUKA7n8AZESFe+O89KBEQneRY+y9IjGwhfyTw46wPrQLUaMqAFK/ku+GalUNRQYaw/cEUBAeT6PUBj9tGFmb/o8XnvDtjP5ara3rnjCbJFT6figmvA0HzLmxOUCnQ0b4+AiNzT77SfnQ+YvKYP8SXvWsJUUYD7Gb6vPcToBPwqCtbxGlg0CvzbG6m2poMJy3zWA9OXOCc654BULRKUCwycoT0Slta3RLm9E4Kko1yrsU7TjJizgcHYL+8ludYqmhRYD0BigMlmytUM9la+gowNhEKRzPc0MomhIxdvV5laGS/ttDA9d/m3zdYQWHKNkMiEUEjK4Ooxj5wjEwGJx/fkWYpfyTou1T8yjk1jlmHK7LMtrkC5zVvCLtgHhiy9RuQj/cy6ugMjlhUCXAobQzyWu0DubJcgFGC9nFlP77ZHJohWwAqkvH9sYJnDmN4AbcpGJ36vNIisuRTs6E1ZCE+oG3JkhRNd4btgnKvTGHJcbqW0Bxrdc0ECJpWq/86BsuGzz6FivOpKCdrq7SWetNRnfZSkp4X6Cj23nLw69KFH4ofCpebqT2ObKmsFJ4IQV4Vm8FkbvbW928eRm7PDWTKblfY8O2qbtGVl9HjQRruUU8GOT+lJ1oH412qyCvC8Jl4s2/FbX3CjpQ7dUTMcm63+BvH9880hJTkUJu3S1SYH+ldJD768yPE4eQLAh8Xusq6kBbt885nuukpPbBP5/OoX/Zs8VgpS/j4tTgNbS7jkEOcj7FsyjHqQVqbwtJExGJatgNgi5Yc/1HksZf0S2VmgZ8pt5AIdxdoqkcVb+fUf5lCrJipvjaEpMWLmOaiXe06trZV6YRFyZOs618t118VwnonjZPuMQS8kRC9MmVtIDL1sIKJAdg30vL5uYxBTwdLwp0+8Kf6Rt6pzubLM1aXH2y9QMutkJXv1yRZi67ORYOyJk80jq7zvQ89lo9PVszW8mZygCU4dBYzZpiQdOo0n2kr7E+XpbmuGSBnlW0maQDXW8BU410oGTcUh0giR3PuFmItsyT1B4QQDtCRCO5Kg+BNu8Nizb/RtgdYmB3C9QtfkTY5FE2C+KTUE78rgwB0kZg5lSwtQSCcWhXSoTZeKGfKJpUDRYu/lPOoUlCNlQLJX3mVXV17O6MQRLG97OnZA7t+tCaXXq9dbcD1l9GEXvLrmRBTEGuv20UtnbbI/2bwFHJ+wWoQC2QaGMv40l2+EOY1t3xT34WtziRUXTFZU8dS3Ff9iyh/lVrjmL07dnDosGWRjJQ0N1atDE3dqShRvQLQAtI7UadMtgzJGDqWCTgxA913t+dUziBKoLUtr2RvML9liIR9jtuY77fAQByUydrylY+aHM++b47+VOnCpiOt9Bpblvg1aK4y9a9FKPyYJrVIU7uFocjDDAS52SyqxEivdRRecaIiFswe6k0ZmI2jvlFACTp4KH82IYRpAM8KRr5zh6N76pJZ1d9hdGZI0QTR1coc7Fvq3FaD1uoaAKPcze+j+M78UOcxJZTlvqRAfzIwpN8+1hpMjOaYoccSGDmAAnQXbYSst7NSIc9Omk7MyyD7XQbmpE3KMAcNE4ivHEF8C50aTAHEg4+hY7Wo2Q1wwNXR43NI/0Le+mhWrXjcGQk8xwLXUQ+cXQTOAj2FG5jXpZfQnBlWhcJfPdLTfQzSiTbyYXMRU15DDL9SZKABcehQpr7vKLEMXPr2BK7XVv0bCkszOIQiGesipD1Bit2Yo4a97wCY3QTlKJ5ohcWDDu6FGerLXJP7+FbyGXHJ1mLmsT4yQgZuzUe2sDWPU0VjxVWeugPVA0bJyykLP0kz0Zy0s9KvcxKSwMcVPrrJOKdawAiquz5fqkx2OQ0RHURCnplblIlTxPLZ/zQHVhrjReeaD46XkYlIARxYhl+BGV23AEhkawIHaAL8EFLr/Au9R8MlUZhiPkPIR0DLqIQ1mEYkFBso+Alb7jaBQQROPR3lu/xyqORH5pCO+rbC93Pj+NRbObqxbevKCPRhsrmJTujzxPirEpPs//8yFUfs756mDxmLY9CQXn3D84s4WQkzTucpoORX3FnEPM159hZmvPqHccDvhi1HUCwdea0hIet5FvmFxepMhJqe6nNC9bHhNBxl2VD1D5tSJIhSsG2i8qr8MspFgkFS2fREm2fhxoOO2WyCOh2eal9fTF9feMAanb43qCGDU5kcve0UsHtGX0eozXJWADE//HF50s6zJDcJwZFsVkLmuyQtFN7zkVFm2WeWNNLGdKOv2LVwHt/tYJBURLDp8Ljt59q54BNbCxK/Z9427y2hWH6+9cpLl1laajb0oJxZzYNcCgu7797XyaKQdm23U0E+7ubhnfvx1oT917v4xN/HSLJNhIlTBP8YvPPnyaMMjVcWwC1kMZVjhiL+tnCCzBbqCw28p9EW4gJxhyn0Y48OhotjsDXFvfA6e+hKJ0Q+08s7K9mUL5jN415gfAv7ZhprCJ82fSCTxG93TFct+q7kFNa97kWPKGnH+qtx7bRwyPfs1zQBTPzC5yuGBUCaFuMOVFwv+DkYNbAyNT/T2f1ufb7qnLFEuiSaxOm1x6tY9YkQC0tN0KQVWpeL1yun9FNY3kptTQl6zcD0qbr+JNO1PVJn/7JLe+duW+12g1RokTkB06YFbem6AMnJ1liTt7x7VErMOPPC1IVoFjS7lNrimvVe8HJMgSWtZZPOM8mld34CWVDJ04VUpiCt29e3shglwZJc7QuTM7XgzzLQMdguNSepFbxCpitWhOehsd6/rbsiXWJ4ytKtMAXuFO1HxDAdgUpKT84jKPnFNedRq94XpM3I3qpwq28GP04V+6Y+nnuVfAGaOXCn/3kyoHyX+ZBXvjxdxYQuQpQRjMex3Tz6UEn7Y6xy7tu/ebNZ1nDiYph2h4bt2ZOw+yuu9zI6obF5bFUNOrPdy/eQXby06b6KLJKReGUDV1lHazDzhQf+P5cv4x7+G0JS1zACDt9f9lbyVN0Nh0yJTTKU2j3xZo5RlCDsh5FveRhoD1rNFR9mLOUJPLkwy289O7ghpq6Uk2wKVAkCoNTg6lpwMMGA/NqVYKof+GihljxxOjlHJaknLKajIxa1nEdIihxtF5P5MJWvqHxXF8fd7WeHVQntx/6ZNPHWJHk2JYuBgjkBMxTf67e92or4GTzHaMahfBxHfzuhlGy+LxGdFPRyQv1R+6OYrHvFEqtBs2kFLMNAX4QGhgbrwtJ2F7s1CTKpubv6GCKPcj2NWbTrgFUOLJBREk7KxYmd495AZnfQjjDBGQrbgadaHyeF52qskBUDPAHf1mrcK+Daim4RgsZXVCtJ7+6+W1cG6JV34UL903dAfQHK9dhX5SrpN0ouYb5II+7Bm7pJ3ldtdSGfOfCQJEJk1KAnkOKrjLxDzBPdRxbBZEcEz5ysFhneGm4Ty9I32iTHn7sBnYlMHAYM+oBGYPPxPZZfzgil6GoDDIQhiB0jF5tEdBnaDN/HEoWO7vCqeS4eL06V/9iVJBA0NiHNSCvvjZxRYQCXBPVAyScyJ5t6KD5JWEXnkat7BH+utG6HacKuSp4EDeGlBjhWqgBVIg3aqXJED8ZgZhu3yFNjpb+Jxut0CSSQM/imWnodUSJI+nrhyJt0Y1m7fLw/PCsCE6Pxy1FwYEgzisvNWlNGSyO84ACOpKa4NXI1dPQJomj47lhc/OYyuvmP2c48WV81Px8RLeptImgB0C1e7h6tc5qMzjsVMsx7CS+e/AVOce9R5wqVBQzFez0uqcMXGIjA4rSGivdbHgkezICzval5FndhGV4ckosvKUVp96jPTqiOuF1i0s2XEyCkRyj6byVzXpDMAwGvNhZi512uRulttFfvp+P0PQrlA0oAcz5DcS78qpEARvi0Z4nsupoUyJEZXS1PqYUvBcewwTrA0UQQY/TQiOb7S3UlDpwp0I4hTQ9a3CxqsQJcEpVjObAZRIOFxBNAl/a6M8FVtJxquqXVc5lfKTDLf7OMEMOkmaGK2JB1c0+A/A4qV2noJgVlqcv5urfiMjj0NmOUtYVcQkQDm4s6vG3EdcmlRzPEzXToXjpdTPQSr5MYQgu9tfE6aRJPtjgmJL3B46Key4DRXMm6tmdTu7wBVXr+rS7nZ95tLgKl1jdyJ78F3LrIxSFPkjCldddnJcTXsUX7nUq7+eQ7qXGuB7VLEJm0PdSj+Sw64FtrDKO1IbZcE95iVkbFperfAu0JumGW0yL6BO+tFMQyyscffjnmGLkreZ2FwcWuQZ8uvcExBM2n6YopqErdK+SteVa4yeazZwxcFl1pAOEY1aDo5kGFyV75rZB8VLWI3E3qlQpZEZneRih3NTOs0G3XxLbOtGTUoJ5R9siZzCX5T5XpRHERV/MSBk9QdgNL27YuBqWxGjgYFdDU2SMYomfes5PwNbYSRmnM4bKDHVKpI3lT1VUMMllz1FKg11CTeEg61Wbd5oHQACjRD67hukA01pnhV/fgrIE+W4syM0AqLpQIr1y8KltSUSMxAZQR1h1DqLtYsFe4Fp4ygkuh5nYXlltexVkoAibpsBS/Kb93nDJf7xIswupDGXlxOSCrgIFb4uL9nDr5DL6HJlfjo3leOl4C+T3/KJaeDY8k39sD2tj8rwE2CZKbB08pcdW2bQZRqxvk65D4FZs05ZbGggNo4MHPJw1x+67p6ziGLTdA9usdZJqJeTLYEkKG2lmCVHVGzSuTiCrAgYKK9hcY7rEU6yrW9S5/g86DOebwp2eAniCmzk1ADjkpoEkNKJgW2eU2lMHxMvt2yM2j5yDjdBR6Toy2A9SqUdqY1o9m2xkpsgUJM93rnJtVM+2QD++khYCTMyafMm5c3+xHlnGxd/C+/VGDHxfevLQXvHmDg67DadqY/uWmVtEoqUn+5IoG+JUEmq8KTh00X2Mx8994nUGeqr6gV1zq41W9z26mxVLIXCbRpisvrtr85Jc4XvGm+oNPUUMyXTg50C2lcM/JpbO9kMZbDkQ0KHfTl4VNPs3JNV9qg9WST5rsgO44kOFI3dQ+z3XTeziJXm6qhZu8YVreFTLpjP43RdoxqKF6GA6QRVRgGqpWRILqjyLjJIMg1m9Rn/7SE3/qy/NL9ux8DCMj2tc4bA3ECdnIfmCtAj5c4iSMy/yiAx6ekWBAHF+oVqi4ezVY5iFs9mlUwikR+m0lPkyP7W4S49ayS40vHWt7/PpkXAN9Jm36Oa3wNQPS8GWjyMMnKqif8142KXeu1vGXKKGcRB9st9DDpY2K+bUZ6fLiAXoW15ZXfkxMemMk7FNg6/Czcq3BwiDCTGcRNyo6RrTl7xExVzuYQrIy4ZMEGhVyKHx3ethSb+LK04gWo2HgsPplkXQJswmXHqWWGi75I2yAvCL5bdGQLQSrwDulRlbapxB8tnwyMK45ZnsHFUScqmwRQN69ZdJkW70R57nqvrqFCTzrCI41JVfVbYVqg6x7yj7D2vEcnCzgVEm8HEccRoMUNYhdpJsgyfKKEIbb2TJEzuHO3WKhedhS08s2jVE73DAuc0gLqYqXkwUPguIsYerK/1XlL6grgxze8sFfwomBVr9MhfK/JHWNX6IhiwiGSgI2/exSgg/pCHZOJoHu58ckA0orhoC/Pt7ogOSO1blTja5FRVeU2ugnoHtsPq2Ft0BjPiu2UEbePO8p3XVBfT1u7DoM8sNRejM+9/7yEYspQ3ht8+KEmiMgEgMdFaSgsUP4Zsr3pPIlfKYYXA1242qPjjV0j5iNcT81lospFoui0/79kwYeVquf6CKagVSjiGPkQsdM0WoR1oxFUd+dOuN4agMDUdYrcMQ+OKoLGWcB/MMO8ApXc6sI7XbeSW+LvGWbUaD9pj9+11Q1Ox3Mj1Sv8b5Y7KHcxe9p6igxNeThxgwnlUYurQ7rG2ImYFMomqUtGIb1IioBIguAc6WdrKWfTwQwTRqjPHWXptJ+9mvLeEwFvzzoXCwL73KHCaPkZ4WXoigfwe8apOiZ2yxZDDe7GZu8tOeGhiFsdWSRSoBvE26b3gM2Gm7z0rXtmYMvxG3P+50vVpyYIr8x6CIyZRMj4SPPRorMzd3jQ/lGkQhNcG4Xla6Xc2Kf57PQHY7Es8f4qmi5exehksYWZK282z7beYTAOWL/nhl42MlWpiVnP5hC2eacVhHollFwS3Iv1SNi5HqBMKSTxWdKuhABZwjUYMZjJJYvQ2E++PJB2e8MPRlHahOqTpMSyPgqIqF3g8Z50ehp1/6YMRd0b/3aWCHyyp2F5jJlF2G1sQrjYHC8k3GTnwPpfLhpoYz30RJ3x8ZQuhjVhyNUT9DLv4z2Fko7UnliF3K1YZh1H7/5vPjnuCaf/1gPWLhtflnv9loV/FsVxNTHO6DfB5ShrCOPOvYlOv+6tzqpPMpqBix8P5Uxw41rJNfGg21WrAioVfi7th5JCdUO15PRyijoBxOgDOvluaqEaSAHI9vFQSaAlid2xKNNpguigm9/gmj2pf2L59fCeqhzf9rQz219fcfnzfoZ6e0kVajv6cR/uewej/532Ub5L9V6mF04hhRMd8klmssPoPJhs0NM7Aq1qQhRSMs5swBfuh3Uoxq4xS+ZQB7p8merE0Pa7ksjKoI16ZIU7KuHERfnyp2e9Uby6lNb2wtcjrlw+VuMpq2QgyvHGuVE6NvPmvUW305ntnLDCggaTYia+m+VgJPoznmH655hJQfANu/EiLGW4kWUoDZBwoZF6u3oLqMuJ5Rvyvm989PKSHkvQTHmHtstsA0NvfxIfcjJcawKH2xe91u6V652hR1lnmLE/Wiz6/GWwLW26BV7scUwDuCtTT4yZeGwx+cJIYM0PxNCjSZnvvdoETcZR264DzCCSlIFIJkUTv5malTj0flIBDrI6eLXFBZN1C3kKs8MHj/+og4J1a81d0btZRDQo6+0ByIxEyENZnC7VWKjO9ZMHNuWq79QmFcSPBmqApvHJ+ndBCpqMvdHikI93GGWSOHKSuPIU+B80P0z2LR4TLdf6HruwgnM6DPI4szQP61vy1+/VF+7mXPx+G5E/bqLZ7rvRIkGdF9dnHjFgPFWTrP8Gac4VuTf/s2ovw5ogwPgPR5BHWeNkAE3F1xulMyn6RdWPdvPeZ5VnYkhgbKZu2XoV5RB0k4iZ82a/9Qip/FkwRUK+zAQogbSv6hSGNy3p+yFjV7Txk0Q9aXufhEW7DLCeLAc3pKtOke7TvNYO10Ah2nj7L+GIuHHNhLWHJ+4aX2xMU3UdLsX7hqyoTMvD7z7KOxhmVy9L53lvJ/Cw/ioQR+/b8muGyDmI5tE9uTHTBUbJPFYMHXylSZs4/2R79CGCDYeLJ2CfyqLTg45xAbobpny0a2ca7BqYek9elV4tIkZEmaIOeayq+l7FWjTR8otRZwcc3xM2Dv4GE1u7kvzLJ9Zo8A7+wDF19MTcTWb7XHx32NTRGCqDYD+SGfwgxuFyCwlm2Lxi2hrUo+4boUrTMC7r9ob/OOERbN7PRgu4wn+5+zagR/NsnHGD9rGNgfKbYHofHz7v9PI5e4BIHKkf3ZqjavxwBV6r/Ppe8TEMhWeZIdKgj6cQJ724wETaomjRmPP4OHKNQnKcXDqm4du4rYzEdmNuZgza/Ndy8ABki9NEyztwRLS5Z06Nff/FirnrFOwsdA69PprPJs50Id2pLooGgWaw/oBKUsPwbnfbEfOG7MNX7amAyx5t2pLxyUhpLHo1xP2oxeC61EaNIv/7XhrKJJs+sOoJNKBZqLHcNHY0x8sQ8T63tuejNNbMCrOlll+8ug39pwZY5uDPdXqSlnsf7yMn4YsO+zHdO39A38ny9fcXIhJXVsDU9twbEChl0sSZa+HaXdpNWYYZpHpdbIFrkEhaDxbV1U24U7wTWMxISetYL4LicAk4cq+4D3D05yuhKCaYloC+xgt4wW50Y5Mbs1YzCUJabpvaeoagSMnizydHgHwDYd4K3l+4IR08pcFZ2VMX4V90ipJL0yOdOdCh1BdpEk+9uhlysahw5Ph3z9r+VLgrl5+f8O3yDAfSMWsbICJC+TFg63ORxjPXQ589PbjIBaAl/pwOpX9ga6uLCPdPXO5GarRmWahxvOOm7Zqpf+G1LN//DQXufbd0mqnrhmYyCgX9nZjKUhzl7qwmF+cXm+k46WXTPmEG3jrSoRQVtRwivOcw/SEAelcSqBkGPRYUS7H7BimJZWXe92dHYp1xX8ZFjkyp2nxtnexogLTvwQVitWyXqQvMbRITPf2mFwFlRKMqC8jqUoP0S6XY/RF47kuxT8gZPaY3rHDm9RPF33FiUgs1id1nU0SNflx55X46ayg06beZL9wqemfk9f1QZDw3s3+U4iJTUiGuFkoB7lZgqI28wQTAS7knr+MLf9AnflMLQDZv1E7BLl760+TzVZFGgh38XOB5eP0KTm3XnYEMSIAhrHafts/Nb0fvDEzOW0Q8bYO2E1M4GqczbINTkZu3LGvwA/zLfsyR7hL3nRUUcwA275L1rvNP3RHLjAnowVA43wzlG6LiM/D1d86CvSVLaA7b+Mi1rksvh6xDCFFM+Ji3ayhZfBeV3g84pYpTmn2C//B4r8XTe0XtlHqvMBG7v2xyft6vCORKLdO7N+CFQl5K0KgZwCX4D+cytpD5EoT8kRLk5/2LQcqq1Zwr92hxXAbS2lWeCn+jRfd5V3vl94b/6/CfSobTSurYuwBCH6QQHQcZndl5qondThAvwzxLq+Xu4xicMhF+OpZhg==&lt;/Value&gt;&lt;/TokenEntry&gt;&lt;/Values&gt;&lt;/UseKey&gt;&lt;Claims&gt;&lt;Values xmlns:q1=\\\"http://schemas.xmlsoap.org/ws/2004/04/security/trust\\\" soapenc:arrayType=\\\"q1:TokenEntry[17]\\\"&gt;&lt;TokenEntry&gt;&lt;Name&gt;SessionKey&lt;/Name&gt;&lt;Value&gt;oN5JiJvI4CmOLN1YdRQO9YI+p2tpdwNlV6GQ3V0Ha6lXKYceGFNqbdfQr1BpJqOInJ3T7NgunrheDFyS9g8Dx3RUHz4ANOe/wbdXM7knLIKjqCmEvAtNOIQkcLUxZXjmpI7p7YVWcB/sWzgnwQatsTtTkJbCsWjiEdqJifDrQmMCHIKUj4cAd7Uk8tjz7kteU2PaD9yVZueF1pLBmiI2E7K6SkbZcze2cqBZRl43ltiEg88SLXDzE5DNX4A2vKdrWdSXBIzKXpC9aqvz/IQ60aLufZF/MiTW1T1LjUEPYZTxvWIuxLiZ+aOhzQSCku3U26oelcU+zudbrdD+hKaQZQ==&lt;/Value&gt;&lt;/TokenEntry&gt;&lt;TokenEntry&gt;&lt;Name&gt;BindingType&lt;/Name&gt;&lt;Value&gt;yIGVflhsEReXCQ8V26YLm1dlGZmKm78PTG7KGURXzKY=&lt;/Value&gt;&lt;/TokenEntry&gt;&lt;TokenEntry&gt;&lt;Name&gt;Binding&lt;/Name&gt;&lt;Value&gt;OqvryulxVebFiu749xU+uroA1dk9k/NKp6aYpEAox3NMG9VcUJqa83SdcKqzxP1LiQ8Xu+Y5KAPvsCItv4Kk6u1QL/Zr8KyKRHV+sTOZB0Q=&lt;/Value&gt;&lt;/TokenEntry&gt;&lt;TokenEntry&gt;&lt;Name&gt;ProductKey&lt;/Name&gt;&lt;Value&gt;jsATEjY79ftdAB3QKGO6u3zkrB+TaJet9SUJyONPjLw=&lt;/Value&gt;&lt;/TokenEntry&gt;&lt;TokenEntry&gt;&lt;Name&gt;ProductKeyType&lt;/Name&gt;&lt;Value&gt;yIGVflhsEReXCQ8V26YLm02jNQiexyDatRsNIiKTdk0=&lt;/Value&gt;&lt;/TokenEntry&gt;&lt;TokenEntry&gt;&lt;Name&gt;ProductKeyActConfigId&lt;/Name&gt;&lt;Value&gt;Lk2mv4hY+B+i04K1sLgi9/JIxSJUIvvtI2qG4rKjd14jLdkUK57xvsf1WxSLyN90/+7JdJitCnYY16yvlaRdPGiuu/nCzc2gWi01nOhh0VQ=&lt;/Value&gt;&lt;/TokenEntry&gt;&lt;TokenEntry&gt;&lt;Name&gt;SppSvcVersion&lt;/Name&gt;&lt;Value&gt;LOXsmttgFf2+vrZVBDFbvQ==&lt;/Value&gt;&lt;/TokenEntry&gt;&lt;TokenEntry&gt;&lt;Name&gt;otherInfoPublic.licenseCategory&lt;/Name&gt;&lt;Value&gt;7ChwzCcd+Z+DwNDxpzoTcUmMQ/DaFWxelcxmazQR65I=&lt;/Value&gt;&lt;/TokenEntry&gt;&lt;TokenEntry&gt;&lt;Name&gt;otherInfoPrivate.licenseCategory&lt;/Name&gt;&lt;Value&gt;7ChwzCcd+Z+DwNDxpzoTcZX37WnzQhymxjg+CYAn4r8=&lt;/Value&gt;&lt;/TokenEntry&gt;&lt;TokenEntry&gt;&lt;Name&gt;otherInfoPublic.sysprepAction&lt;/Name&gt;&lt;Value&gt;evuMK2wW+bJcsvwq1hO+xQ==&lt;/Value&gt;&lt;/TokenEntry&gt;&lt;TokenEntry&gt;&lt;Name&gt;otherInfoPrivate.sysprepAction&lt;/Name&gt;&lt;Value&gt;evuMK2wW+bJcsvwq1hO+xQ==&lt;/Value&gt;&lt;/TokenEntry&gt;&lt;TokenEntry&gt;&lt;Name&gt;ClientInformation&lt;/Name&gt;&lt;Value&gt;47OEgt2Iubhmq2tUYhZXuPLdXlVseWw0EwnGVDWWguXSw/wgX39ub5faXsbPaI0I1zHo4qKvq4EVZlM36E6rOQ==&lt;/Value&gt;&lt;/TokenEntry&gt;&lt;TokenEntry&gt;&lt;Name&gt;ReferralInformation&lt;/Name&gt;&lt;Value&gt;h6K3Rt/nhEltqbylToSw2jR+CPZZsWXRwbZDRy/UQFOOTQwDjUnAFJVT1Rbeg0j1U2M+yzM0u1QxP+YGWnXknQ==&lt;/Value&gt;&lt;/TokenEntry&gt;&lt;TokenEntry&gt;&lt;Name&gt;ClientSystemTime&lt;/Name&gt;&lt;Value&gt;AhD4TjULiXhb8teHM02V/uJgTaCiUaeYjZVgOoCAfoo=&lt;/Value&gt;&lt;/TokenEntry&gt;&lt;TokenEntry&gt;&lt;Name&gt;ClientSystemTimeUtc&lt;/Name&gt;&lt;Value&gt;AhD4TjULiXhb8teHM02V/uJgTaCiUaeYjZVgOoCAfoo=&lt;/Value&gt;&lt;/TokenEntry&gt;&lt;TokenEntry&gt;&lt;Name&gt;otherInfoPublic.secureStoreId&lt;/Name&gt;&lt;Value&gt;yJmargRs9lsgH9xgFveq2CDn83UM3li5OoVRTug7PMhHu1sNpoIMNyg45U/RrBLd&lt;/Value&gt;&lt;/TokenEntry&gt;&lt;TokenEntry&gt;&lt;Name&gt;otherInfoPrivate.secureStoreId&lt;/Name&gt;&lt;Value&gt;yJmargRs9lsgH9xgFveq2CDn83UM3li5OoVRTug7PMhHu1sNpoIMNyg45U/RrBLd&lt;/Value&gt;&lt;/TokenEntry&gt;&lt;/Values&gt;&lt;/Claims&gt;&lt;/RequestSecurityToken&gt;&lt;/soap:Body&gt;&lt;/soap:Envelope&gt;)\\n00010002(0x80072EE7, 10:35:43:155 - &lt;NULL&gt;)\\n00010003(0x80072EE7, 10:35:43:155)\\n\",\"Binary\":\"\"}}","Channel":"Application","Provider":"Microsoft-Windows-Security-SPP","EventId":8200,"EventRecordId":"596","ProcessId":0,"ThreadId":0,"Level":"Error","Keywords":"0x80000000000000","SourceFile":"Z:\\usr\\lib\\wine\\Artifacts\\APPLICATION.evtx","ExtraDataOffset":0,"HiddenRecord":false,"TimeCreated":"2024-05-15T05:35:43.1559123+00:00","RecordNumber":596}
{"ChunkNumber":6,"Computer":"DC01.forela.local","Payload":"{\"EventData\":{\"Data\":\"hr=0x80072EE7, c1a197b6-ba5e-4394-b9bf-b659a6c1b873\",\"Binary\":\"\"}}","Channel":"Application","Provider":"Microsoft-Windows-Security-SPP","EventId":1014,"EventRecordId":"597","ProcessId":0,"ThreadId":0,"Level":"Error","Keywords":"0x80000000000000","SourceFile":"Z:\\usr\\lib\\wine\\Artifacts\\APPLICATION.evtx","ExtraDataOffset":0,"HiddenRecord":false,"TimeCreated":"2024-05-15T05:35:43.1559123+00:00","RecordNumber":597}
{"ChunkNumber":6,"Computer":"DC01.forela.local","Payload":"{\"EventData\":{\"Data\":\"55c92734-d682-4d71-983e-d6ec3f16059f, \\n1: c1a197b6-ba5e-4394-b9bf-b659a6c1b873, 1, 1 [(0 [0xC004E003, 0, 0], [( 9 0xC004FC07 180 0)( 1 0x00000000)(?)( 2 0x00000000 0 0 msft:rm/algorithm/hwid/4.0 0x00000000 0)(?)( 9 0xC004FC07 180 0)( 10 0x00000000 msft:rm/algorithm/flags/1.0)(?)])(1 )(2 )(3 [0x00000000, 0, 0], [( 6 0xC004F009 10 0)( 1 0x00000000)( 6 0xC004F009 10 0)(?)(?)(?)( 10 0x00000000 msft:rm/algorithm/flags/1.0)( 11 0x00000000 0xC004FC07)])]\\n\\n\",\"Binary\":\"\"}}","Channel":"Application","Provider":"Microsoft-Windows-Security-SPP","EventId":1003,"EventRecordId":"598","ProcessId":0,"ThreadId":0,"Level":"Info","Keywords":"0x80000000000000","SourceFile":"Z:\\usr\\lib\\wine\\Artifacts\\APPLICATION.evtx","ExtraDataOffset":0,"HiddenRecord":false,"TimeCreated":"2024-05-15T05:35:43.2655215+00:00","RecordNumber":598}
{"ChunkNumber":6,"Computer":"DC01.forela.local","Payload":"{\"EventData\":{\"Data\":\"hr=0x8007139F, RuleId=8244d55f-dcd7-4010-8151-2a5af187b1ed;Action=NotifyUser;AppId=55c92734-d682-4d71-983e-d6ec3f16059f;SkuId=c1a197b6-ba5e-4394-b9bf-b659a6c1b873;NotificationInterval=240;Trigger=TimerEvent\",\"Binary\":\"\"}}","Channel":"Application","Provider":"Microsoft-Windows-Security-SPP","EventId":8198,"EventRecordId":"599","ProcessId":0,"ThreadId":0,"Level":"Error","Keywords":"0x80000000000000","SourceFile":"Z:\\usr\\lib\\wine\\Artifacts\\APPLICATION.evtx","ExtraDataOffset":0,"HiddenRecord":false,"TimeCreated":"2024-05-15T05:35:43.2809569+00:00","RecordNumber":599}
{"ChunkNumber":6,"Computer":"DC01.forela.local","Payload":"{\"EventData\":{\"Data\":\"\",\"Binary\":\"\"}}","Channel":"Application","Provider":"Desktop Window Manager","EventId":9027,"EventRecordId":"600","ProcessId":0,"ThreadId":0,"Level":"Info","Keywords":"0x80000000000000","SourceFile":"Z:\\usr\\lib\\wine\\Artifacts\\APPLICATION.evtx","ExtraDataOffset":0,"HiddenRecord":false,"TimeCreated":"2024-05-15T05:35:46.3442148+00:00","RecordNumber":600}
{"ChunkNumber":6,"Computer":"DC01.forela.local","Payload":"{\"EventData\":{\"Data\":[{\"@Name\":\"Library\",\"#text\":\"C:\\\\Windows\\\\system32\\\\ntdsperf.dll\"},{\"@Name\":\"Win32Error\",\"#text\":\"126\"}]}}","UserId":"S-1-5-18","Channel":"Application","Provider":"Microsoft-Windows-Perflib","EventId":1023,"EventRecordId":"601","ProcessId":4612,"ThreadId":4644,"Level":"Error","Keywords":"Classic","SourceFile":"Z:\\usr\\lib\\wine\\Artifacts\\APPLICATION.evtx","ExtraDataOffset":0,"HiddenRecord":false,"TimeCreated":"2024-05-15T05:35:48.6390528+00:00","RecordNumber":601}
{"ChunkNumber":6,"Computer":"DC01.forela.local","Payload":"{\"EventData\":{\"Data\":\"\",\"Binary\":\"\"}}","Channel":"Application","Provider":"SceCli","EventId":1704,"EventRecordId":"602","ProcessId":0,"ThreadId":0,"Level":"Info","Keywords":"0x80000000000000","SourceFile":"Z:\\usr\\lib\\wine\\Artifacts\\APPLICATION.evtx","ExtraDataOffset":0,"HiddenRecord":false,"TimeCreated":"2024-05-15T05:36:18.7036504+00:00","RecordNumber":602}
{"ChunkNumber":6,"Computer":"DC01.forela.local","Payload":"{\"EventData\":{\"Data\":\"SessionEnv\",\"Binary\":\"D9-06-00-00\"}}","Channel":"Application","Provider":"Microsoft-Windows-Winlogon","EventId":6003,"EventRecordId":"603","ProcessId":0,"ThreadId":0,"Level":"Info","Keywords":"0x80000000000000","SourceFile":"Z:\\usr\\lib\\wine\\Artifacts\\APPLICATION.evtx","ExtraDataOffset":0,"HiddenRecord":false,"TimeCreated":"2024-05-15T05:36:31.2661828+00:00","RecordNumber":603}
{"ChunkNumber":6,"Computer":"DC01.forela.local","Payload":"{\"EventData\":{\"Data\":\"SessionEnv\",\"Binary\":\"D9-06-00-00\"}}","Channel":"Application","Provider":"Microsoft-Windows-Winlogon","EventId":6000,"EventRecordId":"604","ProcessId":0,"ThreadId":0,"Level":"Info","Keywords":"0x80000000000000","SourceFile":"Z:\\usr\\lib\\wine\\Artifacts\\APPLICATION.evtx","ExtraDataOffset":0,"HiddenRecord":false,"TimeCreated":"2024-05-15T05:36:31.5473705+00:00","RecordNumber":604}
{"ChunkNumber":6,"Computer":"DC01.forela.local","Payload":"{\"EventData\":{\"Data\":\"c1a197b6-ba5e-4394-b9bf-b659a6c1b873\",\"Binary\":\"\"}}","Channel":"Application","Provider":"Microsoft-Windows-Security-SPP","EventId":1013,"EventRecordId":"605","ProcessId":0,"ThreadId":0,"Level":"LogAlways","Keywords":"0x80000000000000","SourceFile":"Z:\\usr\\lib\\wine\\Artifacts\\APPLICATION.evtx","ExtraDataOffset":0,"HiddenRecord":false,"TimeCreated":"2024-05-15T05:36:33.6722203+00:00","RecordNumber":605}
{"ChunkNumber":6,"Computer":"DC01.forela.local","Payload":"{\"EventData\":{\"Data\":\"XrML 2.1 License - {msft:sl/EUL/ACTIVATED/PUBLIC}, 558a2091-044a-4271-b30b-8ad71668ac7f\",\"Binary\":\"\"}}","Channel":"Application","Provider":"Microsoft-Windows-Security-SPP","EventId":1004,"EventRecordId":"606","ProcessId":0,"ThreadId":0,"Level":"Info","Keywords":"0x80000000000000","SourceFile":"Z:\\usr\\lib\\wine\\Artifacts\\APPLICATION.evtx","ExtraDataOffset":0,"HiddenRecord":false,"TimeCreated":"2024-05-15T05:36:33.7037029+00:00","RecordNumber":606}
{"ChunkNumber":6,"Computer":"DC01.forela.local","Payload":"{\"EventData\":{\"Data\":\"XrML 2.1 License - {msft:sl/EUL/ACTIVATED/PRIVATE}, fdb41eca-123b-4fdb-b165-e8d764344fce\",\"Binary\":\"\"}}","Channel":"Application","Provider":"Microsoft-Windows-Security-SPP","EventId":1004,"EventRecordId":"607","ProcessId":0,"ThreadId":0,"Level":"Info","Keywords":"0x80000000000000","SourceFile":"Z:\\usr\\lib\\wine\\Artifacts\\APPLICATION.evtx","ExtraDataOffset":0,"HiddenRecord":false,"TimeCreated":"2024-05-15T05:36:33.7037029+00:00","RecordNumber":607}
{"ChunkNumber":6,"Computer":"DC01.forela.local","Payload":"{\"EventData\":{\"Data\":\"0x00000000, c1a197b6-ba5e-4394-b9bf-b659a6c1b873, SL_ACTIVATION_VALIDATION_IN_PROGRESS\",\"Binary\":\"01-00-00-00\"}}","Channel":"Application","Provider":"Microsoft-Windows-Security-SPP","EventId":1067,"EventRecordId":"608","ProcessId":0,"ThreadId":0,"Level":"Info","Keywords":"0x80000000000000","SourceFile":"Z:\\usr\\lib\\wine\\Artifacts\\APPLICATION.evtx","ExtraDataOffset":0,"HiddenRecord":false,"TimeCreated":"2024-05-15T05:36:33.7192550+00:00","RecordNumber":608}
{"ChunkNumber":6,"Computer":"DC01.forela.local","Payload":"{\"EventData\":{\"Data\":\"\",\"Binary\":\"\"}}","Channel":"Application","Provider":"Microsoft-Windows-Security-SPP","EventId":20488,"EventRecordId":"609","ProcessId":0,"ThreadId":0,"Level":"Info","Keywords":"0x80000000000000","SourceFile":"Z:\\usr\\lib\\wine\\Artifacts\\APPLICATION.evtx","ExtraDataOffset":0,"HiddenRecord":false,"TimeCreated":"2024-05-15T05:36:35.6253643+00:00","RecordNumber":609}
{"ChunkNumber":6,"Computer":"DC01.forela.local","Payload":"{\"EventData\":{\"Data\":\"\",\"Binary\":\"\"}}","Channel":"Application","Provider":"Microsoft-Windows-Security-SPP","EventId":20481,"EventRecordId":"610","ProcessId":0,"ThreadId":0,"Level":"Info","Keywords":"0x80000000000000","SourceFile":"Z:\\usr\\lib\\wine\\Artifacts\\APPLICATION.evtx","ExtraDataOffset":0,"HiddenRecord":false,"TimeCreated":"2024-05-15T05:36:36.8676401+00:00","RecordNumber":610}
{"ChunkNumber":6,"Computer":"DC01.forela.local","Payload":"{\"EventData\":{\"Data\":\"\",\"Binary\":\"\"}}","Channel":"Application","Provider":"Microsoft-Windows-Security-SPP","EventId":20482,"EventRecordId":"611","ProcessId":0,"ThreadId":0,"Level":"Info","Keywords":"0x80000000000000","SourceFile":"Z:\\usr\\lib\\wine\\Artifacts\\APPLICATION.evtx","ExtraDataOffset":0,"HiddenRecord":false,"TimeCreated":"2024-05-15T05:36:37.0676257+00:00","RecordNumber":611}
{"ChunkNumber":6,"Computer":"DC01.forela.local","Payload":"{\"EventData\":{\"Data\":\"Security-SPP-WriteWauMarker, 500\",\"Binary\":\"\"}}","Channel":"Application","Provider":"Microsoft-Windows-Security-SPP","EventId":1034,"EventRecordId":"612","ProcessId":0,"ThreadId":0,"Level":"Info","Keywords":"0x80000000000000","SourceFile":"Z:\\usr\\lib\\wine\\Artifacts\\APPLICATION.evtx","ExtraDataOffset":0,"HiddenRecord":false,"TimeCreated":"2024-05-15T05:36:37.2627003+00:00","RecordNumber":612}
{"ChunkNumber":6,"Computer":"DC01.forela.local","Payload":"{\"EventData\":{\"Data\":\"\",\"Binary\":\"\"}}","Channel":"Application","Provider":"Microsoft-Windows-Security-SPP","EventId":20489,"EventRecordId":"613","ProcessId":0,"ThreadId":0,"Level":"Info","Keywords":"0x80000000000000","SourceFile":"Z:\\usr\\lib\\wine\\Artifacts\\APPLICATION.evtx","ExtraDataOffset":0,"HiddenRecord":false,"TimeCreated":"2024-05-15T05:36:37.3223826+00:00","RecordNumber":613}
{"ChunkNumber":6,"Computer":"DC01.forela.local","Payload":"{\"EventData\":{\"Data\":\"55c92734-d682-4d71-983e-d6ec3f16059f\",\"Binary\":\"\"}}","Channel":"Application","Provider":"Microsoft-Windows-Security-SPP","EventId":12305,"EventRecordId":"614","ProcessId":0,"ThreadId":0,"Level":"Info","Keywords":"0x80000000000000","SourceFile":"Z:\\usr\\lib\\wine\\Artifacts\\APPLICATION.evtx","ExtraDataOffset":0,"HiddenRecord":false,"TimeCreated":"2024-05-15T05:36:38.6013943+00:00","RecordNumber":614}
{"ChunkNumber":6,"Computer":"DC01.forela.local","Payload":"{\"EventData\":{\"Data\":\"{99d92734-d682-4d71-983e-d6ec3f16059f}\",\"Binary\":\"\"}}","Channel":"Application","Provider":"Microsoft-Windows-Security-SPP","EventId":12304,"EventRecordId":"615","ProcessId":0,"ThreadId":0,"Level":"Info","Keywords":"0x80000000000000","SourceFile":"Z:\\usr\\lib\\wine\\Artifacts\\APPLICATION.evtx","ExtraDataOffset":0,"HiddenRecord":false,"TimeCreated":"2024-05-15T05:36:38.6044957+00:00","RecordNumber":615}
{"ChunkNumber":6,"Computer":"DC01.forela.local","Payload":"{\"EventData\":{\"Data\":\"Security-SPP-WriteWauMarker, 500\",\"Binary\":\"\"}}","Channel":"Application","Provider":"Microsoft-Windows-Security-SPP","EventId":1034,"EventRecordId":"616","ProcessId":0,"ThreadId":0,"Level":"Info","Keywords":"0x80000000000000","SourceFile":"Z:\\usr\\lib\\wine\\Artifacts\\APPLICATION.evtx","ExtraDataOffset":0,"HiddenRecord":false,"TimeCreated":"2024-05-15T05:36:38.7663934+00:00","RecordNumber":616}
{"ChunkNumber":6,"Computer":"DC01.forela.local","Payload":"{\"EventData\":{\"Data\":\"55c92734-d682-4d71-983e-d6ec3f16059f, \\n1: c1a197b6-ba5e-4394-b9bf-b659a6c1b873, 1, 1 [(0 [0xC004E003, 0, 0], [( 9 0xC004FC07 180 0)( 1 0x00000000)(?)( 2 0x00000000 0 0 msft:rm/algorithm/hwid/4.0 0x00000000 0)(?)( 9 0xC004FC07 180 0)( 10 0x00000000 msft:rm/algorithm/flags/1.0)(?)])(1 )(2 )(3 [0x00000000, 0, 0], [( 6 0xC004F009 10 0)( 1 0x00000000)( 6 0xC004F009 10 0)(?)(?)(?)( 10 0x00000000 msft:rm/algorithm/flags/1.0)( 11 0x00000000 0xC004FC07)])]\\n\\n\",\"Binary\":\"\"}}","Channel":"Application","Provider":"Microsoft-Windows-Security-SPP","EventId":1003,"EventRecordId":"617","ProcessId":0,"ThreadId":0,"Level":"Info","Keywords":"0x80000000000000","SourceFile":"Z:\\usr\\lib\\wine\\Artifacts\\APPLICATION.evtx","ExtraDataOffset":0,"HiddenRecord":false,"TimeCreated":"2024-05-15T05:36:38.8255011+00:00","RecordNumber":617}
{"ChunkNumber":6,"Computer":"DC01.forela.local","Payload":"{\"EventData\":{\"Data\":\"55c92734-d682-4d71-983e-d6ec3f16059f, \\n1: c1a197b6-ba5e-4394-b9bf-b659a6c1b873, 1, 1 [(0 [0xC004E003, 0, 0], [( 9 0xC004FC07 180 0)( 1 0x00000000)(?)( 2 0x00000000 0 0 msft:rm/algorithm/hwid/4.0 0x00000000 0)(?)( 9 0xC004FC07 180 0)( 10 0x00000000 msft:rm/algorithm/flags/1.0)(?)])(1 )(2 )(3 [0x00000000, 0, 0], [( 6 0xC004F009 10 0)( 1 0x00000000)( 6 0xC004F009 10 0)(?)(?)(?)( 10 0x00000000 msft:rm/algorithm/flags/1.0)( 11 0x00000000 0xC004FC07)])]\\n\\n\",\"Binary\":\"\"}}","Channel":"Application","Provider":"Microsoft-Windows-Security-SPP","EventId":1003,"EventRecordId":"618","ProcessId":0,"ThreadId":0,"Level":"Info","Keywords":"0x80000000000000","SourceFile":"Z:\\usr\\lib\\wine\\Artifacts\\APPLICATION.evtx","ExtraDataOffset":0,"HiddenRecord":false,"TimeCreated":"2024-05-15T05:36:38.8904321+00:00","RecordNumber":618}
{"ChunkNumber":6,"Computer":"DC01.forela.local","Payload":"{\"EventData\":{\"Data\":\"RuleId=8244d55f-dcd7-4010-8151-2a5af187b1ed;Action=NotifyUser;AppId=55c92734-d682-4d71-983e-d6ec3f16059f;SkuId=c1a197b6-ba5e-4394-b9bf-b659a6c1b873;NotificationInterval=240;Trigger=UserLogon;SessionId=1\",\"Binary\":\"\"}}","Channel":"Application","Provider":"Microsoft-Windows-Security-SPP","EventId":8197,"EventRecordId":"619","ProcessId":0,"ThreadId":0,"Level":"Info","Keywords":"0x80000000000000","SourceFile":"Z:\\usr\\lib\\wine\\Artifacts\\APPLICATION.evtx","ExtraDataOffset":0,"HiddenRecord":false,"TimeCreated":"2024-05-15T05:36:38.9096470+00:00","RecordNumber":619}
{"ChunkNumber":6,"Computer":"DC01.forela.local","Payload":"{\"EventData\":{\"Data\":\"Service stopped\",\"Binary\":\"\"}}","Channel":"Application","Provider":"edgeupdate","EventId":0,"EventRecordId":"620","ProcessId":0,"ThreadId":0,"Level":"Info","Keywords":"0x80000000000000","SourceFile":"Z:\\usr\\lib\\wine\\Artifacts\\APPLICATION.evtx","ExtraDataOffset":0,"HiddenRecord":false,"TimeCreated":"2024-05-15T05:37:28.8200394+00:00","RecordNumber":620}
{"ExecutableInfo":"explorer.exe | \\C:\\ProgramData\\Microsoft\\Windows\\WER\\ReportArchive\\AppHang_explorer.exe","MapDescription":"Application Crash","ChunkNumber":6,"Computer":"DC01.forela.local","Payload":"{\"EventData\":{\"Data\":\"1448714414992242423, 5, AppHangB1, Not available, 0, explorer.exe, 10.0.20348.558, aac38ef2, baaa, 134217728, \\n\\\\\\\\?\\\\C:\\\\ProgramData\\\\Microsoft\\\\Windows\\\\WER\\\\Temp\\\\WER.80236430-44cf-4916-bfba-a1d4e9b5206d.tmp.WERInternalMetadata.xml, \\\\\\\\?\\\\C:\\\\ProgramData\\\\Microsoft\\\\Windows\\\\WER\\\\ReportArchive\\\\AppHang_explorer.exe_14a7c8eb37fcb9a43b2eb8e4f888efc511b812bc_9a67017a_d5cae3a1-e6ee-4c10-bd0f-a74325502147, 0, 1d9debdf-10e2-4be5-8b69-2e79c07655e5, 268435556, e16a4850296641c4141ade15b699b6f7, 0\",\"Binary\":\"\"}}","Channel":"Application","Provider":"Windows Error Reporting","EventId":1001,"EventRecordId":"621","ProcessId":0,"ThreadId":0,"Level":"Info","Keywords":"0x80000000000000","SourceFile":"Z:\\usr\\lib\\wine\\Artifacts\\APPLICATION.evtx","ExtraDataOffset":0,"HiddenRecord":false,"TimeCreated":"2024-05-15T05:38:20.0490840+00:00","RecordNumber":621}
{"ChunkNumber":6,"Computer":"DC01.forela.local","Payload":"{\"EventData\":{\"Data\":\"\",\"Binary\":\"2D-20-43-6F-64-65-3A-20-20-43-4F-52-53-56-43-43-30-30-30-30-30-37-37-38-2D-20-43-61-6C-6C-3A-20-20-43-4F-52-53-56-43-43-30-30-30-30-30-37-36-30-2D-20-50-49-44-3A-20-20-30-30-30-30-34-37-34-38-2D-20-54-49-44-3A-20-20-30-30-30-30-34-37-36-38-2D-20-43-4D-44-3A-20-20-43-3A-5C-57-69-6E-64-6F-77-73-5C-73-79-73-74-65-6D-33-32-5C-76-73-73-76-63-2E-65-78-65-20-20-20-2D-20-55-73-65-72-3A-20-4E-61-6D-65-3A-20-4E-54-20-41-55-54-48-4F-52-49-54-59-5C-53-59-53-54-45-4D-2C-20-53-49-44-3A-53-2D-31-2D-35-2D-31-38-20\"}}","Channel":"Application","Provider":"VSS","EventId":8224,"EventRecordId":"622","ProcessId":0,"ThreadId":0,"Level":"Info","Keywords":"0x80000000000000","SourceFile":"Z:\\usr\\lib\\wine\\Artifacts\\APPLICATION.evtx","ExtraDataOffset":0,"HiddenRecord":false,"TimeCreated":"2024-05-15T05:38:29.6740033+00:00","RecordNumber":622}
{"ChunkNumber":6,"Computer":"DC01.forela.local","Payload":"{\"EventData\":{\"Data\":\"Service stopped\",\"Binary\":\"\"}}","Channel":"Application","Provider":"edgeupdate","EventId":0,"EventRecordId":"623","ProcessId":0,"ThreadId":0,"Level":"Info","Keywords":"0x80000000000000","SourceFile":"Z:\\usr\\lib\\wine\\Artifacts\\APPLICATION.evtx","ExtraDataOffset":0,"HiddenRecord":false,"TimeCreated":"2024-05-15T05:39:05.0805099+00:00","RecordNumber":623}
{"ChunkNumber":6,"Computer":"DC01.forela.local","Payload":"{\"EventData\":{\"Data\":\"lsass, 764,G,0, 1\",\"Binary\":\"\"}}","Channel":"Application","Provider":"ESENT","EventId":2005,"EventRecordId":"624","ProcessId":0,"ThreadId":0,"Level":"Info","Keywords":"0x80000000000000","SourceFile":"Z:\\usr\\lib\\wine\\Artifacts\\APPLICATION.evtx","ExtraDataOffset":0,"HiddenRecord":false,"TimeCreated":"2024-05-15T05:39:55.8459243+00:00","RecordNumber":624}
{"ChunkNumber":6,"Computer":"DC01.forela.local","Payload":"{\"EventData\":{\"Data\":\"lsass, 764,G,0, 1\",\"Binary\":\"\"}}","Channel":"Application","Provider":"ESENT","EventId":2001,"EventRecordId":"625","ProcessId":0,"ThreadId":0,"Level":"Info","Keywords":"0x80000000000000","SourceFile":"Z:\\usr\\lib\\wine\\Artifacts\\APPLICATION.evtx","ExtraDataOffset":0,"HiddenRecord":false,"TimeCreated":"2024-05-15T05:39:55.8459243+00:00","RecordNumber":625}
{"ChunkNumber":7,"Computer":"DC01.forela.local","Payload":"{\"EventData\":{\"Data\":\"lsass, 764,G,0, 1\",\"Binary\":\"\"}}","Channel":"Application","Provider":"ESENT","EventId":2003,"EventRecordId":"626","ProcessId":0,"ThreadId":0,"Level":"Info","Keywords":"0x80000000000000","SourceFile":"Z:\\usr\\lib\\wine\\Artifacts\\APPLICATION.evtx","ExtraDataOffset":0,"HiddenRecord":false,"TimeCreated":"2024-05-15T05:39:56.0958586+00:00","RecordNumber":626}
{"ChunkNumber":7,"Computer":"DC01.forela.local","Payload":"{\"EventData\":{\"Data\":\"lsass, 764,G,0, 1\",\"Binary\":\"\"}}","Channel":"Application","Provider":"ESENT","EventId":2006,"EventRecordId":"627","ProcessId":0,"ThreadId":0,"Level":"Info","Keywords":"0x80000000000000","SourceFile":"Z:\\usr\\lib\\wine\\Artifacts\\APPLICATION.evtx","ExtraDataOffset":0,"HiddenRecord":false,"TimeCreated":"2024-05-15T05:39:56.0958586+00:00","RecordNumber":627}
{"ChunkNumber":7,"Computer":"DC01.forela.local","Payload":"{\"EventData\":{\"Data\":\"lsass, 764,P,98, 1, 10, 00, 20348, 0000\",\"Binary\":\"\"}}","Channel":"Application","Provider":"ESENT","EventId":102,"EventRecordId":"628","ProcessId":0,"ThreadId":0,"Level":"Info","Keywords":"0x80000000000000","SourceFile":"Z:\\usr\\lib\\wine\\Artifacts\\APPLICATION.evtx","ExtraDataOffset":0,"HiddenRecord":false,"TimeCreated":"2024-05-15T05:39:56.1583850+00:00","RecordNumber":628}
{"ChunkNumber":7,"Computer":"DC01.forela.local","Payload":"{\"EventData\":{\"Data\":\"lsass, 764,R,98\",\"Binary\":\"\"}}","Channel":"Application","Provider":"ESENT","EventId":300,"EventRecordId":"629","ProcessId":0,"ThreadId":0,"Level":"Info","Keywords":"0x80000000000000","SourceFile":"Z:\\usr\\lib\\wine\\Artifacts\\APPLICATION.evtx","ExtraDataOffset":0,"HiddenRecord":false,"TimeCreated":"2024-05-15T05:39:56.1583850+00:00","RecordNumber":629}
{"PayloadData1":"Database: C:\\Windows\\NTDS\\ntds.dit, \\\\?\\GLOBALROOT\\Device\\HarddiskVolumeShadowCopy1\\Windows\\NTDS\\ntds.dit","MapDescription":"NTDS database location change was detected","ChunkNumber":7,"Computer":"DC01.forela.local","Payload":"{\"EventData\":{\"Data\":\"lsass, 764,R,98, C:\\\\Windows\\\\NTDS\\\\ntds.dit, \\\\\\\\?\\\\GLOBALROOT\\\\Device\\\\HarddiskVolumeShadowCopy1\\\\Windows\\\\NTDS\\\\ntds.dit\",\"Binary\":\"\"}}","Channel":"Application","Provider":"ESENT","EventId":216,"EventRecordId":"630","ProcessId":0,"ThreadId":0,"Level":"Info","Keywords":"0x80000000000000","SourceFile":"Z:\\usr\\lib\\wine\\Artifacts\\APPLICATION.evtx","ExtraDataOffset":0,"HiddenRecord":false,"TimeCreated":"2024-05-15T05:39:56.1740710+00:00","RecordNumber":630}
{"PayloadData1":"Database: C:\\Windows\\NTDS\\ntds.dit, \\\\?\\GLOBALROOT\\Device\\HarddiskVolumeShadowCopy1\\Windows\\NTDS\\ntds.dit","MapDescription":"NTDS database location change was detected","ChunkNumber":7,"Computer":"DC01.forela.local","Payload":"{\"EventData\":{\"Data\":\"lsass, 764,R,98, C:\\\\Windows\\\\NTDS\\\\ntds.dit, \\\\\\\\?\\\\GLOBALROOT\\\\Device\\\\HarddiskVolumeShadowCopy1\\\\Windows\\\\NTDS\\\\ntds.dit\",\"Binary\":\"\"}}","Channel":"Application","Provider":"ESENT","EventId":216,"EventRecordId":"631","ProcessId":0,"ThreadId":0,"Level":"Info","Keywords":"0x80000000000000","SourceFile":"Z:\\usr\\lib\\wine\\Artifacts\\APPLICATION.evtx","ExtraDataOffset":0,"HiddenRecord":false,"TimeCreated":"2024-05-15T05:39:56.1899674+00:00","RecordNumber":631}
{"PayloadData1":"Database: C:\\Windows\\NTDS\\ntds.dit, \\\\?\\GLOBALROOT\\Device\\HarddiskVolumeShadowCopy1\\Windows\\NTDS\\ntds.dit","MapDescription":"NTDS database location change was detected","ChunkNumber":7,"Computer":"DC01.forela.local","Payload":"{\"EventData\":{\"Data\":\"lsass, 764,R,98, C:\\\\Windows\\\\NTDS\\\\ntds.dit, \\\\\\\\?\\\\GLOBALROOT\\\\Device\\\\HarddiskVolumeShadowCopy1\\\\Windows\\\\NTDS\\\\ntds.dit\",\"Binary\":\"\"}}","Channel":"Application","Provider":"ESENT","EventId":216,"EventRecordId":"632","ProcessId":0,"ThreadId":0,"Level":"Info","Keywords":"0x80000000000000","SourceFile":"Z:\\usr\\lib\\wine\\Artifacts\\APPLICATION.evtx","ExtraDataOffset":0,"HiddenRecord":false,"TimeCreated":"2024-05-15T05:39:56.1899674+00:00","RecordNumber":632}
{"PayloadData1":"Database: C:\\Windows\\NTDS\\ntds.dit, \\\\?\\GLOBALROOT\\Device\\HarddiskVolumeShadowCopy1\\Windows\\NTDS\\ntds.dit","MapDescription":"NTDS database location change was detected","ChunkNumber":7,"Computer":"DC01.forela.local","Payload":"{\"EventData\":{\"Data\":\"lsass, 764,R,98, C:\\\\Windows\\\\NTDS\\\\ntds.dit, \\\\\\\\?\\\\GLOBALROOT\\\\Device\\\\HarddiskVolumeShadowCopy1\\\\Windows\\\\NTDS\\\\ntds.dit\",\"Binary\":\"\"}}","Channel":"Application","Provider":"ESENT","EventId":216,"EventRecordId":"633","ProcessId":0,"ThreadId":0,"Level":"Info","Keywords":"0x80000000000000","SourceFile":"Z:\\usr\\lib\\wine\\Artifacts\\APPLICATION.evtx","ExtraDataOffset":0,"HiddenRecord":false,"TimeCreated":"2024-05-15T05:39:56.1899674+00:00","RecordNumber":633}
{"PayloadData1":"Database: C:\\Windows\\NTDS\\ntds.dit, \\\\?\\GLOBALROOT\\Device\\HarddiskVolumeShadowCopy1\\Windows\\NTDS\\ntds.dit","MapDescription":"NTDS database location change was detected","ChunkNumber":7,"Computer":"DC01.forela.local","Payload":"{\"EventData\":{\"Data\":\"lsass, 764,R,98, C:\\\\Windows\\\\NTDS\\\\ntds.dit, \\\\\\\\?\\\\GLOBALROOT\\\\Device\\\\HarddiskVolumeShadowCopy1\\\\Windows\\\\NTDS\\\\ntds.dit\",\"Binary\":\"\"}}","Channel":"Application","Provider":"ESENT","EventId":216,"EventRecordId":"634","ProcessId":0,"ThreadId":0,"Level":"Info","Keywords":"0x80000000000000","SourceFile":"Z:\\usr\\lib\\wine\\Artifacts\\APPLICATION.evtx","ExtraDataOffset":0,"HiddenRecord":false,"TimeCreated":"2024-05-15T05:39:56.1899674+00:00","RecordNumber":634}
{"PayloadData1":"Database: C:\\Windows\\NTDS\\ntds.dit, \\\\?\\GLOBALROOT\\Device\\HarddiskVolumeShadowCopy1\\Windows\\NTDS\\ntds.dit","MapDescription":"NTDS database location change was detected","ChunkNumber":7,"Computer":"DC01.forela.local","Payload":"{\"EventData\":{\"Data\":\"lsass, 764,R,98, C:\\\\Windows\\\\NTDS\\\\ntds.dit, \\\\\\\\?\\\\GLOBALROOT\\\\Device\\\\HarddiskVolumeShadowCopy1\\\\Windows\\\\NTDS\\\\ntds.dit\",\"Binary\":\"\"}}","Channel":"Application","Provider":"ESENT","EventId":216,"EventRecordId":"635","ProcessId":0,"ThreadId":0,"Level":"Info","Keywords":"0x80000000000000","SourceFile":"Z:\\usr\\lib\\wine\\Artifacts\\APPLICATION.evtx","ExtraDataOffset":0,"HiddenRecord":false,"TimeCreated":"2024-05-15T05:39:56.1899674+00:00","RecordNumber":635}
{"PayloadData1":"Database: C:\\Windows\\NTDS\\ntds.dit, \\\\?\\GLOBALROOT\\Device\\HarddiskVolumeShadowCopy1\\Windows\\NTDS\\ntds.dit","MapDescription":"NTDS database location change was detected","ChunkNumber":7,"Computer":"DC01.forela.local","Payload":"{\"EventData\":{\"Data\":\"lsass, 764,R,98, C:\\\\Windows\\\\NTDS\\\\ntds.dit, \\\\\\\\?\\\\GLOBALROOT\\\\Device\\\\HarddiskVolumeShadowCopy1\\\\Windows\\\\NTDS\\\\ntds.dit\",\"Binary\":\"\"}}","Channel":"Application","Provider":"ESENT","EventId":216,"EventRecordId":"636","ProcessId":0,"ThreadId":0,"Level":"Info","Keywords":"0x80000000000000","SourceFile":"Z:\\usr\\lib\\wine\\Artifacts\\APPLICATION.evtx","ExtraDataOffset":0,"HiddenRecord":false,"TimeCreated":"2024-05-15T05:39:56.1899674+00:00","RecordNumber":636}
{"ChunkNumber":7,"Computer":"DC01.forela.local","Payload":"{\"EventData\":{\"Data\":\"lsass, 764,R,98, \\\\\\\\?\\\\GLOBALROOT\\\\Device\\\\HarddiskVolumeShadowCopy1\\\\Windows\\\\NTDS\\\\ntds.dit, 0x22D8 (8920), 8920 (0x22d8), 9360 (0x2490)\",\"Binary\":\"\"}}","Channel":"Application","Provider":"ESENT","EventId":330,"EventRecordId":"637","ProcessId":0,"ThreadId":0,"Level":"Info","Keywords":"0x80000000000000","SourceFile":"Z:\\usr\\lib\\wine\\Artifacts\\APPLICATION.evtx","ExtraDataOffset":0,"HiddenRecord":false,"TimeCreated":"2024-05-15T05:39:56.2054925+00:00","RecordNumber":637}
{"ChunkNumber":7,"Computer":"DC01.forela.local","Payload":"{\"EventData\":{\"Data\":\"lsass, 764,R,98, \\\\\\\\?\\\\GLOBALROOT\\\\Device\\\\HarddiskVolumeShadowCopy1\\\\Windows\\\\NTDS\\\\edb.log, \\n[1] 0.034683 -0.001601 (10) CM -0.010675 (41) WT +J(CM:10, PgRf:24, Rd:0/10, Dy:10/38, Lg:5721645/58408) +M(C:0K, Fs:944, WS:260K # 188K, PF:136K # 108K, P:136K)., Insert   , 7314\",\"Binary\":\"\"}}","Channel":"Application","Provider":"ESENT","EventId":301,"EventRecordId":"638","ProcessId":0,"ThreadId":0,"Level":"Info","Keywords":"0x80000000000000","SourceFile":"Z:\\usr\\lib\\wine\\Artifacts\\APPLICATION.evtx","ExtraDataOffset":0,"HiddenRecord":false,"TimeCreated":"2024-05-15T05:39:56.2054925+00:00","RecordNumber":638}
{"ChunkNumber":7,"Computer":"DC01.forela.local","Payload":"{\"EventData\":{\"Data\":\"lsass, 764,U,98\",\"Binary\":\"\"}}","Channel":"Application","Provider":"ESENT","EventId":302,"EventRecordId":"639","ProcessId":0,"ThreadId":0,"Level":"Info","Keywords":"0x80000000000000","SourceFile":"Z:\\usr\\lib\\wine\\Artifacts\\APPLICATION.evtx","ExtraDataOffset":0,"HiddenRecord":false,"TimeCreated":"2024-05-15T05:39:56.2211428+00:00","RecordNumber":639}
{"ChunkNumber":7,"Computer":"DC01.forela.local","Payload":"{\"EventData\":{\"Data\":\"lsass, 764,D,0, 1, 0, \\n[1] -\\n[2] -\\n[3] 0.000012 +J(0) +M(C:0K, Fs:1, WS:4K # 0K, PF:0K # 0K, P:0K)\\n[4] 0.000895 -0.000394 (1) WT +J(0) +M(C:0K, Fs:23, WS:16K # 56K, PF:68K # 0K, P:68K)\\n[5] 0.000005 +J(0)\\n[6] 0.000529 +J(0) +M(C:0K, Fs:1, WS:4K # 0K, PF:12K # 0K, P:12K)\\n[7] 0.014000 -0.008733 (21) WT +J(0) +M(C:0K, Fs:2565, WS:10240K # 10176K, PF:10260K # 10028K, P:10260K)\\n[8] 0.037406 -0.001601 (10) CM -0.000001 (5) CB -0.011336 (45) WT +J(CM:10, PgRf:24, Rd:0/10, Dy:10/38, Lg:5721645/58408) +M(C:0K, Fs:1117, WS:872K # 872K, PF:660K # 704K, P:660K)\\n[9] 0.000188 +J(0)\\n[10] 0.010739 -0.000000 (1) CB -0.007182 (20) WT +J(0) +M(C:0K, Fs:2, WS:-10228K # 8K, PF:-10252K # 0K, P:-10252K)\\n[11] 0.000021 +J(CM:0, PgRf:0, Rd:0/0, Dy:0/0, Lg:49/1) +M(C:0K, Fs:1, WS:4K # 0K, PF:0K # 0K, P:0K)\\n[12] 0.002849 -0.002126 (3) WT +J(0) +M(C:-12K, Fs:4, WS:4K # 0K, PF:20K # 0K, P:20K)\\n[13] 0.021202 -0.000370 (2) CM -0.000001 (2) CB -0.011349 (42) WT +J(CM:2, PgRf:2, Rd:0/2, Dy:0/0, Lg:8759/5) +M(C:-8K, Fs:2579, WS:-540K # 0K, PF:-560K # 0K, P:-560K)\\n[14] 0.000010 +J(0)\\n[15] 0.000006 +J(0)\\n[16] 0.000427 -0.000130 (1) WT +J(0) +M(C:0K, Fs:2, WS:0K # 0K, PF:0K # 0K, P:0K)., lgposV2[] = 00000002:0001:0000 - 00000002:058B:03F9 - 00000002:058C:0000 - 00000002:058C:0000 (00000000:0000:0000)\\ncReInits = 6\\n\",\"Binary\":\"\"}}","Channel":"Application","Provider":"ESENT","EventId":105,"EventRecordId":"640","ProcessId":0,"ThreadId":0,"Level":"Info","Keywords":"0x80000000000000","SourceFile":"Z:\\usr\\lib\\wine\\Artifacts\\APPLICATION.evtx","ExtraDataOffset":0,"HiddenRecord":false,"TimeCreated":"2024-05-15T05:39:56.2211428+00:00","RecordNumber":640}
