{"PayloadData1":"Name, Version, Lang, Status, Manufacturer: Microsoft Visual C++ 2019 X64 Additional Runtime - 14.28.29913, 14.28.29913, 1033, 0, Microsoft Corporation, (NULL)","MapDescription":"A program was installed","ChunkNumber":0,"Computer":"WIN-D7MHOC9OLC8","Payload":"{\"EventData\":{\"Data\":\"Microsoft Visual C++ 2019 X64 Additional Runtime - 14.28.29913, 14.28.29913, 1033, 0, Microsoft Corporation, (NULL)\",\"Binary\":\"7B-36-32-30-41-37-36-33-33-2D-37-41-30-39-2D-34-32-41-38-2D-38-35-38-30-2D-30-37-36-41-34-34-38-33-43-34-42-30-7D-30-30-30-30-63-32-37-63-39-66-61-31-39-62-33-31-38-65-32-66-32-39-34-61-34-65-65-30-39-33-33-34-38-34-39-64-30-30-30-30-30-39-30-34\"}}","UserId":"S-1-5-21-3239415629-1862073780-2394361899-500","Channel":"Application","Provider":"MsiInstaller","EventId":1033,"EventRecordId":"76","ProcessId":0,"ThreadId":0,"Level":"Info","Keywords":"0x80000000000000","SourceFile":"Z:\\usr\\lib\\wine\\Artifacts\\APPLICATION.evtx","ExtraDataOffset":0,"HiddenRecord":false,"TimeCreated":"2023-03-07T19:46:42.8355845+00:00","RecordNumber":76}
{"ExecutableInfo":"C:\\ProgramData\\Package Cache\\{620A7633-7A09-42A8-8580-076A4483C4B0}v14.28.29913\\packages\\vcRuntimeAdditional_amd64\\vc_runtimeAdditional_x64.msi","MapDescription":"Installer Exited","ChunkNumber":0,"Computer":"WIN-D7MHOC9OLC8","Payload":"{\"EventData\":{\"Data\":\"C:\\\\ProgramData\\\\Package Cache\\\\{620A7633-7A09-42A8-8580-076A4483C4B0}v14.28.29913\\\\packages\\\\vcRuntimeAdditional_amd64\\\\vc_runtimeAdditional_x64.msi, 6500, (NULL), (NULL), (NULL), (NULL)\",\"Binary\":\"\"}}","UserId":"S-1-5-18","Channel":"Application","Provider":"MsiInstaller","EventId":1042,"EventRecordId":"77","ProcessId":0,"ThreadId":0,"Level":"Info","Keywords":"0x80000000000000","SourceFile":"Z:\\usr\\lib\\wine\\Artifacts\\APPLICATION.evtx","ExtraDataOffset":0,"HiddenRecord":false,"TimeCreated":"2023-03-07T19:46:42.8355845+00:00","RecordNumber":77}
{"ChunkNumber":0,"Computer":"WIN-D7MHOC9OLC8","Payload":"{\"UserData\":{\"RmSessionEvent\":{\"RmSessionId\":\"0\",\"UTCStartTime\":\"2023-03-07 19:46:42.3510879\"}}}","UserId":"S-1-5-21-3239415629-1862073780-2394361899-500","Channel":"Application","Provider":"Microsoft-Windows-RestartManager","EventId":10000,"EventRecordId":"78","ProcessId":7128,"ThreadId":5448,"Level":"Info","Keywords":"Classic","SourceFile":"Z:\\usr\\lib\\wine\\Artifacts\\APPLICATION.evtx","ExtraDataOffset":0,"HiddenRecord":false,"TimeCreated":"2023-03-07T19:46:42.3612823+00:00","RecordNumber":78}
{"ChunkNumber":0,"Computer":"WIN-D7MHOC9OLC8","Payload":"{\"UserData\":{\"RmSessionEvent\":{\"RmSessionId\":\"0\",\"UTCStartTime\":\"2023-03-07 19:46:42.3510879\"}}}","UserId":"S-1-5-21-3239415629-1862073780-2394361899-500","Channel":"Application","Provider":"Microsoft-Windows-RestartManager","EventId":10001,"EventRecordId":"79","ProcessId":7128,"ThreadId":7156,"Level":"Info","Keywords":"Classic","SourceFile":"Z:\\usr\\lib\\wine\\Artifacts\\APPLICATION.evtx","ExtraDataOffset":0,"HiddenRecord":false,"TimeCreated":"2023-03-07T19:46:42.5636755+00:00","RecordNumber":79}
{"ChunkNumber":0,"Computer":"WIN-D7MHOC9OLC8","Payload":"{\"UserData\":{\"RmSessionEvent\":{\"RmSessionId\":\"0\",\"UTCStartTime\":\"2023-03-07 19:46:42.5855969\"}}}","UserId":"S-1-5-21-3239415629-1862073780-2394361899-500","Channel":"Application","Provider":"Microsoft-Windows-RestartManager","EventId":10000,"EventRecordId":"80","ProcessId":7128,"ThreadId":6564,"Level":"Info","Keywords":"Classic","SourceFile":"Z:\\usr\\lib\\wine\\Artifacts\\APPLICATION.evtx","ExtraDataOffset":0,"HiddenRecord":false,"TimeCreated":"2023-03-07T19:46:42.5920420+00:00","RecordNumber":80}
{"ChunkNumber":0,"Computer":"WIN-D7MHOC9OLC8","Payload":"{\"UserData\":{\"RmSessionEvent\":{\"RmSessionId\":\"0\",\"UTCStartTime\":\"2023-03-07 19:46:42.5855969\"}}}","UserId":"S-1-5-21-3239415629-1862073780-2394361899-500","Channel":"Application","Provider":"Microsoft-Windows-RestartManager","EventId":10001,"EventRecordId":"81","ProcessId":7128,"ThreadId":7156,"Level":"Info","Keywords":"Classic","SourceFile":"Z:\\usr\\lib\\wine\\Artifacts\\APPLICATION.evtx","ExtraDataOffset":0,"HiddenRecord":false,"TimeCreated":"2023-03-07T19:46:42.8459260+00:00","RecordNumber":81}
{"ChunkNumber":0,"Computer":"WIN-D7MHOC9OLC8","Payload":"{\"EventData\":{\"Data\":\"CN=VeriSign Class 3 Public Primary Certification Authority - G5, OU=\\\"(c) 2006 VeriSign, Inc. - For authorized use only\\\", OU=VeriSign Trust Network, O=\\\"VeriSign, Inc.\\\", C=US, 4EB6D578499B1CCF5F581EAD56BE3D9B6744A5E5\",\"Binary\":\"\"}}","Channel":"Application","Provider":"Microsoft-Windows-CAPI2","EventId":4097,"EventRecordId":"82","ProcessId":2700,"ThreadId":2304,"Level":"Info","Keywords":"Audit success, classic","SourceFile":"Z:\\usr\\lib\\wine\\Artifacts\\APPLICATION.evtx","ExtraDataOffset":0,"HiddenRecord":false,"TimeCreated":"2023-03-07T19:46:45.1168304+00:00","RecordNumber":82}
{"ChunkNumber":0,"Computer":"WIN-D7MHOC9OLC8","Payload":"{\"EventData\":{\"Data\":\"2023-03-08T19:46:02Z, TBL\",\"Binary\":\"\"}}","Channel":"Application","Provider":"Microsoft-Windows-Security-SPP","EventId":16384,"EventRecordId":"83","ProcessId":0,"ThreadId":0,"Level":"Info","Keywords":"0x80000000000000","SourceFile":"Z:\\usr\\lib\\wine\\Artifacts\\APPLICATION.evtx","ExtraDataOffset":0,"HiddenRecord":false,"TimeCreated":"2023-03-07T19:47:02.8206473+00:00","RecordNumber":83}
{"ChunkNumber":0,"Computer":"WIN-D7MHOC9OLC8","Payload":"{\"EventData\":{\"Data\":\"\",\"Binary\":\"\"}}","Channel":"Application","Provider":"Microsoft-Windows-Security-SPP","EventId":903,"EventRecordId":"84","ProcessId":0,"ThreadId":0,"Level":"LogAlways","Keywords":"0x80000000000000","SourceFile":"Z:\\usr\\lib\\wine\\Artifacts\\APPLICATION.evtx","ExtraDataOffset":0,"HiddenRecord":false,"TimeCreated":"2023-03-07T19:47:02.8361531+00:00","RecordNumber":84}
{"ChunkNumber":0,"Computer":"WIN-D7MHOC9OLC8","Payload":"{\"EventData\":{\"Data\":\"CN=Baltimore CyberTrust Root, OU=CyberTrust, O=Baltimore, C=IE, D4DE20D05E66FC53FE1A50882C78DB2852CAE474\",\"Binary\":\"\"}}","Channel":"Application","Provider":"Microsoft-Windows-CAPI2","EventId":4097,"EventRecordId":"85","ProcessId":2700,"ThreadId":2304,"Level":"Info","Keywords":"Audit success, classic","SourceFile":"Z:\\usr\\lib\\wine\\Artifacts\\APPLICATION.evtx","ExtraDataOffset":0,"HiddenRecord":false,"TimeCreated":"2023-03-07T19:47:09.2428646+00:00","RecordNumber":85}
{"ExecutableInfo":"C:\\Program Files\\Common Files\\VMware\\InstallerCache\\{1FF5D624-5515-4343-837A-E54C101573E6}.msi","MapDescription":"Installer Started","ChunkNumber":0,"Computer":"WIN-D7MHOC9OLC8","Payload":"{\"EventData\":{\"Data\":\"C:\\\\Program Files\\\\Common Files\\\\VMware\\\\InstallerCache\\\\{1FF5D624-5515-4343-837A-E54C101573E6}.msi, 6948, (NULL), (NULL), (NULL), (NULL)\",\"Binary\":\"\"}}","UserId":"S-1-5-21-3239415629-1862073780-2394361899-500","Channel":"Application","Provider":"MsiInstaller","EventId":1040,"EventRecordId":"86","ProcessId":0,"ThreadId":0,"Level":"Info","Keywords":"0x80000000000000","SourceFile":"Z:\\usr\\lib\\wine\\Artifacts\\APPLICATION.evtx","ExtraDataOffset":0,"HiddenRecord":false,"TimeCreated":"2023-03-07T19:47:14.1803608+00:00","RecordNumber":86}
{"ChunkNumber":0,"Computer":"WIN-D7MHOC9OLC8","Payload":"{\"EventData\":{\"Data\":\"\",\"Binary\":\"\"}}","Channel":"Application","Provider":"VMTools","EventId":105,"EventRecordId":"87","ProcessId":0,"ThreadId":0,"Level":"Info","Keywords":"0x80000000000000","SourceFile":"Z:\\usr\\lib\\wine\\Artifacts\\APPLICATION.evtx","ExtraDataOffset":0,"HiddenRecord":false,"TimeCreated":"2023-03-07T19:47:23.1021040+00:00","RecordNumber":87}
{"ChunkNumber":0,"Computer":"WIN-D7MHOC9OLC8","Payload":"{\"EventData\":{\"Data\":[{\"@Name\":\"param1\",\"#text\":\"86400\"},{\"@Name\":\"param2\",\"#text\":\"SuppressDuplicateDuration\"},{\"@Name\":\"param3\",\"#text\":\"Software\\\\Microsoft\\\\COM3\\\\Eventlog\"}]}}","Channel":"Application","Provider":"Microsoft-Windows-Complus","EventId":781,"EventRecordId":"88","ProcessId":0,"ThreadId":0,"Level":"Info","Keywords":"0x80000000000000","SourceFile":"Z:\\usr\\lib\\wine\\Artifacts\\APPLICATION.evtx","ExtraDataOffset":0,"HiddenRecord":false,"TimeCreated":"2023-03-07T19:47:23.7585137+00:00","RecordNumber":88}
{"ChunkNumber":0,"Computer":"WIN-D7MHOC9OLC8","Payload":"{\"EventData\":{\"Data\":\"VMware Tools, 11.3.5.18557794, 1033, 1, 2, VMware, Inc.\",\"Binary\":\"7B-31-46-46-35-44-36-32-34-2D-35-35-31-35-2D-34-33-34-33-2D-38-33-37-41-2D-45-35-34-43-31-30-31-35-37-33-45-36-7D-30-30-30-30-38-64-66-36-35-33-37-33-64-30-38-38-33-34-61-33-30-36-35-31-31-62-34-32-37-38-66-37-39-30-31-66-30-30-30-30-30-39-30-34\"}}","UserId":"S-1-5-21-3239415629-1862073780-2394361899-500","Channel":"Application","Provider":"MsiInstaller","EventId":1038,"EventRecordId":"89","ProcessId":0,"ThreadId":0,"Level":"Info","Keywords":"0x80000000000000","SourceFile":"Z:\\usr\\lib\\wine\\Artifacts\\APPLICATION.evtx","ExtraDataOffset":0,"HiddenRecord":false,"TimeCreated":"2023-03-07T19:47:26.0083183+00:00","RecordNumber":89}
{"ExecutableInfo":"C:\\Program Files\\Common Files\\VMware\\InstallerCache\\{1FF5D624-5515-4343-837A-E54C101573E6}.msi","MapDescription":"Installer Exited","ChunkNumber":0,"Computer":"WIN-D7MHOC9OLC8","Payload":"{\"EventData\":{\"Data\":\"C:\\\\Program Files\\\\Common Files\\\\VMware\\\\InstallerCache\\\\{1FF5D624-5515-4343-837A-E54C101573E6}.msi, 6948, (NULL), (NULL), (NULL), (NULL)\",\"Binary\":\"\"}}","UserId":"S-1-5-18","Channel":"Application","Provider":"MsiInstaller","EventId":1042,"EventRecordId":"90","ProcessId":0,"ThreadId":0,"Level":"Info","Keywords":"0x80000000000000","SourceFile":"Z:\\usr\\lib\\wine\\Artifacts\\APPLICATION.evtx","ExtraDataOffset":0,"HiddenRecord":false,"TimeCreated":"2023-03-07T19:47:26.0240344+00:00","RecordNumber":90}
{"PayloadData1":"Product: VMware Tools -- Installation completed successfully., (NULL), (NULL), (NULL), (NULL), (NULL)","MapDescription":"Installation completed successfully","ChunkNumber":0,"Computer":"WIN-D7MHOC9OLC8","Payload":"{\"EventData\":{\"Data\":\"Product: VMware Tools -- Installation completed successfully., (NULL), (NULL), (NULL), (NULL), (NULL)\",\"Binary\":\"7B-31-46-46-35-44-36-32-34-2D-35-35-31-35-2D-34-33-34-33-2D-38-33-37-41-2D-45-35-34-43-31-30-31-35-37-33-45-36-7D\"}}","UserId":"S-1-5-21-3239415629-1862073780-2394361899-500","Channel":"Application","Provider":"MsiInstaller","EventId":11707,"EventRecordId":"91","ProcessId":0,"ThreadId":0,"Level":"Info","Keywords":"0x80000000000000","SourceFile":"Z:\\usr\\lib\\wine\\Artifacts\\APPLICATION.evtx","ExtraDataOffset":0,"HiddenRecord":false,"TimeCreated":"2023-03-07T19:48:23.7900759+00:00","RecordNumber":91}
{"PayloadData1":"Name, Version, Lang, Status, Manufacturer: VMware Tools, 11.3.5.18557794, 1033, 0, VMware, Inc., (NULL)","MapDescription":"A program was installed","ChunkNumber":0,"Computer":"WIN-D7MHOC9OLC8","Payload":"{\"EventData\":{\"Data\":\"VMware Tools, 11.3.5.18557794, 1033, 0, VMware, Inc., (NULL)\",\"Binary\":\"7B-31-46-46-35-44-36-32-34-2D-35-35-31-35-2D-34-33-34-33-2D-38-33-37-41-2D-45-35-34-43-31-30-31-35-37-33-45-36-7D-30-30-30-30-38-64-66-36-35-33-37-33-64-30-38-38-33-34-61-33-30-36-35-31-31-62-34-32-37-38-66-37-39-30-31-66-30-30-30-30-30-39-30-34\"}}","UserId":"S-1-5-21-3239415629-1862073780-2394361899-500","Channel":"Application","Provider":"MsiInstaller","EventId":1033,"EventRecordId":"92","ProcessId":0,"ThreadId":0,"Level":"Info","Keywords":"0x80000000000000","SourceFile":"Z:\\usr\\lib\\wine\\Artifacts\\APPLICATION.evtx","ExtraDataOffset":0,"HiddenRecord":false,"TimeCreated":"2023-03-07T19:48:23.7900759+00:00","RecordNumber":92}
{"ChunkNumber":0,"Computer":"WIN-D7MHOC9OLC8","Payload":"{\"EventData\":{\"Data\":\"VMware Tools, 11.3.5.18557794, 1033, 1, 0, VMware, Inc.\",\"Binary\":\"7B-31-46-46-35-44-36-32-34-2D-35-35-31-35-2D-34-33-34-33-2D-38-33-37-41-2D-45-35-34-43-31-30-31-35-37-33-45-36-7D-30-30-30-30-38-64-66-36-35-33-37-33-64-30-38-38-33-34-61-33-30-36-35-31-31-62-34-32-37-38-66-37-39-30-31-66-30-30-30-30-30-39-30-34\"}}","UserId":"S-1-5-21-3239415629-1862073780-2394361899-500","Channel":"Application","Provider":"MsiInstaller","EventId":1038,"EventRecordId":"93","ProcessId":0,"ThreadId":0,"Level":"Info","Keywords":"0x80000000000000","SourceFile":"Z:\\usr\\lib\\wine\\Artifacts\\APPLICATION.evtx","ExtraDataOffset":0,"HiddenRecord":false,"TimeCreated":"2023-03-07T19:48:23.7900759+00:00","RecordNumber":93}
{"ChunkNumber":0,"Computer":"WIN-D7MHOC9OLC8","Payload":"{\"EventData\":{\"Data\":\"VMware Tools, (NULL), (NULL), (NULL), (NULL), (NULL)\",\"Binary\":\"7B-31-46-46-35-44-36-32-34-2D-35-35-31-35-2D-34-33-34-33-2D-38-33-37-41-2D-45-35-34-43-31-30-31-35-37-33-45-36-7D\"}}","UserId":"S-1-5-21-3239415629-1862073780-2394361899-500","Channel":"Application","Provider":"MsiInstaller","EventId":1005,"EventRecordId":"94","ProcessId":0,"ThreadId":0,"Level":"Info","Keywords":"0x80000000000000","SourceFile":"Z:\\usr\\lib\\wine\\Artifacts\\APPLICATION.evtx","ExtraDataOffset":0,"HiddenRecord":false,"TimeCreated":"2023-03-07T19:48:23.7900759+00:00","RecordNumber":94}
{"ChunkNumber":0,"Computer":"WIN-D7MHOC9OLC8","Payload":"{\"EventData\":{\"Data\":\"WSearch\",\"Binary\":\"D9-06-00-00\"}}","Channel":"Application","Provider":"Microsoft-Windows-Winlogon","EventId":6000,"EventRecordId":"95","ProcessId":0,"ThreadId":0,"Level":"Info","Keywords":"0x80000000000000","SourceFile":"Z:\\usr\\lib\\wine\\Artifacts\\APPLICATION.evtx","ExtraDataOffset":0,"HiddenRecord":false,"TimeCreated":"2023-03-07T19:48:24.7274235+00:00","RecordNumber":95}
{"ChunkNumber":0,"Computer":"WIN-D7MHOC9OLC8","Payload":"{\"EventData\":{\"Data\":\"SessionEnv\",\"Binary\":\"D9-06-00-00\"}}","Channel":"Application","Provider":"Microsoft-Windows-Winlogon","EventId":6000,"EventRecordId":"96","ProcessId":0,"ThreadId":0,"Level":"Info","Keywords":"0x80000000000000","SourceFile":"Z:\\usr\\lib\\wine\\Artifacts\\APPLICATION.evtx","ExtraDataOffset":0,"HiddenRecord":false,"TimeCreated":"2023-03-07T19:48:24.7430255+00:00","RecordNumber":96}
{"ChunkNumber":0,"Computer":"WIN-D7MHOC9OLC8","Payload":"{\"EventData\":{\"Data\":\"\",\"Binary\":\"\"}}","Channel":"Application","Provider":"VMUpgradeHelper","EventId":260,"EventRecordId":"97","ProcessId":0,"ThreadId":0,"Level":"Info","Keywords":"0x80000000000000","SourceFile":"Z:\\usr\\lib\\wine\\Artifacts\\APPLICATION.evtx","ExtraDataOffset":0,"HiddenRecord":false,"TimeCreated":"2023-03-07T19:48:24.8524348+00:00","RecordNumber":97}
{"ChunkNumber":0,"Computer":"WIN-D7MHOC9OLC8","Payload":"{\"EventData\":{\"Data\":\"\",\"Binary\":\"\"}}","Channel":"Application","Provider":"VMUpgradeHelper","EventId":272,"EventRecordId":"98","ProcessId":0,"ThreadId":0,"Level":"Info","Keywords":"0x80000000000000","SourceFile":"Z:\\usr\\lib\\wine\\Artifacts\\APPLICATION.evtx","ExtraDataOffset":0,"HiddenRecord":false,"TimeCreated":"2023-03-07T19:48:24.8524348+00:00","RecordNumber":98}
{"ChunkNumber":0,"Computer":"WIN-D7MHOC9OLC8","Payload":"{\"EventData\":{\"Data\":\"\",\"Binary\":\"\"}}","Channel":"Application","Provider":"VMTools","EventId":108,"EventRecordId":"99","ProcessId":0,"ThreadId":0,"Level":"Info","Keywords":"0x80000000000000","SourceFile":"Z:\\usr\\lib\\wine\\Artifacts\\APPLICATION.evtx","ExtraDataOffset":0,"HiddenRecord":false,"TimeCreated":"2023-03-07T19:48:24.8708364+00:00","RecordNumber":99}
{"ChunkNumber":0,"Computer":"WIN-D7MHOC9OLC8","Payload":"{\"EventData\":{\"Binary\":\"4D-00-53-00-44-00-54-00-43-00\"}}","Channel":"Application","Provider":"Microsoft-Windows-MSDTC","EventId":4111,"EventRecordId":"100","ProcessId":0,"ThreadId":0,"Level":"Info","Keywords":"0x80000000000000","SourceFile":"Z:\\usr\\lib\\wine\\Artifacts\\APPLICATION.evtx","ExtraDataOffset":0,"HiddenRecord":false,"TimeCreated":"2023-03-07T19:48:25.9461792+00:00","RecordNumber":100}
{"ChunkNumber":0,"Computer":"WIN-D7MHOC9OLC8","Payload":"{\"EventData\":\"\"}","UserId":"S-1-5-18","Channel":"Application","Provider":"Microsoft-Windows-User Profiles Service","EventId":1532,"EventRecordId":"101","ProcessId":2124,"ThreadId":2192,"Level":"Info","Keywords":"Classic","SourceFile":"Z:\\usr\\lib\\wine\\Artifacts\\APPLICATION.evtx","ExtraDataOffset":0,"HiddenRecord":false,"TimeCreated":"2023-03-07T19:48:25.9652604+00:00","RecordNumber":101}
{"ChunkNumber":0,"Computer":"WIN-D7MHOC9OLC8","Payload":"{\"EventData\":{\"Data\":\"\",\"Binary\":\"\"}}","Channel":"Application","Provider":"VMTools","EventId":105,"EventRecordId":"102","ProcessId":0,"ThreadId":0,"Level":"Info","Keywords":"0x80000000000000","SourceFile":"Z:\\usr\\lib\\wine\\Artifacts\\APPLICATION.evtx","ExtraDataOffset":0,"HiddenRecord":false,"TimeCreated":"2023-03-07T19:48:42.4508055+00:00","RecordNumber":102}
{"ChunkNumber":0,"Computer":"WIN-D7MHOC9OLC8","Payload":"{\"EventData\":{\"Data\":\"TriggerStarted:6\",\"Binary\":\"\"}}","Channel":"Application","Provider":"Microsoft-Windows-Security-SPP","EventId":900,"EventRecordId":"103","ProcessId":0,"ThreadId":0,"Level":"Info","Keywords":"0x80000000000000","SourceFile":"Z:\\usr\\lib\\wine\\Artifacts\\APPLICATION.evtx","ExtraDataOffset":0,"HiddenRecord":false,"TimeCreated":"2023-03-07T19:48:42.4820083+00:00","RecordNumber":103}
{"ChunkNumber":0,"Computer":"WIN-D7MHOC9OLC8","Payload":"{\"EventData\":{\"Data\":\"\",\"Binary\":\"\"}}","Channel":"Application","Provider":"Microsoft-Windows-Security-SPP","EventId":16394,"EventRecordId":"104","ProcessId":0,"ThreadId":0,"Level":"Info","Keywords":"0x80000000000000","SourceFile":"Z:\\usr\\lib\\wine\\Artifacts\\APPLICATION.evtx","ExtraDataOffset":0,"HiddenRecord":false,"TimeCreated":"2023-03-07T19:48:42.5759582+00:00","RecordNumber":104}
{"ChunkNumber":0,"Computer":"WIN-D7MHOC9OLC8","Payload":"{\"EventData\":{\"Data\":\"C:\\\\Windows\\\\system32\\\\sppwinob.dll, msft:spp/windowsfunctionality/agent/7.0, 0x00000000, 0x00000000\\nC:\\\\Windows\\\\system32\\\\sppobjs.dll, msft:rm/algorithm/inherited/1.0, 0x00000000, 0x00000000\\nC:\\\\Windows\\\\system32\\\\sppobjs.dll, msft:rm/algorithm/phone/1.0, 0x00000000, 0x00000000\\nC:\\\\Windows\\\\system32\\\\sppobjs.dll, msft:rm/algorithm/pkey/detect, 0x00000000, 0x00000000\\nC:\\\\Windows\\\\system32\\\\sppobjs.dll, msft:spp/ActionScheduler/1.0, 0x00000000, 0x00000000\\nC:\\\\Windows\\\\system32\\\\sppobjs.dll, msft:spp/TaskScheduler/1.0, 0x00000000, 0x00000000\\nC:\\\\Windows\\\\system32\\\\sppobjs.dll, msft:spp/statecollector/pkey, 0x00000000, 0x00000000\\nC:\\\\Windows\\\\system32\\\\sppobjs.dll, msft:spp/volume/services/kms/1.0, 0x00000000, 0x00000000\\nC:\\\\Windows\\\\system32\\\\sppobjs.dll, msft:spp/volume/services/kms/activationinfo/1.0, 0x00000000, 0x00000000\\n\",\"Binary\":\"\"}}","Channel":"Application","Provider":"Microsoft-Windows-Security-SPP","EventId":1066,"EventRecordId":"105","ProcessId":0,"ThreadId":0,"Level":"Info","Keywords":"0x80000000000000","SourceFile":"Z:\\usr\\lib\\wine\\Artifacts\\APPLICATION.evtx","ExtraDataOffset":0,"HiddenRecord":false,"TimeCreated":"2023-03-07T19:48:42.6384264+00:00","RecordNumber":105}
{"ChunkNumber":0,"Computer":"WIN-D7MHOC9OLC8","Payload":"{\"EventData\":{\"Data\":[{\"@Name\":\"param1\",\"#text\":\"86400\"},{\"@Name\":\"param2\",\"#text\":\"SuppressDuplicateDuration\"},{\"@Name\":\"param3\",\"#text\":\"Software\\\\Microsoft\\\\COM3\\\\Eventlog\"}]}}","Channel":"Application","Provider":"Microsoft-Windows-Complus","EventId":781,"EventRecordId":"106","ProcessId":0,"ThreadId":0,"Level":"Info","Keywords":"0x80000000000000","SourceFile":"Z:\\usr\\lib\\wine\\Artifacts\\APPLICATION.evtx","ExtraDataOffset":0,"HiddenRecord":false,"TimeCreated":"2023-03-07T19:48:42.7476962+00:00","RecordNumber":106}
{"ChunkNumber":0,"Computer":"WIN-D7MHOC9OLC8","Payload":"{\"EventData\":{\"Data\":\"55c92734-d682-4d71-983e-d6ec3f16059f, \\n1: c1a197b6-ba5e-4394-b9bf-b659a6c1b873, 1, 1 [(0 [0x00000000, 1, 0], [(?)( 1 0x00000000)(?)( 2 0x00000000 0 0 msft:rm/algorithm/hwid/4.0 0x00000000 0)(?)( 9 0x00000000 180 259198)( 10 0x00000000 msft:rm/algorithm/flags/1.0)(?)])(1 )(2 )(3 )]\\n\\n\",\"Binary\":\"\"}}","Channel":"Application","Provider":"Microsoft-Windows-Security-SPP","EventId":1003,"EventRecordId":"107","ProcessId":0,"ThreadId":0,"Level":"Info","Keywords":"0x80000000000000","SourceFile":"Z:\\usr\\lib\\wine\\Artifacts\\APPLICATION.evtx","ExtraDataOffset":0,"HiddenRecord":false,"TimeCreated":"2023-03-07T19:48:42.7632650+00:00","RecordNumber":107}
{"ChunkNumber":0,"Computer":"WIN-D7MHOC9OLC8","Payload":"{\"EventData\":{\"Data\":\"validity, 259198\",\"Binary\":\"\"}}","Channel":"Application","Provider":"Microsoft-Windows-Security-SPP","EventId":1037,"EventRecordId":"108","ProcessId":0,"ThreadId":0,"Level":"Info","Keywords":"0x80000000000000","SourceFile":"Z:\\usr\\lib\\wine\\Artifacts\\APPLICATION.evtx","ExtraDataOffset":0,"HiddenRecord":false,"TimeCreated":"2023-03-07T19:48:42.7632650+00:00","RecordNumber":108}
{"ChunkNumber":0,"Computer":"WIN-D7MHOC9OLC8","Payload":"{\"EventData\":{\"Data\":\"Service stopped\",\"Binary\":\"\"}}","Channel":"Application","Provider":"edgeupdate","EventId":0,"EventRecordId":"109","ProcessId":0,"ThreadId":0,"Level":"Info","Keywords":"0x80000000000000","SourceFile":"Z:\\usr\\lib\\wine\\Artifacts\\APPLICATION.evtx","ExtraDataOffset":0,"HiddenRecord":false,"TimeCreated":"2023-03-07T19:48:42.7789871+00:00","RecordNumber":109}
{"ChunkNumber":0,"Computer":"WIN-D7MHOC9OLC8","Payload":"{\"EventData\":{\"Data\":\"10.0.20348.587\",\"Binary\":\"\"}}","Channel":"Application","Provider":"Microsoft-Windows-Security-SPP","EventId":902,"EventRecordId":"110","ProcessId":0,"ThreadId":0,"Level":"LogAlways","Keywords":"0x80000000000000","SourceFile":"Z:\\usr\\lib\\wine\\Artifacts\\APPLICATION.evtx","ExtraDataOffset":0,"HiddenRecord":false,"TimeCreated":"2023-03-07T19:48:42.7789871+00:00","RecordNumber":110}
{"ChunkNumber":0,"Computer":"WIN-D7MHOC9OLC8","Payload":"{\"EventData\":\"\"}","UserId":"S-1-5-18","Channel":"Application","Provider":"Microsoft-Windows-User Profiles Service","EventId":1531,"EventRecordId":"111","ProcessId":1532,"ThreadId":1660,"Level":"Info","Keywords":"Classic","SourceFile":"Z:\\usr\\lib\\wine\\Artifacts\\APPLICATION.evtx","ExtraDataOffset":0,"HiddenRecord":false,"TimeCreated":"2023-03-07T19:48:42.2003311+00:00","RecordNumber":111}
{"ChunkNumber":0,"Computer":"WIN-D7MHOC9OLC8","Payload":"{\"EventData\":\"\"}","UserId":"S-1-5-18","Channel":"Application","Provider":"Microsoft-Windows-WMI","EventId":5615,"EventRecordId":"112","ProcessId":2684,"ThreadId":2952,"Level":"Info","Keywords":"Classic","SourceFile":"Z:\\usr\\lib\\wine\\Artifacts\\APPLICATION.evtx","ExtraDataOffset":0,"HiddenRecord":false,"TimeCreated":"2023-03-07T19:48:42.4504520+00:00","RecordNumber":112}
{"ChunkNumber":0,"Computer":"WIN-D7MHOC9OLC8","Payload":"{\"EventData\":\"\"}","UserId":"S-1-5-18","Channel":"Application","Provider":"Microsoft-Windows-WMI","EventId":5617,"EventRecordId":"113","ProcessId":2684,"ThreadId":2180,"Level":"Info","Keywords":"Classic","SourceFile":"Z:\\usr\\lib\\wine\\Artifacts\\APPLICATION.evtx","ExtraDataOffset":0,"HiddenRecord":false,"TimeCreated":"2023-03-07T19:48:42.7260766+00:00","RecordNumber":113}
{"ChunkNumber":0,"Computer":"WIN-D7MHOC9OLC8","Payload":"{\"EventData\":{\"Data\":\"\",\"Binary\":\"\"}}","Channel":"Application","Provider":"VMUpgradeHelper","EventId":258,"EventRecordId":"114","ProcessId":0,"ThreadId":0,"Level":"Info","Keywords":"0x80000000000000","SourceFile":"Z:\\usr\\lib\\wine\\Artifacts\\APPLICATION.evtx","ExtraDataOffset":0,"HiddenRecord":false,"TimeCreated":"2023-03-07T19:48:42.8570298+00:00","RecordNumber":114}
{"ChunkNumber":0,"Computer":"WIN-D7MHOC9OLC8","Payload":"{\"EventData\":{\"Data\":[{\"@Name\":\"param1\",\"#text\":\"0\"},{\"@Name\":\"param2\",\"#text\":\"0\"},{\"@Name\":\"param3\",\"#text\":\"0\"},{\"@Name\":\"param4\",\"#text\":\"0\"},{\"@Name\":\"param5\",\"#text\":\"0\"},{\"@Name\":\"param6\",\"#text\":\"0\"},{\"@Name\":\"param7\",\"#text\":\"1\"},{\"@Name\":\"param8\",\"#text\":\"Mutual Authentication Required\"},{\"@Name\":\"param9\",\"#text\":\"NT AUTHORITY\\\\NetworkService\"},{\"@Name\":\"param10\",\"#text\":\"0\"},{\"@Name\":\"param11\",\"#text\":\"0\"},{\"@Name\":\"param12\",\"#text\":\"1\"}]}}","Channel":"Application","Provider":"Microsoft-Windows-MSDTC 2","EventId":4202,"EventRecordId":"115","ProcessId":0,"ThreadId":0,"Level":"Info","Keywords":"0x80000000000000","SourceFile":"Z:\\usr\\lib\\wine\\Artifacts\\APPLICATION.evtx","ExtraDataOffset":0,"HiddenRecord":false,"TimeCreated":"2023-03-07T19:48:42.8570298+00:00","RecordNumber":115}
{"ChunkNumber":0,"Computer":"WIN-D7MHOC9OLC8","Payload":"{\"EventData\":{\"Data\":\"\",\"Binary\":\"\"}}","Channel":"Application","Provider":"VMUpgradeHelper","EventId":271,"EventRecordId":"116","ProcessId":0,"ThreadId":0,"Level":"Info","Keywords":"0x80000000000000","SourceFile":"Z:\\usr\\lib\\wine\\Artifacts\\APPLICATION.evtx","ExtraDataOffset":0,"HiddenRecord":false,"TimeCreated":"2023-03-07T19:48:42.9040688+00:00","RecordNumber":116}
{"ChunkNumber":0,"Computer":"WIN-D7MHOC9OLC8","Payload":"{\"EventData\":{\"Data\":\"SessionEnv\",\"Binary\":\"D9-06-00-00\"}}","Channel":"Application","Provider":"Microsoft-Windows-Winlogon","EventId":6003,"EventRecordId":"117","ProcessId":0,"ThreadId":0,"Level":"Info","Keywords":"0x80000000000000","SourceFile":"Z:\\usr\\lib\\wine\\Artifacts\\APPLICATION.evtx","ExtraDataOffset":0,"HiddenRecord":false,"TimeCreated":"2023-03-07T19:49:02.7350049+00:00","RecordNumber":117}
{"ChunkNumber":0,"Computer":"WIN-D7MHOC9OLC8","Payload":"{\"EventData\":{\"Data\":\"SessionEnv\",\"Binary\":\"D9-06-00-00\"}}","Channel":"Application","Provider":"Microsoft-Windows-Winlogon","EventId":6000,"EventRecordId":"118","ProcessId":0,"ThreadId":0,"Level":"Info","Keywords":"0x80000000000000","SourceFile":"Z:\\usr\\lib\\wine\\Artifacts\\APPLICATION.evtx","ExtraDataOffset":0,"HiddenRecord":false,"TimeCreated":"2023-03-07T19:49:02.9085127+00:00","RecordNumber":118}
{"ChunkNumber":0,"Computer":"WIN-D7MHOC9OLC8","Payload":"{\"EventData\":{\"Data\":\"2023-03-08T19:48:34Z, TBL\",\"Binary\":\"\"}}","Channel":"Application","Provider":"Microsoft-Windows-Security-SPP","EventId":16384,"EventRecordId":"119","ProcessId":0,"ThreadId":0,"Level":"Info","Keywords":"0x80000000000000","SourceFile":"Z:\\usr\\lib\\wine\\Artifacts\\APPLICATION.evtx","ExtraDataOffset":0,"HiddenRecord":false,"TimeCreated":"2023-03-07T19:49:34.7133725+00:00","RecordNumber":119}
{"ChunkNumber":0,"Computer":"WIN-D7MHOC9OLC8","Payload":"{\"EventData\":{\"Data\":\"\",\"Binary\":\"\"}}","Channel":"Application","Provider":"Microsoft-Windows-Security-SPP","EventId":903,"EventRecordId":"120","ProcessId":0,"ThreadId":0,"Level":"LogAlways","Keywords":"0x80000000000000","SourceFile":"Z:\\usr\\lib\\wine\\Artifacts\\APPLICATION.evtx","ExtraDataOffset":0,"HiddenRecord":false,"TimeCreated":"2023-03-07T19:49:34.7133725+00:00","RecordNumber":120}
{"ChunkNumber":0,"Computer":"WIN-D7MHOC9OLC8","Payload":"{\"EventData\":{\"Data\":\"&lt;explicit&gt;\",\"Binary\":\"\"}}","Channel":"Application","Provider":"Microsoft-Windows-Security-SPP","EventId":900,"EventRecordId":"121","ProcessId":0,"ThreadId":0,"Level":"Info","Keywords":"0x80000000000000","SourceFile":"Z:\\usr\\lib\\wine\\Artifacts\\APPLICATION.evtx","ExtraDataOffset":0,"HiddenRecord":false,"TimeCreated":"2023-03-07T19:50:42.9817112+00:00","RecordNumber":121}
{"ChunkNumber":0,"Computer":"WIN-D7MHOC9OLC8","Payload":"{\"EventData\":{\"Data\":\"\",\"Binary\":\"\"}}","Channel":"Application","Provider":"Microsoft-Windows-Security-SPP","EventId":16394,"EventRecordId":"122","ProcessId":0,"ThreadId":0,"Level":"Info","Keywords":"0x80000000000000","SourceFile":"Z:\\usr\\lib\\wine\\Artifacts\\APPLICATION.evtx","ExtraDataOffset":0,"HiddenRecord":false,"TimeCreated":"2023-03-07T19:50:43.0132777+00:00","RecordNumber":122}
{"ChunkNumber":0,"Computer":"WIN-D7MHOC9OLC8","Payload":"{\"UserData\":{\"EventXML\":{\"param1\":\"WmiApRpl\",\"param2\":\"WmiApRpl\",\"binaryDataSize\":\"12\",\"binaryData\":\"F0-22-00-00-F1-22-00-00-D2-05-00-00\"}}}","UserId":"S-1-5-18","Channel":"Application","Provider":"Microsoft-Windows-LoadPerf","EventId":1001,"EventRecordId":"123","ProcessId":5268,"ThreadId":5300,"Level":"Info","Keywords":"Classic","SourceFile":"Z:\\usr\\lib\\wine\\Artifacts\\APPLICATION.evtx","ExtraDataOffset":0,"HiddenRecord":false,"TimeCreated":"2023-03-07T19:51:03.9284215+00:00","RecordNumber":123}
{"ChunkNumber":0,"Computer":"WIN-D7MHOC9OLC8","Payload":"{\"UserData\":{\"EventXML\":{\"param1\":\"WmiApRpl\",\"param2\":\"WmiApRpl\",\"binaryDataSize\":\"16\",\"binaryData\":\"F2-22-00-00-98-23-00-00-F3-22-00-00-99-23-00-00\"}}}","UserId":"S-1-5-18","Channel":"Application","Provider":"Microsoft-Windows-LoadPerf","EventId":1000,"EventRecordId":"124","ProcessId":5268,"ThreadId":5300,"Level":"Info","Keywords":"Classic","SourceFile":"Z:\\usr\\lib\\wine\\Artifacts\\APPLICATION.evtx","ExtraDataOffset":0,"HiddenRecord":false,"TimeCreated":"2023-03-07T19:51:03.9687263+00:00","RecordNumber":124}
{"ChunkNumber":0,"Computer":"WIN-D7MHOC9OLC8","Payload":"{\"EventData\":{\"Data\":\"\",\"Binary\":\"\"}}","Channel":"Application","Provider":"VMTools","EventId":105,"EventRecordId":"125","ProcessId":0,"ThreadId":0,"Level":"Info","Keywords":"0x80000000000000","SourceFile":"Z:\\usr\\lib\\wine\\Artifacts\\APPLICATION.evtx","ExtraDataOffset":0,"HiddenRecord":false,"TimeCreated":"2023-03-08T07:54:51.0254655+00:00","RecordNumber":125}
{"ChunkNumber":0,"Computer":"WIN-D7MHOC9OLC8","Payload":"{\"EventData\":{\"Data\":\"TriggerStarted:6\",\"Binary\":\"\"}}","Channel":"Application","Provider":"Microsoft-Windows-Security-SPP","EventId":900,"EventRecordId":"126","ProcessId":0,"ThreadId":0,"Level":"Info","Keywords":"0x80000000000000","SourceFile":"Z:\\usr\\lib\\wine\\Artifacts\\APPLICATION.evtx","ExtraDataOffset":0,"HiddenRecord":false,"TimeCreated":"2023-03-08T07:54:51.1815688+00:00","RecordNumber":126}
{"ChunkNumber":1,"Computer":"WIN-D7MHOC9OLC8","Payload":"{\"EventData\":\"\"}","UserId":"S-1-5-18","Channel":"Application","Provider":"Microsoft-Windows-User Profiles Service","EventId":1531,"EventRecordId":"127","ProcessId":1404,"ThreadId":1492,"Level":"Info","Keywords":"Classic","SourceFile":"Z:\\usr\\lib\\wine\\Artifacts\\APPLICATION.evtx","ExtraDataOffset":0,"HiddenRecord":false,"TimeCreated":"2023-03-08T07:54:50.6638715+00:00","RecordNumber":127}
{"ChunkNumber":1,"Computer":"WIN-D7MHOC9OLC8","Payload":"{\"EventData\":\"\"}","UserId":"S-1-5-18","Channel":"Application","Provider":"Microsoft-Windows-WMI","EventId":5615,"EventRecordId":"128","ProcessId":2524,"ThreadId":2752,"Level":"Info","Keywords":"Classic","SourceFile":"Z:\\usr\\lib\\wine\\Artifacts\\APPLICATION.evtx","ExtraDataOffset":0,"HiddenRecord":false,"TimeCreated":"2023-03-08T07:54:50.9973426+00:00","RecordNumber":128}
{"ChunkNumber":1,"Computer":"WIN-D7MHOC9OLC8","Payload":"{\"EventData\":{\"Data\":\"\",\"Binary\":\"\"}}","Channel":"Application","Provider":"Microsoft-Windows-Security-SPP","EventId":16394,"EventRecordId":"129","ProcessId":0,"ThreadId":0,"Level":"Info","Keywords":"0x80000000000000","SourceFile":"Z:\\usr\\lib\\wine\\Artifacts\\APPLICATION.evtx","ExtraDataOffset":0,"HiddenRecord":false,"TimeCreated":"2023-03-08T07:54:51.4013166+00:00","RecordNumber":129}
{"ChunkNumber":1,"Computer":"WIN-D7MHOC9OLC8","Payload":"{\"EventData\":{\"Data\":\"C:\\\\Windows\\\\system32\\\\sppwinob.dll, msft:spp/windowsfunctionality/agent/7.0, 0x00000000, 0x00000000\\nC:\\\\Windows\\\\system32\\\\sppobjs.dll, msft:rm/algorithm/inherited/1.0, 0x00000000, 0x00000000\\nC:\\\\Windows\\\\system32\\\\sppobjs.dll, msft:rm/algorithm/phone/1.0, 0x00000000, 0x00000000\\nC:\\\\Windows\\\\system32\\\\sppobjs.dll, msft:rm/algorithm/pkey/detect, 0x00000000, 0x00000000\\nC:\\\\Windows\\\\system32\\\\sppobjs.dll, msft:spp/ActionScheduler/1.0, 0x00000000, 0x00000000\\nC:\\\\Windows\\\\system32\\\\sppobjs.dll, msft:spp/TaskScheduler/1.0, 0x00000000, 0x00000000\\nC:\\\\Windows\\\\system32\\\\sppobjs.dll, msft:spp/statecollector/pkey, 0x00000000, 0x00000000\\nC:\\\\Windows\\\\system32\\\\sppobjs.dll, msft:spp/volume/services/kms/1.0, 0x00000000, 0x00000000\\nC:\\\\Windows\\\\system32\\\\sppobjs.dll, msft:spp/volume/services/kms/activationinfo/1.0, 0x00000000, 0x00000000\\n\",\"Binary\":\"\"}}","Channel":"Application","Provider":"Microsoft-Windows-Security-SPP","EventId":1066,"EventRecordId":"130","ProcessId":0,"ThreadId":0,"Level":"Info","Keywords":"0x80000000000000","SourceFile":"Z:\\usr\\lib\\wine\\Artifacts\\APPLICATION.evtx","ExtraDataOffset":0,"HiddenRecord":false,"TimeCreated":"2023-03-08T07:54:51.4786312+00:00","RecordNumber":130}
{"ChunkNumber":1,"Computer":"WIN-D7MHOC9OLC8","Payload":"{\"EventData\":{\"Data\":[{\"@Name\":\"param1\",\"#text\":\"86400\"},{\"@Name\":\"param2\",\"#text\":\"SuppressDuplicateDuration\"},{\"@Name\":\"param3\",\"#text\":\"Software\\\\Microsoft\\\\COM3\\\\Eventlog\"}]}}","Channel":"Application","Provider":"Microsoft-Windows-Complus","EventId":781,"EventRecordId":"131","ProcessId":0,"ThreadId":0,"Level":"Info","Keywords":"0x80000000000000","SourceFile":"Z:\\usr\\lib\\wine\\Artifacts\\APPLICATION.evtx","ExtraDataOffset":0,"HiddenRecord":false,"TimeCreated":"2023-03-08T07:54:51.5722008+00:00","RecordNumber":131}
{"ChunkNumber":1,"Computer":"WIN-D7MHOC9OLC8","Payload":"{\"EventData\":{\"Data\":\"55c92734-d682-4d71-983e-d6ec3f16059f, \\n1: c1a197b6-ba5e-4394-b9bf-b659a6c1b873, 1, 1 [(0 [0x00000000, 1, 0], [(?)( 1 0x00000000)(?)( 2 0x00000000 0 0 msft:rm/algorithm/hwid/4.0 0x00000000 0)(?)( 9 0x00000000 180 258472)( 10 0x00000000 msft:rm/algorithm/flags/1.0)(?)])(1 )(2 )(3 )]\\n\\n\",\"Binary\":\"\"}}","Channel":"Application","Provider":"Microsoft-Windows-Security-SPP","EventId":1003,"EventRecordId":"132","ProcessId":0,"ThreadId":0,"Level":"Info","Keywords":"0x80000000000000","SourceFile":"Z:\\usr\\lib\\wine\\Artifacts\\APPLICATION.evtx","ExtraDataOffset":0,"HiddenRecord":false,"TimeCreated":"2023-03-08T07:54:51.6034255+00:00","RecordNumber":132}
{"ChunkNumber":1,"Computer":"WIN-D7MHOC9OLC8","Payload":"{\"EventData\":{\"Data\":\"validity, 258472\",\"Binary\":\"\"}}","Channel":"Application","Provider":"Microsoft-Windows-Security-SPP","EventId":1037,"EventRecordId":"133","ProcessId":0,"ThreadId":0,"Level":"Info","Keywords":"0x80000000000000","SourceFile":"Z:\\usr\\lib\\wine\\Artifacts\\APPLICATION.evtx","ExtraDataOffset":0,"HiddenRecord":false,"TimeCreated":"2023-03-08T07:54:51.6504894+00:00","RecordNumber":133}
{"ChunkNumber":1,"Computer":"WIN-D7MHOC9OLC8","Payload":"{\"EventData\":{\"Data\":\"10.0.20348.587\",\"Binary\":\"\"}}","Channel":"Application","Provider":"Microsoft-Windows-Security-SPP","EventId":902,"EventRecordId":"134","ProcessId":0,"ThreadId":0,"Level":"LogAlways","Keywords":"0x80000000000000","SourceFile":"Z:\\usr\\lib\\wine\\Artifacts\\APPLICATION.evtx","ExtraDataOffset":0,"HiddenRecord":false,"TimeCreated":"2023-03-08T07:54:51.6661423+00:00","RecordNumber":134}
{"ChunkNumber":1,"Computer":"WIN-D7MHOC9OLC8","Payload":"{\"EventData\":{\"Data\":[{\"@Name\":\"param1\",\"#text\":\"0\"},{\"@Name\":\"param2\",\"#text\":\"0\"},{\"@Name\":\"param3\",\"#text\":\"0\"},{\"@Name\":\"param4\",\"#text\":\"0\"},{\"@Name\":\"param5\",\"#text\":\"0\"},{\"@Name\":\"param6\",\"#text\":\"0\"},{\"@Name\":\"param7\",\"#text\":\"1\"},{\"@Name\":\"param8\",\"#text\":\"Mutual Authentication Required\"},{\"@Name\":\"param9\",\"#text\":\"NT AUTHORITY\\\\NetworkService\"},{\"@Name\":\"param10\",\"#text\":\"0\"},{\"@Name\":\"param11\",\"#text\":\"0\"},{\"@Name\":\"param12\",\"#text\":\"1\"}]}}","Channel":"Application","Provider":"Microsoft-Windows-MSDTC 2","EventId":4202,"EventRecordId":"135","ProcessId":0,"ThreadId":0,"Level":"Info","Keywords":"0x80000000000000","SourceFile":"Z:\\usr\\lib\\wine\\Artifacts\\APPLICATION.evtx","ExtraDataOffset":0,"HiddenRecord":false,"TimeCreated":"2023-03-08T07:54:52.2128091+00:00","RecordNumber":135}
{"ChunkNumber":1,"Computer":"WIN-D7MHOC9OLC8","Payload":"{\"EventData\":\"\"}","UserId":"S-1-5-18","Channel":"Application","Provider":"Microsoft-Windows-WMI","EventId":5611,"EventRecordId":"136","ProcessId":2524,"ThreadId":2996,"Level":"Info","Keywords":"Classic","SourceFile":"Z:\\usr\\lib\\wine\\Artifacts\\APPLICATION.evtx","ExtraDataOffset":0,"HiddenRecord":false,"TimeCreated":"2023-03-08T07:54:51.5056560+00:00","RecordNumber":136}
{"ChunkNumber":1,"Computer":"WIN-D7MHOC9OLC8","Payload":"{\"EventData\":{\"Data\":\"2023-03-08T07:54:52Z, 2023-03-08T08:45:56Z\",\"Binary\":\"\"}}","Channel":"Application","Provider":"Microsoft-Windows-Security-SPP","EventId":16388,"EventRecordId":"137","ProcessId":0,"ThreadId":0,"Level":"Info","Keywords":"0x80000000000000","SourceFile":"Z:\\usr\\lib\\wine\\Artifacts\\APPLICATION.evtx","ExtraDataOffset":0,"HiddenRecord":false,"TimeCreated":"2023-03-08T07:54:52.5567081+00:00","RecordNumber":137}
{"ChunkNumber":1,"Computer":"WIN-D7MHOC9OLC8","Payload":"{\"EventData\":{\"Data\":\"\",\"Binary\":\"\"}}","Channel":"Application","Provider":"VMUpgradeHelper","EventId":258,"EventRecordId":"138","ProcessId":0,"ThreadId":0,"Level":"Info","Keywords":"0x80000000000000","SourceFile":"Z:\\usr\\lib\\wine\\Artifacts\\APPLICATION.evtx","ExtraDataOffset":0,"HiddenRecord":false,"TimeCreated":"2023-03-08T07:54:52.5567081+00:00","RecordNumber":138}
{"ChunkNumber":1,"Computer":"WIN-D7MHOC9OLC8","Payload":"{\"EventData\":{\"Data\":\"\",\"Binary\":\"\"}}","Channel":"Application","Provider":"VMUpgradeHelper","EventId":271,"EventRecordId":"139","ProcessId":0,"ThreadId":0,"Level":"Info","Keywords":"0x80000000000000","SourceFile":"Z:\\usr\\lib\\wine\\Artifacts\\APPLICATION.evtx","ExtraDataOffset":0,"HiddenRecord":false,"TimeCreated":"2023-03-08T07:54:52.6037191+00:00","RecordNumber":139}
{"ChunkNumber":1,"Computer":"WIN-D7MHOC9OLC8","Payload":"{\"EventData\":{\"Data\":\"Security-SPP-Action-StateData (REG_SZ) =AppId=55c92734-d682-4d71-983e-d6ec3f16059f;GraceEndDate=2023/09/03:19:46:52;LastConsumptionReason=0x4004fc04;LastNotificationId=Cleanup;LicenseState=SL_LICENSING_STATUS_LICENSED;PartialProductKey=W8JDY;ProductKeyType=Retail:TB:Eval;SkuId=c1a197b6-ba5e-4394-b9bf-b659a6c1b873;ruleId=379cccfb-d4e0-48fe-b0f2-0136097be147;uxDifferentiator=TIMEBASED_EVAL\",\"Binary\":\"\"}}","Channel":"Application","Provider":"Microsoft-Windows-Security-SPP","EventId":8230,"EventRecordId":"140","ProcessId":0,"ThreadId":0,"Level":"Info","Keywords":"0x80000000000000","SourceFile":"Z:\\usr\\lib\\wine\\Artifacts\\APPLICATION.evtx","ExtraDataOffset":0,"HiddenRecord":false,"TimeCreated":"2023-03-08T07:54:52.6990546+00:00","RecordNumber":140}
{"ChunkNumber":1,"Computer":"WIN-D7MHOC9OLC8","Payload":"{\"EventData\":\"\"}","UserId":"S-1-5-18","Channel":"Application","Provider":"Microsoft-Windows-WMI","EventId":5617,"EventRecordId":"141","ProcessId":2524,"ThreadId":2996,"Level":"Info","Keywords":"Classic","SourceFile":"Z:\\usr\\lib\\wine\\Artifacts\\APPLICATION.evtx","ExtraDataOffset":0,"HiddenRecord":false,"TimeCreated":"2023-03-08T07:54:52.4309764+00:00","RecordNumber":141}
{"ChunkNumber":1,"Computer":"WIN-D7MHOC9OLC8","Payload":"{\"EventData\":{\"Data\":\"SessionEnv\",\"Binary\":\"D9-06-00-00\"}}","Channel":"Application","Provider":"Microsoft-Windows-Winlogon","EventId":6003,"EventRecordId":"142","ProcessId":0,"ThreadId":0,"Level":"Info","Keywords":"0x80000000000000","SourceFile":"Z:\\usr\\lib\\wine\\Artifacts\\APPLICATION.evtx","ExtraDataOffset":0,"HiddenRecord":false,"TimeCreated":"2023-03-08T07:55:01.5120543+00:00","RecordNumber":142}
{"ChunkNumber":1,"Computer":"WIN-D7MHOC9OLC8","Payload":"{\"EventData\":{\"Data\":\"SessionEnv\",\"Binary\":\"D9-06-00-00\"}}","Channel":"Application","Provider":"Microsoft-Windows-Winlogon","EventId":6000,"EventRecordId":"143","ProcessId":0,"ThreadId":0,"Level":"Info","Keywords":"0x80000000000000","SourceFile":"Z:\\usr\\lib\\wine\\Artifacts\\APPLICATION.evtx","ExtraDataOffset":0,"HiddenRecord":false,"TimeCreated":"2023-03-08T07:55:01.7615446+00:00","RecordNumber":143}
{"ChunkNumber":1,"Computer":"WIN-D7MHOC9OLC8","Payload":"{\"EventData\":{\"Data\":\"2023-03-09T07:54:33Z, TBL\",\"Binary\":\"\"}}","Channel":"Application","Provider":"Microsoft-Windows-Security-SPP","EventId":16384,"EventRecordId":"144","ProcessId":0,"ThreadId":0,"Level":"Info","Keywords":"0x80000000000000","SourceFile":"Z:\\usr\\lib\\wine\\Artifacts\\APPLICATION.evtx","ExtraDataOffset":0,"HiddenRecord":false,"TimeCreated":"2023-03-08T07:55:33.8040277+00:00","RecordNumber":144}
{"ChunkNumber":1,"Computer":"WIN-D7MHOC9OLC8","Payload":"{\"EventData\":{\"Data\":\"\",\"Binary\":\"\"}}","Channel":"Application","Provider":"Microsoft-Windows-Security-SPP","EventId":903,"EventRecordId":"145","ProcessId":0,"ThreadId":0,"Level":"LogAlways","Keywords":"0x80000000000000","SourceFile":"Z:\\usr\\lib\\wine\\Artifacts\\APPLICATION.evtx","ExtraDataOffset":0,"HiddenRecord":false,"TimeCreated":"2023-03-08T07:55:33.8194376+00:00","RecordNumber":145}
{"ChunkNumber":1,"Computer":"WIN-D7MHOC9OLC8","Payload":"{\"EventData\":{\"Data\":\"Service stopped\",\"Binary\":\"\"}}","Channel":"Application","Provider":"edgeupdate","EventId":0,"EventRecordId":"146","ProcessId":0,"ThreadId":0,"Level":"Info","Keywords":"0x80000000000000","SourceFile":"Z:\\usr\\lib\\wine\\Artifacts\\APPLICATION.evtx","ExtraDataOffset":0,"HiddenRecord":false,"TimeCreated":"2023-03-08T07:56:52.5948790+00:00","RecordNumber":146}
{"ChunkNumber":1,"Computer":"WIN-D7MHOC9OLC8","Payload":"{\"EventData\":{\"Data\":\"&lt;explicit&gt;\",\"Binary\":\"\"}}","Channel":"Application","Provider":"Microsoft-Windows-Security-SPP","EventId":900,"EventRecordId":"147","ProcessId":0,"ThreadId":0,"Level":"Info","Keywords":"0x80000000000000","SourceFile":"Z:\\usr\\lib\\wine\\Artifacts\\APPLICATION.evtx","ExtraDataOffset":0,"HiddenRecord":false,"TimeCreated":"2023-03-08T07:56:52.7508263+00:00","RecordNumber":147}
{"ChunkNumber":1,"Computer":"WIN-D7MHOC9OLC8","Payload":"{\"EventData\":{\"Data\":\"\",\"Binary\":\"\"}}","Channel":"Application","Provider":"Microsoft-Windows-Security-SPP","EventId":16394,"EventRecordId":"148","ProcessId":0,"ThreadId":0,"Level":"Info","Keywords":"0x80000000000000","SourceFile":"Z:\\usr\\lib\\wine\\Artifacts\\APPLICATION.evtx","ExtraDataOffset":0,"HiddenRecord":false,"TimeCreated":"2023-03-08T07:56:52.7978373+00:00","RecordNumber":148}
{"ChunkNumber":1,"Computer":"WIN-D7MHOC9OLC8","Payload":"{\"EventData\":{\"Data\":\"2023-08-04T19:46:22Z, RulesEngine\",\"Binary\":\"\"}}","Channel":"Application","Provider":"Microsoft-Windows-Security-SPP","EventId":16384,"EventRecordId":"149","ProcessId":0,"ThreadId":0,"Level":"Info","Keywords":"0x80000000000000","SourceFile":"Z:\\usr\\lib\\wine\\Artifacts\\APPLICATION.evtx","ExtraDataOffset":0,"HiddenRecord":false,"TimeCreated":"2023-03-08T07:57:22.8601749+00:00","RecordNumber":149}
{"ChunkNumber":1,"Computer":"WIN-D7MHOC9OLC8","Payload":"{\"EventData\":{\"Data\":\"\",\"Binary\":\"2D-20-43-6F-64-65-3A-20-20-43-4F-52-53-56-43-43-30-30-30-30-30-37-37-38-2D-20-43-61-6C-6C-3A-20-20-43-4F-52-53-56-43-43-30-30-30-30-30-37-36-30-2D-20-50-49-44-3A-20-20-30-30-30-30-34-31-39-32-2D-20-54-49-44-3A-20-20-30-30-30-30-34-32-31-32-2D-20-43-4D-44-3A-20-20-43-3A-5C-57-69-6E-64-6F-77-73-5C-73-79-73-74-65-6D-33-32-5C-76-73-73-76-63-2E-65-78-65-20-20-20-2D-20-55-73-65-72-3A-20-4E-61-6D-65-3A-20-4E-54-20-41-55-54-48-4F-52-49-54-59-5C-53-59-53-54-45-4D-2C-20-53-49-44-3A-53-2D-31-2D-35-2D-31-38-20\"}}","Channel":"Application","Provider":"VSS","EventId":8224,"EventRecordId":"150","ProcessId":0,"ThreadId":0,"Level":"Info","Keywords":"0x80000000000000","SourceFile":"Z:\\usr\\lib\\wine\\Artifacts\\APPLICATION.evtx","ExtraDataOffset":0,"HiddenRecord":false,"TimeCreated":"2023-03-08T07:57:55.1572663+00:00","RecordNumber":150}
{"ChunkNumber":1,"Computer":"WIN-D7MHOC9OLC8","Payload":"{\"UserData\":{\"EventXML\":{\"param1\":\"WmiApRpl\",\"param2\":\"WmiApRpl\",\"binaryDataSize\":\"12\",\"binaryData\":\"3A-23-00-00-3B-23-00-00-D2-05-00-00\"}}}","UserId":"S-1-5-18","Channel":"Application","Provider":"Microsoft-Windows-LoadPerf","EventId":1001,"EventRecordId":"151","ProcessId":2188,"ThreadId":3640,"Level":"Info","Keywords":"Classic","SourceFile":"Z:\\usr\\lib\\wine\\Artifacts\\APPLICATION.evtx","ExtraDataOffset":0,"HiddenRecord":false,"TimeCreated":"2023-03-08T07:59:08.0575234+00:00","RecordNumber":151}
{"ChunkNumber":1,"Computer":"WIN-D7MHOC9OLC8","Payload":"{\"UserData\":{\"EventXML\":{\"param1\":\"WmiApRpl\",\"param2\":\"WmiApRpl\",\"binaryDataSize\":\"16\",\"binaryData\":\"3C-23-00-00-E2-23-00-00-3D-23-00-00-E3-23-00-00\"}}}","UserId":"S-1-5-18","Channel":"Application","Provider":"Microsoft-Windows-LoadPerf","EventId":1000,"EventRecordId":"152","ProcessId":2188,"ThreadId":3640,"Level":"Info","Keywords":"Classic","SourceFile":"Z:\\usr\\lib\\wine\\Artifacts\\APPLICATION.evtx","ExtraDataOffset":0,"HiddenRecord":false,"TimeCreated":"2023-03-08T07:59:08.0884370+00:00","RecordNumber":152}
{"ChunkNumber":1,"Computer":"WIN-D7MHOC9OLC8","Payload":"{\"EventData\":{\"Data\":\"\",\"Binary\":\"\"}}","Channel":"Application","Provider":"Microsoft-Windows-Security-SPP","EventId":16394,"EventRecordId":"153","ProcessId":0,"ThreadId":0,"Level":"Info","Keywords":"0x80000000000000","SourceFile":"Z:\\usr\\lib\\wine\\Artifacts\\APPLICATION.evtx","ExtraDataOffset":0,"HiddenRecord":false,"TimeCreated":"2023-03-08T07:59:23.2845383+00:00","RecordNumber":153}
{"ChunkNumber":1,"Computer":"WIN-D7MHOC9OLC8","Payload":"{\"EventData\":{\"Data\":\"2023-08-04T19:46:20Z, RulesEngine\",\"Binary\":\"\"}}","Channel":"Application","Provider":"Microsoft-Windows-Security-SPP","EventId":16384,"EventRecordId":"154","ProcessId":0,"ThreadId":0,"Level":"Info","Keywords":"0x80000000000000","SourceFile":"Z:\\usr\\lib\\wine\\Artifacts\\APPLICATION.evtx","ExtraDataOffset":0,"HiddenRecord":false,"TimeCreated":"2023-03-08T08:00:20.2226697+00:00","RecordNumber":154}
{"ChunkNumber":1,"Computer":"WIN-D7MHOC9OLC8","Payload":"{\"EventData\":{\"Data\":\"\",\"Binary\":\"\"}}","Channel":"Application","Provider":"Microsoft-Windows-Security-SPP","EventId":16394,"EventRecordId":"155","ProcessId":0,"ThreadId":0,"Level":"Info","Keywords":"0x80000000000000","SourceFile":"Z:\\usr\\lib\\wine\\Artifacts\\APPLICATION.evtx","ExtraDataOffset":0,"HiddenRecord":false,"TimeCreated":"2023-03-08T08:04:12.9583277+00:00","RecordNumber":155}
{"ChunkNumber":1,"Computer":"WIN-D7MHOC9OLC8","Payload":"{\"EventData\":{\"Data\":\"2023-08-04T19:46:49Z, RulesEngine\",\"Binary\":\"\"}}","Channel":"Application","Provider":"Microsoft-Windows-Security-SPP","EventId":16384,"EventRecordId":"156","ProcessId":0,"ThreadId":0,"Level":"Info","Keywords":"0x80000000000000","SourceFile":"Z:\\usr\\lib\\wine\\Artifacts\\APPLICATION.evtx","ExtraDataOffset":0,"HiddenRecord":false,"TimeCreated":"2023-03-08T08:04:49.9269502+00:00","RecordNumber":156}
{"ChunkNumber":1,"Computer":"WIN-D7MHOC9OLC8","Payload":"{\"EventData\":{\"Data\":\"\",\"Binary\":\"\"}}","Channel":"Application","Provider":"Microsoft-Windows-Security-SPP","EventId":16394,"EventRecordId":"157","ProcessId":0,"ThreadId":0,"Level":"Info","Keywords":"0x80000000000000","SourceFile":"Z:\\usr\\lib\\wine\\Artifacts\\APPLICATION.evtx","ExtraDataOffset":0,"HiddenRecord":false,"TimeCreated":"2023-03-08T08:04:54.3018911+00:00","RecordNumber":157}
{"ChunkNumber":1,"Computer":"WIN-D7MHOC9OLC8","Payload":"{\"EventData\":{\"Data\":\".NET Runtime Optimization Service (4.0.30319.0) - Installed from repository: mscorlib\",\"Binary\":\"\"}}","Channel":"Application","Provider":".NET Runtime Optimization Service","EventId":1130,"EventRecordId":"158","ProcessId":0,"ThreadId":0,"Level":"LogAlways","Keywords":"0x80000000000000","SourceFile":"Z:\\usr\\lib\\wine\\Artifacts\\APPLICATION.evtx","ExtraDataOffset":0,"HiddenRecord":false,"TimeCreated":"2023-03-08T08:05:02.2084398+00:00","RecordNumber":158}
{"ChunkNumber":1,"Computer":"WIN-D7MHOC9OLC8","Payload":"{\"EventData\":{\"Data\":\"2023-08-04T19:46:38Z, RulesEngine\",\"Binary\":\"\"}}","Channel":"Application","Provider":"Microsoft-Windows-Security-SPP","EventId":16384,"EventRecordId":"159","ProcessId":0,"ThreadId":0,"Level":"Info","Keywords":"0x80000000000000","SourceFile":"Z:\\usr\\lib\\wine\\Artifacts\\APPLICATION.evtx","ExtraDataOffset":0,"HiddenRecord":false,"TimeCreated":"2023-03-08T08:05:38.6460529+00:00","RecordNumber":159}
{"ChunkNumber":1,"Computer":"WIN-D7MHOC9OLC8","Payload":"{\"EventData\":{\"Data\":\".NET Runtime Optimization Service (4.0.30319.0) - Installed from repository: mscorlib\",\"Binary\":\"\"}}","Channel":"Application","Provider":".NET Runtime Optimization Service","EventId":1130,"EventRecordId":"160","ProcessId":0,"ThreadId":0,"Level":"LogAlways","Keywords":"0x80000000000000","SourceFile":"Z:\\usr\\lib\\wine\\Artifacts\\APPLICATION.evtx","ExtraDataOffset":0,"HiddenRecord":false,"TimeCreated":"2023-03-08T08:05:54.9584637+00:00","RecordNumber":160}
{"ChunkNumber":1,"Computer":"WIN-D7MHOC9OLC8","Payload":"{\"EventData\":{\"Data\":\"\",\"Binary\":\"\"}}","Channel":"Application","Provider":"Microsoft-Windows-Security-SPP","EventId":16394,"EventRecordId":"161","ProcessId":0,"ThreadId":0,"Level":"Info","Keywords":"0x80000000000000","SourceFile":"Z:\\usr\\lib\\wine\\Artifacts\\APPLICATION.evtx","ExtraDataOffset":0,"HiddenRecord":false,"TimeCreated":"2023-03-08T08:24:53.1471011+00:00","RecordNumber":161}
{"ChunkNumber":1,"Computer":"WIN-D7MHOC9OLC8","Payload":"{\"EventData\":{\"Data\":\"2023-08-04T19:46:23Z, RulesEngine\",\"Binary\":\"\"}}","Channel":"Application","Provider":"Microsoft-Windows-Security-SPP","EventId":16384,"EventRecordId":"162","ProcessId":0,"ThreadId":0,"Level":"Info","Keywords":"0x80000000000000","SourceFile":"Z:\\usr\\lib\\wine\\Artifacts\\APPLICATION.evtx","ExtraDataOffset":0,"HiddenRecord":false,"TimeCreated":"2023-03-08T08:25:23.5065795+00:00","RecordNumber":162}
