{"ExecutableInfo":"explorer.exe | \\C:\\ProgramData\\Microsoft\\Windows\\WER\\ReportQueue\\AppHang_explorer.exe","MapDescription":"Application Crash","ChunkNumber":4,"Computer":"DC01.forela.local","Payload":"{\"EventData\":{\"Data\":\"0, AppHangB1, Not available, 0, explorer.exe, 10.0.20348.558, aac38ef2, baaa, 134217728, \\\\\\\\?\\\\C:\\\\ProgramData\\\\Microsoft\\\\Windows\\\\WER\\\\ReportQueue\\\\AppHang_explorer.exe_14a7c8eb37fcb9a43b2eb8e4f888efc511b812bc_9a67017a_d5cae3a1-e6ee-4c10-bd0f-a74325502147, 0, 1d9debdf-10e2-4be5-8b69-2e79c07655e5, 4, 0\",\"Binary\":\"\"}}","Channel":"Application","Provider":"Windows Error Reporting","EventId":1001,"EventRecordId":"547","ProcessId":0,"ThreadId":0,"Level":"Info","Keywords":"0x80000000000000","SourceFile":"Z:\\usr\\lib\\wine\\Artifacts\\APPLICATION.evtx","ExtraDataOffset":0,"HiddenRecord":false,"TimeCreated":"2024-05-14T04:02:10.0433294+00:00","RecordNumber":547}
{"ChunkNumber":5,"Computer":"DC01.forela.local","Payload":"{\"EventData\":{\"Data\":\"hr=0x80072EE7, 00010001(0x00000000, 21:02:08:902 - https://activation-v2.sls.microsoft.com/SLActivateProduct/SLActivateProduct.asmx?configextension=Retail)\\n00020001(0x00000000, 21:02:08:902)\\n00030001(0x00000000, 21:02:08:918 - https://activation-v2.sls.microsoft.com)\\n00030002(0x00000000, 21:02:08:918 - 0)\\n00040001(0x00000000, 21:02:08:918 - https://activation-v2.sls.microsoft.com)\\n00040002(0x00000000, 21:02:08:918 - 1, &lt;NULL&gt;, &lt;NULL&gt;, &lt;NULL&gt;)\\n00050002(0x80072F94, 21:02:08:918 - 0, 1)\\n00040006(0x00000001, 21:02:08:918 - 0, https://activation-v2.sls.microsoft.com, &lt;N/A&gt;, &lt;N/A&gt;)\\n00020005(0x00000000, 21:02:08:918 - 0)\\n00020008(0x80072EE7, 21:02:18:449 - SOAPAction: \\\"http://microsoft.com/SL/ProductActivationService/IssueToken\\\"\\nContent-Type: text/xml; charset=utf-8\\n, &lt;soap:Envelope xmlns:soap=\\\"http://schemas.xmlsoap.org/soap/envelope/\\\" xmlns:xsi=\\\"http://www.w3.org/2001/XMLSchema-instance\\\" xmlns:xsd=\\\"http://www.w3.org/2001/XMLSchema\\\" xmlns:soapenc=\\\"http://schemas.xmlsoap.org/soap/encoding/\\\"&gt;&lt;soap:Body&gt;&lt;RequestSecurityToken xmlns=\\\"http://schemas.xmlsoap.org/ws/2004/04/security/trust\\\"&gt;&lt;TokenType&gt;ProductActivation&lt;/TokenType&gt;&lt;RequestType&gt;http://schemas.xmlsoap.org/ws/2004/04/security/trust/Issue&lt;/RequestType&gt;&lt;UseKey&gt;&lt;Values xmlns:q1=\\\"http://schemas.xmlsoap.org/ws/2004/04/security/trust\\\" soapenc:arrayType=\\\"q1:TokenEntry[1]\\\"&gt;&lt;TokenEntry&gt;&lt;Name&gt;PublishLicense&lt;/Name&gt;&lt;Value&gt;Yv8gJZxALNi6mbIpbTPKhAQVfAyFOm0d06hVJRKsmQ97Vo2B8ql43Xu2Bn94rU1jcsgJhrG+tazh+sg+5O1VXgyFSueXRdgoZ+hI2UxMZxh1ggnMG+hI0uqm5gsM2FglZmsQTvsLK41AkZ+RMLEIdf/Q1//CihTOk0SOl3mNevrc74Wi9A+LdxMZMwEAlERLiuOR8TRjsbx8UZ7UjS6tm6FC+Vj/PTbtL0T+1Yp5kNemFBUI0RadUrT2Pm2bcYeG36jlWm7Uy0zHU2jkJ86JpFiU6JdAGkNM3GKY2FZvoLmOyPG1ITyG0LDZ90SzO9R6whWk7V72aOSgQFXrISxWliw3F1sf0vCSYb1AyLNCjN/ypzi1vIi4KfhHWm2khk75q8gIv9mzP1A9+WR8r61RvD+kltQi5Jn727oODfWOhgiadg2D3AcsA1x5xX5VRvHz/6RBSFAq5MSXowh9O5m9Hd7s++QeD49O4SW2Gx4FMGJjczdx/lgoM5Led8JjCYHqggUQ50z91UMAUz4u5qjkDBZu6PiGsFSco8aSs1+krFkULwigy7cFKIN5M8mqKh2FwbM4gRA9e8vJ/qkm6/wcNY8hs/L6fnkS/UVIkodPMwUH0p1uHt+/mC8lIQpFGaMyqF5Fw2lV89emlGP0pJ3S28EoB/wN4cJAYlJpvDh/wKNkr+p0RuFUSGcKPwkD/9UBqiBvDC5ULepRaOn9eO6gkk/EUmnmllHOrEp4whOZdbsNW4S/Nyc3CdgH3aUCdOVtsnJ1SLHswFWxC8fK+J+EPzWUtluZ5tIGB4hdriGah+kYdT5WdN437lPvm1+IhDzK5xPFXUYIflLiEDoJDp7my3sycRb6ivs/tgcPgY6o31bbGAiDv2oUjK89HFLEXl5m4NBPn090KI1AvOGUb9ERSlL/kjF8z1MpFR6qHVonbKIYwkbDPxv4Xj/m6xQNJMRq7YknikA3/TL/Wid4nZY8whl5QVIvxluy97khVOz4Be+XNn9fKOHoARwg3FPjgyP/nvAlHgf8MyVQ6VtXMOURPmy9k4WqBSinNuRgujIEcffFf7VkP3mSWhlIRqovulBp14aXFU3HydxeV8D8AmSp7Awyb/vqoOvD4FHVmfR5uMq+FutcmYQFACZOy+JcSI3k+wT7rxv+Q4ZbrFGBpw6EfWScruETAPq+b3hR7xfnsPKdjJ6/XRB2qTEdPLtd0XwRnB1fveA1G6QSdXlR4E43c9OZaeZtWJBdAwxC5+Yi51am921OlA+WkPBFXQ4cionw2WjQfsXbOBNtWmwBg7wYashKYTxLe7i3tnzuKwcxwgkSEF9BupJMwCDxdLK4oCoTqcj941SbkI+RC48BCxplvf6y5xRroWjv0c42jnl33rb5vv3d57QbC2g59tw2a2+e8ulIJ5bQZV2QXRA1E0lqpbHyYAmWYb3kMKklUgB6lqqsYer+l/KLrOAMawt/9VJWTiYJZ5/kc9Cneu+5F6xDS52zmdg7Bdrqj+McegzxfoJT+jHUU9+0/TIMQ7E/+XfVuxWJQBWVClHSF9BFzHf+5piYowLYoYd0ggMSp4BsG1vuxUlm7aRlTD8xXEmN3hTgT42STMweGHAp8VG/9P4p6VdRdCPohYlrIlnVQQC+dYtrXzp8raawtSZ763Qb5E/C8KwUfUWNF/DSHmAbaG3f2rNcds9z7RlQYz7oCB8h+7bJnI0bvQW76QfFtPJX2sVtzxnX0V73ZTqWUbX4plE2j0c7a8z8duBCAQ7JsVv2dNwvoWKp94dV3bA1aZJKo4nFpbtcgMtqrn2WVNsmz0TrvGvXgr820EJawJ4Z/nMdT0CtQAivmCv32R5as0cmc5YNf3BXQvfrjfTVMp62gJw4AMYip0KTKXzER8QKkWAqeMthMY/7auMEapWQpCmIxDGEU8QCnY5DjCAVcqeCMX9GVcHp1exA23HqVw/sW0KrSxqKDjwA+eGM0etD5J61JVT3cR0NhNuC7fR43QELefRQF6NctnuWhMXWbB8Yfz/QZ5DCmaNbVK/147iiul5F5M9XiCmnhGrZgGNyGwfHt0oosjdHuk9xaXFQLT4itdCGb5UE7ckuTkiUrbj5vMSujSPQNaBg6wDeOO5j8IS20sjo/wFnrhKZkwGVIUxTXnUK3jX7qfnwushiksiWytc+aSG/EGVi9RngwQxEqHxybvQl2retf2gMnPQ9ZgTFBVYvNNCFtnPjlccM2HYtGUa9+ULAC36MdL9CCNwtzH6aLbAHMG682dfVR7Eszo1PIbzb3artnFvKAeGnjr+XpMta9L4Nrk+GhDEi6+WY/BTFre/5UPuRO/xCwkt9NwB8Tfm74eBNLUrn7/r0tqlhPPQtg7PMvdqYclyeJn4RZEoW9yoVJMb7GsKiwg//gyPcsKl1UaI7UrShW5n3GvPxB+pJLKrsNErBoS2KkwNBPYynGsMdc/ThYCPO/kZrQcGGq7MQwEPp3R51j4kT3aPbNEP2jjVBFhdj7HbAX/KjFqIUain8g1dIDdGv6AnpuN1A3yrb+EBal7Cfr23hVjGdszxtKUhkXI9LbsexaIsO/YpdY+Q2lVFg1bve1z9qKCAJTRIWJZMA8myuSrFLOC7Pa+CncY3zy3YZoebHkMCJ9I9dlAhkAGkSamJwB/WOFAv2Yn9EB+4ttoBiDFO+dYhnfet0ZZUzXiEwLu1HEYmjFlzwu7TZhjpxNaVEyzg5Uu0C8zEYgGEklp8cKHwwsjX8OpY6/M8e/e4CGWqq/jGrU+QZNzUXdbVLnnGotWq9aWTl0lzPd53sCYzZgJXPUQHZbVcMJ46Dxbz3o0AX3l0EKl+QSnHTt5K9gxCbxZhMofer1jEh0EJGxnOxFHPA84BQJZ44uGSMtZvc69UbC9Avk9NbJJdpXkCIoOwHCGNapmP2vuScRtx/p6eugYgFK89352FBIK3Ucth8XfjjKxrW/H60UX8X/IsfoXIoxoUjwhjA/7IpZ3Hcvekw2W/A3slIyNFy/WO7ngc6y2rHIU4GZFi/yJYNrlUQ0eVWyt/VnB6ZRLRylOY7LrZd/h9TCL/Du9EKgsbaM0SbX8MmSasLVktnmZbCPAUrQFqxT6lJlIklCynwbZ/q8KME4MO9KYqONo3D3WGOndcNuZBOZBmidSN12/sbiFqCsLVw7rTOPffJMzTbGjKWTls83JXfcsXkZeZorYiyI2m9XebLFP1XLq5cIAYlOxfEWIzUmw11KpTAC5PVPL/+Y9OwtdlVjpO/Myd8ARMC/guPeWseeC9eGWfH5LLTGeGzkr6E7Cj25h276HmwxV+au/2DOLTOIeqnZ37Z02dSmvRqJW5/6eJbqq7rl023ssHWuCnLZqScOd4MFXisVIUC61oaS2xr5Yv4V6+MSqm1oD/jRxn35G9A3uJUUtpuWWckmjGPjiOAMj+GOrska24+OshJJGw3hPmCD/Q4nXZYZsAQ+1tpqbRJS6RwOMDKpzrtPVj+F/YKKk/MrYykzOnAQkMOt/zm56NhwwQkuxYOEqia+jRP/Qa8ZVlXKtBRgqG7uftOQ6tDoooUzrNJ3wtSegJT/aqSaP+ZUB34rmK10q1wbxAgJDxq5ZwuKxB7zDS2HYPT7grOYs9P5AYv1/9Pj2zddhLoatfjVVLxlSVrf7IWVpGPFuqXVW9HHXnaP15Vbon/zsPzcPJ/7lgoH6kWDtsNgsWWyXYhsfQImg+MBNj40J41INcE2l+jb0zoTVe1c1EV0cPAYpeHzhd/f+pFiu6xKAqFwc+RzFGB4dIuyLGTKN7ZV4tY+4PcQ9YcIpYamtouMRsC5+2LXgD3HxrD4tZI/cMSBSFGJE0ttAkslI1a4nnXH1Sg+IJjPNtNMjpJOQl1kPZ/57HvfVXUKefVjmPZrUhkJZWv8kM9LucHth1lkN1JO/f2hzse5nFBccCt98IGMAgZewXlgWnm57uqULDzR25kqTRSDj2VJyV8q9urx4D5BStr2DM0wQaKFbd8Uw5M8zV09yu1M/YAvi1bKgxDTxWk2QiwErMVSr5vWJ1Fd3LnPZpAiJmXNI+9cfoTHdqIMKLnlYwUJL2ghQ6NXVnHNgtpUWYn2a79wBFVwvobC6zGgD1q6R0NZD0psmc+3KEgTNcsy6ZHZbEtO2WrRbOh0aUNiVxWYNed9XzgBW54iXxbKehNLWKWS4HyX2foSyLTolWeQmJhyAGKgAtuIow2sg6ITeF4GR+Mp6RxWj52uOS95N1e9iVNavPdFx4U+3j86XSIAASkQQmll8OcSrjKhm4sLzZcfzQLjX/6IvMwl/dI1bT/1TOG+R6Jyp3f+kbLd6rMlkH9Cy3NNtqK2k1N8iGbloMoEN4Z8onUBQapfD6QbEzA/WD9Cv2wapsC2eaMh0vYO2Y6GS1YccjN7GJmGFYawLB9gKOWCP6lGgwmXEyiw8sIViL7JOfAmPUuVtNJVXu8JM4P3tijb7qQEpB/fr2uJAhilOzGyiMX1hiLezywkI5GvjlGvYb8jsL0FxCQIW038oCuwN/jQI9zBrBEeRQwaLLbzpVibvxLD/CaWlAJIvu5o6PuPl3WP9CcI4MOZVlLw3UcRmEIanKnUEUVVlGa2eO0VGQQeqi5JwpYPL0Y2d+lQo0P4RM8+kJZRAm3EvpYW2eI3g22reJse47a7kPPe0ODdNKccuCZ8x+gcJwl2Rzicjn3UzAKexcYDMpHyv73r8QsiAkF8l8xRQ/elcy6ddUzi05KcZkipKmw/bcmD4VUlhz3OV5uuOpYfNCxf33zI6A/hOwYa8fqjHBddEGrCwHI8wA9a78YRkJ+0XKvs7r/ZY8MVXkxwKRfrLU5Ld16PKHFVYDzjlSgygqPfQsDbG64+3IX0fYlMDejE+6X5ugQ3KWQUFLTmpAVll/iuGFXnJxyB6Z6/w0/d3Hwun1779k9T59V7rnV+iqUjVFWMrwVYcXSH7wN4NHjRl44aUHYFhdEVf8DN/U6Nej/9sR5MEq3armalyNsaA5fauDRnVzAYnQjsxJb9cx33CSY0cXwbf8U1iIWUtXYxldQxP9A6FfF4qTVBsIXW/Gr6ToYBe+LYLRAgyUs0d35U8bhvHCqK0fxW5jSo0oEeR6UZJLynDtom1u4lijiXQLF9aWFMomo0lhDHPwSRQ3R1rM8uxxja6k+0HUIXQjc6jgOxtzRETtdyhQXblhWkIM3wDpFXOgI+sYqIPi4+HAPKYag8gu+Thz4O6rjtegbxpIxRh0Y8QUUE1aNpPS7hJZ7YW9CgBLyDADq8lcp8FkBZqtprxKaEtiVxEj1ptEIvGDcXdp1oWSI6yYJbOS65FHjjSufXEJTXk2vvfxa72M5Pbo15qZ36vo5xEcuBAfkpfpZG/kQUiLnyQigckfGFKYIJMB6Zu8CUwcaM+GPyzJQVVC1Jt49PsP4zA3HEFw5CouFqfzmvAojK/ad8h600/RqLHoUJfzbyTFDbglc7FJRHwSAHOeNCgL5YeUailevCX6l/9IeKfEv5F20MEYTkNo7CH2ND4VzGu5K/DiWExcDD2dXhm6eSWTJ+wpEmpxsDv6nyRI+9KmmhI9TMvuWcZTyu9/RlhX6kBhMAEfHcXSkKUu26wUBj0Z/wT6c2Xe5qmeoFSimNQ0GxCe+Fk9Yo+aXJRavxyI5usKJJjtGJ0XWPY5iBpNUJyh7OZR3cSbbPD8WPStRePTbPsOP6jqzXlkKkLfFrtmXRFGCrykMPa50NlqIBBr8cfSWkc8sdciFV/5A1OPSFq8QeJeCI7yfkagoYOmEuCToWGdMwMXAo61CEa4Il7efLs1JEI17tlxAON11/qTq5uZMSFfzUzBSI7h1zKSLvQ3XaPs3IiFmiXR6uBcmvxZEp341qlGXL6tbFtiJXvIulWMG/hv/H8qfKhG1Si6Wy6faBOz0EHNQgXzg+vULJ1YhLwXZ4qaJNU/eZJqE5AyV4fyLfR+Y/Kr20GasESWC5V33T6jEvEbY8+s91rQcvUvomv+SnPIkcRY5e03bGPOsU0Zhrb+IWD8oDvTyIqTr1X6JCoTWlq/92cdgYEP1D1Crt8qT308Hg27R+dUOAOSw1OcCL+SGGOVoYU5yL2HuApDuLp6E3+NyamzItJyy1Vy41MUaJlWzwIZL6KHyMBTLNgdxtxfUXlx75rOC6q4Or204ojolAm1dxeaISDTaDk/gnLxm2EnxKBg/tV7NAQj403lt0DzXOVZdTmBGUbhhaclYKpFF0/N0XIrUvXLnPgrxPAzAkyoLGqAm+ywIW0pZe/xWQoYbLSbQU8kf/bIQgOVE6URhFGn5aCjInU3xX3tQ2HF4W28UOP0h/LipzkRz07uPYBUZOiUshxSLcQ1+k+bxLGUnbjAqkhz4sfCLKVrjLKu8S7YSbM4RF9D3qZWTbACmuUKmNLch7zga1Rz0Pg7+7MaGMOvrR1y08WQexpcLESZvMRY3mlgbkKTRkEk+3946ETXs7HhwwDmqwZmFQvbtbf1baXGQbbNrHd1wD6QNsuH5L6PrRZIWNqoi0lHn09/BRo3GxEAy8m6pFBzB/twcpRlWbhDuQOWVDsH+NpwIE24ufS5Ala49W1fnS26H8RSvscH0yCoa5EeI62+5JMFAK7J7ZHb92z5tt9aznpE7xDEYIFLiOSpugRnhtrQVOTNh8L4P5L+uM7zuXbXBWL8q/yknY1sWPkfSwOQgQRdBWPZx9GNmGw9SPTm+cxK39gmR1jhb57kR63TRaFdpbcBakKRa5C6J4U3RAqSGpvNYXPcJkgYAbz3SltX+F1kQYyHoIJfkY5umZviVM79CH5gfVuG3EavFlg50D+sDHyS8cr9zkqnS1vRJ+4UFaP7qwPjA3sqsQhZR8ogyvk+xgt12K+wujA1uml6zOHWaBDZ1MVMPjwKhk8+WqsjLB/83Fl1UF/gafYbteQ0Ozxxz69LTgK+SCCdA6v3VuHBiWIqprc0Z7MgxP06LGSq2vxbZ1ShGsxflWhcJ2lp4Z5XvIpA2txE9Zd6+FGvRFuTtnEzrV1B2hwnXEz8gN8Wt24lpn7NpaV1WYtcPRXcn16AFQH/W2CQRuUcu5A6sT9C0hqqSxEbHX8jmw9ljPYQlFdxgbK/6xUupoy2ARMHbuN+sExqywC8FSWgEqxF8E6Lt0bRSxVmz5fzAy4WnBqzAG6YsiRunilolDN/j7Y96IO6f48XjUigSuBtmFBDachaIIBYDni+ijw8emNg+/E2zf3rd+ank6mcWlBRBzl8gt0QmjGtJ8XVOlv/WMU/pEuHEYJjLLf+pFcGsHb1+WcxjDiNtp52vYYLA1oPbLNV7IOs4bKR8dDXnR07JrM89yYDQe8/LZbo/NbPFSXFQcgdT6sZrFtEq31m/zYaMl2rfiUB1cALEJ7fUelLVjtcjNtV6hkPW32vZ2osIsON5/7cDSm+KyY8vjU6hf7dwA/4MLBjbiR5rwhQZ28NoL95RQ73LTtg1Bepti8+ycP7uwue9911rmtecSPzU5M4CMwjQ6epSmZbSvV14VdSdIb3gOYbci6Q74AXaeGJ5P14YWPBkJhdTESmMzhDX+E7kBzBceOqf0Aa0sZRFSRyBjYJA37TCKwAoreBKpEhAzRc2lxtfqq63ZL462vW7cFsozlIN7LSrS/0i5X5QocHq+Vq95ol905/eUfL60U4+ApJIr7zBeIhxcw5JTc3C1Bf4pP+l+0VnFF+9rURYDGs+JslHPLP0ZScpLd0d83elqaV5EzDQM2BZVKOSu9iEOVmwIWXl7EADrKJrgqehc75QbwowZTrLPqX5i0miMg4DNri6zWhmkI0ER1EngmBv1CYNBWPtgn9hORbD263zj6dsUUSuyHFlGESRQrDYlpdJ/4sJrITX5qP8lfDiiNhxUjt5YZdd5JJsrINTEpcoTAZAWXQ6QlCudqcwlH/qfzFirddVeO1c9WGH0ZgnVqrBbPBlvF6flq73uMBn9xqvUo5jyoTEegoXGjfjMIoF4RFlQW50/0HvRNGJtQiGUjdYiG/QDWyIJN25uI6/k/yixd1GcSUgx1sUQSgIckWM0PJjrgA7WTch2PSLfY3YT7FVArLVp4lBvUX0LZe4J33rMnUTqVhZC4KhBW6yOdibhdzhWXanTfMf0fpsiKIe/0VceBO6cdNQFpn+r/vqre/x8i0FymcSgYc2dZ7IzXP1di5wdrwS+6p75UpjyROK/x0lkFZ26RY0BRpYTBMh9IZ8/ELOp0+DFpkW3wt5o3h3/hGzmA/a7LnZvORCe7lLjBT254H2kpPYEcnLKQzcycWBcpfNmsnpf0NfXf72Eb+axgk7ZA/dBGq5HyLTn0kgGxbkRuOLyJkt97QE2P+r7pETxn1ebOPpwnZz7PR4FDHJxzfNuIOmyobYGAalwYlcmfONXirV38Ch9KIRtPU7hz1uV8j1C3/+myj/Sckv5vqbFhoFIvQpkHHiQxa2cx6gbVtufU9pp/ga13ljyp2nd3hr70qHdebPc+lhcUkxVBlWzo6Xs7U3x8YENtSFPcbnd04WpG0gkIMoqF+RwGvooJJZKBt4w6EqSdevsBNsDPKT6cGlWk6cp7/WP5QzJfaWh6VQ/G/yopnikg16GAMWUwRWxNfsbLWlVgcA4d9PtXaah9ngclZwAl+CTnAzB9fjMb9q+4E3II9SWnUmSMKvQYjHWT0maBBCWUcaKvBnFyqVjpOva1es7aai+EPdjKR50lxcNTaSySVwwYjLqT4PnW0QGfIK0LX6sh4j9ah9nfdWrXxWTtTZdtC/gX8gE3c3cvbkGVzulhkZWIboFWEfTf4j0dcNbFHF7HDD58nBwayFbx1TNamjg8TstR95/mxxVYlnx7TsTdjl/sFPv6XOkRTKFVO323ss2a8Wy3wb+rST7WNHDLfYQH9G0QmReHDbYm9MgV4DB79MsOayhMT+kF4YXLBwja86m3VzxFdo4FCEReMpImDD7H4A4rozt65E2Yjx1wG/SzZ9VunWNW5oxrmuLJsxzrHB0KlbJuseKO/c/2439ui1QMtUcHh/4Yu5c3HSAYTAHWpmobG7AqgTIGKKgBa6nV/tyCs1peq0QdkMUOXBsHGiJ+lw7ZGLEipAGjTjjejsXdADhEux710FCPfoR8FTrtflhsvp+RpQGdMS/X5YdOVvGDR1z52PMg/gohBr4779uN1tXkH0fk5NSjNKTG6zvTejqRDoDHUj4hXnvM4yxEDpfg+OTOQfg8os1A63pN0Nq6i8PIBwMKmLXXD6qdHOlgE1WsMGqIEL3EfptSmnmQG4SFKeajMX7Bd+PYiy7CGGGA7Q11tlq/mD6kw04a1HIfJ5W4lv+SH7nddpvxsP0sOa0ma+GbMN4doP+nNRAAnhis3rXHnSDQvYAEmA4mfatdX3k/DhBf5DPwJuIiV2zeYUU/i0tJ3rliD4JBHEf/Ne+QIDFziZKxlP3SMopPCdJJ5QKH4p2OT37zMElw8Y/qVIuISshQpk/XukUlDYCxwx43HSjwReBJrRfIH8MoG+eqEIPqNQun5nOhaBwDEiBDU6gRyUI6surUljl/zQ68vMvqd0FFCJ/84yH7MhWaFeA+jZiC7J54FVU7dlliTZ5FLYmZTX2x0i7NpUDmEjY4t4oqhRlxpST9z8ReDTG+VYfFgkTCBZgaLNYyYplE7YaGbo0HBmiFMlaR3F0indwCH/5+CpFxFJ+eZYCmgtXcwC1Anlxi2Oy6UcHI1qJyMbJWur5dzlf0dmsZixcZgLy79cqyL2pR4wQnoSh83neJC4CxOe4axvDClupZMmSI42H55WnyGFUHOvcpeWTNj8mAQq9wvHx2z79KkZpbIR8pncQZwyJK/ckhPwJF/2df4oItdnR/YyNeKACYogGSeXiJhcCGsi2fXRzt3pPs5t4KelumZX87xKnsbuLA96H9bSnf4kjK8u7Xrls5DGjF5dS6vXM7e9GRT9x2dzTQ0JKGcPKwRJGpv4x3zr4q6nGoZSJmXVTnt3s9hhr3RWUKo9kAYbH5nPOUCtI4Suiu2wfv/XgBVhYcw7miU5wFU+wlCdxzrMv4KHBiEHZbMtQDv/ro3v2h2oxtONQe77gdg9aP53hruyISW4TZrlAum8djLdk+0y2z5tzxWMstG8htUhL/8kdG9b29yGwAdiDcr+mCmDBX3fc6xvVnWOOxjZo5sIc+k5Hszzso49+hh5EU7a0KnYnzKmsPoYlEeYAnwsCYeECfVQG6YoWmdZstIU/0e73lRKkalzPITdwe6mHrA0TpkJIbxTA58VfYfaR2MJWZB52fC9i6h7YmskK5XJ4jJDYb6kYwzgeHlZbqY5GkIUkYa//v1p6oPCwisvdkwOi15JXCx02X891U/TWHN1K1uIvWB0g7Cf5A6/ieX+yXRRn1DOZ03K4qrQZsFhqS/PkxpRvmJMy6KLBvUCAgNlo3KonAKych1P2pE6NOr9BzE61XN4DVSW3FKLRCa96tyE58YtSsvwwTkJZmZgQtrW0v/h/JJ9a12mU11TZUwfsrkgT0m26Dwax1JCbx3bxBKROCOWTFBtCh1RQXpdkyH2C5mlMBBhE4uN5VXNyZgEbMZaEQnnWpvrtlNRe1Tdzvdla0z0J9ve5ytOytxZ/zrWJBnXJKlpMEE5pghxgPFjLcrQaA4QklAnEqlxuyEIjv8bTtzke/qI3rMcjlq3O/ywnoql1fYf/R34KiZ8KjGw2CvC/4vdd6YOlchItPYotB14/wPJMZUsUPv3YxnIQOzazbFv3eaIzgAHTna6ghUPWyrcmhtbJ6HnrYa+26Qq33SEY8yLCnOOyqrn6qpLV33AFePiC7WaRkuAWilWss9TXhhSYMqf+fUObh7nr0f2ZvUNpve6XjWQCwToB6Ck0Ekq396aA4+EWOBlGtyGDm906KFuIjSszZekAQOTFYjjrb+QnxUeOlW/UZxxyXU4lL7uHtQbNzA7xtbQ7MvlZRKQyYC2fYyXxEF1yNI6TwQBqKz/rFFmQxdmDF/w1sduclggPZW7TRRK66V5EiqrwHyHtcQkAAIW4pSpiPqa5YwqT6ZgB2hVyzddXceoTVVf1PbPHTqMNf2faydZCLWFogiQniGo8dP4vuRYUNiYZ8HtWjm6/iYrFV1ywhaS5oF2kteYJn8buKCPoGYUDjJEH8nOogo+t1zZg2GmxxeH5C8x2yGtoh8mzlX9d1dckPIEwsA6Op01onENd1KGoQYgRGavWOWPsxHxqIOjbe4Tnx9rYWMI7MwUo6uxpXm6pEdNCZG/++2FSS+X/RsV0Db71IvFM2XeWsFqb+It47jpL7R+S/7N80RL9nJuCCQo8jdZ2+J3mqSE9urmOENRMI/wNjmNv7u1HZigZtbVnN9hU2sC5JfpNFjEpp49dHwLV0gqLzqKiA6yNiuVeoS/DefOUR/28c1Zmdx6aflCNwNVRbRyK01ZaS0gn4tKkTK8ejc7bBRyu89J8KDKGTtQa5wA4GhbmjbmK8hcCUVv3z1FojqB3lykGvUb6piGKZRcpTfgGXtGnAt/yqnLSZdLH5nDhwJmqH4n4ygeSkUKEaFgfcf4NZ1GiS/BavACcT/Er3C0n+hjsyw8dKnwkKJr4zs8e3S0hseRyqfcTyiSSF9RApsIqmoBrIFvoMZmAV0QVkVXl1GjB4uZJiJub9FDHSd0rMIyaqbAtppcbcyUEbdJ2q0B/bhtOhRqgFf2O9rWDV/Ht9/sVfZTAXNxYvwzy0ZU5uqfAtZg+R2JyDur/8PpPpgh7NXT+cysG2SCoDNRF0CI/4WRwErGPCI1RWrQkajhPwYBikcYvHS4Incv0LXsLfTT+0fFq0Lz0gwbiBNOnfL6IhGt8iIRR+lctd59iOZWVvX4Od3rnAEbuENjDyErS8ME7lNwSGvitk7k6p6a1L7EVYLtrghJj3x0L9p+7heU38ixUjSGjJtyPDUX8wBX2Rc3OX4WSP3eMufA6LCabhZCgRSmhnQR4Yf1lmgfHLqUoL9rglCbO0uvW8jiBPIjiXPqWAg8RPapkwwtdpEMD9LLdL5tzm0a2GQbUzz/2iZz1UrSww011x46maLXX3R8nX7ux6NH9ttQUNvU4RLzG13sK9nusXBhqUwzY/SDg7EDG/xNOot7KOGFHSbcfvZYeMvsims/j+e1VBqCxQM2DjKxLqMVIdaHUTz9SNAYMB3RBD/xTElUH2dMG8YEVKU2vbE/pJUCW8Bzn7qOTEq5kFleE0lZUacqwFTZPNQn8MygGzPRV+zsPExphXdrw/y9VYlv/Jv9K7CtMoYi8FZSSHZW5FOZ0VN1fi1RjmUdJbtNo+wnxvM6AZxHu8ktnZdCot8dLAyPhWHfikrG5RnRA6L5NUhdwkp2hdF3jNBfyfwQzgUZQoQuRWhwBZT2w2JSitWXJc7DkKxOFQbUBLKvfkpsGU5aduDjBTR47Y1DlMBzdhoPf1etKt1bHeAXBbc+yRZWLGjpq3oT7QKLlgp0MqvoDOqRK8ohgcsDCd830VDkyxB8Lb1zRApN+ls0sodlqf/Z1KwGPGQRuQR1I41Yo7Pqz7zgER6a4nimQb+wtzzMHUrDYA8ItaTUwlZwVuHUrfKxT9r3eANpcVY/AR/YEUoe0gY7wGkq0por4BMO8vR6iC/bsPdbq6OT1yjjWy+XMzEc6iURXdaJbbzTFL9MTjWv/PlGVcLvvZLN+jvXpLjPcb6OHwMu3IFivhXM/vQih6PQorWDIiC9ffl0YfphbiOD8/94e/BgPPzjGFJ5NKZsVaM4D6FMAA86RO3j7/JDg7vQeYTtTMuzVumpaYlqCHkKn9KGt7jLaplhNopNlDzfv1BmY8begvrDQHjJkZNGbufTZDjBjb75h4DtMO7N1xcZkysiGRnk8KxpPHce7YXFi9nwlTqxdCMbdHN+kaSYHGJW7+I5M/t0xD6GsprOXWE2ZW6MxcjWZVP2YlmRdEriHOEleNH5RPLrYk2+9k/8uCHW3IPdoSBy9CIP8DLSQC1VvY0F7qTWsjv9v90UPDufsOq+DCSl+Cb4D1yEugt00uDJV5klNET45+iCA+B96N0qaoIn/oKPAfrkBeCOtTp+vh6fSF4pbaw08i8bO9g9HXWCdI7IXtOoTJ7TfBsnb5t2O+BXBI3pMJimejmT4BfieaMfkBowCoF7alR91bAgh3ncD1R3yQz+GQIy/ZsPn5h+teXhSGGeeuU2K0i1H/ogKz7rAoG44C4mBhXey9fJ2i+zftj2v/rY197bUHZHL8aZS3GlVW+UODposrrMQfPy7oDz13jo/LeZMRoYW0ckDQhkpL3YKipHOrc1ukTtI6ZaImJ0Ub6KUSgVAa3zCAkXw3yivzjBXjM/cZwj4MlHBCYO0+Ty/v9f7XS/JqHOx8e5+Nk9LfwUUJSN634WK+C42ptV8jS2WBZDykBB3HkCXHI2cWMJCt6K+YGUxOu1eL3zZTEyYQOmRsbv3ymRroFbGkPuB4RpfxpyXb0NhYqLGSGiRsh7iTpNYaL6LnOcBm+BGycbgbgp2oLvmf6nDMTJScxJ+aqSmRIygGyr4YHaNVwKN1W9S0eo81WZRtM3KPKXkOxqic32mpP6IFtsas2h3XoqemsA6beY7JowRYhcQKgHW77FYDvH00C9jDBC6N954K9L4tIiRKk1wDY2zGh3e1q4cpPFbY73YOaUFwpWGU0qjzwuzZcpsXi9cCfFf6vPVBOE7CGOvvLCbaRZt+2gYyHk0qDxDkg4m9J1QapLUCAC5GWUzFEIqc1qi7tmwfjel8bzxy/Qvo/69/2YLUjeve6ogC1wpQVGmN+XNBzC23LhjGlvi2Nxmulhvlayj8Y0zcLjGAmwHL+U+sGTiTqr3YNhguMpr04o89dCOHXfipduVQz7z5y9KUVprVZFH4DImKCpv3HwMwOSbrSzwipP8rxYOrzSRsKNV8Je7qVGNPKcGI+R42Tjpnq8DLus0WnMQ2jW/ojN+RizcJmf0V6qgXZ3iFlx+sKCrNpJged725N+NnOyh+usiQSzdC0jxuaXLAJduygAfu9T110Icha003OA2Dds7C7r//ixJF5wHZwETEiI1XeCCSLSsxsaPwIzce//FtpopLC1iwF9TloA5w157yf513PxGaO0Ty6HoX1gqD/ixBxqOQOv0cj0c90k65VTK00Zn3HM4MKatMd+efl8XqNzeCQgFY9ETa9uoJJIbviPV98VNncoI8zFW/rwO/YxJFxqBuIIywDXrQoNIRuMUr7gSp1qhV1N4mu9U/hUv1tvfDbPA/lDtCH8OA8l9jjYC9SWF0AKLpLVOMUqLgTBeB5oJkgGNl6zYVguiN0bIirPNIl/vu7aCms2uj/RB2NASbudPJdUmF3J9ERFegmMkh+K/ZNkFvCHOBr4kk9ymlOffTXCOQmoSMKbPuzcNokMg4jSH9qJeYn61SbMcLviQVGUG9BttePpemwkbagNYnkw7P6RkYlQK3PsYkE4JgtvUiRevEbOq7559029QCjuSWmDtMt99fC2oUV7OX7cwafz7Tea29DjSFZvId0T7G83KyUlyQNzZr5Wy4rRQcj34KCMUldH12Dbqkj91oX9ka04Bn2coQNUf/9y43d4tbRKS+Et561F024jR8QzO1DFeOy3mNKGgiu18qGjFIgo2XE7PGcm/Dxo7R9PZIPkNMIHFHTtk6J97ZVzXgHSFQUq3vm1Jqq3cYnxLAvCXzZSr81yj1AjQeUqm73K/GXJqP5je0TatQAighosX8dzmH8kyNgFxZhhMES9P7EtOqRZXlmcXjQn7I+QYakBn5xlZMiEOK2VjxmepBJb0QhAdl2M+PfyEKU+yhGh4cFrNa3bLl3oF6oP/WVojZXqTu8YLEu7txMxpnP9YJmBTedpvy2xav6qFB0j4Ch8blwVDJQnlmp/SxeKAU6JUoTQJXM+8v2a92FBpCblbmPrtgE5qUhj3sANPqnR6HiSGqnn/wLROA0wYBbsrOJxIsWSM405HV7lxUzmq8uiRfRRcjrm0wZnP1thL0tMQnMPjkHKlLP/4l3l9Qk6qpnPaYCJb/USkKAlj6juD+2P4r+UtZVhMYIXllomd5u3ORlo7H3rHoHf3LLZXHAhM2juwWNj/bGBcvzjSrLR/81ake+OH4i29H/+UkHQcmAxlNMjDwuGX1qWOOLI+x87TSPuO+u3f8Fz0sB7At++4M9NHl2OPi0MlJtRaNLsdj15D2MmfeJ2LhhKLaknlIdKdhTKaGEjq81+Jja8QOtsCrGoWmzzWOSYotNK66chci39bmG3mH76SdzcOV7jTLxsJu6kw6QOlwIr3RJ1Or3zkYP8iDT9vTBmg+Fm9xnTTam+hclS0pDt0Wbvcc7r3WnftGjqUQ51cwtX8aibRb7d7NmVDAz/w72Tdmwmt7S93L7n6d0xl7dwvodgVL+iPo9Pu3qJmMYhVFiMBiMKb5lGwHrTNu2TL949/Qq5gFDUbqG5hQI/ekerve4va2m6t7fodSBjJW+BI2VuxKqC63PbttwBqEA7uPM5H+UXwaQbD3Jp/Dm3rnDJnd0XUcAcE98orlWGxktcsVOoBAweNfVIGAlJzuuXum11dvEXRDXkeJEXzBQJ4sDs/YrQjulYcKtqzCG4bQaAg1pYggLNstTTCSM3AwCYEeez7HrgqcUXTEk+B1VH56lFJXuLa5p+GMucPVf0DHez0WVBK2cxUoYTOOxyq4XsXMwZoRNU1kCvSsyrz+OR/Ic3vFn9QKgvefySsq3w1SRsurshSi2cRcgzaRFlyOm8L0awpmp1rIY6C6j9BAo/jPVTmTsJG/QbV1Modg==&lt;/Value&gt;&lt;/TokenEntry&gt;&lt;/Values&gt;&lt;/UseKey&gt;&lt;Claims&gt;&lt;Values xmlns:q1=\\\"http://schemas.xmlsoap.org/ws/2004/04/security/trust\\\" soapenc:arrayType=\\\"q1:TokenEntry[17]\\\"&gt;&lt;TokenEntry&gt;&lt;Name&gt;SessionKey&lt;/Name&gt;&lt;Value&gt;qdM0PlvTqJmqsNqMihrRMZVIMRaM9xxhKmhrmsNeorYtSexkk9yDR/gXA6bogLjOMveTUwfwuVw6I622rBA8xDd+29yfMrxcTVdV0AfcWgNJWyy+8C4uARiBTMqHvHAqIWvxFtWDPzEFFijhDWG0yVhOqSF10RDjST5aIIidqpzj4NLjUkjrL4Pc8Pi8VTAXVnxWSDXMjeJUI0uaMZheBv/zFEOzBi6S+Y1IpapPqiFngUTCva17rzEbxir1EAU7rElGxOoBkIFe+1ORxAZD9ZADYJ9JWkC3eyx9eECNfSF8yMaN7xYFbjM6KkYjh7EYZ5HMb7oUgkpRp0ffewLqNQ==&lt;/Value&gt;&lt;/TokenEntry&gt;&lt;TokenEntry&gt;&lt;Name&gt;BindingType&lt;/Name&gt;&lt;Value&gt;EbTeZ2ynD9U54VtoiEc40DyQEY8G5uXhCtI8pOGy6Ns=&lt;/Value&gt;&lt;/TokenEntry&gt;&lt;TokenEntry&gt;&lt;Name&gt;Binding&lt;/Name&gt;&lt;Value&gt;uJAktoWps6jgru7QuPs1Nd5HWN7khz1T5kzAaitV3+NEfMrs90h204X0Pzg8M9DQVYgNKE+C1TK6KGRPcN4BVzYm+OQT32VvZluWhpuBj40=&lt;/Value&gt;&lt;/TokenEntry&gt;&lt;TokenEntry&gt;&lt;Name&gt;ProductKey&lt;/Name&gt;&lt;Value&gt;l/OndV4KUa6fXlY0jKQFQnJ+hS4QCYU3EwP9PXUxiGo=&lt;/Value&gt;&lt;/TokenEntry&gt;&lt;TokenEntry&gt;&lt;Name&gt;ProductKeyType&lt;/Name&gt;&lt;Value&gt;EbTeZ2ynD9U54VtoiEc40BygL1+8QTVWwGNOCNrQc7A=&lt;/Value&gt;&lt;/TokenEntry&gt;&lt;TokenEntry&gt;&lt;Name&gt;ProductKeyActConfigId&lt;/Name&gt;&lt;Value&gt;6XxNdlJAoRSvafJqBpGLQDWd2nqhGHyeibQ6NwYWvkkAkvkk6xlyvYjj7qUbZjleQZSL1F91FmBTj1ODejf4Wm7DhSnaS3N/oZXV/dLGTKw=&lt;/Value&gt;&lt;/TokenEntry&gt;&lt;TokenEntry&gt;&lt;Name&gt;SppSvcVersion&lt;/Name&gt;&lt;Value&gt;hWYQCYmqJeXeTVc84loDjw==&lt;/Value&gt;&lt;/TokenEntry&gt;&lt;TokenEntry&gt;&lt;Name&gt;otherInfoPublic.licenseCategory&lt;/Name&gt;&lt;Value&gt;lXZ1TeY6o9MFqfdiGy23NvU+6xreP5JLbffN4lELfvo=&lt;/Value&gt;&lt;/TokenEntry&gt;&lt;TokenEntry&gt;&lt;Name&gt;otherInfoPrivate.licenseCategory&lt;/Name&gt;&lt;Value&gt;lXZ1TeY6o9MFqfdiGy23NkEL4K4pKn0/IwIH/cXc/gU=&lt;/Value&gt;&lt;/TokenEntry&gt;&lt;TokenEntry&gt;&lt;Name&gt;otherInfoPublic.sysprepAction&lt;/Name&gt;&lt;Value&gt;2eq32UYgp0oJf1pHjn+DcQ==&lt;/Value&gt;&lt;/TokenEntry&gt;&lt;TokenEntry&gt;&lt;Name&gt;otherInfoPrivate.sysprepAction&lt;/Name&gt;&lt;Value&gt;2eq32UYgp0oJf1pHjn+DcQ==&lt;/Value&gt;&lt;/TokenEntry&gt;&lt;TokenEntry&gt;&lt;Name&gt;ClientInformation&lt;/Name&gt;&lt;Value&gt;tDQ7V3qVqUOqF4tw6SW+RRJZSDiuCqeI+/kbM8Unz/KydfJ3mzWnKOLqrQwqIkaYx7YGFaqaMt4A0XC0kODFhQ==&lt;/Value&gt;&lt;/TokenEntry&gt;&lt;TokenEntry&gt;&lt;Name&gt;ReferralInformation&lt;/Name&gt;&lt;Value&gt;p5+ltWvKGhuzO7JicpWKZFVjPqec35/4VBWQ6ncmqFW2V3symPM+sDpICV5Ypkmk1k/AjP06ELOVi/do0xZGKg==&lt;/Value&gt;&lt;/TokenEntry&gt;&lt;TokenEntry&gt;&lt;Name&gt;ClientSystemTime&lt;/Name&gt;&lt;Value&gt;khJfLF6JlMFgqQ33BDfFZGyscot8D54BudAVgZ6bRA4=&lt;/Value&gt;&lt;/TokenEntry&gt;&lt;TokenEntry&gt;&lt;Name&gt;ClientSystemTimeUtc&lt;/Name&gt;&lt;Value&gt;khJfLF6JlMFgqQ33BDfFZGyscot8D54BudAVgZ6bRA4=&lt;/Value&gt;&lt;/TokenEntry&gt;&lt;TokenEntry&gt;&lt;Name&gt;otherInfoPublic.secureStoreId&lt;/Name&gt;&lt;Value&gt;2gqaMIShn93+KmbqJGfEt6XeDBdcBWmUagZyWFMlojKuabx34z9VPpbm7gwymK4n&lt;/Value&gt;&lt;/TokenEntry&gt;&lt;TokenEntry&gt;&lt;Name&gt;otherInfoPrivate.secureStoreId&lt;/Name&gt;&lt;Value&gt;2gqaMIShn93+KmbqJGfEt6XeDBdcBWmUagZyWFMlojKuabx34z9VPpbm7gwymK4n&lt;/Value&gt;&lt;/TokenEntry&gt;&lt;/Values&gt;&lt;/Claims&gt;&lt;/RequestSecurityToken&gt;&lt;/soap:Body&gt;&lt;/soap:Envelope&gt;)\\n00010002(0x80072EE7, 21:02:18:449 - &lt;NULL&gt;)\\n00010003(0x80072EE7, 21:02:18:449)\\n\",\"Binary\":\"\"}}","Channel":"Application","Provider":"Microsoft-Windows-Security-SPP","EventId":8200,"EventRecordId":"548","ProcessId":0,"ThreadId":0,"Level":"Error","Keywords":"0x80000000000000","SourceFile":"Z:\\usr\\lib\\wine\\Artifacts\\APPLICATION.evtx","ExtraDataOffset":0,"HiddenRecord":false,"TimeCreated":"2024-05-14T04:02:18.4497353+00:00","RecordNumber":548}
{"ChunkNumber":5,"Computer":"DC01.forela.local","Payload":"{\"EventData\":{\"Data\":\"hr=0x80072EE7, c1a197b6-ba5e-4394-b9bf-b659a6c1b873\",\"Binary\":\"\"}}","Channel":"Application","Provider":"Microsoft-Windows-Security-SPP","EventId":1014,"EventRecordId":"549","ProcessId":0,"ThreadId":0,"Level":"Error","Keywords":"0x80000000000000","SourceFile":"Z:\\usr\\lib\\wine\\Artifacts\\APPLICATION.evtx","ExtraDataOffset":0,"HiddenRecord":false,"TimeCreated":"2024-05-14T04:02:18.4497353+00:00","RecordNumber":549}
{"ChunkNumber":5,"Computer":"DC01.forela.local","Payload":"{\"EventData\":{\"Data\":\"55c92734-d682-4d71-983e-d6ec3f16059f, \\n1: c1a197b6-ba5e-4394-b9bf-b659a6c1b873, 1, 1 [(0 [0xC004E003, 0, 0], [( 9 0xC004FC07 180 0)( 1 0x00000000)(?)( 2 0x00000000 0 0 msft:rm/algorithm/hwid/4.0 0x00000000 0)(?)( 9 0xC004FC07 180 0)( 10 0x00000000 msft:rm/algorithm/flags/1.0)(?)])(1 )(2 )(3 [0x00000000, 0, 0], [( 6 0xC004F009 10 0)( 1 0x00000000)( 6 0xC004F009 10 0)(?)(?)(?)( 10 0x00000000 msft:rm/algorithm/flags/1.0)( 11 0x00000000 0xC004FC07)])]\\n\\n\",\"Binary\":\"\"}}","Channel":"Application","Provider":"Microsoft-Windows-Security-SPP","EventId":1003,"EventRecordId":"550","ProcessId":0,"ThreadId":0,"Level":"Info","Keywords":"0x80000000000000","SourceFile":"Z:\\usr\\lib\\wine\\Artifacts\\APPLICATION.evtx","ExtraDataOffset":0,"HiddenRecord":false,"TimeCreated":"2024-05-14T04:02:18.6843222+00:00","RecordNumber":550}
{"ExecutableInfo":"explorer.exe | \\C:\\ProgramData\\Microsoft\\Windows\\WER\\ReportQueue\\AppHang_explorer.exe","MapDescription":"Application Crash","ChunkNumber":5,"Computer":"DC01.forela.local","Payload":"{\"EventData\":{\"Data\":\"0, AppHangB1, Not available, 0, explorer.exe, 10.0.20348.558, aac38ef2, baaa, 134217728, \\n\\\\\\\\?\\\\C:\\\\ProgramData\\\\Microsoft\\\\Windows\\\\WER\\\\Temp\\\\WER.80236430-44cf-4916-bfba-a1d4e9b5206d.tmp.WERInternalMetadata.xml, \\\\\\\\?\\\\C:\\\\ProgramData\\\\Microsoft\\\\Windows\\\\WER\\\\ReportQueue\\\\AppHang_explorer.exe_14a7c8eb37fcb9a43b2eb8e4f888efc511b812bc_9a67017a_d5cae3a1-e6ee-4c10-bd0f-a74325502147, 0, 1d9debdf-10e2-4be5-8b69-2e79c07655e5, 100, 0\",\"Binary\":\"\"}}","Channel":"Application","Provider":"Windows Error Reporting","EventId":1001,"EventRecordId":"551","ProcessId":0,"ThreadId":0,"Level":"Info","Keywords":"0x80000000000000","SourceFile":"Z:\\usr\\lib\\wine\\Artifacts\\APPLICATION.evtx","ExtraDataOffset":0,"HiddenRecord":false,"TimeCreated":"2024-05-14T04:02:19.3557497+00:00","RecordNumber":551}
{"ChunkNumber":5,"Computer":"DC01.forela.local","Payload":"{\"EventData\":{\"Data\":\"‎Monday, ‎September ‎18, ‎2023 1:01:08 PM\",\"Binary\":\"\"}}","Channel":"Application","Provider":"Microsoft-Windows-CAPI2","EventId":4112,"EventRecordId":"552","ProcessId":2952,"ThreadId":3176,"Level":"Info","Keywords":"Audit success, classic","SourceFile":"Z:\\usr\\lib\\wine\\Artifacts\\APPLICATION.evtx","ExtraDataOffset":0,"HiddenRecord":false,"TimeCreated":"2024-05-14T04:02:19.8401499+00:00","RecordNumber":552}
{"ChunkNumber":5,"Computer":"DC01.forela.local","Payload":"{\"EventData\":{\"Data\":\"c1a197b6-ba5e-4394-b9bf-b659a6c1b873\",\"Binary\":\"\"}}","Channel":"Application","Provider":"Microsoft-Windows-Security-SPP","EventId":1013,"EventRecordId":"553","ProcessId":0,"ThreadId":0,"Level":"LogAlways","Keywords":"0x80000000000000","SourceFile":"Z:\\usr\\lib\\wine\\Artifacts\\APPLICATION.evtx","ExtraDataOffset":0,"HiddenRecord":false,"TimeCreated":"2024-05-14T04:02:22.9186694+00:00","RecordNumber":553}
{"ChunkNumber":5,"Computer":"DC01.forela.local","Payload":"{\"EventData\":{\"Data\":\"XrML 2.1 License - {msft:sl/EUL/ACTIVATED/PUBLIC}, c70c28d7-2319-4b69-a19a-0fca2ec54b78\",\"Binary\":\"\"}}","Channel":"Application","Provider":"Microsoft-Windows-Security-SPP","EventId":1004,"EventRecordId":"554","ProcessId":0,"ThreadId":0,"Level":"Info","Keywords":"0x80000000000000","SourceFile":"Z:\\usr\\lib\\wine\\Artifacts\\APPLICATION.evtx","ExtraDataOffset":0,"HiddenRecord":false,"TimeCreated":"2024-05-14T04:02:22.9495192+00:00","RecordNumber":554}
{"ChunkNumber":5,"Computer":"DC01.forela.local","Payload":"{\"EventData\":{\"Data\":\"XrML 2.1 License - {msft:sl/EUL/ACTIVATED/PRIVATE}, bd0fb604-9840-451c-baee-e769ee1029e5\",\"Binary\":\"\"}}","Channel":"Application","Provider":"Microsoft-Windows-Security-SPP","EventId":1004,"EventRecordId":"555","ProcessId":0,"ThreadId":0,"Level":"Info","Keywords":"0x80000000000000","SourceFile":"Z:\\usr\\lib\\wine\\Artifacts\\APPLICATION.evtx","ExtraDataOffset":0,"HiddenRecord":false,"TimeCreated":"2024-05-14T04:02:22.9495192+00:00","RecordNumber":555}
{"ChunkNumber":5,"Computer":"DC01.forela.local","Payload":"{\"EventData\":{\"Data\":\"0x00000000, c1a197b6-ba5e-4394-b9bf-b659a6c1b873, SL_ACTIVATION_VALIDATION_IN_PROGRESS\",\"Binary\":\"01-00-00-00\"}}","Channel":"Application","Provider":"Microsoft-Windows-Security-SPP","EventId":1067,"EventRecordId":"556","ProcessId":0,"ThreadId":0,"Level":"Info","Keywords":"0x80000000000000","SourceFile":"Z:\\usr\\lib\\wine\\Artifacts\\APPLICATION.evtx","ExtraDataOffset":0,"HiddenRecord":false,"TimeCreated":"2024-05-14T04:02:23.0122861+00:00","RecordNumber":556}
{"ChunkNumber":5,"Computer":"DC01.forela.local","Payload":"{\"EventData\":{\"Data\":\"\",\"Binary\":\"\"}}","Channel":"Application","Provider":"Microsoft-Windows-Security-SPP","EventId":20488,"EventRecordId":"557","ProcessId":0,"ThreadId":0,"Level":"Info","Keywords":"0x80000000000000","SourceFile":"Z:\\usr\\lib\\wine\\Artifacts\\APPLICATION.evtx","ExtraDataOffset":0,"HiddenRecord":false,"TimeCreated":"2024-05-14T04:02:24.7622639+00:00","RecordNumber":557}
{"ChunkNumber":5,"Computer":"DC01.forela.local","Payload":"{\"EventData\":{\"Data\":\"\",\"Binary\":\"\"}}","Channel":"Application","Provider":"Microsoft-Windows-Security-SPP","EventId":20481,"EventRecordId":"558","ProcessId":0,"ThreadId":0,"Level":"Info","Keywords":"0x80000000000000","SourceFile":"Z:\\usr\\lib\\wine\\Artifacts\\APPLICATION.evtx","ExtraDataOffset":0,"HiddenRecord":false,"TimeCreated":"2024-05-14T04:02:26.1840961+00:00","RecordNumber":558}
{"ChunkNumber":5,"Computer":"DC01.forela.local","Payload":"{\"EventData\":{\"Data\":\"\",\"Binary\":\"\"}}","Channel":"Application","Provider":"Microsoft-Windows-Security-SPP","EventId":20482,"EventRecordId":"559","ProcessId":0,"ThreadId":0,"Level":"Info","Keywords":"0x80000000000000","SourceFile":"Z:\\usr\\lib\\wine\\Artifacts\\APPLICATION.evtx","ExtraDataOffset":0,"HiddenRecord":false,"TimeCreated":"2024-05-14T04:02:26.4964546+00:00","RecordNumber":559}
{"ChunkNumber":5,"Computer":"DC01.forela.local","Payload":"{\"EventData\":{\"Data\":\"Security-SPP-WriteWauMarker, 500\",\"Binary\":\"\"}}","Channel":"Application","Provider":"Microsoft-Windows-Security-SPP","EventId":1034,"EventRecordId":"560","ProcessId":0,"ThreadId":0,"Level":"Info","Keywords":"0x80000000000000","SourceFile":"Z:\\usr\\lib\\wine\\Artifacts\\APPLICATION.evtx","ExtraDataOffset":0,"HiddenRecord":false,"TimeCreated":"2024-05-14T04:02:26.7622982+00:00","RecordNumber":560}
{"ChunkNumber":5,"Computer":"DC01.forela.local","Payload":"{\"EventData\":{\"Data\":\"\",\"Binary\":\"\"}}","Channel":"Application","Provider":"Microsoft-Windows-Security-SPP","EventId":20489,"EventRecordId":"561","ProcessId":0,"ThreadId":0,"Level":"Info","Keywords":"0x80000000000000","SourceFile":"Z:\\usr\\lib\\wine\\Artifacts\\APPLICATION.evtx","ExtraDataOffset":0,"HiddenRecord":false,"TimeCreated":"2024-05-14T04:02:26.8402714+00:00","RecordNumber":561}
{"ChunkNumber":5,"Computer":"DC01.forela.local","Payload":"{\"EventData\":{\"Data\":\"55c92734-d682-4d71-983e-d6ec3f16059f\",\"Binary\":\"\"}}","Channel":"Application","Provider":"Microsoft-Windows-Security-SPP","EventId":12305,"EventRecordId":"562","ProcessId":0,"ThreadId":0,"Level":"Info","Keywords":"0x80000000000000","SourceFile":"Z:\\usr\\lib\\wine\\Artifacts\\APPLICATION.evtx","ExtraDataOffset":0,"HiddenRecord":false,"TimeCreated":"2024-05-14T04:02:28.2622238+00:00","RecordNumber":562}
{"ChunkNumber":5,"Computer":"DC01.forela.local","Payload":"{\"EventData\":{\"Data\":\"{99d92734-d682-4d71-983e-d6ec3f16059f}\",\"Binary\":\"\"}}","Channel":"Application","Provider":"Microsoft-Windows-Security-SPP","EventId":12304,"EventRecordId":"563","ProcessId":0,"ThreadId":0,"Level":"Info","Keywords":"0x80000000000000","SourceFile":"Z:\\usr\\lib\\wine\\Artifacts\\APPLICATION.evtx","ExtraDataOffset":0,"HiddenRecord":false,"TimeCreated":"2024-05-14T04:02:28.2622238+00:00","RecordNumber":563}
{"ChunkNumber":5,"Computer":"DC01.forela.local","Payload":"{\"EventData\":{\"Data\":\"Security-SPP-WriteWauMarker, 500\",\"Binary\":\"\"}}","Channel":"Application","Provider":"Microsoft-Windows-Security-SPP","EventId":1034,"EventRecordId":"564","ProcessId":0,"ThreadId":0,"Level":"Info","Keywords":"0x80000000000000","SourceFile":"Z:\\usr\\lib\\wine\\Artifacts\\APPLICATION.evtx","ExtraDataOffset":0,"HiddenRecord":false,"TimeCreated":"2024-05-14T04:02:28.4807382+00:00","RecordNumber":564}
{"ChunkNumber":5,"Computer":"DC01.forela.local","Payload":"{\"EventData\":{\"Data\":\"55c92734-d682-4d71-983e-d6ec3f16059f, \\n1: c1a197b6-ba5e-4394-b9bf-b659a6c1b873, 1, 1 [(0 [0xC004E003, 0, 0], [( 9 0xC004FC07 180 0)( 1 0x00000000)(?)( 2 0x00000000 0 0 msft:rm/algorithm/hwid/4.0 0x00000000 0)(?)( 9 0xC004FC07 180 0)( 10 0x00000000 msft:rm/algorithm/flags/1.0)(?)])(1 )(2 )(3 [0x00000000, 0, 0], [( 6 0xC004F009 10 0)( 1 0x00000000)( 6 0xC004F009 10 0)(?)(?)(?)( 10 0x00000000 msft:rm/algorithm/flags/1.0)( 11 0x00000000 0xC004FC07)])]\\n\\n\",\"Binary\":\"\"}}","Channel":"Application","Provider":"Microsoft-Windows-Security-SPP","EventId":1003,"EventRecordId":"565","ProcessId":0,"ThreadId":0,"Level":"Info","Keywords":"0x80000000000000","SourceFile":"Z:\\usr\\lib\\wine\\Artifacts\\APPLICATION.evtx","ExtraDataOffset":0,"HiddenRecord":false,"TimeCreated":"2024-05-14T04:02:28.5588548+00:00","RecordNumber":565}
{"ChunkNumber":5,"Computer":"DC01.forela.local","Payload":"{\"EventData\":{\"Data\":\"55c92734-d682-4d71-983e-d6ec3f16059f, \\n1: c1a197b6-ba5e-4394-b9bf-b659a6c1b873, 1, 1 [(0 [0xC004E003, 0, 0], [( 9 0xC004FC07 180 0)( 1 0x00000000)(?)( 2 0x00000000 0 0 msft:rm/algorithm/hwid/4.0 0x00000000 0)(?)( 9 0xC004FC07 180 0)( 10 0x00000000 msft:rm/algorithm/flags/1.0)(?)])(1 )(2 )(3 [0x00000000, 0, 0], [( 6 0xC004F009 10 0)( 1 0x00000000)( 6 0xC004F009 10 0)(?)(?)(?)( 10 0x00000000 msft:rm/algorithm/flags/1.0)( 11 0x00000000 0xC004FC07)])]\\n\\n\",\"Binary\":\"\"}}","Channel":"Application","Provider":"Microsoft-Windows-Security-SPP","EventId":1003,"EventRecordId":"566","ProcessId":0,"ThreadId":0,"Level":"Info","Keywords":"0x80000000000000","SourceFile":"Z:\\usr\\lib\\wine\\Artifacts\\APPLICATION.evtx","ExtraDataOffset":0,"HiddenRecord":false,"TimeCreated":"2024-05-14T04:02:28.6215919+00:00","RecordNumber":566}
{"ChunkNumber":5,"Computer":"DC01.forela.local","Payload":"{\"EventData\":{\"Data\":\"RuleId=8244d55f-dcd7-4010-8151-2a5af187b1ed;Action=NotifyUser;AppId=55c92734-d682-4d71-983e-d6ec3f16059f;SkuId=c1a197b6-ba5e-4394-b9bf-b659a6c1b873;NotificationInterval=240;Trigger=TimerEvent\",\"Binary\":\"\"}}","Channel":"Application","Provider":"Microsoft-Windows-Security-SPP","EventId":8197,"EventRecordId":"567","ProcessId":0,"ThreadId":0,"Level":"Info","Keywords":"0x80000000000000","SourceFile":"Z:\\usr\\lib\\wine\\Artifacts\\APPLICATION.evtx","ExtraDataOffset":0,"HiddenRecord":false,"TimeCreated":"2024-05-14T04:02:28.6370004+00:00","RecordNumber":567}
{"ChunkNumber":5,"Computer":"DC01.forela.local","Payload":"{\"EventData\":{\"Data\":\"CN=DigiCert Global Root G3, OU=www.digicert.com, O=DigiCert Inc, C=US, 7E04DE896A3E666D00E687D33FFAD93BE83D349E\",\"Binary\":\"\"}}","Channel":"Application","Provider":"Microsoft-Windows-CAPI2","EventId":4097,"EventRecordId":"568","ProcessId":2952,"ThreadId":3176,"Level":"Info","Keywords":"Audit success, classic","SourceFile":"Z:\\usr\\lib\\wine\\Artifacts\\APPLICATION.evtx","ExtraDataOffset":0,"HiddenRecord":false,"TimeCreated":"2024-05-14T04:02:27.9656311+00:00","RecordNumber":568}
{"ChunkNumber":5,"Computer":"DC01.forela.local","Payload":"{\"EventData\":{\"Data\":\"Service stopped\",\"Binary\":\"\"}}","Channel":"Application","Provider":"edgeupdate","EventId":0,"EventRecordId":"569","ProcessId":0,"ThreadId":0,"Level":"Info","Keywords":"0x80000000000000","SourceFile":"Z:\\usr\\lib\\wine\\Artifacts\\APPLICATION.evtx","ExtraDataOffset":0,"HiddenRecord":false,"TimeCreated":"2024-05-14T04:02:30.7936001+00:00","RecordNumber":569}
{"ChunkNumber":5,"Computer":"DC01.forela.local","Payload":"{\"EventData\":{\"Data\":\"CN=VeriSign Class 3 Public Primary Certification Authority - G5, OU=\\\"(c) 2006 VeriSign, Inc. - For authorized use only\\\", OU=VeriSign Trust Network, O=\\\"VeriSign, Inc.\\\", C=US, 4EB6D578499B1CCF5F581EAD56BE3D9B6744A5E5\",\"Binary\":\"\"}}","Channel":"Application","Provider":"Microsoft-Windows-CAPI2","EventId":4109,"EventRecordId":"570","ProcessId":2952,"ThreadId":5756,"Level":"Info","Keywords":"Audit success, classic","SourceFile":"Z:\\usr\\lib\\wine\\Artifacts\\APPLICATION.evtx","ExtraDataOffset":0,"HiddenRecord":false,"TimeCreated":"2024-05-14T04:03:21.1529162+00:00","RecordNumber":570}
{"ChunkNumber":5,"Computer":"DC01.forela.local","Payload":"{\"EventData\":{\"Data\":\"‎Saturday, ‎March ‎16, ‎2024 3:07:38 AM\",\"Binary\":\"\"}}","Channel":"Application","Provider":"Microsoft-Windows-CAPI2","EventId":4111,"EventRecordId":"571","ProcessId":2952,"ThreadId":5756,"Level":"Info","Keywords":"Audit success, classic","SourceFile":"Z:\\usr\\lib\\wine\\Artifacts\\APPLICATION.evtx","ExtraDataOffset":0,"HiddenRecord":false,"TimeCreated":"2024-05-14T04:03:21.1529162+00:00","RecordNumber":571}
{"ChunkNumber":5,"Computer":"DC01.forela.local","Payload":"{\"UserData\":{\"EventXML\":{\"param1\":\"WmiApRpl\",\"param2\":\"WmiApRpl\",\"binaryDataSize\":\"12\",\"binaryData\":\"94-29-00-00-95-29-00-00-D2-05-00-00\"}}}","UserId":"S-1-5-18","Channel":"Application","Provider":"Microsoft-Windows-LoadPerf","EventId":1001,"EventRecordId":"572","ProcessId":1892,"ThreadId":7408,"Level":"Info","Keywords":"Classic","SourceFile":"Z:\\usr\\lib\\wine\\Artifacts\\APPLICATION.evtx","ExtraDataOffset":0,"HiddenRecord":false,"TimeCreated":"2024-05-14T04:03:47.0200915+00:00","RecordNumber":572}
{"ChunkNumber":5,"Computer":"DC01.forela.local","Payload":"{\"UserData\":{\"EventXML\":{\"param1\":\"WmiApRpl\",\"param2\":\"WmiApRpl\",\"binaryDataSize\":\"16\",\"binaryData\":\"96-29-00-00-3C-2A-00-00-97-29-00-00-3D-2A-00-00\"}}}","UserId":"S-1-5-18","Channel":"Application","Provider":"Microsoft-Windows-LoadPerf","EventId":1000,"EventRecordId":"573","ProcessId":1892,"ThreadId":7408,"Level":"Info","Keywords":"Classic","SourceFile":"Z:\\usr\\lib\\wine\\Artifacts\\APPLICATION.evtx","ExtraDataOffset":0,"HiddenRecord":false,"TimeCreated":"2024-05-14T04:03:47.0450580+00:00","RecordNumber":573}
{"ExecutableInfo":"dns.exe","MapDescription":"Application Crash","ChunkNumber":5,"Computer":"DC01.forela.local","Payload":"{\"EventData\":{\"Data\":\"1948566473416242199, 5, RADAR_PRE_LEAK_64, Not available, 0, dns.exe, 10.0.20348.587, 10.0.20348.2.0.0, \\n\\\\\\\\?\\\\C:\\\\Users\\\\ADMINI~1\\\\AppData\\\\Local\\\\Temp\\\\RDRE99B.tmp\\\\empty.txt\\n\\\\\\\\?\\\\C:\\\\ProgramData\\\\Microsoft\\\\Windows\\\\WER\\\\Temp\\\\WER.5992cbfe-9973-4276-8415-5bc595d6056a.tmp.WERInternalMetadata.xml\\n\\\\\\\\?\\\\C:\\\\ProgramData\\\\Microsoft\\\\Windows\\\\WER\\\\Temp\\\\WER.61ddd59e-619f-4d8f-aa2f-f711ed5d7c1b.tmp.xml\\n\\\\\\\\?\\\\C:\\\\ProgramData\\\\Microsoft\\\\Windows\\\\WER\\\\Temp\\\\WER.df7cd1b5-9b2a-449e-abad-8c62b51dc0dd.tmp.csv\\n\\\\\\\\?\\\\C:\\\\ProgramData\\\\Microsoft\\\\Windows\\\\WER\\\\Temp\\\\WER.79e6cae7-4a60-472c-8533-da0db953cc63.tmp.txt, 0, c317664a-8b20-45c7-8b2d-1e00a916107e, 268435456, 94d02e31a7872cf70b0ab2e23535f417, 0\",\"Binary\":\"\"}}","Channel":"Application","Provider":"Windows Error Reporting","EventId":1001,"EventRecordId":"574","ProcessId":0,"ThreadId":0,"Level":"Info","Keywords":"0x80000000000000","SourceFile":"Z:\\usr\\lib\\wine\\Artifacts\\APPLICATION.evtx","ExtraDataOffset":0,"HiddenRecord":false,"TimeCreated":"2024-05-14T04:08:03.8714336+00:00","RecordNumber":574}
{"ChunkNumber":5,"Computer":"DC01.forela.local","Payload":"{\"EventData\":{\"Data\":\"Service stopped\",\"Binary\":\"\"}}","Channel":"Application","Provider":"edgeupdate","EventId":0,"EventRecordId":"575","ProcessId":0,"ThreadId":0,"Level":"Info","Keywords":"0x80000000000000","SourceFile":"Z:\\usr\\lib\\wine\\Artifacts\\APPLICATION.evtx","ExtraDataOffset":0,"HiddenRecord":false,"TimeCreated":"2024-05-14T04:11:34.0277390+00:00","RecordNumber":575}
{"ChunkNumber":5,"Computer":"DC01.forela.local","Payload":"{\"EventData\":{\"Data\":\"WSearch\",\"Binary\":\"D9-06-00-00\"}}","Channel":"Application","Provider":"Microsoft-Windows-Winlogon","EventId":6000,"EventRecordId":"576","ProcessId":0,"ThreadId":0,"Level":"Info","Keywords":"0x80000000000000","SourceFile":"Z:\\usr\\lib\\wine\\Artifacts\\APPLICATION.evtx","ExtraDataOffset":0,"HiddenRecord":false,"TimeCreated":"2024-05-14T04:12:52.6526143+00:00","RecordNumber":576}
{"ChunkNumber":5,"Computer":"DC01.forela.local","Payload":"{\"EventData\":{\"Data\":\"SessionEnv\",\"Binary\":\"D9-06-00-00\"}}","Channel":"Application","Provider":"Microsoft-Windows-Winlogon","EventId":6000,"EventRecordId":"577","ProcessId":0,"ThreadId":0,"Level":"Info","Keywords":"0x80000000000000","SourceFile":"Z:\\usr\\lib\\wine\\Artifacts\\APPLICATION.evtx","ExtraDataOffset":0,"HiddenRecord":false,"TimeCreated":"2024-05-14T04:12:52.6682035+00:00","RecordNumber":577}
{"ChunkNumber":5,"Computer":"DC01.forela.local","Payload":"{\"EventData\":{\"Data\":\"\",\"Binary\":\"\"}}","Channel":"Application","Provider":"VMUpgradeHelper","EventId":260,"EventRecordId":"578","ProcessId":0,"ThreadId":0,"Level":"Info","Keywords":"0x80000000000000","SourceFile":"Z:\\usr\\lib\\wine\\Artifacts\\APPLICATION.evtx","ExtraDataOffset":0,"HiddenRecord":false,"TimeCreated":"2024-05-14T04:12:52.7463519+00:00","RecordNumber":578}
{"ChunkNumber":5,"Computer":"DC01.forela.local","Payload":"{\"EventData\":{\"Data\":\"\",\"Binary\":\"\"}}","Channel":"Application","Provider":"VMUpgradeHelper","EventId":272,"EventRecordId":"579","ProcessId":0,"ThreadId":0,"Level":"Info","Keywords":"0x80000000000000","SourceFile":"Z:\\usr\\lib\\wine\\Artifacts\\APPLICATION.evtx","ExtraDataOffset":0,"HiddenRecord":false,"TimeCreated":"2024-05-14T04:12:52.7463519+00:00","RecordNumber":579}
{"ChunkNumber":5,"Computer":"DC01.forela.local","Payload":"{\"EventData\":{\"Data\":\"\",\"Binary\":\"\"}}","Channel":"Application","Provider":"VMTools","EventId":108,"EventRecordId":"580","ProcessId":0,"ThreadId":0,"Level":"Info","Keywords":"0x80000000000000","SourceFile":"Z:\\usr\\lib\\wine\\Artifacts\\APPLICATION.evtx","ExtraDataOffset":0,"HiddenRecord":false,"TimeCreated":"2024-05-14T04:12:52.7463519+00:00","RecordNumber":580}
{"ChunkNumber":5,"Computer":"DC01.forela.local","Payload":"{\"EventData\":\"\"}","UserId":"S-1-5-18","Channel":"Application","Provider":"Microsoft-Windows-User Profiles Service","EventId":1532,"EventRecordId":"581","ProcessId":1592,"ThreadId":1672,"Level":"Info","Keywords":"Classic","SourceFile":"Z:\\usr\\lib\\wine\\Artifacts\\APPLICATION.evtx","ExtraDataOffset":0,"HiddenRecord":false,"TimeCreated":"2024-05-14T04:12:53.9364211+00:00","RecordNumber":581}
{"ChunkNumber":5,"Computer":"DC01.forela.local","Payload":"{\"EventData\":\"\"}","UserId":"S-1-5-18","Channel":"Application","Provider":"Microsoft-Windows-User Profiles Service","EventId":1531,"EventRecordId":"582","ProcessId":1604,"ThreadId":1804,"Level":"Info","Keywords":"Classic","SourceFile":"Z:\\usr\\lib\\wine\\Artifacts\\APPLICATION.evtx","ExtraDataOffset":0,"HiddenRecord":false,"TimeCreated":"2024-05-15T05:35:18.1827936+00:00","RecordNumber":582}
{"ChunkNumber":5,"Computer":"DC01.forela.local","Payload":"{\"EventData\":{\"Data\":\"\",\"Binary\":\"\"}}","Channel":"Application","Provider":"VMTools","EventId":105,"EventRecordId":"583","ProcessId":0,"ThreadId":0,"Level":"Info","Keywords":"0x80000000000000","SourceFile":"Z:\\usr\\lib\\wine\\Artifacts\\APPLICATION.evtx","ExtraDataOffset":0,"HiddenRecord":false,"TimeCreated":"2024-05-15T05:35:28.0658878+00:00","RecordNumber":583}
{"ChunkNumber":5,"Computer":"DC01.forela.local","Payload":"{\"EventData\":{\"Data\":\"TriggerStarted:6\",\"Binary\":\"\"}}","Channel":"Application","Provider":"Microsoft-Windows-Security-SPP","EventId":900,"EventRecordId":"584","ProcessId":0,"ThreadId":0,"Level":"Info","Keywords":"0x80000000000000","SourceFile":"Z:\\usr\\lib\\wine\\Artifacts\\APPLICATION.evtx","ExtraDataOffset":0,"HiddenRecord":false,"TimeCreated":"2024-05-15T05:35:28.1209420+00:00","RecordNumber":584}
{"ChunkNumber":5,"Computer":"DC01.forela.local","Payload":"{\"EventData\":{\"Data\":\"\",\"Binary\":\"\"}}","Channel":"Application","Provider":"Microsoft-Windows-Security-SPP","EventId":16394,"EventRecordId":"585","ProcessId":0,"ThreadId":0,"Level":"Info","Keywords":"0x80000000000000","SourceFile":"Z:\\usr\\lib\\wine\\Artifacts\\APPLICATION.evtx","ExtraDataOffset":0,"HiddenRecord":false,"TimeCreated":"2024-05-15T05:35:28.2460213+00:00","RecordNumber":585}
{"ChunkNumber":5,"Computer":"DC01.forela.local","Payload":"{\"EventData\":{\"Data\":\"C:\\\\Windows\\\\system32\\\\sppwinob.dll, msft:spp/windowsfunctionality/agent/7.0, 0x00000000, 0x00000000\\nC:\\\\Windows\\\\system32\\\\sppobjs.dll, msft:rm/algorithm/inherited/1.0, 0x00000000, 0x00000000\\nC:\\\\Windows\\\\system32\\\\sppobjs.dll, msft:rm/algorithm/phone/1.0, 0x00000000, 0x00000000\\nC:\\\\Windows\\\\system32\\\\sppobjs.dll, msft:rm/algorithm/pkey/detect, 0x00000000, 0x00000000\\nC:\\\\Windows\\\\system32\\\\sppobjs.dll, msft:spp/ActionScheduler/1.0, 0x00000000, 0x00000000\\nC:\\\\Windows\\\\system32\\\\sppobjs.dll, msft:spp/TaskScheduler/1.0, 0x00000000, 0x00000000\\nC:\\\\Windows\\\\system32\\\\sppobjs.dll, msft:spp/statecollector/pkey, 0x00000000, 0x00000000\\nC:\\\\Windows\\\\system32\\\\sppobjs.dll, msft:spp/volume/services/kms/1.0, 0x00000000, 0x00000000\\nC:\\\\Windows\\\\system32\\\\sppobjs.dll, msft:spp/volume/services/kms/activationinfo/1.0, 0x00000000, 0x00000000\\n\",\"Binary\":\"\"}}","Channel":"Application","Provider":"Microsoft-Windows-Security-SPP","EventId":1066,"EventRecordId":"586","ProcessId":0,"ThreadId":0,"Level":"Info","Keywords":"0x80000000000000","SourceFile":"Z:\\usr\\lib\\wine\\Artifacts\\APPLICATION.evtx","ExtraDataOffset":0,"HiddenRecord":false,"TimeCreated":"2024-05-15T05:35:28.3396292+00:00","RecordNumber":586}
{"ChunkNumber":6,"Computer":"DC01.forela.local","Payload":"{\"EventData\":{\"Data\":[{\"@Name\":\"param1\",\"#text\":\"86400\"},{\"@Name\":\"param2\",\"#text\":\"SuppressDuplicateDuration\"},{\"@Name\":\"param3\",\"#text\":\"Software\\\\Microsoft\\\\COM3\\\\Eventlog\"}]}}","Channel":"Application","Provider":"Microsoft-Windows-Complus","EventId":781,"EventRecordId":"587","ProcessId":0,"ThreadId":0,"Level":"Info","Keywords":"0x80000000000000","SourceFile":"Z:\\usr\\lib\\wine\\Artifacts\\APPLICATION.evtx","ExtraDataOffset":0,"HiddenRecord":false,"TimeCreated":"2024-05-15T05:35:28.4022692+00:00","RecordNumber":587}
{"ChunkNumber":6,"Computer":"DC01.forela.local","Payload":"{\"EventData\":{\"Data\":\"55c92734-d682-4d71-983e-d6ec3f16059f, \\n1: c1a197b6-ba5e-4394-b9bf-b659a6c1b873, 1, 1 [(0 [0xC004E003, 0, 0], [( 9 0xC004FC07 180 0)( 1 0x00000000)(?)( 2 0x00000000 0 0 msft:rm/algorithm/hwid/4.0 0x00000000 0)(?)( 9 0xC004FC07 180 0)( 10 0x00000000 msft:rm/algorithm/flags/1.0)(?)])(1 )(2 )(3 [0x00000000, 0, 0], [( 6 0xC004F009 10 0)( 1 0x00000000)( 6 0xC004F009 10 0)(?)(?)(?)( 10 0x00000000 msft:rm/algorithm/flags/1.0)( 11 0x00000000 0xC004FC07)])]\\n\\n\",\"Binary\":\"\"}}","Channel":"Application","Provider":"Microsoft-Windows-Security-SPP","EventId":1003,"EventRecordId":"588","ProcessId":0,"ThreadId":0,"Level":"Info","Keywords":"0x80000000000000","SourceFile":"Z:\\usr\\lib\\wine\\Artifacts\\APPLICATION.evtx","ExtraDataOffset":0,"HiddenRecord":false,"TimeCreated":"2024-05-15T05:35:28.4334194+00:00","RecordNumber":588}
{"ChunkNumber":6,"Computer":"DC01.forela.local","Payload":"{\"EventData\":{\"Data\":\"10.0.20348.587\",\"Binary\":\"\"}}","Channel":"Application","Provider":"Microsoft-Windows-Security-SPP","EventId":902,"EventRecordId":"589","ProcessId":0,"ThreadId":0,"Level":"LogAlways","Keywords":"0x80000000000000","SourceFile":"Z:\\usr\\lib\\wine\\Artifacts\\APPLICATION.evtx","ExtraDataOffset":0,"HiddenRecord":false,"TimeCreated":"2024-05-15T05:35:28.4493196+00:00","RecordNumber":589}
{"ChunkNumber":6,"Computer":"DC01.forela.local","Payload":"{\"EventData\":{\"Data\":[{\"@Name\":\"param1\",\"#text\":\"0\"},{\"@Name\":\"param2\",\"#text\":\"0\"},{\"@Name\":\"param3\",\"#text\":\"0\"},{\"@Name\":\"param4\",\"#text\":\"0\"},{\"@Name\":\"param5\",\"#text\":\"0\"},{\"@Name\":\"param6\",\"#text\":\"0\"},{\"@Name\":\"param7\",\"#text\":\"1\"},{\"@Name\":\"param8\",\"#text\":\"Mutual Authentication Required\"},{\"@Name\":\"param9\",\"#text\":\"NT AUTHORITY\\\\NetworkService\"},{\"@Name\":\"param10\",\"#text\":\"0\"},{\"@Name\":\"param11\",\"#text\":\"0\"},{\"@Name\":\"param12\",\"#text\":\"1\"}]}}","Channel":"Application","Provider":"Microsoft-Windows-MSDTC 2","EventId":4202,"EventRecordId":"590","ProcessId":0,"ThreadId":0,"Level":"Info","Keywords":"0x80000000000000","SourceFile":"Z:\\usr\\lib\\wine\\Artifacts\\APPLICATION.evtx","ExtraDataOffset":0,"HiddenRecord":false,"TimeCreated":"2024-05-15T05:35:28.5428530+00:00","RecordNumber":590}
{"ChunkNumber":6,"Computer":"DC01.forela.local","Payload":"{\"EventData\":{\"Data\":\"\",\"Binary\":\"\"}}","Channel":"Application","Provider":"WLMS","EventId":100,"EventRecordId":"591","ProcessId":0,"ThreadId":0,"Level":"Info","Keywords":"0x80000000000000","SourceFile":"Z:\\usr\\lib\\wine\\Artifacts\\APPLICATION.evtx","ExtraDataOffset":0,"HiddenRecord":false,"TimeCreated":"2024-05-15T05:35:28.7458735+00:00","RecordNumber":591}
{"ChunkNumber":6,"Computer":"DC01.forela.local","Payload":"{\"EventData\":{\"Data\":\"\",\"Binary\":\"\"}}","Channel":"Application","Provider":"VMUpgradeHelper","EventId":258,"EventRecordId":"592","ProcessId":0,"ThreadId":0,"Level":"Info","Keywords":"0x80000000000000","SourceFile":"Z:\\usr\\lib\\wine\\Artifacts\\APPLICATION.evtx","ExtraDataOffset":0,"HiddenRecord":false,"TimeCreated":"2024-05-15T05:35:28.7458735+00:00","RecordNumber":592}
{"ChunkNumber":6,"Computer":"DC01.forela.local","Payload":"{\"EventData\":{\"Data\":\"\",\"Binary\":\"\"}}","Channel":"Application","Provider":"VMUpgradeHelper","EventId":271,"EventRecordId":"593","ProcessId":0,"ThreadId":0,"Level":"Info","Keywords":"0x80000000000000","SourceFile":"Z:\\usr\\lib\\wine\\Artifacts\\APPLICATION.evtx","ExtraDataOffset":0,"HiddenRecord":false,"TimeCreated":"2024-05-15T05:35:28.9492728+00:00","RecordNumber":593}
{"ChunkNumber":6,"Computer":"DC01.forela.local","Payload":"{\"EventData\":\"\"}","UserId":"S-1-5-18","Channel":"Application","Provider":"Microsoft-Windows-WMI","EventId":5615,"EventRecordId":"594","ProcessId":2988,"ThreadId":3168,"Level":"Info","Keywords":"Classic","SourceFile":"Z:\\usr\\lib\\wine\\Artifacts\\APPLICATION.evtx","ExtraDataOffset":0,"HiddenRecord":false,"TimeCreated":"2024-05-15T05:35:28.0234030+00:00","RecordNumber":594}
