{"ChunkNumber":0,"Computer":"WIN-D7MHOC9OLC8","Payload":"{\"EventData\":\"\"}","UserId":"S-1-5-18","Channel":"Application","Provider":"Microsoft-Windows-User Profiles Service","EventId":1531,"EventRecordId":"1","ProcessId":1796,"ThreadId":1908,"Level":"Info","Keywords":"Classic","SourceFile":"Z:\\usr\\lib\\wine\\Artifacts\\APPLICATION.evtx","ExtraDataOffset":0,"HiddenRecord":false,"TimeCreated":"2023-03-08T08:37:29.0545382+00:00","RecordNumber":1}
{"ChunkNumber":0,"Computer":"WIN-D7MHOC9OLC8","Payload":"{\"EventData\":\"\"}","UserId":"S-1-5-18","Channel":"Application","Provider":"Microsoft-Windows-WMI","EventId":5615,"EventRecordId":"2","ProcessId":2572,"ThreadId":2752,"Level":"Info","Keywords":"Classic","SourceFile":"Z:\\usr\\lib\\wine\\Artifacts\\APPLICATION.evtx","ExtraDataOffset":0,"HiddenRecord":false,"TimeCreated":"2023-03-08T08:37:29.2654823+00:00","RecordNumber":2}
{"ChunkNumber":0,"Computer":"WIN-D7MHOC9OLC8","Payload":"{\"EventData\":{\"Data\":\"Service stopped\",\"Binary\":\"\"}}","Channel":"Application","Provider":"edgeupdate","EventId":0,"EventRecordId":"3","ProcessId":0,"ThreadId":0,"Level":"Info","Keywords":"0x80000000000000","SourceFile":"Z:\\usr\\lib\\wine\\Artifacts\\APPLICATION.evtx","ExtraDataOffset":0,"HiddenRecord":false,"TimeCreated":"2023-03-08T08:37:29.4807346+00:00","RecordNumber":3}
{"ChunkNumber":0,"Computer":"WIN-D7MHOC9OLC8","Payload":"{\"EventData\":\"\"}","UserId":"S-1-5-18","Channel":"Application","Provider":"Microsoft-Windows-WMI","EventId":5617,"EventRecordId":"4","ProcessId":2572,"ThreadId":2876,"Level":"Info","Keywords":"Classic","SourceFile":"Z:\\usr\\lib\\wine\\Artifacts\\APPLICATION.evtx","ExtraDataOffset":0,"HiddenRecord":false,"TimeCreated":"2023-03-08T08:37:29.6512757+00:00","RecordNumber":4}
{"ChunkNumber":0,"Computer":"WIN-D7MHOC9OLC8","Payload":"{\"EventData\":{\"Data\":\"‎Monday, ‎March ‎15, ‎2021 11:29:24 PM\",\"Binary\":\"\"}}","Channel":"Application","Provider":"Microsoft-Windows-CAPI2","EventId":4112,"EventRecordId":"5","ProcessId":2496,"ThreadId":2928,"Level":"Info","Keywords":"Audit success, classic","SourceFile":"Z:\\usr\\lib\\wine\\Artifacts\\APPLICATION.evtx","ExtraDataOffset":0,"HiddenRecord":false,"TimeCreated":"2023-03-08T08:37:39.1526032+00:00","RecordNumber":5}
{"ChunkNumber":0,"Computer":"WIN-D7MHOC9OLC8","Payload":"{\"EventData\":{\"Data\":\"shrink, (C:)\",\"Binary\":\"00-00-00-00-2E-02-00-00-12-02-00-00-00-00-00-00-22-36-79-62-53-3B-B6-17-67-E3-00-00-00-00-00-00-00-00-00-00\"}}","Channel":"Application","Provider":"Microsoft-Windows-Defrag","EventId":258,"EventRecordId":"6","ProcessId":0,"ThreadId":0,"Level":"LogAlways","Keywords":"0x80000000000000","SourceFile":"Z:\\usr\\lib\\wine\\Artifacts\\APPLICATION.evtx","ExtraDataOffset":0,"HiddenRecord":false,"TimeCreated":"2023-03-08T08:37:44.0276315+00:00","RecordNumber":6}
{"ChunkNumber":0,"Computer":"WIN-D7MHOC9OLC8","Payload":"{\"EventData\":\"\"}","UserId":"S-1-5-18","Channel":"Application","Provider":"Microsoft-Windows-User Profiles Service","EventId":1532,"EventRecordId":"7","ProcessId":1796,"ThreadId":1908,"Level":"Info","Keywords":"Classic","SourceFile":"Z:\\usr\\lib\\wine\\Artifacts\\APPLICATION.evtx","ExtraDataOffset":0,"HiddenRecord":false,"TimeCreated":"2023-03-08T08:37:46.4215294+00:00","RecordNumber":7}
{"ChunkNumber":0,"Computer":"WIN-D7MHOC9OLC8","Payload":"{\"EventData\":{\"Data\":[{\"@Name\":\"param1\",\"#text\":\"86400\"},{\"@Name\":\"param2\",\"#text\":\"SuppressDuplicateDuration\"},{\"@Name\":\"param3\",\"#text\":\"Software\\\\Microsoft\\\\EventSystem\\\\EventLog\"}]}}","Channel":"Application","Provider":"Microsoft-Windows-EventSystem","EventId":4625,"EventRecordId":"8","ProcessId":0,"ThreadId":0,"Level":"Info","Keywords":"0x80000000000000","SourceFile":"Z:\\usr\\lib\\wine\\Artifacts\\APPLICATION.evtx","ExtraDataOffset":0,"HiddenRecord":false,"TimeCreated":"2023-03-08T08:38:05.9332909+00:00","RecordNumber":8}
{"ChunkNumber":0,"Computer":"WIN-D7MHOC9OLC8","Payload":"{\"EventData\":{\"Data\":\"c1a197b6-ba5e-4394-b9bf-b659a6c1b873, 88d68b6f-8762-54b3-a3a4-920848fabd33\",\"Binary\":\"\"}}","Channel":"Application","Provider":"Microsoft-Windows-Security-SPP","EventId":1016,"EventRecordId":"9","ProcessId":0,"ThreadId":0,"Level":"Info","Keywords":"0x80000000000000","SourceFile":"Z:\\usr\\lib\\wine\\Artifacts\\APPLICATION.evtx","ExtraDataOffset":0,"HiddenRecord":false,"TimeCreated":"2023-03-08T08:38:05.9958345+00:00","RecordNumber":9}
{"ChunkNumber":0,"Computer":"WIN-D7MHOC9OLC8","Payload":"{\"EventData\":{\"Data\":\"Security-SPP-WriteWauMarker, 500\",\"Binary\":\"\"}}","Channel":"Application","Provider":"Microsoft-Windows-Security-SPP","EventId":1034,"EventRecordId":"10","ProcessId":0,"ThreadId":0,"Level":"Info","Keywords":"0x80000000000000","SourceFile":"Z:\\usr\\lib\\wine\\Artifacts\\APPLICATION.evtx","ExtraDataOffset":0,"HiddenRecord":false,"TimeCreated":"2023-03-08T08:38:06.0739316+00:00","RecordNumber":10}
{"ChunkNumber":0,"Computer":"WIN-D7MHOC9OLC8","Payload":"{\"EventData\":{\"Data\":\"55c92734-d682-4d71-983e-d6ec3f16059f, \\n1: c1a197b6-ba5e-4394-b9bf-b659a6c1b873, 1, 0 [(0 )(1 )(2 )(3 [0x00000000, 0, 1], [(?)( 1 0x00000000)( 6 0x00000000 10 14400)(?)(?)(?)( 10 0x00000000 msft:rm/algorithm/flags/1.0)(?)])]\\n\\n\",\"Binary\":\"\"}}","Channel":"Application","Provider":"Microsoft-Windows-Security-SPP","EventId":1003,"EventRecordId":"11","ProcessId":0,"ThreadId":0,"Level":"Info","Keywords":"0x80000000000000","SourceFile":"Z:\\usr\\lib\\wine\\Artifacts\\APPLICATION.evtx","ExtraDataOffset":0,"HiddenRecord":false,"TimeCreated":"2023-03-08T08:38:06.0895048+00:00","RecordNumber":11}
{"ChunkNumber":0,"Computer":"WIN-D7MHOC9OLC8","Payload":"{\"EventData\":{\"Data\":\"Security-SPP-WriteWauMarker, 500\",\"Binary\":\"\"}}","Channel":"Application","Provider":"Microsoft-Windows-Security-SPP","EventId":1034,"EventRecordId":"12","ProcessId":0,"ThreadId":0,"Level":"Info","Keywords":"0x80000000000000","SourceFile":"Z:\\usr\\lib\\wine\\Artifacts\\APPLICATION.evtx","ExtraDataOffset":0,"HiddenRecord":false,"TimeCreated":"2023-03-08T08:38:06.1676203+00:00","RecordNumber":12}
{"ChunkNumber":0,"Computer":"WIN-D7MHOC9OLC8","Payload":"{\"EventData\":{\"Data\":\"Service stopped\",\"Binary\":\"\"}}","Channel":"Application","Provider":"edgeupdate","EventId":0,"EventRecordId":"13","ProcessId":0,"ThreadId":0,"Level":"Info","Keywords":"0x80000000000000","SourceFile":"Z:\\usr\\lib\\wine\\Artifacts\\APPLICATION.evtx","ExtraDataOffset":0,"HiddenRecord":false,"TimeCreated":"2023-03-08T08:38:06.3083476+00:00","RecordNumber":13}
{"ChunkNumber":0,"Computer":"WIN-D7MHOC9OLC8","Payload":"{\"EventData\":\"\"}","UserId":"S-1-5-18","Channel":"Application","Provider":"Microsoft-Windows-User Profiles Service","EventId":1531,"EventRecordId":"14","ProcessId":2124,"ThreadId":2192,"Level":"Info","Keywords":"Classic","SourceFile":"Z:\\usr\\lib\\wine\\Artifacts\\APPLICATION.evtx","ExtraDataOffset":0,"HiddenRecord":false,"TimeCreated":"2023-03-08T08:38:05.9407799+00:00","RecordNumber":14}
{"ChunkNumber":0,"Computer":"WIN-D7MHOC9OLC8","Payload":"{\"EventData\":\"\"}","UserId":"S-1-5-18","Channel":"Application","Provider":"Microsoft-Windows-WMI","EventId":5615,"EventRecordId":"15","ProcessId":2760,"ThreadId":2956,"Level":"Info","Keywords":"Classic","SourceFile":"Z:\\usr\\lib\\wine\\Artifacts\\APPLICATION.evtx","ExtraDataOffset":0,"HiddenRecord":false,"TimeCreated":"2023-03-08T08:38:06.1082895+00:00","RecordNumber":15}
{"ChunkNumber":0,"Computer":"WIN-D7MHOC9OLC8","Payload":"{\"EventData\":{\"Data\":\"CN=DigiCert Global Root CA, OU=www.digicert.com, O=DigiCert Inc, C=US, A8985D3A65E5E5C4B2D7D66D40C6DD2FB19C5436\",\"Binary\":\"\"}}","Channel":"Application","Provider":"Microsoft-Windows-CAPI2","EventId":4097,"EventRecordId":"16","ProcessId":2700,"ThreadId":3120,"Level":"Info","Keywords":"Audit success, classic","SourceFile":"Z:\\usr\\lib\\wine\\Artifacts\\APPLICATION.evtx","ExtraDataOffset":0,"HiddenRecord":false,"TimeCreated":"2023-03-07T19:38:24.0439037+00:00","RecordNumber":16}
{"ChunkNumber":0,"Computer":"WIN-D7MHOC9OLC8","Payload":"{\"EventData\":{\"Data\":\"CN=DigiCert Global Root G2, OU=www.digicert.com, O=DigiCert Inc, C=US, DF3C24F9BFD666761B268073FE06D1CC8D4F82A4\",\"Binary\":\"\"}}","Channel":"Application","Provider":"Microsoft-Windows-CAPI2","EventId":4097,"EventRecordId":"17","ProcessId":2700,"ThreadId":3120,"Level":"Info","Keywords":"Audit success, classic","SourceFile":"Z:\\usr\\lib\\wine\\Artifacts\\APPLICATION.evtx","ExtraDataOffset":0,"HiddenRecord":false,"TimeCreated":"2023-03-07T19:38:29.1380399+00:00","RecordNumber":17}
{"ExecutableInfo":"MicrosoftEdgeUpdate.exe","MapDescription":"Application Crash","ChunkNumber":0,"Computer":"WIN-D7MHOC9OLC8","Payload":"{\"EventData\":{\"Data\":\"1981902627592199726, 5, crashpad_log, Not available, 0, MicrosoftEdgeUpdate.exe, 1.3.135.41, InstallError, 0x80040823, \\n\\\\\\\\?\\\\C:\\\\ProgramData\\\\Microsoft\\\\EdgeUpdate\\\\Log\\\\MicrosoftEdgeUpdate.log\\n\\\\\\\\?\\\\C:\\\\Windows\\\\TEMP\\\\msedge_installer.log\\n\\\\\\\\?\\\\C:\\\\ProgramData\\\\Microsoft\\\\Windows\\\\WER\\\\Temp\\\\WER.ffa77c9a-d48c-474c-a785-a7ecb1a90ebf.tmp.WERInternalMetadata.xml\\n\\\\\\\\?\\\\C:\\\\ProgramData\\\\Microsoft\\\\Windows\\\\WER\\\\Temp\\\\WER.dadf1d31-5815-460b-bccf-caf44fa69899.tmp.xml\\n\\\\\\\\?\\\\C:\\\\ProgramData\\\\Microsoft\\\\Windows\\\\WER\\\\Temp\\\\WER.f6a89b15-c28d-4a94-9f8a-67be306bcf5f.tmp.csv\\n\\\\\\\\?\\\\C:\\\\ProgramData\\\\Microsoft\\\\Windows\\\\WER\\\\Temp\\\\WER.9a308722-b4cf-4971-bd71-c535b885cd39.tmp.txt, \\\\\\\\?\\\\C:\\\\ProgramData\\\\Microsoft\\\\Windows\\\\WER\\\\ReportArchive\\\\NonCritical_MicrosoftEdgeUpd_af6a89ad1c3329701b58db5de2b90749d9b2a17_00000000_ecb0c8b2-3724-4ba6-990b-a1688e244161, 0, ecb0c8b2-3724-4ba6-990b-a1688e244161, 268435456, 6495f5b5c9615f912b8121f0710bde2e, 0\",\"Binary\":\"\"}}","Channel":"Application","Provider":"Windows Error Reporting","EventId":1001,"EventRecordId":"18","ProcessId":0,"ThreadId":0,"Level":"Info","Keywords":"0x80000000000000","SourceFile":"Z:\\usr\\lib\\wine\\Artifacts\\APPLICATION.evtx","ExtraDataOffset":0,"HiddenRecord":false,"TimeCreated":"2023-03-07T19:38:31.1377898+00:00","RecordNumber":18}
{"ExecutableInfo":"MicrosoftEdgeUpdate.exe","MapDescription":"Application Crash","ChunkNumber":0,"Computer":"WIN-D7MHOC9OLC8","Payload":"{\"EventData\":{\"Data\":\"0, crashpad_log, Not available, 0, MicrosoftEdgeUpdate.exe, 1.3.135.41, InstallError, 0x80040823, \\n\\\\\\\\?\\\\C:\\\\ProgramData\\\\Microsoft\\\\EdgeUpdate\\\\Log\\\\MicrosoftEdgeUpdate.log\\n\\\\\\\\?\\\\C:\\\\Windows\\\\TEMP\\\\msedge_installer.log, 0, ecb0c8b2-3724-4ba6-990b-a1688e244161, 268697600, 0\",\"Binary\":\"\"}}","Channel":"Application","Provider":"Windows Error Reporting","EventId":1001,"EventRecordId":"19","ProcessId":0,"ThreadId":0,"Level":"Info","Keywords":"0x80000000000000","SourceFile":"Z:\\usr\\lib\\wine\\Artifacts\\APPLICATION.evtx","ExtraDataOffset":0,"HiddenRecord":false,"TimeCreated":"2023-03-07T19:38:31.1536825+00:00","RecordNumber":19}
{"ChunkNumber":0,"Computer":"WIN-D7MHOC9OLC8","Payload":"{\"EventData\":\"\"}","UserId":"S-1-5-18","Channel":"Application","Provider":"Microsoft-Windows-WMI","EventId":5617,"EventRecordId":"20","ProcessId":2760,"ThreadId":2956,"Level":"Info","Keywords":"Classic","SourceFile":"Z:\\usr\\lib\\wine\\Artifacts\\APPLICATION.evtx","ExtraDataOffset":0,"HiddenRecord":false,"TimeCreated":"2023-03-07T19:39:07.1196600+00:00","RecordNumber":20}
{"ChunkNumber":0,"Computer":"WIN-D7MHOC9OLC8","Payload":"{\"EventData\":{\"Data\":[{\"@Name\":\"param1\",\"#text\":\"0\"},{\"@Name\":\"param2\",\"#text\":\"0\"},{\"@Name\":\"param3\",\"#text\":\"0\"},{\"@Name\":\"param4\",\"#text\":\"0\"},{\"@Name\":\"param5\",\"#text\":\"0\"},{\"@Name\":\"param6\",\"#text\":\"0\"},{\"@Name\":\"param7\",\"#text\":\"1\"},{\"@Name\":\"param8\",\"#text\":\"Mutual Authentication Required\"},{\"@Name\":\"param9\",\"#text\":\"NT AUTHORITY\\\\NetworkService\"},{\"@Name\":\"param10\",\"#text\":\"0\"},{\"@Name\":\"param11\",\"#text\":\"0\"},{\"@Name\":\"param12\",\"#text\":\"1\"}]}}","Channel":"Application","Provider":"Microsoft-Windows-MSDTC 2","EventId":4202,"EventRecordId":"21","ProcessId":0,"ThreadId":0,"Level":"Info","Keywords":"0x80000000000000","SourceFile":"Z:\\usr\\lib\\wine\\Artifacts\\APPLICATION.evtx","ExtraDataOffset":0,"HiddenRecord":false,"TimeCreated":"2023-03-07T19:40:07.5598398+00:00","RecordNumber":21}
{"ChunkNumber":0,"Computer":"WIN-D7MHOC9OLC8","Payload":"{\"UserData\":{\"EventXML\":{\"param1\":\"WmiApRpl\",\"param2\":\"WmiApRpl\",\"binaryDataSize\":\"16\",\"binaryData\":\"3C-23-00-00-E2-23-00-00-3D-23-00-00-E3-23-00-00\"}}}","UserId":"S-1-5-18","Channel":"Application","Provider":"Microsoft-Windows-LoadPerf","EventId":1000,"EventRecordId":"22","ProcessId":2916,"ThreadId":2928,"Level":"Info","Keywords":"Classic","SourceFile":"Z:\\usr\\lib\\wine\\Artifacts\\APPLICATION.evtx","ExtraDataOffset":0,"HiddenRecord":false,"TimeCreated":"2023-03-07T19:42:16.7525211+00:00","RecordNumber":22}
{"ExecutableInfo":"MicrosoftEdgeUpdate.exe","MapDescription":"Application Crash","ChunkNumber":0,"Computer":"WIN-D7MHOC9OLC8","Payload":"{\"EventData\":{\"Data\":\"1981902627592199726, 5, crashpad_log, Not available, 0, MicrosoftEdgeUpdate.exe, 1.3.135.41, InstallError, 0x80040823, \\n\\\\\\\\?\\\\C:\\\\ProgramData\\\\Microsoft\\\\EdgeUpdate\\\\Log\\\\MicrosoftEdgeUpdate.log\\n\\\\\\\\?\\\\C:\\\\Windows\\\\TEMP\\\\msedge_installer.log\\n\\\\\\\\?\\\\C:\\\\ProgramData\\\\Microsoft\\\\Windows\\\\WER\\\\Temp\\\\WER.1ea534c4-2025-4794-affd-05d597c1847e.tmp.WERInternalMetadata.xml\\n\\\\\\\\?\\\\C:\\\\ProgramData\\\\Microsoft\\\\Windows\\\\WER\\\\Temp\\\\WER.da845b3a-1aed-4f94-b971-c2ec46b74ec2.tmp.xml\\n\\\\\\\\?\\\\C:\\\\ProgramData\\\\Microsoft\\\\Windows\\\\WER\\\\Temp\\\\WER.999d3031-446d-4076-be4e-ec847e96746d.tmp.csv\\n\\\\\\\\?\\\\C:\\\\ProgramData\\\\Microsoft\\\\Windows\\\\WER\\\\Temp\\\\WER.6f45decf-4eaf-4462-b86c-2151c210f3a2.tmp.txt, \\\\\\\\?\\\\C:\\\\ProgramData\\\\Microsoft\\\\Windows\\\\WER\\\\ReportArchive\\\\NonCritical_MicrosoftEdgeUpd_af6a89ad1c3329701b58db5de2b90749d9b2a17_00000000_51ea7e4d-2293-4221-aa36-aa3bbfdec688, 0, 51ea7e4d-2293-4221-aa36-aa3bbfdec688, 268435456, 6495f5b5c9615f912b8121f0710bde2e, 0\",\"Binary\":\"\"}}","Channel":"Application","Provider":"Windows Error Reporting","EventId":1001,"EventRecordId":"23","ProcessId":0,"ThreadId":0,"Level":"Info","Keywords":"0x80000000000000","SourceFile":"Z:\\usr\\lib\\wine\\Artifacts\\APPLICATION.evtx","ExtraDataOffset":0,"HiddenRecord":false,"TimeCreated":"2023-03-07T19:44:19.6535155+00:00","RecordNumber":23}
{"ExecutableInfo":"MicrosoftEdgeUpdate.exe","MapDescription":"Application Crash","ChunkNumber":0,"Computer":"WIN-D7MHOC9OLC8","Payload":"{\"EventData\":{\"Data\":\"0, crashpad_log, Not available, 0, MicrosoftEdgeUpdate.exe, 1.3.135.41, InstallError, 0x80040823, \\n\\\\\\\\?\\\\C:\\\\ProgramData\\\\Microsoft\\\\EdgeUpdate\\\\Log\\\\MicrosoftEdgeUpdate.log\\n\\\\\\\\?\\\\C:\\\\Windows\\\\TEMP\\\\msedge_installer.log, 0, 51ea7e4d-2293-4221-aa36-aa3bbfdec688, 268697600, 0\",\"Binary\":\"\"}}","Channel":"Application","Provider":"Windows Error Reporting","EventId":1001,"EventRecordId":"24","ProcessId":0,"ThreadId":0,"Level":"Info","Keywords":"0x80000000000000","SourceFile":"Z:\\usr\\lib\\wine\\Artifacts\\APPLICATION.evtx","ExtraDataOffset":0,"HiddenRecord":false,"TimeCreated":"2023-03-07T19:44:19.6535155+00:00","RecordNumber":24}
{"ChunkNumber":0,"Computer":"WIN-D7MHOC9OLC8","Payload":"{\"EventData\":{\"Data\":\"‎Wednesday, ‎May ‎31, ‎2017 3:28:59 PM\",\"Binary\":\"\"}}","Channel":"Application","Provider":"Microsoft-Windows-CAPI2","EventId":4113,"EventRecordId":"25","ProcessId":2700,"ThreadId":4252,"Level":"Info","Keywords":"Audit success, classic","SourceFile":"Z:\\usr\\lib\\wine\\Artifacts\\APPLICATION.evtx","ExtraDataOffset":0,"HiddenRecord":false,"TimeCreated":"2023-03-07T19:45:18.9392799+00:00","RecordNumber":25}
{"ChunkNumber":0,"Computer":"WIN-D7MHOC9OLC8","Payload":"{\"EventData\":{\"Data\":\"SessionEnv\",\"Binary\":\"D9-06-00-00\"}}","Channel":"Application","Provider":"Microsoft-Windows-Winlogon","EventId":6003,"EventRecordId":"26","ProcessId":0,"ThreadId":0,"Level":"Info","Keywords":"0x80000000000000","SourceFile":"Z:\\usr\\lib\\wine\\Artifacts\\APPLICATION.evtx","ExtraDataOffset":0,"HiddenRecord":false,"TimeCreated":"2023-03-07T19:46:18.4285645+00:00","RecordNumber":26}
{"ChunkNumber":0,"Computer":"WIN-D7MHOC9OLC8","Payload":"{\"EventData\":{\"Data\":{\"@Name\":\"User\",\"#text\":\"WIN-D7MHOC9OLC8\\\\Administrator\"},\"Binary\":\"\"}}","Channel":"Application","Provider":"Microsoft-Windows-Search-ProfileNotify","EventId":5,"EventRecordId":"27","ProcessId":0,"ThreadId":0,"Level":"Info","Keywords":"0x80000000000000","SourceFile":"Z:\\usr\\lib\\wine\\Artifacts\\APPLICATION.evtx","ExtraDataOffset":0,"HiddenRecord":false,"TimeCreated":"2023-03-07T19:46:19.1475935+00:00","RecordNumber":27}
{"ChunkNumber":0,"Computer":"WIN-D7MHOC9OLC8","Payload":"{\"EventData\":{\"Data\":\"SessionEnv\",\"Binary\":\"D9-06-00-00\"}}","Channel":"Application","Provider":"Microsoft-Windows-Winlogon","EventId":6000,"EventRecordId":"28","ProcessId":0,"ThreadId":0,"Level":"Info","Keywords":"0x80000000000000","SourceFile":"Z:\\usr\\lib\\wine\\Artifacts\\APPLICATION.evtx","ExtraDataOffset":0,"HiddenRecord":false,"TimeCreated":"2023-03-07T19:46:19.7881234+00:00","RecordNumber":28}
{"ChunkNumber":0,"Computer":"WIN-D7MHOC9OLC8","Payload":"{\"EventData\":{\"Data\":\"2023-03-07T19:46:20Z, 2023-03-08T08:45:42Z\",\"Binary\":\"\"}}","Channel":"Application","Provider":"Microsoft-Windows-Security-SPP","EventId":16388,"EventRecordId":"29","ProcessId":0,"ThreadId":0,"Level":"Info","Keywords":"0x80000000000000","SourceFile":"Z:\\usr\\lib\\wine\\Artifacts\\APPLICATION.evtx","ExtraDataOffset":0,"HiddenRecord":false,"TimeCreated":"2023-03-07T19:46:20.0226230+00:00","RecordNumber":29}
{"ChunkNumber":0,"Computer":"WIN-D7MHOC9OLC8","Payload":"{\"EventData\":{\"Data\":\"Security-SPP-Action-StateData (REG_SZ) =AppId=55c92734-d682-4d71-983e-d6ec3f16059f;GraceEndDate=2023/03/17:19:38:20;LastConsumptionReason=0x4004f00c;LastNotificationId=NeverActivated;LicenseState=SL_LICENSING_STATUS_IN_GRACE_PERIOD;PartialProductKey=W8JDY;ProductKeyType=Retail:TB:Eval;SkuId=c1a197b6-ba5e-4394-b9bf-b659a6c1b873;ruleId=31e71c49-8da7-4a2f-ad92-45d98a1c79ba;uxDifferentiator=TIMEBASED_EVAL\",\"Binary\":\"\"}}","Channel":"Application","Provider":"Microsoft-Windows-Security-SPP","EventId":8230,"EventRecordId":"30","ProcessId":0,"ThreadId":0,"Level":"Info","Keywords":"0x80000000000000","SourceFile":"Z:\\usr\\lib\\wine\\Artifacts\\APPLICATION.evtx","ExtraDataOffset":0,"HiddenRecord":false,"TimeCreated":"2023-03-07T19:46:20.1472224+00:00","RecordNumber":30}
{"ChunkNumber":0,"Computer":"WIN-D7MHOC9OLC8","Payload":"{\"EventData\":{\"Data\":\"c1a197b6-ba5e-4394-b9bf-b659a6c1b873\",\"Binary\":\"\"}}","Channel":"Application","Provider":"Microsoft-Windows-Security-SPP","EventId":1013,"EventRecordId":"31","ProcessId":0,"ThreadId":0,"Level":"LogAlways","Keywords":"0x80000000000000","SourceFile":"Z:\\usr\\lib\\wine\\Artifacts\\APPLICATION.evtx","ExtraDataOffset":0,"HiddenRecord":false,"TimeCreated":"2023-03-07T19:46:26.4130532+00:00","RecordNumber":31}
{"ChunkNumber":0,"Computer":"WIN-D7MHOC9OLC8","Payload":"{\"EventData\":{\"Data\":\"XrML 2.1 License - {msft:sl/EUL/ACTIVATED/PUBLIC}, 9e6168a0-0d33-4e6e-9172-56a118b905b7\",\"Binary\":\"\"}}","Channel":"Application","Provider":"Microsoft-Windows-Security-SPP","EventId":1004,"EventRecordId":"32","ProcessId":0,"ThreadId":0,"Level":"Info","Keywords":"0x80000000000000","SourceFile":"Z:\\usr\\lib\\wine\\Artifacts\\APPLICATION.evtx","ExtraDataOffset":0,"HiddenRecord":false,"TimeCreated":"2023-03-07T19:46:26.4445473+00:00","RecordNumber":32}
{"ChunkNumber":0,"Computer":"WIN-D7MHOC9OLC8","Payload":"{\"EventData\":{\"Data\":\"XrML 2.1 License - {msft:sl/EUL/ACTIVATED/PRIVATE}, 56b2fb1e-122d-4f64-ba81-1d0028d61a33\",\"Binary\":\"\"}}","Channel":"Application","Provider":"Microsoft-Windows-Security-SPP","EventId":1004,"EventRecordId":"33","ProcessId":0,"ThreadId":0,"Level":"Info","Keywords":"0x80000000000000","SourceFile":"Z:\\usr\\lib\\wine\\Artifacts\\APPLICATION.evtx","ExtraDataOffset":0,"HiddenRecord":false,"TimeCreated":"2023-03-07T19:46:26.4445473+00:00","RecordNumber":33}
{"ChunkNumber":0,"Computer":"WIN-D7MHOC9OLC8","Payload":"{\"EventData\":{\"Data\":\"0x00000000, c1a197b6-ba5e-4394-b9bf-b659a6c1b873, SL_ACTIVATION_VALIDATION_IN_PROGRESS\",\"Binary\":\"01-00-00-00\"}}","Channel":"Application","Provider":"Microsoft-Windows-Security-SPP","EventId":1067,"EventRecordId":"34","ProcessId":0,"ThreadId":0,"Level":"Info","Keywords":"0x80000000000000","SourceFile":"Z:\\usr\\lib\\wine\\Artifacts\\APPLICATION.evtx","ExtraDataOffset":0,"HiddenRecord":false,"TimeCreated":"2023-03-07T19:46:26.4600503+00:00","RecordNumber":34}
{"ChunkNumber":0,"Computer":"WIN-D7MHOC9OLC8","Payload":"{\"EventData\":{\"Data\":\"\",\"Binary\":\"\"}}","Channel":"Application","Provider":"Microsoft-Windows-Security-SPP","EventId":20488,"EventRecordId":"35","ProcessId":0,"ThreadId":0,"Level":"Info","Keywords":"0x80000000000000","SourceFile":"Z:\\usr\\lib\\wine\\Artifacts\\APPLICATION.evtx","ExtraDataOffset":0,"HiddenRecord":false,"TimeCreated":"2023-03-07T19:46:28.2660968+00:00","RecordNumber":35}
{"ChunkNumber":0,"Computer":"WIN-D7MHOC9OLC8","Payload":"{\"EventData\":{\"Data\":\"\",\"Binary\":\"\"}}","Channel":"Application","Provider":"Microsoft-Windows-Security-SPP","EventId":20481,"EventRecordId":"36","ProcessId":0,"ThreadId":0,"Level":"Info","Keywords":"0x80000000000000","SourceFile":"Z:\\usr\\lib\\wine\\Artifacts\\APPLICATION.evtx","ExtraDataOffset":0,"HiddenRecord":false,"TimeCreated":"2023-03-07T19:46:28.4615051+00:00","RecordNumber":36}
{"ChunkNumber":0,"Computer":"WIN-D7MHOC9OLC8","Payload":"{\"EventData\":{\"Data\":\"\",\"Binary\":\"\"}}","Channel":"Application","Provider":"Microsoft-Windows-Security-SPP","EventId":20482,"EventRecordId":"37","ProcessId":0,"ThreadId":0,"Level":"Info","Keywords":"0x80000000000000","SourceFile":"Z:\\usr\\lib\\wine\\Artifacts\\APPLICATION.evtx","ExtraDataOffset":0,"HiddenRecord":false,"TimeCreated":"2023-03-07T19:46:28.5851017+00:00","RecordNumber":37}
{"ChunkNumber":0,"Computer":"WIN-D7MHOC9OLC8","Payload":"{\"EventData\":{\"Data\":\"Security-SPP-WriteWauMarker, 500\",\"Binary\":\"\"}}","Channel":"Application","Provider":"Microsoft-Windows-Security-SPP","EventId":1034,"EventRecordId":"38","ProcessId":0,"ThreadId":0,"Level":"Info","Keywords":"0x80000000000000","SourceFile":"Z:\\usr\\lib\\wine\\Artifacts\\APPLICATION.evtx","ExtraDataOffset":0,"HiddenRecord":false,"TimeCreated":"2023-03-07T19:46:28.7201018+00:00","RecordNumber":38}
{"ChunkNumber":0,"Computer":"WIN-D7MHOC9OLC8","Payload":"{\"EventData\":{\"Data\":\"\",\"Binary\":\"\"}}","Channel":"Application","Provider":"Microsoft-Windows-Security-SPP","EventId":20489,"EventRecordId":"39","ProcessId":0,"ThreadId":0,"Level":"Info","Keywords":"0x80000000000000","SourceFile":"Z:\\usr\\lib\\wine\\Artifacts\\APPLICATION.evtx","ExtraDataOffset":0,"HiddenRecord":false,"TimeCreated":"2023-03-07T19:46:28.7801010+00:00","RecordNumber":39}
{"ChunkNumber":0,"Computer":"WIN-D7MHOC9OLC8","Payload":"{\"EventData\":{\"Data\":\"55c92734-d682-4d71-983e-d6ec3f16059f\",\"Binary\":\"\"}}","Channel":"Application","Provider":"Microsoft-Windows-Security-SPP","EventId":12305,"EventRecordId":"40","ProcessId":0,"ThreadId":0,"Level":"Info","Keywords":"0x80000000000000","SourceFile":"Z:\\usr\\lib\\wine\\Artifacts\\APPLICATION.evtx","ExtraDataOffset":0,"HiddenRecord":false,"TimeCreated":"2023-03-07T19:46:30.1351143+00:00","RecordNumber":40}
{"ChunkNumber":0,"Computer":"WIN-D7MHOC9OLC8","Payload":"{\"EventData\":{\"Data\":\"{99d92734-d682-4d71-983e-d6ec3f16059f}\",\"Binary\":\"\"}}","Channel":"Application","Provider":"Microsoft-Windows-Security-SPP","EventId":12304,"EventRecordId":"41","ProcessId":0,"ThreadId":0,"Level":"Info","Keywords":"0x80000000000000","SourceFile":"Z:\\usr\\lib\\wine\\Artifacts\\APPLICATION.evtx","ExtraDataOffset":0,"HiddenRecord":false,"TimeCreated":"2023-03-07T19:46:30.1361021+00:00","RecordNumber":41}
{"ChunkNumber":0,"Computer":"WIN-D7MHOC9OLC8","Payload":"{\"EventData\":{\"Data\":\"\",\"Binary\":\"\"}}","Channel":"Application","Provider":"Microsoft-Windows-Security-SPP","EventId":12311,"EventRecordId":"42","ProcessId":0,"ThreadId":0,"Level":"Info","Keywords":"0x80000000000000","SourceFile":"Z:\\usr\\lib\\wine\\Artifacts\\APPLICATION.evtx","ExtraDataOffset":0,"HiddenRecord":false,"TimeCreated":"2023-03-07T19:46:31.2260558+00:00","RecordNumber":42}
{"ChunkNumber":0,"Computer":"WIN-D7MHOC9OLC8","Payload":"{\"EventData\":{\"Data\":\"259200, 9\",\"Binary\":\"\"}}","Channel":"Application","Provider":"Microsoft-Windows-Security-SPP","EventId":1036,"EventRecordId":"43","ProcessId":0,"ThreadId":0,"Level":"Info","Keywords":"0x80000000000000","SourceFile":"Z:\\usr\\lib\\wine\\Artifacts\\APPLICATION.evtx","ExtraDataOffset":0,"HiddenRecord":false,"TimeCreated":"2023-03-07T19:46:32.5385120+00:00","RecordNumber":43}
{"ChunkNumber":0,"Computer":"WIN-D7MHOC9OLC8","Payload":"{\"EventData\":{\"Data\":\"Security-SPP-Reserved-LicenseProperties, 100\",\"Binary\":\"\"}}","Channel":"Application","Provider":"Microsoft-Windows-Security-SPP","EventId":1034,"EventRecordId":"44","ProcessId":0,"ThreadId":0,"Level":"Info","Keywords":"0x80000000000000","SourceFile":"Z:\\usr\\lib\\wine\\Artifacts\\APPLICATION.evtx","ExtraDataOffset":0,"HiddenRecord":false,"TimeCreated":"2023-03-07T19:46:32.5700162+00:00","RecordNumber":44}
{"ChunkNumber":0,"Computer":"WIN-D7MHOC9OLC8","Payload":"{\"EventData\":{\"Data\":\"(Security-SPP-Reserved-EnableNotificationMode) , 55c92734-d682-4d71-983e-d6ec3f16059f, c1a197b6-ba5e-4394-b9bf-b659a6c1b873\",\"Binary\":\"\"}}","Channel":"Application","Provider":"Microsoft-Windows-Security-SPP","EventId":1033,"EventRecordId":"45","ProcessId":0,"ThreadId":0,"Level":"Info","Keywords":"0x80000000000000","SourceFile":"Z:\\usr\\lib\\wine\\Artifacts\\APPLICATION.evtx","ExtraDataOffset":0,"HiddenRecord":false,"TimeCreated":"2023-03-07T19:46:32.5855456+00:00","RecordNumber":45}
{"ChunkNumber":0,"Computer":"WIN-D7MHOC9OLC8","Payload":"{\"EventData\":{\"Data\":\"55c92734-d682-4d71-983e-d6ec3f16059f, \\n1: c1a197b6-ba5e-4394-b9bf-b659a6c1b873, 1, 1 [(0 [0x00000000, 1, 0], [(?)( 1 0x00000000)(?)( 2 0x00000000 0 0 msft:rm/algorithm/hwid/4.0 0x00000000 0)(?)( 9 0x00000000 180 259200)( 10 0x00000000 msft:rm/algorithm/flags/1.0)(?)])(1 )(2 )(3 )]\\n\\n\",\"Binary\":\"\"}}","Channel":"Application","Provider":"Microsoft-Windows-Security-SPP","EventId":1003,"EventRecordId":"46","ProcessId":0,"ThreadId":0,"Level":"Info","Keywords":"0x80000000000000","SourceFile":"Z:\\usr\\lib\\wine\\Artifacts\\APPLICATION.evtx","ExtraDataOffset":0,"HiddenRecord":false,"TimeCreated":"2023-03-07T19:46:32.6635289+00:00","RecordNumber":46}
{"ChunkNumber":0,"Computer":"WIN-D7MHOC9OLC8","Payload":"{\"EventData\":{\"Data\":\"55c92734-d682-4d71-983e-d6ec3f16059f, \\n1: c1a197b6-ba5e-4394-b9bf-b659a6c1b873, 1, 1 [(0 [0x00000000, 1, 0], [(?)( 1 0x00000000)(?)( 2 0x00000000 0 0 msft:rm/algorithm/hwid/4.0 0x00000000 0)(?)( 9 0x00000000 180 259200)( 10 0x00000000 msft:rm/algorithm/flags/1.0)(?)])(1 )(2 )(3 )]\\n\\n\",\"Binary\":\"\"}}","Channel":"Application","Provider":"Microsoft-Windows-Security-SPP","EventId":1003,"EventRecordId":"47","ProcessId":0,"ThreadId":0,"Level":"Info","Keywords":"0x80000000000000","SourceFile":"Z:\\usr\\lib\\wine\\Artifacts\\APPLICATION.evtx","ExtraDataOffset":0,"HiddenRecord":false,"TimeCreated":"2023-03-07T19:46:32.6635289+00:00","RecordNumber":47}
{"ChunkNumber":0,"Computer":"WIN-D7MHOC9OLC8","Payload":"{\"EventData\":{\"Data\":\"validity, 259200\",\"Binary\":\"\"}}","Channel":"Application","Provider":"Microsoft-Windows-Security-SPP","EventId":1037,"EventRecordId":"48","ProcessId":0,"ThreadId":0,"Level":"Info","Keywords":"0x80000000000000","SourceFile":"Z:\\usr\\lib\\wine\\Artifacts\\APPLICATION.evtx","ExtraDataOffset":0,"HiddenRecord":false,"TimeCreated":"2023-03-07T19:46:32.6635289+00:00","RecordNumber":48}
{"ChunkNumber":0,"Computer":"WIN-D7MHOC9OLC8","Payload":"{\"EventData\":{\"Data\":\"2023-03-07T19:46:32Z, 2023-03-08T08:45:55Z\",\"Binary\":\"\"}}","Channel":"Application","Provider":"Microsoft-Windows-Security-SPP","EventId":16388,"EventRecordId":"49","ProcessId":0,"ThreadId":0,"Level":"Info","Keywords":"0x80000000000000","SourceFile":"Z:\\usr\\lib\\wine\\Artifacts\\APPLICATION.evtx","ExtraDataOffset":0,"HiddenRecord":false,"TimeCreated":"2023-03-07T19:46:32.6950258+00:00","RecordNumber":49}
{"ChunkNumber":0,"Computer":"WIN-D7MHOC9OLC8","Payload":"{\"EventData\":{\"Data\":\"55c92734-d682-4d71-983e-d6ec3f16059f, \\n1: c1a197b6-ba5e-4394-b9bf-b659a6c1b873, 1, 1 [(0 [0x00000000, 1, 0], [(?)( 1 0x00000000)(?)( 2 0x00000000 0 0 msft:rm/algorithm/hwid/4.0 0x00000000 0)(?)( 9 0x00000000 180 259200)( 10 0x00000000 msft:rm/algorithm/flags/1.0)(?)])(1 )(2 )(3 )]\\n\\n\",\"Binary\":\"\"}}","Channel":"Application","Provider":"Microsoft-Windows-Security-SPP","EventId":1003,"EventRecordId":"50","ProcessId":0,"ThreadId":0,"Level":"Info","Keywords":"0x80000000000000","SourceFile":"Z:\\usr\\lib\\wine\\Artifacts\\APPLICATION.evtx","ExtraDataOffset":0,"HiddenRecord":false,"TimeCreated":"2023-03-07T19:46:32.7418790+00:00","RecordNumber":50}
{"ChunkNumber":0,"Computer":"WIN-D7MHOC9OLC8","Payload":"{\"EventData\":{\"Data\":\"RuleId=31e71c49-8da7-4a2f-ad92-45d98a1c79ba;Action=AutoActivate;AppId=55c92734-d682-4d71-983e-d6ec3f16059f;SkuId=c1a197b6-ba5e-4394-b9bf-b659a6c1b873;NotificationInterval=1440;Trigger=UserLogon;SessionId=1\",\"Binary\":\"\"}}","Channel":"Application","Provider":"Microsoft-Windows-Security-SPP","EventId":8197,"EventRecordId":"51","ProcessId":0,"ThreadId":0,"Level":"Info","Keywords":"0x80000000000000","SourceFile":"Z:\\usr\\lib\\wine\\Artifacts\\APPLICATION.evtx","ExtraDataOffset":0,"HiddenRecord":false,"TimeCreated":"2023-03-07T19:46:32.7728952+00:00","RecordNumber":51}
{"ChunkNumber":0,"Computer":"WIN-D7MHOC9OLC8","Payload":"{\"EventData\":{\"Data\":\"Security-SPP-Action-StateData (REG_SZ) =AppId=55c92734-d682-4d71-983e-d6ec3f16059f;GraceEndDate=2023/09/03:19:46:32;LastConsumptionReason=0x4004fc04;LastNotificationId=Cleanup;LicenseState=SL_LICENSING_STATUS_LICENSED;PartialProductKey=W8JDY;ProductKeyType=Retail:TB:Eval;SkuId=c1a197b6-ba5e-4394-b9bf-b659a6c1b873;ruleId=379cccfb-d4e0-48fe-b0f2-0136097be147;uxDifferentiator=TIMEBASED_EVAL\",\"Binary\":\"\"}}","Channel":"Application","Provider":"Microsoft-Windows-Security-SPP","EventId":8230,"EventRecordId":"52","ProcessId":0,"ThreadId":0,"Level":"Info","Keywords":"0x80000000000000","SourceFile":"Z:\\usr\\lib\\wine\\Artifacts\\APPLICATION.evtx","ExtraDataOffset":0,"HiddenRecord":false,"TimeCreated":"2023-03-07T19:46:32.7885202+00:00","RecordNumber":52}
{"ChunkNumber":0,"Computer":"WIN-D7MHOC9OLC8","Payload":"{\"EventData\":{\"Data\":\"RuleId=379cccfb-d4e0-48fe-b0f2-0136097be147;Action=CleanupState;AppId=55c92734-d682-4d71-983e-d6ec3f16059f;SkuId=c1a197b6-ba5e-4394-b9bf-b659a6c1b873;Trigger=TimerEvent\",\"Binary\":\"\"}}","Channel":"Application","Provider":"Microsoft-Windows-Security-SPP","EventId":8197,"EventRecordId":"53","ProcessId":0,"ThreadId":0,"Level":"Info","Keywords":"0x80000000000000","SourceFile":"Z:\\usr\\lib\\wine\\Artifacts\\APPLICATION.evtx","ExtraDataOffset":0,"HiddenRecord":false,"TimeCreated":"2023-03-07T19:46:32.7885202+00:00","RecordNumber":53}
{"ChunkNumber":0,"Computer":"WIN-D7MHOC9OLC8","Payload":"{\"EventData\":{\"Data\":\"OU=Class 3 Public Primary Certification Authority, O=\\\"VeriSign, Inc.\\\", C=US, 742C3192E607E424EB4549542BE1BBC53E6174E2\",\"Binary\":\"\"}}","Channel":"Application","Provider":"Microsoft-Windows-CAPI2","EventId":4109,"EventRecordId":"54","ProcessId":2700,"ThreadId":2588,"Level":"Info","Keywords":"Audit success, classic","SourceFile":"Z:\\usr\\lib\\wine\\Artifacts\\APPLICATION.evtx","ExtraDataOffset":0,"HiddenRecord":false,"TimeCreated":"2023-03-07T19:46:36.8510534+00:00","RecordNumber":54}
{"ChunkNumber":0,"Computer":"WIN-D7MHOC9OLC8","Payload":"{\"EventData\":{\"Data\":\"OU=Class 3 Public Primary Certification Authority, O=\\\"VeriSign, Inc.\\\", C=US, 4F65566336DB6598581D584A596C87934D5F2AB4\",\"Binary\":\"\"}}","Channel":"Application","Provider":"Microsoft-Windows-CAPI2","EventId":4108,"EventRecordId":"55","ProcessId":2700,"ThreadId":2588,"Level":"Info","Keywords":"Audit success, classic","SourceFile":"Z:\\usr\\lib\\wine\\Artifacts\\APPLICATION.evtx","ExtraDataOffset":0,"HiddenRecord":false,"TimeCreated":"2023-03-07T19:46:36.8510534+00:00","RecordNumber":55}
{"ChunkNumber":0,"Computer":"WIN-D7MHOC9OLC8","Payload":"{\"EventData\":{\"Data\":\"‎Thursday, ‎February ‎2, ‎2023 1:27:35 PM\",\"Binary\":\"\"}}","Channel":"Application","Provider":"Microsoft-Windows-CAPI2","EventId":4111,"EventRecordId":"56","ProcessId":2700,"ThreadId":2588,"Level":"Info","Keywords":"Audit success, classic","SourceFile":"Z:\\usr\\lib\\wine\\Artifacts\\APPLICATION.evtx","ExtraDataOffset":0,"HiddenRecord":false,"TimeCreated":"2023-03-07T19:46:36.8510534+00:00","RecordNumber":56}
{"ChunkNumber":0,"Computer":"WIN-D7MHOC9OLC8","Payload":"{\"EventData\":{\"Data\":\"CN=DigiCert Assured ID Root CA, OU=www.digicert.com, O=DigiCert Inc, C=US, 0563B8630D62D75ABBC8AB1E4BDFB5A899B24D43\",\"Binary\":\"\"}}","Channel":"Application","Provider":"Microsoft-Windows-CAPI2","EventId":4097,"EventRecordId":"57","ProcessId":2700,"ThreadId":2304,"Level":"Info","Keywords":"Audit success, classic","SourceFile":"Z:\\usr\\lib\\wine\\Artifacts\\APPLICATION.evtx","ExtraDataOffset":0,"HiddenRecord":false,"TimeCreated":"2023-03-07T19:46:36.8510534+00:00","RecordNumber":57}
{"ExecutableInfo":"C:\\ProgramData\\Package Cache\\{6236EBBD-F50F-40B3-B819-8DB0C608308C}v14.28.29913\\packages\\vcRuntimeMinimum_x86\\vc_runtimeMinimum_x86.msi","MapDescription":"Installer Started","ChunkNumber":0,"Computer":"WIN-D7MHOC9OLC8","Payload":"{\"EventData\":{\"Data\":\"C:\\\\ProgramData\\\\Package Cache\\\\{6236EBBD-F50F-40B3-B819-8DB0C608308C}v14.28.29913\\\\packages\\\\vcRuntimeMinimum_x86\\\\vc_runtimeMinimum_x86.msi, 7064, (NULL), (NULL), (NULL), (NULL)\",\"Binary\":\"\"}}","UserId":"S-1-5-21-3239415629-1862073780-2394361899-500","Channel":"Application","Provider":"MsiInstaller","EventId":1040,"EventRecordId":"58","ProcessId":0,"ThreadId":0,"Level":"Info","Keywords":"0x80000000000000","SourceFile":"Z:\\usr\\lib\\wine\\Artifacts\\APPLICATION.evtx","ExtraDataOffset":0,"HiddenRecord":false,"TimeCreated":"2023-03-07T19:46:40.9760745+00:00","RecordNumber":58}
{"PayloadData1":"Product: Microsoft Visual C++ 2019 X86 Minimum Runtime - 14.28.29913 -- Installation completed successfully., (NULL), (NULL), (NULL), (NULL), (NULL)","MapDescription":"Installation completed successfully","ChunkNumber":0,"Computer":"WIN-D7MHOC9OLC8","Payload":"{\"EventData\":{\"Data\":\"Product: Microsoft Visual C++ 2019 X86 Minimum Runtime - 14.28.29913 -- Installation completed successfully., (NULL), (NULL), (NULL), (NULL), (NULL)\",\"Binary\":\"7B-36-32-33-36-45-42-42-44-2D-46-35-30-46-2D-34-30-42-33-2D-42-38-31-39-2D-38-44-42-30-43-36-30-38-33-30-38-43-7D\"}}","UserId":"S-1-5-21-3239415629-1862073780-2394361899-500","Channel":"Application","Provider":"MsiInstaller","EventId":11707,"EventRecordId":"59","ProcessId":0,"ThreadId":0,"Level":"Info","Keywords":"0x80000000000000","SourceFile":"Z:\\usr\\lib\\wine\\Artifacts\\APPLICATION.evtx","ExtraDataOffset":0,"HiddenRecord":false,"TimeCreated":"2023-03-07T19:46:41.2730865+00:00","RecordNumber":59}
{"PayloadData1":"Name, Version, Lang, Status, Manufacturer: Microsoft Visual C++ 2019 X86 Minimum Runtime - 14.28.29913, 14.28.29913, 1033, 0, Microsoft Corporation, (NULL)","MapDescription":"A program was installed","ChunkNumber":0,"Computer":"WIN-D7MHOC9OLC8","Payload":"{\"EventData\":{\"Data\":\"Microsoft Visual C++ 2019 X86 Minimum Runtime - 14.28.29913, 14.28.29913, 1033, 0, Microsoft Corporation, (NULL)\",\"Binary\":\"7B-36-32-33-36-45-42-42-44-2D-46-35-30-46-2D-34-30-42-33-2D-42-38-31-39-2D-38-44-42-30-43-36-30-38-33-30-38-43-7D-30-30-30-30-32-65-66-34-35-34-35-65-37-35-63-38-39-65-31-38-66-33-31-33-37-36-62-31-39-32-31-66-63-64-30-38-30-30-30-30-30-39-30-34\"}}","UserId":"S-1-5-21-3239415629-1862073780-2394361899-500","Channel":"Application","Provider":"MsiInstaller","EventId":1033,"EventRecordId":"60","ProcessId":0,"ThreadId":0,"Level":"Info","Keywords":"0x80000000000000","SourceFile":"Z:\\usr\\lib\\wine\\Artifacts\\APPLICATION.evtx","ExtraDataOffset":0,"HiddenRecord":false,"TimeCreated":"2023-03-07T19:46:41.2730865+00:00","RecordNumber":60}
{"ExecutableInfo":"C:\\ProgramData\\Package Cache\\{6236EBBD-F50F-40B3-B819-8DB0C608308C}v14.28.29913\\packages\\vcRuntimeMinimum_x86\\vc_runtimeMinimum_x86.msi","MapDescription":"Installer Exited","ChunkNumber":0,"Computer":"WIN-D7MHOC9OLC8","Payload":"{\"EventData\":{\"Data\":\"C:\\\\ProgramData\\\\Package Cache\\\\{6236EBBD-F50F-40B3-B819-8DB0C608308C}v14.28.29913\\\\packages\\\\vcRuntimeMinimum_x86\\\\vc_runtimeMinimum_x86.msi, 7064, (NULL), (NULL), (NULL), (NULL)\",\"Binary\":\"\"}}","UserId":"S-1-5-18","Channel":"Application","Provider":"MsiInstaller","EventId":1042,"EventRecordId":"61","ProcessId":0,"ThreadId":0,"Level":"Info","Keywords":"0x80000000000000","SourceFile":"Z:\\usr\\lib\\wine\\Artifacts\\APPLICATION.evtx","ExtraDataOffset":0,"HiddenRecord":false,"TimeCreated":"2023-03-07T19:46:41.2885810+00:00","RecordNumber":61}
{"ExecutableInfo":"C:\\ProgramData\\Package Cache\\{572DCD10-CF2E-43D1-8151-8BD9AC9086D0}v14.28.29913\\packages\\vcRuntimeAdditional_x86\\vc_runtimeAdditional_x86.msi","MapDescription":"Installer Started","ChunkNumber":0,"Computer":"WIN-D7MHOC9OLC8","Payload":"{\"EventData\":{\"Data\":\"C:\\\\ProgramData\\\\Package Cache\\\\{572DCD10-CF2E-43D1-8151-8BD9AC9086D0}v14.28.29913\\\\packages\\\\vcRuntimeAdditional_x86\\\\vc_runtimeAdditional_x86.msi, 7064, (NULL), (NULL), (NULL), (NULL)\",\"Binary\":\"\"}}","UserId":"S-1-5-21-3239415629-1862073780-2394361899-500","Channel":"Application","Provider":"MsiInstaller","EventId":1040,"EventRecordId":"62","ProcessId":0,"ThreadId":0,"Level":"Info","Keywords":"0x80000000000000","SourceFile":"Z:\\usr\\lib\\wine\\Artifacts\\APPLICATION.evtx","ExtraDataOffset":0,"HiddenRecord":false,"TimeCreated":"2023-03-07T19:46:41.2885810+00:00","RecordNumber":62}
{"PayloadData1":"Product: Microsoft Visual C++ 2019 X86 Additional Runtime - 14.28.29913 -- Installation completed successfully., (NULL), (NULL), (NULL), (NULL), (NULL)","MapDescription":"Installation completed successfully","ChunkNumber":0,"Computer":"WIN-D7MHOC9OLC8","Payload":"{\"EventData\":{\"Data\":\"Product: Microsoft Visual C++ 2019 X86 Additional Runtime - 14.28.29913 -- Installation completed successfully., (NULL), (NULL), (NULL), (NULL), (NULL)\",\"Binary\":\"7B-35-37-32-44-43-44-31-30-2D-43-46-32-45-2D-34-33-44-31-2D-38-31-35-31-2D-38-42-44-39-41-43-39-30-38-36-44-30-7D\"}}","UserId":"S-1-5-21-3239415629-1862073780-2394361899-500","Channel":"Application","Provider":"MsiInstaller","EventId":11707,"EventRecordId":"63","ProcessId":0,"ThreadId":0,"Level":"Info","Keywords":"0x80000000000000","SourceFile":"Z:\\usr\\lib\\wine\\Artifacts\\APPLICATION.evtx","ExtraDataOffset":0,"HiddenRecord":false,"TimeCreated":"2023-03-07T19:46:41.5385755+00:00","RecordNumber":63}
{"PayloadData1":"Name, Version, Lang, Status, Manufacturer: Microsoft Visual C++ 2019 X86 Additional Runtime - 14.28.29913, 14.28.29913, 1033, 0, Microsoft Corporation, (NULL)","MapDescription":"A program was installed","ChunkNumber":0,"Computer":"WIN-D7MHOC9OLC8","Payload":"{\"EventData\":{\"Data\":\"Microsoft Visual C++ 2019 X86 Additional Runtime - 14.28.29913, 14.28.29913, 1033, 0, Microsoft Corporation, (NULL)\",\"Binary\":\"7B-35-37-32-44-43-44-31-30-2D-43-46-32-45-2D-34-33-44-31-2D-38-31-35-31-2D-38-42-44-39-41-43-39-30-38-36-44-30-7D-30-30-30-30-34-35-36-34-61-35-38-33-65-64-34-62-62-38-37-64-64-34-34-65-32-61-34-63-65-32-35-30-30-39-63-32-30-30-30-30-30-39-30-34\"}}","UserId":"S-1-5-21-3239415629-1862073780-2394361899-500","Channel":"Application","Provider":"MsiInstaller","EventId":1033,"EventRecordId":"64","ProcessId":0,"ThreadId":0,"Level":"Info","Keywords":"0x80000000000000","SourceFile":"Z:\\usr\\lib\\wine\\Artifacts\\APPLICATION.evtx","ExtraDataOffset":0,"HiddenRecord":false,"TimeCreated":"2023-03-07T19:46:41.5385755+00:00","RecordNumber":64}
{"ExecutableInfo":"C:\\ProgramData\\Package Cache\\{572DCD10-CF2E-43D1-8151-8BD9AC9086D0}v14.28.29913\\packages\\vcRuntimeAdditional_x86\\vc_runtimeAdditional_x86.msi","MapDescription":"Installer Exited","ChunkNumber":0,"Computer":"WIN-D7MHOC9OLC8","Payload":"{\"EventData\":{\"Data\":\"C:\\\\ProgramData\\\\Package Cache\\\\{572DCD10-CF2E-43D1-8151-8BD9AC9086D0}v14.28.29913\\\\packages\\\\vcRuntimeAdditional_x86\\\\vc_runtimeAdditional_x86.msi, 7064, (NULL), (NULL), (NULL), (NULL)\",\"Binary\":\"\"}}","UserId":"S-1-5-18","Channel":"Application","Provider":"MsiInstaller","EventId":1042,"EventRecordId":"65","ProcessId":0,"ThreadId":0,"Level":"Info","Keywords":"0x80000000000000","SourceFile":"Z:\\usr\\lib\\wine\\Artifacts\\APPLICATION.evtx","ExtraDataOffset":0,"HiddenRecord":false,"TimeCreated":"2023-03-07T19:46:41.5385755+00:00","RecordNumber":65}
{"ChunkNumber":0,"Computer":"WIN-D7MHOC9OLC8","Payload":"{\"UserData\":{\"RmSessionEvent\":{\"RmSessionId\":\"0\",\"UTCStartTime\":\"2023-03-07 19:46:41.0228584\"}}}","UserId":"S-1-5-21-3239415629-1862073780-2394361899-500","Channel":"Application","Provider":"Microsoft-Windows-RestartManager","EventId":10000,"EventRecordId":"66","ProcessId":7128,"ThreadId":7164,"Level":"Info","Keywords":"Classic","SourceFile":"Z:\\usr\\lib\\wine\\Artifacts\\APPLICATION.evtx","ExtraDataOffset":0,"HiddenRecord":false,"TimeCreated":"2023-03-07T19:46:41.0374347+00:00","RecordNumber":66}
{"ChunkNumber":0,"Computer":"WIN-D7MHOC9OLC8","Payload":"{\"UserData\":{\"RmSessionEvent\":{\"RmSessionId\":\"0\",\"UTCStartTime\":\"2023-03-07 19:46:41.0228584\"}}}","UserId":"S-1-5-21-3239415629-1862073780-2394361899-500","Channel":"Application","Provider":"Microsoft-Windows-RestartManager","EventId":10001,"EventRecordId":"67","ProcessId":7128,"ThreadId":7156,"Level":"Info","Keywords":"Classic","SourceFile":"Z:\\usr\\lib\\wine\\Artifacts\\APPLICATION.evtx","ExtraDataOffset":0,"HiddenRecord":false,"TimeCreated":"2023-03-07T19:46:41.2843246+00:00","RecordNumber":67}
{"ChunkNumber":0,"Computer":"WIN-D7MHOC9OLC8","Payload":"{\"UserData\":{\"RmSessionEvent\":{\"RmSessionId\":\"0\",\"UTCStartTime\":\"2023-03-07 19:46:41.3046164\"}}}","UserId":"S-1-5-21-3239415629-1862073780-2394361899-500","Channel":"Application","Provider":"Microsoft-Windows-RestartManager","EventId":10000,"EventRecordId":"68","ProcessId":7128,"ThreadId":5608,"Level":"Info","Keywords":"Classic","SourceFile":"Z:\\usr\\lib\\wine\\Artifacts\\APPLICATION.evtx","ExtraDataOffset":0,"HiddenRecord":false,"TimeCreated":"2023-03-07T19:46:41.3138290+00:00","RecordNumber":68}
{"ChunkNumber":0,"Computer":"WIN-D7MHOC9OLC8","Payload":"{\"UserData\":{\"RmSessionEvent\":{\"RmSessionId\":\"0\",\"UTCStartTime\":\"2023-03-07 19:46:41.3046164\"}}}","UserId":"S-1-5-21-3239415629-1862073780-2394361899-500","Channel":"Application","Provider":"Microsoft-Windows-RestartManager","EventId":10001,"EventRecordId":"69","ProcessId":7128,"ThreadId":7156,"Level":"Info","Keywords":"Classic","SourceFile":"Z:\\usr\\lib\\wine\\Artifacts\\APPLICATION.evtx","ExtraDataOffset":0,"HiddenRecord":false,"TimeCreated":"2023-03-07T19:46:41.5443566+00:00","RecordNumber":69}
{"ExecutableInfo":"C:\\ProgramData\\Package Cache\\{EECDD137-13DA-46ED-ADA0-BDF7F8BE65B8}v14.28.29913\\packages\\vcRuntimeMinimum_amd64\\vc_runtimeMinimum_x64.msi","MapDescription":"Installer Started","ChunkNumber":0,"Computer":"WIN-D7MHOC9OLC8","Payload":"{\"EventData\":{\"Data\":\"C:\\\\ProgramData\\\\Package Cache\\\\{EECDD137-13DA-46ED-ADA0-BDF7F8BE65B8}v14.28.29913\\\\packages\\\\vcRuntimeMinimum_amd64\\\\vc_runtimeMinimum_x64.msi, 6500, (NULL), (NULL), (NULL), (NULL)\",\"Binary\":\"\"}}","UserId":"S-1-5-21-3239415629-1862073780-2394361899-500","Channel":"Application","Provider":"MsiInstaller","EventId":1040,"EventRecordId":"70","ProcessId":0,"ThreadId":0,"Level":"Info","Keywords":"0x80000000000000","SourceFile":"Z:\\usr\\lib\\wine\\Artifacts\\APPLICATION.evtx","ExtraDataOffset":0,"HiddenRecord":false,"TimeCreated":"2023-03-07T19:46:42.3355803+00:00","RecordNumber":70}
{"PayloadData1":"Product: Microsoft Visual C++ 2019 X64 Minimum Runtime - 14.28.29913 -- Installation completed successfully., (NULL), (NULL), (NULL), (NULL), (NULL)","MapDescription":"Installation completed successfully","ChunkNumber":0,"Computer":"WIN-D7MHOC9OLC8","Payload":"{\"EventData\":{\"Data\":\"Product: Microsoft Visual C++ 2019 X64 Minimum Runtime - 14.28.29913 -- Installation completed successfully., (NULL), (NULL), (NULL), (NULL), (NULL)\",\"Binary\":\"7B-45-45-43-44-44-31-33-37-2D-31-33-44-41-2D-34-36-45-44-2D-41-44-41-30-2D-42-44-46-37-46-38-42-45-36-35-42-38-7D\"}}","UserId":"S-1-5-21-3239415629-1862073780-2394361899-500","Channel":"Application","Provider":"MsiInstaller","EventId":11707,"EventRecordId":"71","ProcessId":0,"ThreadId":0,"Level":"Info","Keywords":"0x80000000000000","SourceFile":"Z:\\usr\\lib\\wine\\Artifacts\\APPLICATION.evtx","ExtraDataOffset":0,"HiddenRecord":false,"TimeCreated":"2023-03-07T19:46:42.5545642+00:00","RecordNumber":71}
{"PayloadData1":"Name, Version, Lang, Status, Manufacturer: Microsoft Visual C++ 2019 X64 Minimum Runtime - 14.28.29913, 14.28.29913, 1033, 0, Microsoft Corporation, (NULL)","MapDescription":"A program was installed","ChunkNumber":0,"Computer":"WIN-D7MHOC9OLC8","Payload":"{\"EventData\":{\"Data\":\"Microsoft Visual C++ 2019 X64 Minimum Runtime - 14.28.29913, 14.28.29913, 1033, 0, Microsoft Corporation, (NULL)\",\"Binary\":\"7B-45-45-43-44-44-31-33-37-2D-31-33-44-41-2D-34-36-45-44-2D-41-44-41-30-2D-42-44-46-37-46-38-42-45-36-35-42-38-7D-30-30-30-30-30-62-63-31-39-64-61-30-32-32-65-62-39-34-65-63-61-37-35-61-37-32-37-62-36-31-35-63-32-30-31-65-30-30-30-30-30-39-30-34\"}}","UserId":"S-1-5-21-3239415629-1862073780-2394361899-500","Channel":"Application","Provider":"MsiInstaller","EventId":1033,"EventRecordId":"72","ProcessId":0,"ThreadId":0,"Level":"Info","Keywords":"0x80000000000000","SourceFile":"Z:\\usr\\lib\\wine\\Artifacts\\APPLICATION.evtx","ExtraDataOffset":0,"HiddenRecord":false,"TimeCreated":"2023-03-07T19:46:42.5545642+00:00","RecordNumber":72}
{"ExecutableInfo":"C:\\ProgramData\\Package Cache\\{EECDD137-13DA-46ED-ADA0-BDF7F8BE65B8}v14.28.29913\\packages\\vcRuntimeMinimum_amd64\\vc_runtimeMinimum_x64.msi","MapDescription":"Installer Exited","ChunkNumber":0,"Computer":"WIN-D7MHOC9OLC8","Payload":"{\"EventData\":{\"Data\":\"C:\\\\ProgramData\\\\Package Cache\\\\{EECDD137-13DA-46ED-ADA0-BDF7F8BE65B8}v14.28.29913\\\\packages\\\\vcRuntimeMinimum_amd64\\\\vc_runtimeMinimum_x64.msi, 6500, (NULL), (NULL), (NULL), (NULL)\",\"Binary\":\"\"}}","UserId":"S-1-5-18","Channel":"Application","Provider":"MsiInstaller","EventId":1042,"EventRecordId":"73","ProcessId":0,"ThreadId":0,"Level":"Info","Keywords":"0x80000000000000","SourceFile":"Z:\\usr\\lib\\wine\\Artifacts\\APPLICATION.evtx","ExtraDataOffset":0,"HiddenRecord":false,"TimeCreated":"2023-03-07T19:46:42.5545642+00:00","RecordNumber":73}
{"ExecutableInfo":"C:\\ProgramData\\Package Cache\\{620A7633-7A09-42A8-8580-076A4483C4B0}v14.28.29913\\packages\\vcRuntimeAdditional_amd64\\vc_runtimeAdditional_x64.msi","MapDescription":"Installer Started","ChunkNumber":0,"Computer":"WIN-D7MHOC9OLC8","Payload":"{\"EventData\":{\"Data\":\"C:\\\\ProgramData\\\\Package Cache\\\\{620A7633-7A09-42A8-8580-076A4483C4B0}v14.28.29913\\\\packages\\\\vcRuntimeAdditional_amd64\\\\vc_runtimeAdditional_x64.msi, 6500, (NULL), (NULL), (NULL), (NULL)\",\"Binary\":\"\"}}","UserId":"S-1-5-21-3239415629-1862073780-2394361899-500","Channel":"Application","Provider":"MsiInstaller","EventId":1040,"EventRecordId":"74","ProcessId":0,"ThreadId":0,"Level":"Info","Keywords":"0x80000000000000","SourceFile":"Z:\\usr\\lib\\wine\\Artifacts\\APPLICATION.evtx","ExtraDataOffset":0,"HiddenRecord":false,"TimeCreated":"2023-03-07T19:46:42.5700785+00:00","RecordNumber":74}
{"PayloadData1":"Product: Microsoft Visual C++ 2019 X64 Additional Runtime - 14.28.29913 -- Installation completed successfully., (NULL), (NULL), (NULL), (NULL), (NULL)","MapDescription":"Installation completed successfully","ChunkNumber":0,"Computer":"WIN-D7MHOC9OLC8","Payload":"{\"EventData\":{\"Data\":\"Product: Microsoft Visual C++ 2019 X64 Additional Runtime - 14.28.29913 -- Installation completed successfully., (NULL), (NULL), (NULL), (NULL), (NULL)\",\"Binary\":\"7B-36-32-30-41-37-36-33-33-2D-37-41-30-39-2D-34-32-41-38-2D-38-35-38-30-2D-30-37-36-41-34-34-38-33-43-34-42-30-7D\"}}","UserId":"S-1-5-21-3239415629-1862073780-2394361899-500","Channel":"Application","Provider":"MsiInstaller","EventId":11707,"EventRecordId":"75","ProcessId":0,"ThreadId":0,"Level":"Info","Keywords":"0x80000000000000","SourceFile":"Z:\\usr\\lib\\wine\\Artifacts\\APPLICATION.evtx","ExtraDataOffset":0,"HiddenRecord":false,"TimeCreated":"2023-03-07T19:46:42.8355845+00:00","RecordNumber":75}
