{"ChunkNumber":2,"Computer":"DC01.forela.local","Payload":"{\"EventData\":{\"Data\":\"(Security-SPP-Reserved-EnableNotificationMode) , 55c92734-d682-4d71-983e-d6ec3f16059f, c1a197b6-ba5e-4394-b9bf-b659a6c1b873\",\"Binary\":\"\"}}","Channel":"Application","Provider":"Microsoft-Windows-Security-SPP","EventId":1033,"EventRecordId":"250","ProcessId":0,"ThreadId":0,"Level":"Info","Keywords":"0x80000000000000","SourceFile":"Z:\\usr\\lib\\wine\\Artifacts\\APPLICATION.evtx","ExtraDataOffset":0,"HiddenRecord":false,"TimeCreated":"2023-03-08T10:10:44.8930735+00:00","RecordNumber":250}
{"ChunkNumber":2,"Computer":"DC01.forela.local","Payload":"{\"EventData\":{\"Data\":\"2023-08-04T19:46:19Z, RulesEngine\",\"Binary\":\"\"}}","Channel":"Application","Provider":"Microsoft-Windows-Security-SPP","EventId":16384,"EventRecordId":"251","ProcessId":0,"ThreadId":0,"Level":"Info","Keywords":"0x80000000000000","SourceFile":"Z:\\usr\\lib\\wine\\Artifacts\\APPLICATION.evtx","ExtraDataOffset":0,"HiddenRecord":false,"TimeCreated":"2023-03-08T10:11:19.0802411+00:00","RecordNumber":251}
{"ChunkNumber":2,"Computer":"DC01.forela.local","Payload":"{\"EventData\":{\"Data\":\"SessionEnv\",\"Binary\":\"D9-06-00-00\"}}","Channel":"Application","Provider":"Microsoft-Windows-Winlogon","EventId":6003,"EventRecordId":"252","ProcessId":0,"ThreadId":0,"Level":"Info","Keywords":"0x80000000000000","SourceFile":"Z:\\usr\\lib\\wine\\Artifacts\\APPLICATION.evtx","ExtraDataOffset":0,"HiddenRecord":false,"TimeCreated":"2023-03-08T10:16:11.6101010+00:00","RecordNumber":252}
{"ChunkNumber":2,"Computer":"DC01.forela.local","Payload":"{\"EventData\":{\"Data\":\"SessionEnv\",\"Binary\":\"D9-06-00-00\"}}","Channel":"Application","Provider":"Microsoft-Windows-Winlogon","EventId":6000,"EventRecordId":"253","ProcessId":0,"ThreadId":0,"Level":"Info","Keywords":"0x80000000000000","SourceFile":"Z:\\usr\\lib\\wine\\Artifacts\\APPLICATION.evtx","ExtraDataOffset":0,"HiddenRecord":false,"TimeCreated":"2023-03-08T10:16:11.9568178+00:00","RecordNumber":253}
{"ChunkNumber":2,"Computer":"DC01.forela.local","Payload":"{\"EventData\":{\"Data\":\"\",\"Binary\":\"\"}}","Channel":"Application","Provider":"SceCli","EventId":1704,"EventRecordId":"254","ProcessId":0,"ThreadId":0,"Level":"Info","Keywords":"0x80000000000000","SourceFile":"Z:\\usr\\lib\\wine\\Artifacts\\APPLICATION.evtx","ExtraDataOffset":0,"HiddenRecord":false,"TimeCreated":"2023-03-08T10:16:12.7116277+00:00","RecordNumber":254}
{"ExecutableInfo":"dns.exe","MapDescription":"Application Crash","ChunkNumber":2,"Computer":"DC01.forela.local","Payload":"{\"EventData\":{\"Data\":\"1948566473416242199, 5, RADAR_PRE_LEAK_64, Not available, 0, dns.exe, 10.0.20348.587, 10.0.20348.2.0.0, \\n\\\\\\\\?\\\\C:\\\\Users\\\\ADMINI~1\\\\AppData\\\\Local\\\\Temp\\\\RDR1BB9.tmp\\\\empty.txt\\n\\\\\\\\?\\\\C:\\\\ProgramData\\\\Microsoft\\\\Windows\\\\WER\\\\Temp\\\\WER.35e4573b-8aaa-4267-b207-ebf5b332ed74.tmp.WERInternalMetadata.xml\\n\\\\\\\\?\\\\C:\\\\ProgramData\\\\Microsoft\\\\Windows\\\\WER\\\\Temp\\\\WER.4accc216-bb7f-4589-9bb8-4a0cdd9efb3a.tmp.xml\\n\\\\\\\\?\\\\C:\\\\ProgramData\\\\Microsoft\\\\Windows\\\\WER\\\\Temp\\\\WER.165c8aae-8582-4a01-b91a-be2eb9dd403e.tmp.csv\\n\\\\\\\\?\\\\C:\\\\ProgramData\\\\Microsoft\\\\Windows\\\\WER\\\\Temp\\\\WER.3b965f33-c236-4e35-89eb-7fabe3499506.tmp.txt, 0, 5dd895b7-5b98-41fc-a8d2-7dab04506f14, 268435456, 94d02e31a7872cf70b0ab2e23535f417, 0\",\"Binary\":\"\"}}","Channel":"Application","Provider":"Windows Error Reporting","EventId":1001,"EventRecordId":"255","ProcessId":0,"ThreadId":0,"Level":"Info","Keywords":"0x80000000000000","SourceFile":"Z:\\usr\\lib\\wine\\Artifacts\\APPLICATION.evtx","ExtraDataOffset":0,"HiddenRecord":false,"TimeCreated":"2023-03-08T10:20:48.2831151+00:00","RecordNumber":255}
{"ChunkNumber":2,"Computer":"DC01.forela.local","Payload":"{\"EventData\":{\"Data\":\"\",\"Binary\":\"\"}}","Channel":"Application","Provider":"Microsoft-Windows-Security-SPP","EventId":16394,"EventRecordId":"256","ProcessId":0,"ThreadId":0,"Level":"Info","Keywords":"0x80000000000000","SourceFile":"Z:\\usr\\lib\\wine\\Artifacts\\APPLICATION.evtx","ExtraDataOffset":0,"HiddenRecord":false,"TimeCreated":"2023-03-08T10:30:11.9551337+00:00","RecordNumber":256}
{"ChunkNumber":2,"Computer":"DC01.forela.local","Payload":"{\"EventData\":{\"Data\":\"2023-08-04T19:46:42Z, RulesEngine\",\"Binary\":\"\"}}","Channel":"Application","Provider":"Microsoft-Windows-Security-SPP","EventId":16384,"EventRecordId":"257","ProcessId":0,"ThreadId":0,"Level":"Info","Keywords":"0x80000000000000","SourceFile":"Z:\\usr\\lib\\wine\\Artifacts\\APPLICATION.evtx","ExtraDataOffset":0,"HiddenRecord":false,"TimeCreated":"2023-03-08T10:30:42.0333676+00:00","RecordNumber":257}
{"ChunkNumber":2,"Computer":"DC01.forela.local","Payload":"{\"EventData\":{\"Data\":\"\",\"Binary\":\"\"}}","Channel":"Application","Provider":"Microsoft-Windows-Security-SPP","EventId":16394,"EventRecordId":"258","ProcessId":0,"ThreadId":0,"Level":"Info","Keywords":"0x80000000000000","SourceFile":"Z:\\usr\\lib\\wine\\Artifacts\\APPLICATION.evtx","ExtraDataOffset":0,"HiddenRecord":false,"TimeCreated":"2023-03-08T11:00:12.1188469+00:00","RecordNumber":258}
{"ChunkNumber":2,"Computer":"DC01.forela.local","Payload":"{\"EventData\":{\"Data\":\"2023-08-04T19:46:42Z, RulesEngine\",\"Binary\":\"\"}}","Channel":"Application","Provider":"Microsoft-Windows-Security-SPP","EventId":16384,"EventRecordId":"259","ProcessId":0,"ThreadId":0,"Level":"Info","Keywords":"0x80000000000000","SourceFile":"Z:\\usr\\lib\\wine\\Artifacts\\APPLICATION.evtx","ExtraDataOffset":0,"HiddenRecord":false,"TimeCreated":"2023-03-08T11:00:42.3844245+00:00","RecordNumber":259}
{"ChunkNumber":2,"Computer":"DC01.forela.local","Payload":"{\"EventData\":{\"Data\":\"\",\"Binary\":\"\"}}","Channel":"Application","Provider":"Microsoft-Windows-Security-SPP","EventId":16394,"EventRecordId":"260","ProcessId":0,"ThreadId":0,"Level":"Info","Keywords":"0x80000000000000","SourceFile":"Z:\\usr\\lib\\wine\\Artifacts\\APPLICATION.evtx","ExtraDataOffset":0,"HiddenRecord":false,"TimeCreated":"2023-03-08T11:12:00.7126554+00:00","RecordNumber":260}
{"ChunkNumber":2,"Computer":"DC01.forela.local","Payload":"{\"EventData\":{\"Data\":\"2023-08-04T19:46:31Z, RulesEngine\",\"Binary\":\"\"}}","Channel":"Application","Provider":"Microsoft-Windows-Security-SPP","EventId":16384,"EventRecordId":"261","ProcessId":0,"ThreadId":0,"Level":"Info","Keywords":"0x80000000000000","SourceFile":"Z:\\usr\\lib\\wine\\Artifacts\\APPLICATION.evtx","ExtraDataOffset":0,"HiddenRecord":false,"TimeCreated":"2023-03-08T11:12:31.0189257+00:00","RecordNumber":261}
{"ChunkNumber":2,"Computer":"DC01.forela.local","Payload":"{\"EventData\":{\"Data\":\"OU=Starfield Class 2 Certification Authority, O=\\\"Starfield Technologies, Inc.\\\", C=US, AD7E1C28B064EF8F6003402014C3D0E3370EB58A\",\"Binary\":\"\"}}","Channel":"Application","Provider":"Microsoft-Windows-CAPI2","EventId":4097,"EventRecordId":"262","ProcessId":1332,"ThreadId":5664,"Level":"Info","Keywords":"Audit success, classic","SourceFile":"Z:\\usr\\lib\\wine\\Artifacts\\APPLICATION.evtx","ExtraDataOffset":0,"HiddenRecord":false,"TimeCreated":"2023-03-08T11:15:18.5227650+00:00","RecordNumber":262}
{"ChunkNumber":2,"Computer":"DC01.forela.local","Payload":"{\"EventData\":{\"Data\":\"CN=GlobalSign Root CA, OU=Root CA, O=GlobalSign nv-sa, C=BE, B1BC968BD4F49D622AA89A81F2150152A41D829C\",\"Binary\":\"\"}}","Channel":"Application","Provider":"Microsoft-Windows-CAPI2","EventId":4097,"EventRecordId":"263","ProcessId":1332,"ThreadId":5672,"Level":"Info","Keywords":"Audit success, classic","SourceFile":"Z:\\usr\\lib\\wine\\Artifacts\\APPLICATION.evtx","ExtraDataOffset":0,"HiddenRecord":false,"TimeCreated":"2023-03-08T11:16:40.7751486+00:00","RecordNumber":263}
{"ChunkNumber":2,"Computer":"DC01.forela.local","Payload":"{\"EventData\":{\"Data\":\"\",\"Binary\":\"\"}}","Channel":"Application","Provider":"Microsoft-Windows-Security-SPP","EventId":16394,"EventRecordId":"264","ProcessId":0,"ThreadId":0,"Level":"Info","Keywords":"0x80000000000000","SourceFile":"Z:\\usr\\lib\\wine\\Artifacts\\APPLICATION.evtx","ExtraDataOffset":0,"HiddenRecord":false,"TimeCreated":"2023-03-08T11:29:23.3798195+00:00","RecordNumber":264}
{"ChunkNumber":2,"Computer":"DC01.forela.local","Payload":"{\"EventData\":{\"Data\":\"2023-08-04T19:45:53Z, RulesEngine\",\"Binary\":\"\"}}","Channel":"Application","Provider":"Microsoft-Windows-Security-SPP","EventId":16384,"EventRecordId":"265","ProcessId":0,"ThreadId":0,"Level":"Info","Keywords":"0x80000000000000","SourceFile":"Z:\\usr\\lib\\wine\\Artifacts\\APPLICATION.evtx","ExtraDataOffset":0,"HiddenRecord":false,"TimeCreated":"2023-03-08T11:29:53.6450244+00:00","RecordNumber":265}
{"ChunkNumber":2,"Computer":"DC01.forela.local","Payload":"{\"EventData\":{\"Data\":\"\",\"Binary\":\"\"}}","Channel":"Application","Provider":"Microsoft-Windows-Security-SPP","EventId":16394,"EventRecordId":"266","ProcessId":0,"ThreadId":0,"Level":"Info","Keywords":"0x80000000000000","SourceFile":"Z:\\usr\\lib\\wine\\Artifacts\\APPLICATION.evtx","ExtraDataOffset":0,"HiddenRecord":false,"TimeCreated":"2023-03-08T11:30:12.4734891+00:00","RecordNumber":266}
{"ChunkNumber":2,"Computer":"DC01.forela.local","Payload":"{\"EventData\":{\"Data\":\"2023-08-04T19:46:42Z, RulesEngine\",\"Binary\":\"\"}}","Channel":"Application","Provider":"Microsoft-Windows-Security-SPP","EventId":16384,"EventRecordId":"267","ProcessId":0,"ThreadId":0,"Level":"Info","Keywords":"0x80000000000000","SourceFile":"Z:\\usr\\lib\\wine\\Artifacts\\APPLICATION.evtx","ExtraDataOffset":0,"HiddenRecord":false,"TimeCreated":"2023-03-08T11:30:42.6922967+00:00","RecordNumber":267}
{"ChunkNumber":2,"Computer":"DC01.forela.local","Payload":"{\"EventData\":{\"Data\":\"WSearch\",\"Binary\":\"D9-06-00-00\"}}","Channel":"Application","Provider":"Microsoft-Windows-Winlogon","EventId":6000,"EventRecordId":"268","ProcessId":0,"ThreadId":0,"Level":"Info","Keywords":"0x80000000000000","SourceFile":"Z:\\usr\\lib\\wine\\Artifacts\\APPLICATION.evtx","ExtraDataOffset":0,"HiddenRecord":false,"TimeCreated":"2023-03-08T11:58:16.2379232+00:00","RecordNumber":268}
{"ChunkNumber":2,"Computer":"DC01.forela.local","Payload":"{\"EventData\":{\"Data\":\"SessionEnv\",\"Binary\":\"D9-06-00-00\"}}","Channel":"Application","Provider":"Microsoft-Windows-Winlogon","EventId":6000,"EventRecordId":"269","ProcessId":0,"ThreadId":0,"Level":"Info","Keywords":"0x80000000000000","SourceFile":"Z:\\usr\\lib\\wine\\Artifacts\\APPLICATION.evtx","ExtraDataOffset":0,"HiddenRecord":false,"TimeCreated":"2023-03-08T11:58:16.2536921+00:00","RecordNumber":269}
{"ChunkNumber":2,"Computer":"DC01.forela.local","Payload":"{\"EventData\":{\"Data\":\"\",\"Binary\":\"\"}}","Channel":"Application","Provider":"VMUpgradeHelper","EventId":260,"EventRecordId":"270","ProcessId":0,"ThreadId":0,"Level":"Info","Keywords":"0x80000000000000","SourceFile":"Z:\\usr\\lib\\wine\\Artifacts\\APPLICATION.evtx","ExtraDataOffset":0,"HiddenRecord":false,"TimeCreated":"2023-03-08T11:58:16.3164410+00:00","RecordNumber":270}
{"ChunkNumber":2,"Computer":"DC01.forela.local","Payload":"{\"EventData\":{\"Data\":\"\",\"Binary\":\"\"}}","Channel":"Application","Provider":"VMUpgradeHelper","EventId":272,"EventRecordId":"271","ProcessId":0,"ThreadId":0,"Level":"Info","Keywords":"0x80000000000000","SourceFile":"Z:\\usr\\lib\\wine\\Artifacts\\APPLICATION.evtx","ExtraDataOffset":0,"HiddenRecord":false,"TimeCreated":"2023-03-08T11:58:16.3164410+00:00","RecordNumber":271}
{"ChunkNumber":2,"Computer":"DC01.forela.local","Payload":"{\"EventData\":{\"Data\":\"\",\"Binary\":\"\"}}","Channel":"Application","Provider":"VMTools","EventId":108,"EventRecordId":"272","ProcessId":0,"ThreadId":0,"Level":"Info","Keywords":"0x80000000000000","SourceFile":"Z:\\usr\\lib\\wine\\Artifacts\\APPLICATION.evtx","ExtraDataOffset":0,"HiddenRecord":false,"TimeCreated":"2023-03-08T11:58:16.3324886+00:00","RecordNumber":272}
{"ChunkNumber":2,"Computer":"DC01.forela.local","Payload":"{\"EventData\":{\"Binary\":\"4D-00-53-00-44-00-54-00-43-00\"}}","Channel":"Application","Provider":"Microsoft-Windows-MSDTC","EventId":4111,"EventRecordId":"273","ProcessId":0,"ThreadId":0,"Level":"Info","Keywords":"0x80000000000000","SourceFile":"Z:\\usr\\lib\\wine\\Artifacts\\APPLICATION.evtx","ExtraDataOffset":0,"HiddenRecord":false,"TimeCreated":"2023-03-08T11:58:17.4097394+00:00","RecordNumber":273}
{"ChunkNumber":2,"Computer":"DC01.forela.local","Payload":"{\"EventData\":{\"Data\":\"{4e14fba2-2e22-11d1-9964-00c04fbbb345}, CEventSystem, 0x8007045b, A system shutdown is in progress.\\n\",\"Binary\":\"2D-20-43-6F-64-65-3A-20-57-52-54-57-52-54-49-43-30-30-30-30-34-39-32-33-2D-20-43-61-6C-6C-3A-20-57-52-54-57-52-54-49-43-30-30-30-30-34-39-31-36-2D-20-50-49-44-3A-20-20-30-30-30-30-31-33-33-32-2D-20-54-49-44-3A-20-20-30-30-30-30-35-35-31-32-2D-20-43-4D-44-3A-20-20-43-3A-5C-57-69-6E-64-6F-77-73-5C-73-79-73-74-65-6D-33-32-5C-73-76-63-68-6F-73-74-2E-65-78-65-20-2D-6B-20-4E-65-74-77-6F-72-6B-53-65-72-76-69-63-65-20-2D-70-20-2D-73-20-43-72-79-70-74-53-76-63-2D-20-55-73-65-72-3A-20-4E-61-6D-65-3A-20-4E-54-20-41-55-54-48-4F-52-49-54-59-5C-4E-45-54-57-4F-52-4B-20-53-45-52-56-49-43-45-2C-20-53-49-44-3A-53-2D-31-2D-35-2D-32-30\"}}","Channel":"Application","Provider":"VSS","EventId":13,"EventRecordId":"274","ProcessId":0,"ThreadId":0,"Level":"Error","Keywords":"0x80000000000000","SourceFile":"Z:\\usr\\lib\\wine\\Artifacts\\APPLICATION.evtx","ExtraDataOffset":0,"HiddenRecord":false,"TimeCreated":"2023-03-08T11:58:17.4097394+00:00","RecordNumber":274}
{"ChunkNumber":2,"Computer":"DC01.forela.local","Payload":"{\"EventData\":\"\"}","UserId":"S-1-5-18","Channel":"Application","Provider":"Microsoft-Windows-User Profiles Service","EventId":1532,"EventRecordId":"275","ProcessId":1660,"ThreadId":1744,"Level":"Info","Keywords":"Classic","SourceFile":"Z:\\usr\\lib\\wine\\Artifacts\\APPLICATION.evtx","ExtraDataOffset":0,"HiddenRecord":false,"TimeCreated":"2023-03-08T11:58:17.4299524+00:00","RecordNumber":275}
{"ChunkNumber":2,"Computer":"DC01.forela.local","Payload":"{\"EventData\":\"\"}","UserId":"S-1-5-18","Channel":"Application","Provider":"Microsoft-Windows-User Profiles Service","EventId":1531,"EventRecordId":"276","ProcessId":1536,"ThreadId":1616,"Level":"Info","Keywords":"Classic","SourceFile":"Z:\\usr\\lib\\wine\\Artifacts\\APPLICATION.evtx","ExtraDataOffset":0,"HiddenRecord":false,"TimeCreated":"2023-03-09T09:15:29.9443569+00:00","RecordNumber":276}
{"ChunkNumber":2,"Computer":"DC01.forela.local","Payload":"{\"EventData\":{\"Data\":\"\",\"Binary\":\"\"}}","Channel":"Application","Provider":"VMTools","EventId":105,"EventRecordId":"277","ProcessId":0,"ThreadId":0,"Level":"Info","Keywords":"0x80000000000000","SourceFile":"Z:\\usr\\lib\\wine\\Artifacts\\APPLICATION.evtx","ExtraDataOffset":0,"HiddenRecord":false,"TimeCreated":"2023-03-09T09:15:38.5394752+00:00","RecordNumber":277}
{"ChunkNumber":2,"Computer":"DC01.forela.local","Payload":"{\"EventData\":{\"Data\":\"TriggerStarted:6\",\"Binary\":\"\"}}","Channel":"Application","Provider":"Microsoft-Windows-Security-SPP","EventId":900,"EventRecordId":"278","ProcessId":0,"ThreadId":0,"Level":"Info","Keywords":"0x80000000000000","SourceFile":"Z:\\usr\\lib\\wine\\Artifacts\\APPLICATION.evtx","ExtraDataOffset":0,"HiddenRecord":false,"TimeCreated":"2023-03-09T09:15:38.6023732+00:00","RecordNumber":278}
{"ChunkNumber":2,"Computer":"DC01.forela.local","Payload":"{\"EventData\":{\"Data\":\"\",\"Binary\":\"\"}}","Channel":"Application","Provider":"Microsoft-Windows-Security-SPP","EventId":16394,"EventRecordId":"279","ProcessId":0,"ThreadId":0,"Level":"Info","Keywords":"0x80000000000000","SourceFile":"Z:\\usr\\lib\\wine\\Artifacts\\APPLICATION.evtx","ExtraDataOffset":0,"HiddenRecord":false,"TimeCreated":"2023-03-09T09:15:38.7427881+00:00","RecordNumber":279}
{"ChunkNumber":2,"Computer":"DC01.forela.local","Payload":"{\"EventData\":{\"Data\":\"C:\\\\Windows\\\\system32\\\\sppwinob.dll, msft:spp/windowsfunctionality/agent/7.0, 0x00000000, 0x00000000\\nC:\\\\Windows\\\\system32\\\\sppobjs.dll, msft:rm/algorithm/inherited/1.0, 0x00000000, 0x00000000\\nC:\\\\Windows\\\\system32\\\\sppobjs.dll, msft:rm/algorithm/phone/1.0, 0x00000000, 0x00000000\\nC:\\\\Windows\\\\system32\\\\sppobjs.dll, msft:rm/algorithm/pkey/detect, 0x00000000, 0x00000000\\nC:\\\\Windows\\\\system32\\\\sppobjs.dll, msft:spp/ActionScheduler/1.0, 0x00000000, 0x00000000\\nC:\\\\Windows\\\\system32\\\\sppobjs.dll, msft:spp/TaskScheduler/1.0, 0x00000000, 0x00000000\\nC:\\\\Windows\\\\system32\\\\sppobjs.dll, msft:spp/statecollector/pkey, 0x00000000, 0x00000000\\nC:\\\\Windows\\\\system32\\\\sppobjs.dll, msft:spp/volume/services/kms/1.0, 0x00000000, 0x00000000\\nC:\\\\Windows\\\\system32\\\\sppobjs.dll, msft:spp/volume/services/kms/activationinfo/1.0, 0x00000000, 0x00000000\\n\",\"Binary\":\"\"}}","Channel":"Application","Provider":"Microsoft-Windows-Security-SPP","EventId":1066,"EventRecordId":"280","ProcessId":0,"ThreadId":0,"Level":"Info","Keywords":"0x80000000000000","SourceFile":"Z:\\usr\\lib\\wine\\Artifacts\\APPLICATION.evtx","ExtraDataOffset":0,"HiddenRecord":false,"TimeCreated":"2023-03-09T09:15:38.8362811+00:00","RecordNumber":280}
{"ChunkNumber":2,"Computer":"DC01.forela.local","Payload":"{\"EventData\":{\"Data\":[{\"@Name\":\"param1\",\"#text\":\"86400\"},{\"@Name\":\"param2\",\"#text\":\"SuppressDuplicateDuration\"},{\"@Name\":\"param3\",\"#text\":\"Software\\\\Microsoft\\\\COM3\\\\Eventlog\"}]}}","Channel":"Application","Provider":"Microsoft-Windows-Complus","EventId":781,"EventRecordId":"281","ProcessId":0,"ThreadId":0,"Level":"Info","Keywords":"0x80000000000000","SourceFile":"Z:\\usr\\lib\\wine\\Artifacts\\APPLICATION.evtx","ExtraDataOffset":0,"HiddenRecord":false,"TimeCreated":"2023-03-09T09:15:38.8988045+00:00","RecordNumber":281}
{"ChunkNumber":2,"Computer":"DC01.forela.local","Payload":"{\"EventData\":{\"Data\":\"55c92734-d682-4d71-983e-d6ec3f16059f, \\n1: c1a197b6-ba5e-4394-b9bf-b659a6c1b873, 1, 1 [(0 [0x00000000, 1, 0], [(?)( 1 0x00000000)(?)( 2 0x00000000 0 0 msft:rm/algorithm/hwid/4.0 0x00000000 0)(?)( 9 0x00000000 180 256951)( 10 0x00000000 msft:rm/algorithm/flags/1.0)(?)])(1 )(2 )(3 )]\\n\\n\",\"Binary\":\"\"}}","Channel":"Application","Provider":"Microsoft-Windows-Security-SPP","EventId":1003,"EventRecordId":"282","ProcessId":0,"ThreadId":0,"Level":"Info","Keywords":"0x80000000000000","SourceFile":"Z:\\usr\\lib\\wine\\Artifacts\\APPLICATION.evtx","ExtraDataOffset":0,"HiddenRecord":false,"TimeCreated":"2023-03-09T09:15:38.9146350+00:00","RecordNumber":282}
{"ChunkNumber":2,"Computer":"DC01.forela.local","Payload":"{\"EventData\":{\"Data\":\"validity, 256951\",\"Binary\":\"\"}}","Channel":"Application","Provider":"Microsoft-Windows-Security-SPP","EventId":1037,"EventRecordId":"283","ProcessId":0,"ThreadId":0,"Level":"Info","Keywords":"0x80000000000000","SourceFile":"Z:\\usr\\lib\\wine\\Artifacts\\APPLICATION.evtx","ExtraDataOffset":0,"HiddenRecord":false,"TimeCreated":"2023-03-09T09:15:38.9146350+00:00","RecordNumber":283}
{"ChunkNumber":2,"Computer":"DC01.forela.local","Payload":"{\"EventData\":{\"Data\":\"10.0.20348.587\",\"Binary\":\"\"}}","Channel":"Application","Provider":"Microsoft-Windows-Security-SPP","EventId":902,"EventRecordId":"284","ProcessId":0,"ThreadId":0,"Level":"LogAlways","Keywords":"0x80000000000000","SourceFile":"Z:\\usr\\lib\\wine\\Artifacts\\APPLICATION.evtx","ExtraDataOffset":0,"HiddenRecord":false,"TimeCreated":"2023-03-09T09:15:38.9302635+00:00","RecordNumber":284}
{"ChunkNumber":2,"Computer":"DC01.forela.local","Payload":"{\"EventData\":{\"Data\":[{\"@Name\":\"param1\",\"#text\":\"0\"},{\"@Name\":\"param2\",\"#text\":\"0\"},{\"@Name\":\"param3\",\"#text\":\"0\"},{\"@Name\":\"param4\",\"#text\":\"0\"},{\"@Name\":\"param5\",\"#text\":\"0\"},{\"@Name\":\"param6\",\"#text\":\"0\"},{\"@Name\":\"param7\",\"#text\":\"1\"},{\"@Name\":\"param8\",\"#text\":\"Mutual Authentication Required\"},{\"@Name\":\"param9\",\"#text\":\"NT AUTHORITY\\\\NetworkService\"},{\"@Name\":\"param10\",\"#text\":\"0\"},{\"@Name\":\"param11\",\"#text\":\"0\"},{\"@Name\":\"param12\",\"#text\":\"1\"}]}}","Channel":"Application","Provider":"Microsoft-Windows-MSDTC 2","EventId":4202,"EventRecordId":"285","ProcessId":0,"ThreadId":0,"Level":"Info","Keywords":"0x80000000000000","SourceFile":"Z:\\usr\\lib\\wine\\Artifacts\\APPLICATION.evtx","ExtraDataOffset":0,"HiddenRecord":false,"TimeCreated":"2023-03-09T09:15:39.0237907+00:00","RecordNumber":285}
{"ChunkNumber":2,"Computer":"DC01.forela.local","Payload":"{\"EventData\":{\"Data\":\"\",\"Binary\":\"\"}}","Channel":"Application","Provider":"VMUpgradeHelper","EventId":258,"EventRecordId":"286","ProcessId":0,"ThreadId":0,"Level":"Info","Keywords":"0x80000000000000","SourceFile":"Z:\\usr\\lib\\wine\\Artifacts\\APPLICATION.evtx","ExtraDataOffset":0,"HiddenRecord":false,"TimeCreated":"2023-03-09T09:15:39.2273184+00:00","RecordNumber":286}
{"ChunkNumber":2,"Computer":"DC01.forela.local","Payload":"{\"EventData\":\"\"}","UserId":"S-1-5-18","Channel":"Application","Provider":"Microsoft-Windows-WMI","EventId":5615,"EventRecordId":"287","ProcessId":2968,"ThreadId":3096,"Level":"Info","Keywords":"Classic","SourceFile":"Z:\\usr\\lib\\wine\\Artifacts\\APPLICATION.evtx","ExtraDataOffset":0,"HiddenRecord":false,"TimeCreated":"2023-03-09T09:15:38.4891341+00:00","RecordNumber":287}
{"ChunkNumber":2,"Computer":"DC01.forela.local","Payload":"{\"EventData\":\"\"}","UserId":"S-1-5-18","Channel":"Application","Provider":"Microsoft-Windows-WMI","EventId":5617,"EventRecordId":"288","ProcessId":2968,"ThreadId":3268,"Level":"Info","Keywords":"Classic","SourceFile":"Z:\\usr\\lib\\wine\\Artifacts\\APPLICATION.evtx","ExtraDataOffset":0,"HiddenRecord":false,"TimeCreated":"2023-03-09T09:15:38.9117000+00:00","RecordNumber":288}
{"ChunkNumber":2,"Computer":"DC01.forela.local","Payload":"{\"EventData\":{\"Data\":\"\",\"Binary\":\"\"}}","Channel":"Application","Provider":"VMUpgradeHelper","EventId":271,"EventRecordId":"289","ProcessId":0,"ThreadId":0,"Level":"Info","Keywords":"0x80000000000000","SourceFile":"Z:\\usr\\lib\\wine\\Artifacts\\APPLICATION.evtx","ExtraDataOffset":0,"HiddenRecord":false,"TimeCreated":"2023-03-09T09:15:39.5238740+00:00","RecordNumber":289}
{"ChunkNumber":2,"Computer":"DC01.forela.local","Payload":"{\"EventData\":{\"Data\":\"\",\"Binary\":\"\"}}","Channel":"Application","Provider":"Desktop Window Manager","EventId":9027,"EventRecordId":"290","ProcessId":0,"ThreadId":0,"Level":"Info","Keywords":"0x80000000000000","SourceFile":"Z:\\usr\\lib\\wine\\Artifacts\\APPLICATION.evtx","ExtraDataOffset":0,"HiddenRecord":false,"TimeCreated":"2023-03-09T09:15:56.7326821+00:00","RecordNumber":290}
{"ChunkNumber":2,"Computer":"DC01.forela.local","Payload":"{\"EventData\":{\"Data\":\"DFSRs, 2044,P,98, \\\\\\\\.\\\\C:\\\\System Volume Information\\\\DFSR\\\\database_72E6_EF45_E6EF_865\\\\dfsr.db: , 0, 10, 00, 20348, 0000\",\"Binary\":\"\"}}","Channel":"Application","Provider":"ESENT","EventId":102,"EventRecordId":"291","ProcessId":0,"ThreadId":0,"Level":"Info","Keywords":"0x80000000000000","SourceFile":"Z:\\usr\\lib\\wine\\Artifacts\\APPLICATION.evtx","ExtraDataOffset":0,"HiddenRecord":false,"TimeCreated":"2023-03-09T09:16:08.6702619+00:00","RecordNumber":291}
{"ChunkNumber":2,"Computer":"DC01.forela.local","Payload":"{\"EventData\":{\"Data\":\"DFSRs, 2044,D,0, \\\\\\\\.\\\\C:\\\\System Volume Information\\\\DFSR\\\\database_72E6_EF45_E6EF_865\\\\dfsr.db: , 0, 0, \\n[1] 0.002040 +J(0) +M(C:0K, Fs:332, WS:1284K # 1284K, PF:6800K # 6800K, P:6800K)\\n[2] 0.000171 +J(0) +M(C:16K, Fs:102, WS:400K # 400K, PF:336K # 336K, P:336K)\\n[3] 0.000012 +J(0) +M(C:0K, Fs:4, WS:12K # 12K, PF:68K # 68K, P:68K)\\n[4] 0.000129 +J(0) +M(C:2032K, Fs:36, WS:140K # 140K, PF:2452K # 2452K, P:2452K)\\n[5] 0.000319 +J(0) +M(C:0K, Fs:11, WS:44K # 44K, PF:24K # 24K, P:24K)\\n[6] 0.001143 +J(0) +M(C:0K, Fs:23, WS:16K # 16K, PF:-112K # 0K, P:-112K)\\n[7] 0.012482 -0.009803 (11) WT +J(0) +M(C:0K, Fs:1300, WS:5192K # 5192K, PF:5132K # 5020K, P:5132K)\\n[8] -\\n[9] -\\n[10] -\\n[11] -\\n[12] -\\n[13] 0.006109 -0.003305 (12) WT +J(CM:0, PgRf:0, Rd:0/0, Dy:0/0, Lg:616/1) +M(C:0K, Fs:7, WS:-5104K # 16K, PF:-5124K # 16K, P:-5124K)\\n[14] 0.000043 +J(0) +M(C:0K, Fs:5, WS:20K # 0K, PF:20K # 0K, P:20K)\\n[15] 0.000373 +J(0) +M(C:0K, Fs:64, WS:256K # 0K, PF:64K # 0K, P:64K)\\n[16] 0.000204 -0.000087 (1) WT +J(0) +M(C:0K, Fs:3, WS:4K # 0K, PF:0K # 0K, P:0K).\",\"Binary\":\"\"}}","Channel":"Application","Provider":"ESENT","EventId":105,"EventRecordId":"292","ProcessId":0,"ThreadId":0,"Level":"Info","Keywords":"0x80000000000000","SourceFile":"Z:\\usr\\lib\\wine\\Artifacts\\APPLICATION.evtx","ExtraDataOffset":0,"HiddenRecord":false,"TimeCreated":"2023-03-09T09:16:08.6860617+00:00","RecordNumber":292}
{"PayloadData1":"Database: DFSRs, 2044,D,50, \\\\.\\C:\\System Volume Information\\DFSR\\database_72E6_EF45_E6EF_865\\dfsr.db: , 1, \\\\.\\C:\\System Volume Information\\DFSR\\database_72E6_EF45_E6EF_865\\dfsr.db, 0, \r\n[1] 0.000003 +J(0) +M(C:0K, Fs:1, WS:4K # 0K, PF:0K # 0K, P:0K)\r\n[2] 0.000584 -0.000357 (1) WT +J(0) +M(C:0K, Fs:19, WS:12K # 0K, PF:8K # 0K, P:8K)\r\n[3] 0.002947 -0.001022 (6) WT +J(CM:0, PgRf:0, Rd:0/0, Dy:0/0, Lg:3480/2) +M(C:0K, Fs:28, WS:96K # 0K, PF:144K # 0K, P:144K)\r\n[4] 0.000049 +J(0)\r\n[5] -\r\n[6] -\r\n[7] -\r\n[8] 0.000894 -0.000304 (2) CM -0.000192 (2) WT +J(CM:2, PgRf:2, Rd:14/2, Dy:0/0, Lg:54/1) +M(C:-8K, Fs:61, WS:236K # 0K, PF:140K # 0K, P:140K)\r\n[9] 0.001029 -0.000820 (2) CM -0.000762 (2) WT +J(CM:2, PgRf:23, Rd:0/1, Dy:0/0, Lg:0/0) +M(C:-12K, Fs:30, WS:108K # 0K, PF:188K # 0K, P:188K)\r\n[10] 0.000405 -0.000324 (1) CM -0.000275 (1) WT +J(CM:1, PgRf:40, Rd:0/1, Dy:0/0, Lg:0/0) +M(C:-4K, Fs:6, WS:20K # 0K, PF:60K # 0K, P:60K)\r\n[11] 0.000008 +J(CM:0, PgRf:1, Rd:0/0, Dy:0/0, Lg:0/0) +M(C:0K, Fs:4, WS:16K # 0K, PF:0K # 0K, P:0K)\r\n[12] 0.000012 +J(CM:0, PgRf:36, Rd:0/0, Dy:0/0, Lg:0/0) +M(C:0K, Fs:1, WS:4K # 0K, PF:0K # 0K, P:0K)\r\n[13] 0.0 +J(0)\r\n[14] 0.0 +J(0)\r\n[15] 0.000055 +J(CM:0, PgRf:1, Rd:0/0, Dy:0/0, Lg:0/0)., 0 0, lgposAttach = 00000001:00E9:0268,\r\ndbv = 1568.180.400 (9360)","MapDescription":"NTDS the database engine attached a database","ChunkNumber":2,"Computer":"DC01.forela.local","Payload":"{\"EventData\":{\"Data\":\"DFSRs, 2044,D,50, \\\\\\\\.\\\\C:\\\\System Volume Information\\\\DFSR\\\\database_72E6_EF45_E6EF_865\\\\dfsr.db: , 1, \\\\\\\\.\\\\C:\\\\System Volume Information\\\\DFSR\\\\database_72E6_EF45_E6EF_865\\\\dfsr.db, 0, \\n[1] 0.000003 +J(0) +M(C:0K, Fs:1, WS:4K # 0K, PF:0K # 0K, P:0K)\\n[2] 0.000584 -0.000357 (1) WT +J(0) +M(C:0K, Fs:19, WS:12K # 0K, PF:8K # 0K, P:8K)\\n[3] 0.002947 -0.001022 (6) WT +J(CM:0, PgRf:0, Rd:0/0, Dy:0/0, Lg:3480/2) +M(C:0K, Fs:28, WS:96K # 0K, PF:144K # 0K, P:144K)\\n[4] 0.000049 +J(0)\\n[5] -\\n[6] -\\n[7] -\\n[8] 0.000894 -0.000304 (2) CM -0.000192 (2) WT +J(CM:2, PgRf:2, Rd:14/2, Dy:0/0, Lg:54/1) +M(C:-8K, Fs:61, WS:236K # 0K, PF:140K # 0K, P:140K)\\n[9] 0.001029 -0.000820 (2) CM -0.000762 (2) WT +J(CM:2, PgRf:23, Rd:0/1, Dy:0/0, Lg:0/0) +M(C:-12K, Fs:30, WS:108K # 0K, PF:188K # 0K, P:188K)\\n[10] 0.000405 -0.000324 (1) CM -0.000275 (1) WT +J(CM:1, PgRf:40, Rd:0/1, Dy:0/0, Lg:0/0) +M(C:-4K, Fs:6, WS:20K # 0K, PF:60K # 0K, P:60K)\\n[11] 0.000008 +J(CM:0, PgRf:1, Rd:0/0, Dy:0/0, Lg:0/0) +M(C:0K, Fs:4, WS:16K # 0K, PF:0K # 0K, P:0K)\\n[12] 0.000012 +J(CM:0, PgRf:36, Rd:0/0, Dy:0/0, Lg:0/0) +M(C:0K, Fs:1, WS:4K # 0K, PF:0K # 0K, P:0K)\\n[13] 0.0 +J(0)\\n[14] 0.0 +J(0)\\n[15] 0.000055 +J(CM:0, PgRf:1, Rd:0/0, Dy:0/0, Lg:0/0)., 0 0, lgposAttach = 00000001:00E9:0268,\\ndbv = 1568.180.400 (9360)\",\"Binary\":\"\"}}","Channel":"Application","Provider":"ESENT","EventId":326,"EventRecordId":"293","ProcessId":0,"ThreadId":0,"Level":"Info","Keywords":"0x80000000000000","SourceFile":"Z:\\usr\\lib\\wine\\Artifacts\\APPLICATION.evtx","ExtraDataOffset":0,"HiddenRecord":false,"TimeCreated":"2023-03-09T09:16:08.7014195+00:00","RecordNumber":293}
{"ChunkNumber":2,"Computer":"DC01.forela.local","Payload":"{\"EventData\":{\"Data\":\"2023-03-10T09:15:08Z, TBL\",\"Binary\":\"\"}}","Channel":"Application","Provider":"Microsoft-Windows-Security-SPP","EventId":16384,"EventRecordId":"294","ProcessId":0,"ThreadId":0,"Level":"Info","Keywords":"0x80000000000000","SourceFile":"Z:\\usr\\lib\\wine\\Artifacts\\APPLICATION.evtx","ExtraDataOffset":0,"HiddenRecord":false,"TimeCreated":"2023-03-09T09:16:08.9826741+00:00","RecordNumber":294}
{"ChunkNumber":2,"Computer":"DC01.forela.local","Payload":"{\"EventData\":{\"Data\":\"\",\"Binary\":\"\"}}","Channel":"Application","Provider":"Microsoft-Windows-Security-SPP","EventId":903,"EventRecordId":"295","ProcessId":0,"ThreadId":0,"Level":"LogAlways","Keywords":"0x80000000000000","SourceFile":"Z:\\usr\\lib\\wine\\Artifacts\\APPLICATION.evtx","ExtraDataOffset":0,"HiddenRecord":false,"TimeCreated":"2023-03-09T09:16:08.9983701+00:00","RecordNumber":295}
{"ChunkNumber":2,"Computer":"DC01.forela.local","Payload":"{\"EventData\":{\"Data\":\"\",\"Binary\":\"\"}}","Channel":"Application","Provider":"SceCli","EventId":1704,"EventRecordId":"296","ProcessId":0,"ThreadId":0,"Level":"Info","Keywords":"0x80000000000000","SourceFile":"Z:\\usr\\lib\\wine\\Artifacts\\APPLICATION.evtx","ExtraDataOffset":0,"HiddenRecord":false,"TimeCreated":"2023-03-09T09:16:31.2174185+00:00","RecordNumber":296}
{"ChunkNumber":2,"Computer":"DC01.forela.local","Payload":"{\"EventData\":{\"Data\":\"Service stopped\",\"Binary\":\"\"}}","Channel":"Application","Provider":"edgeupdate","EventId":0,"EventRecordId":"297","ProcessId":0,"ThreadId":0,"Level":"Info","Keywords":"0x80000000000000","SourceFile":"Z:\\usr\\lib\\wine\\Artifacts\\APPLICATION.evtx","ExtraDataOffset":0,"HiddenRecord":false,"TimeCreated":"2023-03-09T09:17:39.6389319+00:00","RecordNumber":297}
{"ChunkNumber":2,"Computer":"DC01.forela.local","Payload":"{\"EventData\":{\"Data\":\"&lt;explicit&gt;\",\"Binary\":\"\"}}","Channel":"Application","Provider":"Microsoft-Windows-Security-SPP","EventId":900,"EventRecordId":"298","ProcessId":0,"ThreadId":0,"Level":"Info","Keywords":"0x80000000000000","SourceFile":"Z:\\usr\\lib\\wine\\Artifacts\\APPLICATION.evtx","ExtraDataOffset":0,"HiddenRecord":false,"TimeCreated":"2023-03-09T09:17:39.9203225+00:00","RecordNumber":298}
{"ChunkNumber":2,"Computer":"DC01.forela.local","Payload":"{\"EventData\":{\"Data\":\"\",\"Binary\":\"\"}}","Channel":"Application","Provider":"Microsoft-Windows-Security-SPP","EventId":16394,"EventRecordId":"299","ProcessId":0,"ThreadId":0,"Level":"Info","Keywords":"0x80000000000000","SourceFile":"Z:\\usr\\lib\\wine\\Artifacts\\APPLICATION.evtx","ExtraDataOffset":0,"HiddenRecord":false,"TimeCreated":"2023-03-09T09:17:39.9673478+00:00","RecordNumber":299}
{"ChunkNumber":2,"Computer":"DC01.forela.local","Payload":"{\"EventData\":{\"Data\":\"2023-08-04T19:46:24Z, RulesEngine\",\"Binary\":\"\"}}","Channel":"Application","Provider":"Microsoft-Windows-Security-SPP","EventId":16384,"EventRecordId":"300","ProcessId":0,"ThreadId":0,"Level":"Info","Keywords":"0x80000000000000","SourceFile":"Z:\\usr\\lib\\wine\\Artifacts\\APPLICATION.evtx","ExtraDataOffset":0,"HiddenRecord":false,"TimeCreated":"2023-03-09T09:18:24.4674548+00:00","RecordNumber":300}
{"ChunkNumber":2,"Computer":"DC01.forela.local","Payload":"{\"EventData\":{\"Data\":\"\",\"Binary\":\"2D-20-43-6F-64-65-3A-20-20-43-4F-52-53-56-43-43-30-30-30-30-30-37-37-38-2D-20-43-61-6C-6C-3A-20-20-43-4F-52-53-56-43-43-30-30-30-30-30-37-36-30-2D-20-50-49-44-3A-20-20-30-30-30-30-34-35-37-36-2D-20-54-49-44-3A-20-20-30-30-30-30-34-35-39-36-2D-20-43-4D-44-3A-20-20-43-3A-5C-57-69-6E-64-6F-77-73-5C-73-79-73-74-65-6D-33-32-5C-76-73-73-76-63-2E-65-78-65-20-20-20-2D-20-55-73-65-72-3A-20-4E-61-6D-65-3A-20-4E-54-20-41-55-54-48-4F-52-49-54-59-5C-53-59-53-54-45-4D-2C-20-53-49-44-3A-53-2D-31-2D-35-2D-31-38-20\"}}","Channel":"Application","Provider":"VSS","EventId":8224,"EventRecordId":"301","ProcessId":0,"ThreadId":0,"Level":"Info","Keywords":"0x80000000000000","SourceFile":"Z:\\usr\\lib\\wine\\Artifacts\\APPLICATION.evtx","ExtraDataOffset":0,"HiddenRecord":false,"TimeCreated":"2023-03-09T09:18:40.1549261+00:00","RecordNumber":301}
{"ChunkNumber":2,"Computer":"DC01.forela.local","Payload":"{\"UserData\":{\"EventXML\":{\"param1\":\"WmiApRpl\",\"param2\":\"WmiApRpl\",\"binaryDataSize\":\"12\",\"binaryData\":\"94-29-00-00-95-29-00-00-D2-05-00-00\"}}}","UserId":"S-1-5-18","Channel":"Application","Provider":"Microsoft-Windows-LoadPerf","EventId":1001,"EventRecordId":"302","ProcessId":2220,"ThreadId":996,"Level":"Info","Keywords":"Classic","SourceFile":"Z:\\usr\\lib\\wine\\Artifacts\\APPLICATION.evtx","ExtraDataOffset":0,"HiddenRecord":false,"TimeCreated":"2023-03-09T09:19:46.0671077+00:00","RecordNumber":302}
{"ChunkNumber":2,"Computer":"DC01.forela.local","Payload":"{\"UserData\":{\"EventXML\":{\"param1\":\"WmiApRpl\",\"param2\":\"WmiApRpl\",\"binaryDataSize\":\"16\",\"binaryData\":\"96-29-00-00-3C-2A-00-00-97-29-00-00-3D-2A-00-00\"}}}","UserId":"S-1-5-18","Channel":"Application","Provider":"Microsoft-Windows-LoadPerf","EventId":1000,"EventRecordId":"303","ProcessId":2220,"ThreadId":996,"Level":"Info","Keywords":"Classic","SourceFile":"Z:\\usr\\lib\\wine\\Artifacts\\APPLICATION.evtx","ExtraDataOffset":0,"HiddenRecord":false,"TimeCreated":"2023-03-09T09:19:46.0843067+00:00","RecordNumber":303}
{"ChunkNumber":2,"Computer":"DC01.forela.local","Payload":"{\"EventData\":{\"Data\":\"Service stopped\",\"Binary\":\"\"}}","Channel":"Application","Provider":"edgeupdate","EventId":0,"EventRecordId":"304","ProcessId":0,"ThreadId":0,"Level":"Info","Keywords":"0x80000000000000","SourceFile":"Z:\\usr\\lib\\wine\\Artifacts\\APPLICATION.evtx","ExtraDataOffset":0,"HiddenRecord":false,"TimeCreated":"2023-03-09T09:21:33.5922438+00:00","RecordNumber":304}
{"ChunkNumber":2,"Computer":"DC01.forela.local","Payload":"{\"EventData\":{\"Data\":\"svchost, 1676,P,98, DS_Token_DB: , 0, 10, 00, 20348, 0000\",\"Binary\":\"\"}}","Channel":"Application","Provider":"ESENT","EventId":102,"EventRecordId":"305","ProcessId":0,"ThreadId":0,"Level":"Info","Keywords":"0x80000000000000","SourceFile":"Z:\\usr\\lib\\wine\\Artifacts\\APPLICATION.evtx","ExtraDataOffset":0,"HiddenRecord":false,"TimeCreated":"2023-03-09T09:25:32.0612653+00:00","RecordNumber":305}
{"ChunkNumber":2,"Computer":"DC01.forela.local","Payload":"{\"EventData\":{\"Data\":\"svchost, 1676,D,0, DS_Token_DB: , 0, 0, \\n[1] 0.000636 +J(0) +M(C:0K, Fs:210, WS:820K # 820K, PF:3524K # 3524K, P:3524K)\\n[2] 0.000207 +J(0) +M(C:8K, Fs:145, WS:576K # 576K, PF:344K # 344K, P:344K)\\n[3] 0.000010 +J(0) +M(C:0K, Fs:4, WS:12K # 12K, PF:68K # 68K, P:68K)\\n[4] 0.000069 +J(0) +M(C:0K, Fs:27, WS:108K # 108K, PF:180K # 180K, P:180K)\\n[5] 0.000478 +J(0) +M(C:0K, Fs:12, WS:48K # 48K, PF:32K # 32K, P:32K)\\n[6] 0.000742 +J(0) +M(C:0K, Fs:59, WS:232K # 232K, PF:56K # 56K, P:56K)\\n[7] -\\n[8] -\\n[9] -\\n[10] -\\n[11] -\\n[12] -\\n[13] 0.004877 -0.000233 (3) WT +J(CM:0, PgRf:0, Rd:0/0, Dy:0/0, Lg:616/1) +M(C:0K, Fs:93, WS:308K # 348K, PF:72K # 80K, P:72K)\\n[14] 0.000006 +J(0)\\n[15] 0.000023 +J(0) +M(C:0K, Fs:19, WS:76K # 36K, PF:64K # 56K, P:64K)\\n[16] 0.001662 -0.000054 (1) WT +J(0) +M(C:0K, Fs:8, WS:24K # 28K, PF:0K # 4K, P:0K).\",\"Binary\":\"\"}}","Channel":"Application","Provider":"ESENT","EventId":105,"EventRecordId":"306","ProcessId":0,"ThreadId":0,"Level":"Info","Keywords":"0x80000000000000","SourceFile":"Z:\\usr\\lib\\wine\\Artifacts\\APPLICATION.evtx","ExtraDataOffset":0,"HiddenRecord":false,"TimeCreated":"2023-03-09T09:25:32.0612653+00:00","RecordNumber":306}
{"PayloadData1":"Database: B: , 1, C:\\Windows\\system32\\config\\systemprofile\\AppData\\Local\\DataSharing\\Storage\\DSTokenDB2.dat","MapDescription":"NTDS the database engine created a new database","ChunkNumber":2,"Computer":"DC01.forela.local","Payload":"{\"EventData\":{\"Data\":\"svchost, 1676,D,35, DS_Token_DB: , 1, C:\\\\Windows\\\\system32\\\\config\\\\systemprofile\\\\AppData\\\\Local\\\\DataSharing\\\\Storage\\\\DSTokenDB2.dat, 0, \\n[1] 0.000026 +J(0) +M(C:0K, Fs:4, WS:16K # 16K, PF:4K # 4K, P:4K)\\n[2] 0.000321 -0.000058 (1) WT +J(CM:0, PgRf:0, Rd:0/0, Dy:0/0, Lg:3480/2) +M(C:0K, Fs:4, WS:16K # 16K, PF:0K # 0K, P:0K)\\n[3] 0.002690 +J(0) +M(C:0K, Fs:11, WS:36K # 40K, PF:24K # 28K, P:24K)\\n[4] 0.005656 -0.005478 (1) WT +J(0) +M(C:0K, Fs:54, WS:212K # 208K, PF:88K # 88K, P:88K)\\n[5] 0.000740 -0.000297 (3) WT +J(CM:0, PgRf:3, Rd:0/0, Dy:3/6, Lg:122/4) +M(C:8K, Fs:36, WS:140K # 140K, PF:172K # 168K, P:172K)\\n[6] 0.001333 -0.000082 (1) WT +J(CM:0, PgRf:249, Rd:0/0, Dy:16/428, Lg:28550/465) +M(C:52K, Fs:109, WS:432K # 432K, PF:628K # 628K, P:628K)\\n[7] 0.000646 -0.000296 (3) WT +J(CM:0, PgRf:0, Rd:0/0, Dy:0/0, Lg:4096/3) +M(C:0K, Fs:3, WS:8K # 12K, PF:0K # 4K, P:0K)\\n[8] 0.000001 +J(0)\\n[9] 0.001141 -0.000433 (3) WT +J(0) +M(C:0K, Fs:4, WS:12K # 8K, PF:0K # 0K, P:0K)\\n[10] 0.014627 -0.004454 (35) CM -0.009076 (42) WT +J(CM:35, PgRf:384, Rd:0/35, Dy:9/91, Lg:12509/130) +M(C:-12K, Fs:45, WS:152K # 156K, PF:128K # 128K, P:128K)\\n[11] 0.000001 +J(0)., 0 0, lgposCreate = 00000001:0001:0268,\\ndbv = 1568.180.400 (9360)\",\"Binary\":\"\"}}","Channel":"Application","Provider":"ESENT","EventId":325,"EventRecordId":"307","ProcessId":0,"ThreadId":0,"Level":"Info","Keywords":"0x80000000000000","SourceFile":"Z:\\usr\\lib\\wine\\Artifacts\\APPLICATION.evtx","ExtraDataOffset":0,"HiddenRecord":false,"TimeCreated":"2023-03-09T09:25:32.0922761+00:00","RecordNumber":307}
{"ChunkNumber":2,"Computer":"DC01.forela.local","Payload":"{\"EventData\":{\"Data\":\"\",\"Binary\":\"\"}}","Channel":"Application","Provider":"Microsoft-Windows-Security-SPP","EventId":16394,"EventRecordId":"308","ProcessId":0,"ThreadId":0,"Level":"Info","Keywords":"0x80000000000000","SourceFile":"Z:\\usr\\lib\\wine\\Artifacts\\APPLICATION.evtx","ExtraDataOffset":0,"HiddenRecord":false,"TimeCreated":"2023-03-09T09:40:38.3110839+00:00","RecordNumber":308}
{"ChunkNumber":2,"Computer":"DC01.forela.local","Payload":"{\"EventData\":{\"Data\":\"2023-08-04T19:46:10Z, RulesEngine\",\"Binary\":\"\"}}","Channel":"Application","Provider":"Microsoft-Windows-Security-SPP","EventId":16384,"EventRecordId":"309","ProcessId":0,"ThreadId":0,"Level":"Info","Keywords":"0x80000000000000","SourceFile":"Z:\\usr\\lib\\wine\\Artifacts\\APPLICATION.evtx","ExtraDataOffset":0,"HiddenRecord":false,"TimeCreated":"2023-03-09T09:41:10.7016173+00:00","RecordNumber":309}
{"ChunkNumber":2,"Computer":"DC01.forela.local","Payload":"{\"EventData\":{\"Data\":\"\",\"Binary\":\"\"}}","Channel":"Application","Provider":"Microsoft-Windows-Security-SPP","EventId":16394,"EventRecordId":"310","ProcessId":0,"ThreadId":0,"Level":"Info","Keywords":"0x80000000000000","SourceFile":"Z:\\usr\\lib\\wine\\Artifacts\\APPLICATION.evtx","ExtraDataOffset":0,"HiddenRecord":false,"TimeCreated":"2023-03-09T09:43:29.8736848+00:00","RecordNumber":310}
{"ChunkNumber":2,"Computer":"DC01.forela.local","Payload":"{\"EventData\":{\"Data\":\"2023-08-04T19:45:59Z, RulesEngine\",\"Binary\":\"\"}}","Channel":"Application","Provider":"Microsoft-Windows-Security-SPP","EventId":16384,"EventRecordId":"311","ProcessId":0,"ThreadId":0,"Level":"Info","Keywords":"0x80000000000000","SourceFile":"Z:\\usr\\lib\\wine\\Artifacts\\APPLICATION.evtx","ExtraDataOffset":0,"HiddenRecord":false,"TimeCreated":"2023-03-09T09:43:59.9830094+00:00","RecordNumber":311}
{"ChunkNumber":2,"Computer":"DC01.forela.local","Payload":"{\"EventData\":{\"Data\":\"\",\"Binary\":\"\"}}","Channel":"Application","Provider":"Microsoft-Windows-Security-SPP","EventId":16394,"EventRecordId":"312","ProcessId":0,"ThreadId":0,"Level":"Info","Keywords":"0x80000000000000","SourceFile":"Z:\\usr\\lib\\wine\\Artifacts\\APPLICATION.evtx","ExtraDataOffset":0,"HiddenRecord":false,"TimeCreated":"2023-03-09T09:45:39.0609955+00:00","RecordNumber":312}
{"ChunkNumber":2,"Computer":"DC01.forela.local","Payload":"{\"EventData\":{\"Data\":\"2023-08-04T19:46:09Z, RulesEngine\",\"Binary\":\"\"}}","Channel":"Application","Provider":"Microsoft-Windows-Security-SPP","EventId":16384,"EventRecordId":"313","ProcessId":0,"ThreadId":0,"Level":"Info","Keywords":"0x80000000000000","SourceFile":"Z:\\usr\\lib\\wine\\Artifacts\\APPLICATION.evtx","ExtraDataOffset":0,"HiddenRecord":false,"TimeCreated":"2023-03-09T09:46:09.1235213+00:00","RecordNumber":313}
{"ChunkNumber":2,"Computer":"DC01.forela.local","Payload":"{\"EventData\":{\"Data\":\"\",\"Binary\":\"\"}}","Channel":"Application","Provider":"Microsoft-Windows-Security-SPP","EventId":16394,"EventRecordId":"314","ProcessId":0,"ThreadId":0,"Level":"Info","Keywords":"0x80000000000000","SourceFile":"Z:\\usr\\lib\\wine\\Artifacts\\APPLICATION.evtx","ExtraDataOffset":0,"HiddenRecord":false,"TimeCreated":"2023-03-09T10:13:28.3267051+00:00","RecordNumber":314}
{"ChunkNumber":2,"Computer":"DC01.forela.local","Payload":"{\"EventData\":{\"Data\":\"2023-08-04T19:45:58Z, RulesEngine\",\"Binary\":\"\"}}","Channel":"Application","Provider":"Microsoft-Windows-Security-SPP","EventId":16384,"EventRecordId":"315","ProcessId":0,"ThreadId":0,"Level":"Info","Keywords":"0x80000000000000","SourceFile":"Z:\\usr\\lib\\wine\\Artifacts\\APPLICATION.evtx","ExtraDataOffset":0,"HiddenRecord":false,"TimeCreated":"2023-03-09T10:13:58.5143463+00:00","RecordNumber":315}
{"ChunkNumber":2,"Computer":"DC01.forela.local","Payload":"{\"EventData\":{\"Data\":\"\",\"Binary\":\"\"}}","Channel":"Application","Provider":"Microsoft-Windows-Security-SPP","EventId":16394,"EventRecordId":"316","ProcessId":0,"ThreadId":0,"Level":"Info","Keywords":"0x80000000000000","SourceFile":"Z:\\usr\\lib\\wine\\Artifacts\\APPLICATION.evtx","ExtraDataOffset":0,"HiddenRecord":false,"TimeCreated":"2023-03-09T10:15:39.2017137+00:00","RecordNumber":316}
{"ChunkNumber":2,"Computer":"DC01.forela.local","Payload":"{\"EventData\":{\"Data\":\"2023-08-04T19:46:09Z, RulesEngine\",\"Binary\":\"\"}}","Channel":"Application","Provider":"Microsoft-Windows-Security-SPP","EventId":16384,"EventRecordId":"317","ProcessId":0,"ThreadId":0,"Level":"Info","Keywords":"0x80000000000000","SourceFile":"Z:\\usr\\lib\\wine\\Artifacts\\APPLICATION.evtx","ExtraDataOffset":0,"HiddenRecord":false,"TimeCreated":"2023-03-09T10:16:09.2799289+00:00","RecordNumber":317}
{"ChunkNumber":2,"Computer":"DC01.forela.local","Payload":"{\"EventData\":{\"Data\":\"\",\"Binary\":\"\"}}","Channel":"Application","Provider":"Microsoft-Windows-Security-SPP","EventId":16394,"EventRecordId":"318","ProcessId":0,"ThreadId":0,"Level":"Info","Keywords":"0x80000000000000","SourceFile":"Z:\\usr\\lib\\wine\\Artifacts\\APPLICATION.evtx","ExtraDataOffset":0,"HiddenRecord":false,"TimeCreated":"2023-03-09T10:45:39.3889755+00:00","RecordNumber":318}
{"ChunkNumber":2,"Computer":"DC01.forela.local","Payload":"{\"EventData\":{\"Data\":\"2023-08-04T19:46:09Z, RulesEngine\",\"Binary\":\"\"}}","Channel":"Application","Provider":"Microsoft-Windows-Security-SPP","EventId":16384,"EventRecordId":"319","ProcessId":0,"ThreadId":0,"Level":"Info","Keywords":"0x80000000000000","SourceFile":"Z:\\usr\\lib\\wine\\Artifacts\\APPLICATION.evtx","ExtraDataOffset":0,"HiddenRecord":false,"TimeCreated":"2023-03-09T10:46:09.4674655+00:00","RecordNumber":319}
{"ChunkNumber":2,"Computer":"DC01.forela.local","Payload":"{\"EventData\":{\"Data\":\"\",\"Binary\":\"\"}}","Channel":"Application","Provider":"Microsoft-Windows-Security-SPP","EventId":16394,"EventRecordId":"320","ProcessId":0,"ThreadId":0,"Level":"Info","Keywords":"0x80000000000000","SourceFile":"Z:\\usr\\lib\\wine\\Artifacts\\APPLICATION.evtx","ExtraDataOffset":0,"HiddenRecord":false,"TimeCreated":"2023-03-09T10:56:45.0610145+00:00","RecordNumber":320}
{"ChunkNumber":2,"Computer":"DC01.forela.local","Payload":"{\"EventData\":{\"Data\":\"2023-08-04T19:46:15Z, RulesEngine\",\"Binary\":\"\"}}","Channel":"Application","Provider":"Microsoft-Windows-Security-SPP","EventId":16384,"EventRecordId":"321","ProcessId":0,"ThreadId":0,"Level":"Info","Keywords":"0x80000000000000","SourceFile":"Z:\\usr\\lib\\wine\\Artifacts\\APPLICATION.evtx","ExtraDataOffset":0,"HiddenRecord":false,"TimeCreated":"2023-03-09T10:57:15.2643846+00:00","RecordNumber":321}
{"ChunkNumber":2,"Computer":"DC01.forela.local","Payload":"{\"EventData\":{\"Data\":\"\",\"Binary\":\"\"}}","Channel":"Application","Provider":"Microsoft-Windows-Security-SPP","EventId":16394,"EventRecordId":"322","ProcessId":0,"ThreadId":0,"Level":"Info","Keywords":"0x80000000000000","SourceFile":"Z:\\usr\\lib\\wine\\Artifacts\\APPLICATION.evtx","ExtraDataOffset":0,"HiddenRecord":false,"TimeCreated":"2023-03-09T11:04:30.2643702+00:00","RecordNumber":322}
{"ChunkNumber":2,"Computer":"DC01.forela.local","Payload":"{\"EventData\":{\"Data\":\"2023-08-04T19:46:00Z, RulesEngine\",\"Binary\":\"\"}}","Channel":"Application","Provider":"Microsoft-Windows-Security-SPP","EventId":16384,"EventRecordId":"323","ProcessId":0,"ThreadId":0,"Level":"Info","Keywords":"0x80000000000000","SourceFile":"Z:\\usr\\lib\\wine\\Artifacts\\APPLICATION.evtx","ExtraDataOffset":0,"HiddenRecord":false,"TimeCreated":"2023-03-09T11:05:00.3734726+00:00","RecordNumber":323}
{"ChunkNumber":2,"Computer":"DC01.forela.local","Payload":"{\"EventData\":{\"Data\":\"\",\"Binary\":\"\"}}","Channel":"Application","Provider":"Microsoft-Windows-Security-SPP","EventId":16394,"EventRecordId":"324","ProcessId":0,"ThreadId":0,"Level":"Info","Keywords":"0x80000000000000","SourceFile":"Z:\\usr\\lib\\wine\\Artifacts\\APPLICATION.evtx","ExtraDataOffset":0,"HiddenRecord":false,"TimeCreated":"2023-03-09T11:11:08.4046939+00:00","RecordNumber":324}
{"ChunkNumber":2,"Computer":"DC01.forela.local","Payload":"{\"EventData\":{\"Data\":\"2023-08-04T19:46:38Z, RulesEngine\",\"Binary\":\"\"}}","Channel":"Application","Provider":"Microsoft-Windows-Security-SPP","EventId":16384,"EventRecordId":"325","ProcessId":0,"ThreadId":0,"Level":"Info","Keywords":"0x80000000000000","SourceFile":"Z:\\usr\\lib\\wine\\Artifacts\\APPLICATION.evtx","ExtraDataOffset":0,"HiddenRecord":false,"TimeCreated":"2023-03-09T11:11:38.5767794+00:00","RecordNumber":325}
{"ChunkNumber":2,"Computer":"DC01.forela.local","Payload":"{\"EventData\":{\"Data\":\"\",\"Binary\":\"\"}}","Channel":"Application","Provider":"Microsoft-Windows-Security-SPP","EventId":16394,"EventRecordId":"326","ProcessId":0,"ThreadId":0,"Level":"Info","Keywords":"0x80000000000000","SourceFile":"Z:\\usr\\lib\\wine\\Artifacts\\APPLICATION.evtx","ExtraDataOffset":0,"HiddenRecord":false,"TimeCreated":"2023-03-09T11:15:39.5608963+00:00","RecordNumber":326}
{"ChunkNumber":2,"Computer":"DC01.forela.local","Payload":"{\"EventData\":{\"Data\":\"2023-08-04T19:46:09Z, RulesEngine\",\"Binary\":\"\"}}","Channel":"Application","Provider":"Microsoft-Windows-Security-SPP","EventId":16384,"EventRecordId":"327","ProcessId":0,"ThreadId":0,"Level":"Info","Keywords":"0x80000000000000","SourceFile":"Z:\\usr\\lib\\wine\\Artifacts\\APPLICATION.evtx","ExtraDataOffset":0,"HiddenRecord":false,"TimeCreated":"2023-03-09T11:16:09.6237998+00:00","RecordNumber":327}
{"ChunkNumber":2,"Computer":"DC01.forela.local","Payload":"{\"EventData\":{\"Data\":\"\",\"Binary\":\"\"}}","Channel":"Application","Provider":"Microsoft-Windows-Security-SPP","EventId":16394,"EventRecordId":"328","ProcessId":0,"ThreadId":0,"Level":"Info","Keywords":"0x80000000000000","SourceFile":"Z:\\usr\\lib\\wine\\Artifacts\\APPLICATION.evtx","ExtraDataOffset":0,"HiddenRecord":false,"TimeCreated":"2023-03-09T11:17:54.7486459+00:00","RecordNumber":328}
{"ChunkNumber":2,"Computer":"DC01.forela.local","Payload":"{\"EventData\":{\"Data\":\"2023-08-04T19:46:24Z, RulesEngine\",\"Binary\":\"\"}}","Channel":"Application","Provider":"Microsoft-Windows-Security-SPP","EventId":16384,"EventRecordId":"329","ProcessId":0,"ThreadId":0,"Level":"Info","Keywords":"0x80000000000000","SourceFile":"Z:\\usr\\lib\\wine\\Artifacts\\APPLICATION.evtx","ExtraDataOffset":0,"HiddenRecord":false,"TimeCreated":"2023-03-09T11:18:24.9206774+00:00","RecordNumber":329}
{"ChunkNumber":2,"Computer":"DC01.forela.local","Payload":"{\"EventData\":{\"Data\":\"\",\"Binary\":\"\"}}","Channel":"Application","Provider":"Microsoft-Windows-Security-SPP","EventId":16394,"EventRecordId":"330","ProcessId":0,"ThreadId":0,"Level":"Info","Keywords":"0x80000000000000","SourceFile":"Z:\\usr\\lib\\wine\\Artifacts\\APPLICATION.evtx","ExtraDataOffset":0,"HiddenRecord":false,"TimeCreated":"2023-03-09T11:30:05.0765793+00:00","RecordNumber":330}
{"ChunkNumber":2,"Computer":"DC01.forela.local","Payload":"{\"EventData\":{\"Data\":\"2023-08-04T19:46:35Z, RulesEngine\",\"Binary\":\"\"}}","Channel":"Application","Provider":"Microsoft-Windows-Security-SPP","EventId":16384,"EventRecordId":"331","ProcessId":0,"ThreadId":0,"Level":"Info","Keywords":"0x80000000000000","SourceFile":"Z:\\usr\\lib\\wine\\Artifacts\\APPLICATION.evtx","ExtraDataOffset":0,"HiddenRecord":false,"TimeCreated":"2023-03-09T11:30:35.2643238+00:00","RecordNumber":331}
{"ChunkNumber":2,"Computer":"DC01.forela.local","Payload":"{\"EventData\":{\"Data\":\"\",\"Binary\":\"\"}}","Channel":"Application","Provider":"Microsoft-Windows-Security-SPP","EventId":16394,"EventRecordId":"332","ProcessId":0,"ThreadId":0,"Level":"Info","Keywords":"0x80000000000000","SourceFile":"Z:\\usr\\lib\\wine\\Artifacts\\APPLICATION.evtx","ExtraDataOffset":0,"HiddenRecord":false,"TimeCreated":"2023-03-09T11:45:39.7018763+00:00","RecordNumber":332}
