{"ChunkNumber":1,"Computer":"WIN-D7MHOC9OLC8","Payload":"{\"EventData\":{\"Data\":\"\",\"Binary\":\"\"}}","Channel":"Application","Provider":"Microsoft-Windows-Security-SPP","EventId":16394,"EventRecordId":"163","ProcessId":0,"ThreadId":0,"Level":"Info","Keywords":"0x80000000000000","SourceFile":"Z:\\usr\\lib\\wine\\Artifacts\\APPLICATION.evtx","ExtraDataOffset":0,"HiddenRecord":false,"TimeCreated":"2023-03-08T08:54:53.6291769+00:00","RecordNumber":163}
{"ChunkNumber":1,"Computer":"WIN-D7MHOC9OLC8","Payload":"{\"EventData\":{\"Data\":\"2023-08-04T19:46:23Z, RulesEngine\",\"Binary\":\"\"}}","Channel":"Application","Provider":"Microsoft-Windows-Security-SPP","EventId":16384,"EventRecordId":"164","ProcessId":0,"ThreadId":0,"Level":"Info","Keywords":"0x80000000000000","SourceFile":"Z:\\usr\\lib\\wine\\Artifacts\\APPLICATION.evtx","ExtraDataOffset":0,"HiddenRecord":false,"TimeCreated":"2023-03-08T08:55:23.9740252+00:00","RecordNumber":164}
{"ChunkNumber":1,"Computer":"WIN-D7MHOC9OLC8","Payload":"{\"EventData\":{\"Data\":\"Service stopped\",\"Binary\":\"\"}}","Channel":"Application","Provider":"edgeupdate","EventId":0,"EventRecordId":"165","ProcessId":0,"ThreadId":0,"Level":"Info","Keywords":"0x80000000000000","SourceFile":"Z:\\usr\\lib\\wine\\Artifacts\\APPLICATION.evtx","ExtraDataOffset":0,"HiddenRecord":false,"TimeCreated":"2023-03-08T08:55:59.6942329+00:00","RecordNumber":165}
{"ChunkNumber":1,"Computer":"WIN-D7MHOC9OLC8","Payload":"{\"EventData\":{\"Data\":\"\",\"Binary\":\"\"}}","Channel":"Application","Provider":"Microsoft-Windows-Security-SPP","EventId":16394,"EventRecordId":"166","ProcessId":0,"ThreadId":0,"Level":"Info","Keywords":"0x80000000000000","SourceFile":"Z:\\usr\\lib\\wine\\Artifacts\\APPLICATION.evtx","ExtraDataOffset":0,"HiddenRecord":false,"TimeCreated":"2023-03-08T09:24:54.0760191+00:00","RecordNumber":166}
{"ChunkNumber":1,"Computer":"WIN-D7MHOC9OLC8","Payload":"{\"EventData\":{\"Data\":\"2023-08-04T19:46:24Z, RulesEngine\",\"Binary\":\"\"}}","Channel":"Application","Provider":"Microsoft-Windows-Security-SPP","EventId":16384,"EventRecordId":"167","ProcessId":0,"ThreadId":0,"Level":"Info","Keywords":"0x80000000000000","SourceFile":"Z:\\usr\\lib\\wine\\Artifacts\\APPLICATION.evtx","ExtraDataOffset":0,"HiddenRecord":false,"TimeCreated":"2023-03-08T09:25:24.3734248+00:00","RecordNumber":167}
{"ChunkNumber":1,"Computer":"WIN-D7MHOC9OLC8","Payload":"{\"EventData\":{\"Data\":\"WSearch\",\"Binary\":\"D9-06-00-00\"}}","Channel":"Application","Provider":"Microsoft-Windows-Winlogon","EventId":6000,"EventRecordId":"168","ProcessId":0,"ThreadId":0,"Level":"Info","Keywords":"0x80000000000000","SourceFile":"Z:\\usr\\lib\\wine\\Artifacts\\APPLICATION.evtx","ExtraDataOffset":0,"HiddenRecord":false,"TimeCreated":"2023-03-08T09:41:01.9181660+00:00","RecordNumber":168}
{"ChunkNumber":1,"Computer":"WIN-D7MHOC9OLC8","Payload":"{\"EventData\":{\"Data\":\"SessionEnv\",\"Binary\":\"D9-06-00-00\"}}","Channel":"Application","Provider":"Microsoft-Windows-Winlogon","EventId":6000,"EventRecordId":"169","ProcessId":0,"ThreadId":0,"Level":"Info","Keywords":"0x80000000000000","SourceFile":"Z:\\usr\\lib\\wine\\Artifacts\\APPLICATION.evtx","ExtraDataOffset":0,"HiddenRecord":false,"TimeCreated":"2023-03-08T09:41:01.9495263+00:00","RecordNumber":169}
{"ChunkNumber":1,"Computer":"WIN-D7MHOC9OLC8","Payload":"{\"EventData\":{\"Data\":\"\",\"Binary\":\"\"}}","Channel":"Application","Provider":"VMUpgradeHelper","EventId":260,"EventRecordId":"170","ProcessId":0,"ThreadId":0,"Level":"Info","Keywords":"0x80000000000000","SourceFile":"Z:\\usr\\lib\\wine\\Artifacts\\APPLICATION.evtx","ExtraDataOffset":0,"HiddenRecord":false,"TimeCreated":"2023-03-08T09:41:02.0139797+00:00","RecordNumber":170}
{"ChunkNumber":1,"Computer":"WIN-D7MHOC9OLC8","Payload":"{\"EventData\":{\"Data\":\"\",\"Binary\":\"\"}}","Channel":"Application","Provider":"VMUpgradeHelper","EventId":272,"EventRecordId":"171","ProcessId":0,"ThreadId":0,"Level":"Info","Keywords":"0x80000000000000","SourceFile":"Z:\\usr\\lib\\wine\\Artifacts\\APPLICATION.evtx","ExtraDataOffset":0,"HiddenRecord":false,"TimeCreated":"2023-03-08T09:41:02.0139797+00:00","RecordNumber":171}
{"ChunkNumber":1,"Computer":"WIN-D7MHOC9OLC8","Payload":"{\"EventData\":{\"Data\":\"\",\"Binary\":\"\"}}","Channel":"Application","Provider":"VMTools","EventId":108,"EventRecordId":"172","ProcessId":0,"ThreadId":0,"Level":"Info","Keywords":"0x80000000000000","SourceFile":"Z:\\usr\\lib\\wine\\Artifacts\\APPLICATION.evtx","ExtraDataOffset":0,"HiddenRecord":false,"TimeCreated":"2023-03-08T09:41:02.0139797+00:00","RecordNumber":172}
{"ChunkNumber":1,"Computer":"WIN-D7MHOC9OLC8","Payload":"{\"EventData\":{\"Binary\":\"4D-00-53-00-44-00-54-00-43-00\"}}","Channel":"Application","Provider":"Microsoft-Windows-MSDTC","EventId":4111,"EventRecordId":"173","ProcessId":0,"ThreadId":0,"Level":"Info","Keywords":"0x80000000000000","SourceFile":"Z:\\usr\\lib\\wine\\Artifacts\\APPLICATION.evtx","ExtraDataOffset":0,"HiddenRecord":false,"TimeCreated":"2023-03-08T09:41:02.3754140+00:00","RecordNumber":173}
{"ChunkNumber":1,"Computer":"WIN-D7MHOC9OLC8","Payload":"{\"EventData\":\"\"}","UserId":"S-1-5-18","Channel":"Application","Provider":"Microsoft-Windows-User Profiles Service","EventId":1532,"EventRecordId":"174","ProcessId":1404,"ThreadId":1492,"Level":"Info","Keywords":"Classic","SourceFile":"Z:\\usr\\lib\\wine\\Artifacts\\APPLICATION.evtx","ExtraDataOffset":0,"HiddenRecord":false,"TimeCreated":"2023-03-08T09:41:02.3812699+00:00","RecordNumber":174}
{"ChunkNumber":1,"Computer":"DC01","Payload":"{\"EventData\":\"\"}","UserId":"S-1-5-18","Channel":"Application","Provider":"Microsoft-Windows-User Profiles Service","EventId":1531,"EventRecordId":"175","ProcessId":1468,"ThreadId":1560,"Level":"Info","Keywords":"Classic","SourceFile":"Z:\\usr\\lib\\wine\\Artifacts\\APPLICATION.evtx","ExtraDataOffset":0,"HiddenRecord":false,"TimeCreated":"2023-03-08T09:41:17.9032987+00:00","RecordNumber":175}
{"ChunkNumber":1,"Computer":"DC01","Payload":"{\"EventData\":{\"Data\":\"\",\"Binary\":\"\"}}","Channel":"Application","Provider":"VMTools","EventId":105,"EventRecordId":"176","ProcessId":0,"ThreadId":0,"Level":"Info","Keywords":"0x80000000000000","SourceFile":"Z:\\usr\\lib\\wine\\Artifacts\\APPLICATION.evtx","ExtraDataOffset":0,"HiddenRecord":false,"TimeCreated":"2023-03-08T09:41:18.2127316+00:00","RecordNumber":176}
{"ChunkNumber":1,"Computer":"DC01","Payload":"{\"EventData\":{\"Data\":\"TriggerStarted:6\",\"Binary\":\"\"}}","Channel":"Application","Provider":"Microsoft-Windows-Security-SPP","EventId":900,"EventRecordId":"177","ProcessId":0,"ThreadId":0,"Level":"Info","Keywords":"0x80000000000000","SourceFile":"Z:\\usr\\lib\\wine\\Artifacts\\APPLICATION.evtx","ExtraDataOffset":0,"HiddenRecord":false,"TimeCreated":"2023-03-08T09:41:18.2595298+00:00","RecordNumber":177}
{"ChunkNumber":1,"Computer":"DC01","Payload":"{\"EventData\":{\"Data\":\"\",\"Binary\":\"\"}}","Channel":"Application","Provider":"Microsoft-Windows-Security-SPP","EventId":16394,"EventRecordId":"178","ProcessId":0,"ThreadId":0,"Level":"Info","Keywords":"0x80000000000000","SourceFile":"Z:\\usr\\lib\\wine\\Artifacts\\APPLICATION.evtx","ExtraDataOffset":0,"HiddenRecord":false,"TimeCreated":"2023-03-08T09:41:18.3689728+00:00","RecordNumber":178}
{"ChunkNumber":1,"Computer":"DC01","Payload":"{\"EventData\":{\"Data\":\"C:\\\\Windows\\\\system32\\\\sppwinob.dll, msft:spp/windowsfunctionality/agent/7.0, 0x00000000, 0x00000000\\nC:\\\\Windows\\\\system32\\\\sppobjs.dll, msft:rm/algorithm/inherited/1.0, 0x00000000, 0x00000000\\nC:\\\\Windows\\\\system32\\\\sppobjs.dll, msft:rm/algorithm/phone/1.0, 0x00000000, 0x00000000\\nC:\\\\Windows\\\\system32\\\\sppobjs.dll, msft:rm/algorithm/pkey/detect, 0x00000000, 0x00000000\\nC:\\\\Windows\\\\system32\\\\sppobjs.dll, msft:spp/ActionScheduler/1.0, 0x00000000, 0x00000000\\nC:\\\\Windows\\\\system32\\\\sppobjs.dll, msft:spp/TaskScheduler/1.0, 0x00000000, 0x00000000\\nC:\\\\Windows\\\\system32\\\\sppobjs.dll, msft:spp/statecollector/pkey, 0x00000000, 0x00000000\\nC:\\\\Windows\\\\system32\\\\sppobjs.dll, msft:spp/volume/services/kms/1.0, 0x00000000, 0x00000000\\nC:\\\\Windows\\\\system32\\\\sppobjs.dll, msft:spp/volume/services/kms/activationinfo/1.0, 0x00000000, 0x00000000\\n\",\"Binary\":\"\"}}","Channel":"Application","Provider":"Microsoft-Windows-Security-SPP","EventId":1066,"EventRecordId":"179","ProcessId":0,"ThreadId":0,"Level":"Info","Keywords":"0x80000000000000","SourceFile":"Z:\\usr\\lib\\wine\\Artifacts\\APPLICATION.evtx","ExtraDataOffset":0,"HiddenRecord":false,"TimeCreated":"2023-03-08T09:41:18.4471674+00:00","RecordNumber":179}
{"ChunkNumber":1,"Computer":"DC01","Payload":"{\"EventData\":{\"Data\":{\"@Name\":\"param1\",\"#text\":\"WIN-D7MHOC9OLC8, Server Application ID: {02D4B3F1-FD88-11D1-960D-00805FC79235}, Server Application Instance ID:, {0FD79E7E-685F-452E-BF0F-DE05C98791D5}, Server Application Name: System Application, Comsvcs.dll file version: ENU 2001.12.10941.16384 shp\"}}}","Channel":"Application","Provider":"Microsoft-Windows-Complus","EventId":4440,"EventRecordId":"180","ProcessId":0,"ThreadId":0,"Level":"Warning","Keywords":"0x80000000000000","SourceFile":"Z:\\usr\\lib\\wine\\Artifacts\\APPLICATION.evtx","ExtraDataOffset":0,"HiddenRecord":false,"TimeCreated":"2023-03-08T09:41:18.4939192+00:00","RecordNumber":180}
{"ChunkNumber":1,"Computer":"DC01","Payload":"{\"EventData\":{\"Data\":[{\"@Name\":\"param1\",\"#text\":\"86400\"},{\"@Name\":\"param2\",\"#text\":\"SuppressDuplicateDuration\"},{\"@Name\":\"param3\",\"#text\":\"Software\\\\Microsoft\\\\COM3\\\\Eventlog\"}]}}","Channel":"Application","Provider":"Microsoft-Windows-Complus","EventId":781,"EventRecordId":"181","ProcessId":0,"ThreadId":0,"Level":"Info","Keywords":"0x80000000000000","SourceFile":"Z:\\usr\\lib\\wine\\Artifacts\\APPLICATION.evtx","ExtraDataOffset":0,"HiddenRecord":false,"TimeCreated":"2023-03-08T09:41:18.5408824+00:00","RecordNumber":181}
{"ChunkNumber":1,"Computer":"DC01","Payload":"{\"EventData\":{\"Data\":\"55c92734-d682-4d71-983e-d6ec3f16059f, \\n1: c1a197b6-ba5e-4394-b9bf-b659a6c1b873, 1, 1 [(0 [0x00000000, 1, 0], [(?)( 1 0x00000000)(?)( 2 0x00000000 0 0 msft:rm/algorithm/hwid/4.0 0x00000000 0)(?)( 9 0x00000000 180 258366)( 10 0x00000000 msft:rm/algorithm/flags/1.0)(?)])(1 )(2 )(3 )]\\n\\n\",\"Binary\":\"\"}}","Channel":"Application","Provider":"Microsoft-Windows-Security-SPP","EventId":1003,"EventRecordId":"182","ProcessId":0,"ThreadId":0,"Level":"Info","Keywords":"0x80000000000000","SourceFile":"Z:\\usr\\lib\\wine\\Artifacts\\APPLICATION.evtx","ExtraDataOffset":0,"HiddenRecord":false,"TimeCreated":"2023-03-08T09:41:18.5563908+00:00","RecordNumber":182}
{"ChunkNumber":1,"Computer":"DC01","Payload":"{\"EventData\":{\"Data\":\"validity, 258366\",\"Binary\":\"\"}}","Channel":"Application","Provider":"Microsoft-Windows-Security-SPP","EventId":1037,"EventRecordId":"183","ProcessId":0,"ThreadId":0,"Level":"Info","Keywords":"0x80000000000000","SourceFile":"Z:\\usr\\lib\\wine\\Artifacts\\APPLICATION.evtx","ExtraDataOffset":0,"HiddenRecord":false,"TimeCreated":"2023-03-08T09:41:18.5563908+00:00","RecordNumber":183}
{"ChunkNumber":1,"Computer":"DC01","Payload":"{\"EventData\":{\"Data\":\"10.0.20348.587\",\"Binary\":\"\"}}","Channel":"Application","Provider":"Microsoft-Windows-Security-SPP","EventId":902,"EventRecordId":"184","ProcessId":0,"ThreadId":0,"Level":"LogAlways","Keywords":"0x80000000000000","SourceFile":"Z:\\usr\\lib\\wine\\Artifacts\\APPLICATION.evtx","ExtraDataOffset":0,"HiddenRecord":false,"TimeCreated":"2023-03-08T09:41:18.5720550+00:00","RecordNumber":184}
{"ChunkNumber":1,"Computer":"DC01","Payload":"{\"EventData\":{\"Data\":[{\"@Name\":\"param1\",\"#text\":\"0\"},{\"@Name\":\"param2\",\"#text\":\"0\"},{\"@Name\":\"param3\",\"#text\":\"0\"},{\"@Name\":\"param4\",\"#text\":\"0\"},{\"@Name\":\"param5\",\"#text\":\"0\"},{\"@Name\":\"param6\",\"#text\":\"0\"},{\"@Name\":\"param7\",\"#text\":\"1\"},{\"@Name\":\"param8\",\"#text\":\"Mutual Authentication Required\"},{\"@Name\":\"param9\",\"#text\":\"NT AUTHORITY\\\\NetworkService\"},{\"@Name\":\"param10\",\"#text\":\"0\"},{\"@Name\":\"param11\",\"#text\":\"0\"},{\"@Name\":\"param12\",\"#text\":\"1\"}]}}","Channel":"Application","Provider":"Microsoft-Windows-MSDTC 2","EventId":4202,"EventRecordId":"185","ProcessId":0,"ThreadId":0,"Level":"Info","Keywords":"0x80000000000000","SourceFile":"Z:\\usr\\lib\\wine\\Artifacts\\APPLICATION.evtx","ExtraDataOffset":0,"HiddenRecord":false,"TimeCreated":"2023-03-08T09:41:18.6657510+00:00","RecordNumber":185}
{"ChunkNumber":1,"Computer":"DC01","Payload":"{\"EventData\":{\"Data\":\"\",\"Binary\":\"\"}}","Channel":"Application","Provider":"VMUpgradeHelper","EventId":258,"EventRecordId":"186","ProcessId":0,"ThreadId":0,"Level":"Info","Keywords":"0x80000000000000","SourceFile":"Z:\\usr\\lib\\wine\\Artifacts\\APPLICATION.evtx","ExtraDataOffset":0,"HiddenRecord":false,"TimeCreated":"2023-03-08T09:41:18.7126756+00:00","RecordNumber":186}
{"ChunkNumber":1,"Computer":"DC01","Payload":"{\"EventData\":{\"Data\":\"\",\"Binary\":\"\"}}","Channel":"Application","Provider":"VMUpgradeHelper","EventId":271,"EventRecordId":"187","ProcessId":0,"ThreadId":0,"Level":"Info","Keywords":"0x80000000000000","SourceFile":"Z:\\usr\\lib\\wine\\Artifacts\\APPLICATION.evtx","ExtraDataOffset":0,"HiddenRecord":false,"TimeCreated":"2023-03-08T09:41:18.7751415+00:00","RecordNumber":187}
{"ChunkNumber":1,"Computer":"DC01","Payload":"{\"EventData\":\"\"}","UserId":"S-1-5-18","Channel":"Application","Provider":"Microsoft-Windows-WMI","EventId":5615,"EventRecordId":"188","ProcessId":2568,"ThreadId":2876,"Level":"Info","Keywords":"Classic","SourceFile":"Z:\\usr\\lib\\wine\\Artifacts\\APPLICATION.evtx","ExtraDataOffset":0,"HiddenRecord":false,"TimeCreated":"2023-03-08T09:41:18.1893758+00:00","RecordNumber":188}
{"ChunkNumber":1,"Computer":"DC01","Payload":"{\"EventData\":\"\"}","UserId":"S-1-5-18","Channel":"Application","Provider":"Microsoft-Windows-WMI","EventId":5617,"EventRecordId":"189","ProcessId":2568,"ThreadId":3044,"Level":"Info","Keywords":"Classic","SourceFile":"Z:\\usr\\lib\\wine\\Artifacts\\APPLICATION.evtx","ExtraDataOffset":0,"HiddenRecord":false,"TimeCreated":"2023-03-08T09:41:18.5679115+00:00","RecordNumber":189}
{"ChunkNumber":1,"Computer":"DC01","Payload":"{\"EventData\":{\"Data\":\"SessionEnv\",\"Binary\":\"D9-06-00-00\"}}","Channel":"Application","Provider":"Microsoft-Windows-Winlogon","EventId":6003,"EventRecordId":"190","ProcessId":0,"ThreadId":0,"Level":"Info","Keywords":"0x80000000000000","SourceFile":"Z:\\usr\\lib\\wine\\Artifacts\\APPLICATION.evtx","ExtraDataOffset":0,"HiddenRecord":false,"TimeCreated":"2023-03-08T09:41:27.6056934+00:00","RecordNumber":190}
{"ChunkNumber":1,"Computer":"DC01","Payload":"{\"EventData\":{\"Data\":\"SessionEnv\",\"Binary\":\"D9-06-00-00\"}}","Channel":"Application","Provider":"Microsoft-Windows-Winlogon","EventId":6000,"EventRecordId":"191","ProcessId":0,"ThreadId":0,"Level":"Info","Keywords":"0x80000000000000","SourceFile":"Z:\\usr\\lib\\wine\\Artifacts\\APPLICATION.evtx","ExtraDataOffset":0,"HiddenRecord":false,"TimeCreated":"2023-03-08T09:41:27.8241642+00:00","RecordNumber":191}
{"ChunkNumber":1,"Computer":"DC01","Payload":"{\"EventData\":{\"Data\":\"2023-03-09T09:40:58Z, TBL\",\"Binary\":\"\"}}","Channel":"Application","Provider":"Microsoft-Windows-Security-SPP","EventId":16384,"EventRecordId":"192","ProcessId":0,"ThreadId":0,"Level":"Info","Keywords":"0x80000000000000","SourceFile":"Z:\\usr\\lib\\wine\\Artifacts\\APPLICATION.evtx","ExtraDataOffset":0,"HiddenRecord":false,"TimeCreated":"2023-03-08T09:41:58.4243407+00:00","RecordNumber":192}
{"ChunkNumber":1,"Computer":"DC01","Payload":"{\"EventData\":{\"Data\":\"\",\"Binary\":\"\"}}","Channel":"Application","Provider":"Microsoft-Windows-Security-SPP","EventId":903,"EventRecordId":"193","ProcessId":0,"ThreadId":0,"Level":"LogAlways","Keywords":"0x80000000000000","SourceFile":"Z:\\usr\\lib\\wine\\Artifacts\\APPLICATION.evtx","ExtraDataOffset":0,"HiddenRecord":false,"TimeCreated":"2023-03-08T09:41:58.4243407+00:00","RecordNumber":193}
{"ChunkNumber":1,"Computer":"DC01","Payload":"{\"EventData\":{\"Data\":\"Service stopped\",\"Binary\":\"\"}}","Channel":"Application","Provider":"edgeupdate","EventId":0,"EventRecordId":"194","ProcessId":0,"ThreadId":0,"Level":"Info","Keywords":"0x80000000000000","SourceFile":"Z:\\usr\\lib\\wine\\Artifacts\\APPLICATION.evtx","ExtraDataOffset":768,"HiddenRecord":false,"TimeCreated":"2023-03-08T09:43:18.5168889+00:00","RecordNumber":194}
{"ChunkNumber":1,"Computer":"DC01","Payload":"{\"EventData\":{\"Data\":\"&lt;explicit&gt;\",\"Binary\":\"\"}}","Channel":"Application","Provider":"Microsoft-Windows-Security-SPP","EventId":900,"EventRecordId":"195","ProcessId":0,"ThreadId":0,"Level":"Info","Keywords":"0x80000000000000","SourceFile":"Z:\\usr\\lib\\wine\\Artifacts\\APPLICATION.evtx","ExtraDataOffset":0,"HiddenRecord":false,"TimeCreated":"2023-03-08T09:43:18.7858849+00:00","RecordNumber":195}
{"ChunkNumber":1,"Computer":"DC01","Payload":"{\"EventData\":{\"Data\":\"\",\"Binary\":\"\"}}","Channel":"Application","Provider":"Microsoft-Windows-Security-SPP","EventId":16394,"EventRecordId":"196","ProcessId":0,"ThreadId":0,"Level":"Info","Keywords":"0x80000000000000","SourceFile":"Z:\\usr\\lib\\wine\\Artifacts\\APPLICATION.evtx","ExtraDataOffset":0,"HiddenRecord":false,"TimeCreated":"2023-03-08T09:43:18.8223935+00:00","RecordNumber":196}
{"ChunkNumber":1,"Computer":"DC01","Payload":"{\"EventData\":{\"Data\":\"2023-08-04T19:46:48Z, RulesEngine\",\"Binary\":\"\"}}","Channel":"Application","Provider":"Microsoft-Windows-Security-SPP","EventId":16384,"EventRecordId":"197","ProcessId":0,"ThreadId":0,"Level":"Info","Keywords":"0x80000000000000","SourceFile":"Z:\\usr\\lib\\wine\\Artifacts\\APPLICATION.evtx","ExtraDataOffset":0,"HiddenRecord":false,"TimeCreated":"2023-03-08T09:43:48.9207578+00:00","RecordNumber":197}
{"ChunkNumber":1,"Computer":"DC01","Payload":"{\"UserData\":{\"EventXML\":{\"param1\":\"WmiApRpl\",\"param2\":\"WmiApRpl\",\"binaryDataSize\":\"12\",\"binaryData\":\"F2-27-00-00-F3-27-00-00-D2-05-00-00\"}}}","UserId":"S-1-5-18","Channel":"Application","Provider":"Microsoft-Windows-LoadPerf","EventId":1001,"EventRecordId":"198","ProcessId":564,"ThreadId":844,"Level":"Info","Keywords":"Classic","SourceFile":"Z:\\usr\\lib\\wine\\Artifacts\\APPLICATION.evtx","ExtraDataOffset":0,"HiddenRecord":false,"TimeCreated":"2023-03-08T09:45:28.5301987+00:00","RecordNumber":198}
{"ChunkNumber":1,"Computer":"DC01","Payload":"{\"UserData\":{\"EventXML\":{\"param1\":\"WmiApRpl\",\"param2\":\"WmiApRpl\",\"binaryDataSize\":\"16\",\"binaryData\":\"F4-27-00-00-9A-28-00-00-F5-27-00-00-9B-28-00-00\"}}}","UserId":"S-1-5-18","Channel":"Application","Provider":"Microsoft-Windows-LoadPerf","EventId":1000,"EventRecordId":"199","ProcessId":564,"ThreadId":844,"Level":"Info","Keywords":"Classic","SourceFile":"Z:\\usr\\lib\\wine\\Artifacts\\APPLICATION.evtx","ExtraDataOffset":0,"HiddenRecord":false,"TimeCreated":"2023-03-08T09:45:28.5621982+00:00","RecordNumber":199}
{"ChunkNumber":1,"Computer":"DC01","Payload":"{\"EventData\":{\"Data\":\"\",\"Binary\":\"2D-20-43-6F-64-65-3A-20-20-43-4F-52-53-56-43-43-30-30-30-30-30-37-37-38-2D-20-43-61-6C-6C-3A-20-20-43-4F-52-53-56-43-43-30-30-30-30-30-37-36-30-2D-20-50-49-44-3A-20-20-30-30-30-30-32-31-30-38-2D-20-54-49-44-3A-20-20-30-30-30-30-32-38-36-30-2D-20-43-4D-44-3A-20-20-43-3A-5C-57-69-6E-64-6F-77-73-5C-73-79-73-74-65-6D-33-32-5C-76-73-73-76-63-2E-65-78-65-20-20-20-2D-20-55-73-65-72-3A-20-4E-61-6D-65-3A-20-4E-54-20-41-55-54-48-4F-52-49-54-59-5C-53-59-53-54-45-4D-2C-20-53-49-44-3A-53-2D-31-2D-35-2D-31-38-20\"}}","Channel":"Application","Provider":"VSS","EventId":8224,"EventRecordId":"200","ProcessId":0,"ThreadId":0,"Level":"Info","Keywords":"0x80000000000000","SourceFile":"Z:\\usr\\lib\\wine\\Artifacts\\APPLICATION.evtx","ExtraDataOffset":0,"HiddenRecord":false,"TimeCreated":"2023-03-08T09:46:07.9324779+00:00","RecordNumber":200}
{"ChunkNumber":1,"Computer":"DC01","Payload":"{\"EventData\":{\"Data\":\"\",\"Binary\":\"\"}}","Channel":"Application","Provider":"Microsoft-Windows-Security-SPP","EventId":16394,"EventRecordId":"201","ProcessId":0,"ThreadId":0,"Level":"Info","Keywords":"0x80000000000000","SourceFile":"Z:\\usr\\lib\\wine\\Artifacts\\APPLICATION.evtx","ExtraDataOffset":0,"HiddenRecord":false,"TimeCreated":"2023-03-08T09:51:20.5623972+00:00","RecordNumber":201}
{"ChunkNumber":1,"Computer":"DC01","Payload":"{\"EventData\":{\"Data\":\"Security-SPP-Reserved-LicenseProperties, 100\",\"Binary\":\"\"}}","Channel":"Application","Provider":"Microsoft-Windows-Security-SPP","EventId":1034,"EventRecordId":"202","ProcessId":0,"ThreadId":0,"Level":"Info","Keywords":"0x80000000000000","SourceFile":"Z:\\usr\\lib\\wine\\Artifacts\\APPLICATION.evtx","ExtraDataOffset":0,"HiddenRecord":false,"TimeCreated":"2023-03-08T09:51:20.7009859+00:00","RecordNumber":202}
{"ChunkNumber":1,"Computer":"DC01","Payload":"{\"EventData\":{\"Data\":\"(Security-SPP-Reserved-EnableNotificationMode) , 55c92734-d682-4d71-983e-d6ec3f16059f, c1a197b6-ba5e-4394-b9bf-b659a6c1b873\",\"Binary\":\"\"}}","Channel":"Application","Provider":"Microsoft-Windows-Security-SPP","EventId":1033,"EventRecordId":"203","ProcessId":0,"ThreadId":0,"Level":"Info","Keywords":"0x80000000000000","SourceFile":"Z:\\usr\\lib\\wine\\Artifacts\\APPLICATION.evtx","ExtraDataOffset":0,"HiddenRecord":false,"TimeCreated":"2023-03-08T09:51:20.7019084+00:00","RecordNumber":203}
{"ChunkNumber":1,"Computer":"DC01","Payload":"{\"EventData\":{\"Data\":\"2023-08-04T19:46:03Z, RulesEngine\",\"Binary\":\"\"}}","Channel":"Application","Provider":"Microsoft-Windows-Security-SPP","EventId":16384,"EventRecordId":"204","ProcessId":0,"ThreadId":0,"Level":"Info","Keywords":"0x80000000000000","SourceFile":"Z:\\usr\\lib\\wine\\Artifacts\\APPLICATION.evtx","ExtraDataOffset":0,"HiddenRecord":false,"TimeCreated":"2023-03-08T09:52:03.1655157+00:00","RecordNumber":204}
{"ChunkNumber":1,"Computer":"DC01","Payload":"{\"EventData\":{\"Data\":\"C:\\\\Windows\\\\security\\\\templates\\\\DC security.inf\",\"Binary\":\"\"}}","Channel":"Application","Provider":"SceCli","EventId":1500,"EventRecordId":"205","ProcessId":0,"ThreadId":0,"Level":"Info","Keywords":"0x80000000000000","SourceFile":"Z:\\usr\\lib\\wine\\Artifacts\\APPLICATION.evtx","ExtraDataOffset":0,"HiddenRecord":false,"TimeCreated":"2023-03-08T09:59:25.4051130+00:00","RecordNumber":205}
{"ChunkNumber":1,"Computer":"DC01","Payload":"{\"EventData\":{\"Data\":\"WSearch\",\"Binary\":\"D9-06-00-00\"}}","Channel":"Application","Provider":"Microsoft-Windows-Winlogon","EventId":6000,"EventRecordId":"206","ProcessId":0,"ThreadId":0,"Level":"Info","Keywords":"0x80000000000000","SourceFile":"Z:\\usr\\lib\\wine\\Artifacts\\APPLICATION.evtx","ExtraDataOffset":0,"HiddenRecord":false,"TimeCreated":"2023-03-08T09:59:43.3911426+00:00","RecordNumber":206}
{"ChunkNumber":1,"Computer":"DC01","Payload":"{\"EventData\":{\"Data\":\"SessionEnv\",\"Binary\":\"D9-06-00-00\"}}","Channel":"Application","Provider":"Microsoft-Windows-Winlogon","EventId":6000,"EventRecordId":"207","ProcessId":0,"ThreadId":0,"Level":"Info","Keywords":"0x80000000000000","SourceFile":"Z:\\usr\\lib\\wine\\Artifacts\\APPLICATION.evtx","ExtraDataOffset":0,"HiddenRecord":false,"TimeCreated":"2023-03-08T09:59:43.4066211+00:00","RecordNumber":207}
{"ChunkNumber":1,"Computer":"DC01","Payload":"{\"EventData\":{\"Data\":\"\",\"Binary\":\"\"}}","Channel":"Application","Provider":"VMUpgradeHelper","EventId":260,"EventRecordId":"208","ProcessId":0,"ThreadId":0,"Level":"Info","Keywords":"0x80000000000000","SourceFile":"Z:\\usr\\lib\\wine\\Artifacts\\APPLICATION.evtx","ExtraDataOffset":0,"HiddenRecord":false,"TimeCreated":"2023-03-08T09:59:43.4851258+00:00","RecordNumber":208}
{"ChunkNumber":1,"Computer":"DC01","Payload":"{\"EventData\":{\"Data\":\"\",\"Binary\":\"\"}}","Channel":"Application","Provider":"VMUpgradeHelper","EventId":272,"EventRecordId":"209","ProcessId":0,"ThreadId":0,"Level":"Info","Keywords":"0x80000000000000","SourceFile":"Z:\\usr\\lib\\wine\\Artifacts\\APPLICATION.evtx","ExtraDataOffset":0,"HiddenRecord":false,"TimeCreated":"2023-03-08T09:59:43.4851258+00:00","RecordNumber":209}
{"ChunkNumber":1,"Computer":"DC01","Payload":"{\"EventData\":{\"Data\":\"\",\"Binary\":\"\"}}","Channel":"Application","Provider":"VMTools","EventId":108,"EventRecordId":"210","ProcessId":0,"ThreadId":0,"Level":"Info","Keywords":"0x80000000000000","SourceFile":"Z:\\usr\\lib\\wine\\Artifacts\\APPLICATION.evtx","ExtraDataOffset":0,"HiddenRecord":false,"TimeCreated":"2023-03-08T09:59:43.4851258+00:00","RecordNumber":210}
{"ChunkNumber":1,"Computer":"DC01","Payload":"{\"EventData\":{\"Binary\":\"4D-00-53-00-44-00-54-00-43-00\"}}","Channel":"Application","Provider":"Microsoft-Windows-MSDTC","EventId":4111,"EventRecordId":"211","ProcessId":0,"ThreadId":0,"Level":"Info","Keywords":"0x80000000000000","SourceFile":"Z:\\usr\\lib\\wine\\Artifacts\\APPLICATION.evtx","ExtraDataOffset":0,"HiddenRecord":false,"TimeCreated":"2023-03-08T09:59:44.5734124+00:00","RecordNumber":211}
{"ChunkNumber":1,"Computer":"DC01","Payload":"{\"EventData\":\"\"}","UserId":"S-1-5-18","Channel":"Application","Provider":"Microsoft-Windows-User Profiles Service","EventId":1532,"EventRecordId":"212","ProcessId":1468,"ThreadId":1560,"Level":"Info","Keywords":"Classic","SourceFile":"Z:\\usr\\lib\\wine\\Artifacts\\APPLICATION.evtx","ExtraDataOffset":0,"HiddenRecord":false,"TimeCreated":"2023-03-08T09:59:44.5788874+00:00","RecordNumber":212}
{"ChunkNumber":1,"Computer":"DC01.forela.local","Payload":"{\"EventData\":\"\"}","UserId":"S-1-5-18","Channel":"Application","Provider":"Microsoft-Windows-User Profiles Service","EventId":1531,"EventRecordId":"213","ProcessId":1660,"ThreadId":1744,"Level":"Info","Keywords":"Classic","SourceFile":"Z:\\usr\\lib\\wine\\Artifacts\\APPLICATION.evtx","ExtraDataOffset":0,"HiddenRecord":false,"TimeCreated":"2023-03-08T10:00:02.6430527+00:00","RecordNumber":213}
{"ChunkNumber":1,"Computer":"DC01.forela.local","Payload":"{\"EventData\":{\"Data\":\"\",\"Binary\":\"\"}}","Channel":"Application","Provider":"VMTools","EventId":105,"EventRecordId":"214","ProcessId":0,"ThreadId":0,"Level":"Info","Keywords":"0x80000000000000","SourceFile":"Z:\\usr\\lib\\wine\\Artifacts\\APPLICATION.evtx","ExtraDataOffset":0,"HiddenRecord":false,"TimeCreated":"2023-03-08T10:00:11.3870784+00:00","RecordNumber":214}
{"ChunkNumber":1,"Computer":"DC01.forela.local","Payload":"{\"EventData\":{\"Data\":\"TriggerStarted:6\",\"Binary\":\"\"}}","Channel":"Application","Provider":"Microsoft-Windows-Security-SPP","EventId":900,"EventRecordId":"215","ProcessId":0,"ThreadId":0,"Level":"Info","Keywords":"0x80000000000000","SourceFile":"Z:\\usr\\lib\\wine\\Artifacts\\APPLICATION.evtx","ExtraDataOffset":0,"HiddenRecord":false,"TimeCreated":"2023-03-08T10:00:11.4183684+00:00","RecordNumber":215}
{"ChunkNumber":1,"Computer":"DC01.forela.local","Payload":"{\"EventData\":{\"Data\":\"\",\"Binary\":\"\"}}","Channel":"Application","Provider":"Microsoft-Windows-Security-SPP","EventId":16394,"EventRecordId":"216","ProcessId":0,"ThreadId":0,"Level":"Info","Keywords":"0x80000000000000","SourceFile":"Z:\\usr\\lib\\wine\\Artifacts\\APPLICATION.evtx","ExtraDataOffset":0,"HiddenRecord":false,"TimeCreated":"2023-03-08T10:00:11.5120237+00:00","RecordNumber":216}
{"ChunkNumber":1,"Computer":"DC01.forela.local","Payload":"{\"EventData\":{\"Data\":\"C:\\\\Windows\\\\system32\\\\sppwinob.dll, msft:spp/windowsfunctionality/agent/7.0, 0x00000000, 0x00000000\\nC:\\\\Windows\\\\system32\\\\sppobjs.dll, msft:rm/algorithm/inherited/1.0, 0x00000000, 0x00000000\\nC:\\\\Windows\\\\system32\\\\sppobjs.dll, msft:rm/algorithm/phone/1.0, 0x00000000, 0x00000000\\nC:\\\\Windows\\\\system32\\\\sppobjs.dll, msft:rm/algorithm/pkey/detect, 0x00000000, 0x00000000\\nC:\\\\Windows\\\\system32\\\\sppobjs.dll, msft:spp/ActionScheduler/1.0, 0x00000000, 0x00000000\\nC:\\\\Windows\\\\system32\\\\sppobjs.dll, msft:spp/TaskScheduler/1.0, 0x00000000, 0x00000000\\nC:\\\\Windows\\\\system32\\\\sppobjs.dll, msft:spp/statecollector/pkey, 0x00000000, 0x00000000\\nC:\\\\Windows\\\\system32\\\\sppobjs.dll, msft:spp/volume/services/kms/1.0, 0x00000000, 0x00000000\\nC:\\\\Windows\\\\system32\\\\sppobjs.dll, msft:spp/volume/services/kms/activationinfo/1.0, 0x00000000, 0x00000000\\n\",\"Binary\":\"\"}}","Channel":"Application","Provider":"Microsoft-Windows-Security-SPP","EventId":1066,"EventRecordId":"217","ProcessId":0,"ThreadId":0,"Level":"Info","Keywords":"0x80000000000000","SourceFile":"Z:\\usr\\lib\\wine\\Artifacts\\APPLICATION.evtx","ExtraDataOffset":0,"HiddenRecord":false,"TimeCreated":"2023-03-08T10:00:11.5902982+00:00","RecordNumber":217}
{"ChunkNumber":1,"Computer":"DC01.forela.local","Payload":"{\"EventData\":{\"Data\":[{\"@Name\":\"param1\",\"#text\":\"86400\"},{\"@Name\":\"param2\",\"#text\":\"SuppressDuplicateDuration\"},{\"@Name\":\"param3\",\"#text\":\"Software\\\\Microsoft\\\\COM3\\\\Eventlog\"}]}}","Channel":"Application","Provider":"Microsoft-Windows-Complus","EventId":781,"EventRecordId":"218","ProcessId":0,"ThreadId":0,"Level":"Info","Keywords":"0x80000000000000","SourceFile":"Z:\\usr\\lib\\wine\\Artifacts\\APPLICATION.evtx","ExtraDataOffset":0,"HiddenRecord":false,"TimeCreated":"2023-03-08T10:00:11.6682267+00:00","RecordNumber":218}
{"ChunkNumber":1,"Computer":"DC01.forela.local","Payload":"{\"EventData\":{\"Data\":\"Security-SPP-Reserved-LicenseProperties, 100\",\"Binary\":\"\"}}","Channel":"Application","Provider":"Microsoft-Windows-Security-SPP","EventId":1034,"EventRecordId":"219","ProcessId":0,"ThreadId":0,"Level":"Info","Keywords":"0x80000000000000","SourceFile":"Z:\\usr\\lib\\wine\\Artifacts\\APPLICATION.evtx","ExtraDataOffset":0,"HiddenRecord":false,"TimeCreated":"2023-03-08T10:00:11.7778177+00:00","RecordNumber":219}
{"ChunkNumber":1,"Computer":"DC01.forela.local","Payload":"{\"EventData\":{\"Data\":[{\"@Name\":\"param1\",\"#text\":\"0\"},{\"@Name\":\"param2\",\"#text\":\"0\"},{\"@Name\":\"param3\",\"#text\":\"0\"},{\"@Name\":\"param4\",\"#text\":\"0\"},{\"@Name\":\"param5\",\"#text\":\"0\"},{\"@Name\":\"param6\",\"#text\":\"0\"},{\"@Name\":\"param7\",\"#text\":\"1\"},{\"@Name\":\"param8\",\"#text\":\"Mutual Authentication Required\"},{\"@Name\":\"param9\",\"#text\":\"NT AUTHORITY\\\\NetworkService\"},{\"@Name\":\"param10\",\"#text\":\"0\"},{\"@Name\":\"param11\",\"#text\":\"0\"},{\"@Name\":\"param12\",\"#text\":\"1\"}]}}","Channel":"Application","Provider":"Microsoft-Windows-MSDTC 2","EventId":4202,"EventRecordId":"220","ProcessId":0,"ThreadId":0,"Level":"Info","Keywords":"0x80000000000000","SourceFile":"Z:\\usr\\lib\\wine\\Artifacts\\APPLICATION.evtx","ExtraDataOffset":0,"HiddenRecord":false,"TimeCreated":"2023-03-08T10:00:11.7778177+00:00","RecordNumber":220}
{"ChunkNumber":1,"Computer":"DC01.forela.local","Payload":"{\"EventData\":{\"Data\":\"(Security-SPP-Reserved-EnableNotificationMode) , 55c92734-d682-4d71-983e-d6ec3f16059f, c1a197b6-ba5e-4394-b9bf-b659a6c1b873\",\"Binary\":\"\"}}","Channel":"Application","Provider":"Microsoft-Windows-Security-SPP","EventId":1033,"EventRecordId":"221","ProcessId":0,"ThreadId":0,"Level":"Info","Keywords":"0x80000000000000","SourceFile":"Z:\\usr\\lib\\wine\\Artifacts\\APPLICATION.evtx","ExtraDataOffset":0,"HiddenRecord":false,"TimeCreated":"2023-03-08T10:00:11.7778177+00:00","RecordNumber":221}
{"ChunkNumber":1,"Computer":"DC01.forela.local","Payload":"{\"EventData\":{\"Data\":\"55c92734-d682-4d71-983e-d6ec3f16059f, \\n1: c1a197b6-ba5e-4394-b9bf-b659a6c1b873, 1, 0 [(0 [0x00000000, 1, 0], [(?)( 1 0x00000000)(?)( 2 0x00000000 0 0 msft:rm/algorithm/hwid/4.0 0x00000000 0)(?)( 9 0x00000000 180 258347)( 10 0x00000000 msft:rm/algorithm/flags/1.0)(?)])(1 )(2 )(3 )]\\n\\n\",\"Binary\":\"\"}}","Channel":"Application","Provider":"Microsoft-Windows-Security-SPP","EventId":1003,"EventRecordId":"222","ProcessId":0,"ThreadId":0,"Level":"Info","Keywords":"0x80000000000000","SourceFile":"Z:\\usr\\lib\\wine\\Artifacts\\APPLICATION.evtx","ExtraDataOffset":0,"HiddenRecord":false,"TimeCreated":"2023-03-08T10:00:11.7933077+00:00","RecordNumber":222}
{"ChunkNumber":1,"Computer":"DC01.forela.local","Payload":"{\"EventData\":{\"Data\":\"validity, 258347\",\"Binary\":\"\"}}","Channel":"Application","Provider":"Microsoft-Windows-Security-SPP","EventId":1037,"EventRecordId":"223","ProcessId":0,"ThreadId":0,"Level":"Info","Keywords":"0x80000000000000","SourceFile":"Z:\\usr\\lib\\wine\\Artifacts\\APPLICATION.evtx","ExtraDataOffset":0,"HiddenRecord":false,"TimeCreated":"2023-03-08T10:00:11.8093154+00:00","RecordNumber":223}
{"ChunkNumber":1,"Computer":"DC01.forela.local","Payload":"{\"EventData\":{\"Data\":\"\",\"Binary\":\"\"}}","Channel":"Application","Provider":"VMUpgradeHelper","EventId":258,"EventRecordId":"224","ProcessId":0,"ThreadId":0,"Level":"Info","Keywords":"0x80000000000000","SourceFile":"Z:\\usr\\lib\\wine\\Artifacts\\APPLICATION.evtx","ExtraDataOffset":0,"HiddenRecord":false,"TimeCreated":"2023-03-08T10:00:11.8093154+00:00","RecordNumber":224}
{"ChunkNumber":1,"Computer":"DC01.forela.local","Payload":"{\"EventData\":{\"Data\":\"10.0.20348.587\",\"Binary\":\"\"}}","Channel":"Application","Provider":"Microsoft-Windows-Security-SPP","EventId":902,"EventRecordId":"225","ProcessId":0,"ThreadId":0,"Level":"LogAlways","Keywords":"0x80000000000000","SourceFile":"Z:\\usr\\lib\\wine\\Artifacts\\APPLICATION.evtx","ExtraDataOffset":0,"HiddenRecord":false,"TimeCreated":"2023-03-08T10:00:11.8093154+00:00","RecordNumber":225}
{"ChunkNumber":1,"Computer":"DC01.forela.local","Payload":"{\"EventData\":{\"Data\":\"\",\"Binary\":\"\"}}","Channel":"Application","Provider":"VMUpgradeHelper","EventId":271,"EventRecordId":"226","ProcessId":0,"ThreadId":0,"Level":"Info","Keywords":"0x80000000000000","SourceFile":"Z:\\usr\\lib\\wine\\Artifacts\\APPLICATION.evtx","ExtraDataOffset":0,"HiddenRecord":false,"TimeCreated":"2023-03-08T10:00:11.8557665+00:00","RecordNumber":226}
{"ChunkNumber":1,"Computer":"DC01.forela.local","Payload":"{\"EventData\":\"\"}","UserId":"S-1-5-18","Channel":"Application","Provider":"Microsoft-Windows-WMI","EventId":5615,"EventRecordId":"227","ProcessId":2800,"ThreadId":3228,"Level":"Info","Keywords":"Classic","SourceFile":"Z:\\usr\\lib\\wine\\Artifacts\\APPLICATION.evtx","ExtraDataOffset":0,"HiddenRecord":false,"TimeCreated":"2023-03-08T10:00:11.3412466+00:00","RecordNumber":227}
{"ChunkNumber":1,"Computer":"DC01.forela.local","Payload":"{\"EventData\":\"\"}","UserId":"S-1-5-18","Channel":"Application","Provider":"Microsoft-Windows-WMI","EventId":5617,"EventRecordId":"228","ProcessId":2800,"ThreadId":3444,"Level":"Info","Keywords":"Classic","SourceFile":"Z:\\usr\\lib\\wine\\Artifacts\\APPLICATION.evtx","ExtraDataOffset":0,"HiddenRecord":false,"TimeCreated":"2023-03-08T10:00:11.6990154+00:00","RecordNumber":228}
{"ChunkNumber":1,"Computer":"DC01.forela.local","Payload":"{\"EventData\":{\"Data\":[{\"@Name\":\"Library\",\"#text\":\"C:\\\\Windows\\\\system32\\\\ntdsperf.dll\"},{\"@Name\":\"Win32Error\",\"#text\":\"126\"}]}}","UserId":"S-1-5-18","Channel":"Application","Provider":"Microsoft-Windows-Perflib","EventId":1023,"EventRecordId":"229","ProcessId":4380,"ThreadId":4412,"Level":"Error","Keywords":"Classic","SourceFile":"Z:\\usr\\lib\\wine\\Artifacts\\APPLICATION.evtx","ExtraDataOffset":0,"HiddenRecord":false,"TimeCreated":"2023-03-08T10:00:38.6083996+00:00","RecordNumber":229}
{"ChunkNumber":1,"Computer":"DC01.forela.local","Payload":"{\"UserData\":{\"EventXML\":{\"param1\":\"ADWS\",\"param2\":\"Active Directory Web Services\",\"binaryDataSize\":\"16\",\"binaryData\":\"4E-29-00-00-94-29-00-00-4F-29-00-00-95-29-00-00\"}}}","UserId":"S-1-5-18","Channel":"Application","Provider":"Microsoft-Windows-LoadPerf","EventId":1000,"EventRecordId":"230","ProcessId":4888,"ThreadId":4892,"Level":"Info","Keywords":"Classic","SourceFile":"Z:\\usr\\lib\\wine\\Artifacts\\APPLICATION.evtx","ExtraDataOffset":0,"HiddenRecord":false,"TimeCreated":"2023-03-08T10:00:38.8924639+00:00","RecordNumber":230}
{"ChunkNumber":1,"Computer":"DC01.forela.local","Payload":"{\"EventData\":{\"Data\":\"\",\"Binary\":\"\"}}","Channel":"Application","Provider":"Desktop Window Manager","EventId":9027,"EventRecordId":"231","ProcessId":0,"ThreadId":0,"Level":"Info","Keywords":"0x80000000000000","SourceFile":"Z:\\usr\\lib\\wine\\Artifacts\\APPLICATION.evtx","ExtraDataOffset":0,"HiddenRecord":false,"TimeCreated":"2023-03-08T10:00:40.0802409+00:00","RecordNumber":231}
{"ChunkNumber":1,"Computer":"DC01.forela.local","Payload":"{\"EventData\":{\"Data\":\"2023-03-09T09:59:41Z, TBL\",\"Binary\":\"\"}}","Channel":"Application","Provider":"Microsoft-Windows-Security-SPP","EventId":16384,"EventRecordId":"232","ProcessId":0,"ThreadId":0,"Level":"Info","Keywords":"0x80000000000000","SourceFile":"Z:\\usr\\lib\\wine\\Artifacts\\APPLICATION.evtx","ExtraDataOffset":0,"HiddenRecord":false,"TimeCreated":"2023-03-08T10:00:41.8615071+00:00","RecordNumber":232}
{"ChunkNumber":1,"Computer":"DC01.forela.local","Payload":"{\"EventData\":{\"Data\":\"\",\"Binary\":\"\"}}","Channel":"Application","Provider":"Microsoft-Windows-Security-SPP","EventId":903,"EventRecordId":"233","ProcessId":0,"ThreadId":0,"Level":"LogAlways","Keywords":"0x80000000000000","SourceFile":"Z:\\usr\\lib\\wine\\Artifacts\\APPLICATION.evtx","ExtraDataOffset":0,"HiddenRecord":false,"TimeCreated":"2023-03-08T10:00:41.8774946+00:00","RecordNumber":233}
{"ChunkNumber":1,"Computer":"DC01.forela.local","Payload":"{\"EventData\":{\"Data\":\"GPClient, CreateSession\",\"Binary\":\"68-9B-03-F7\"}}","Channel":"Application","Provider":"Microsoft-Windows-Winlogon","EventId":6005,"EventRecordId":"234","ProcessId":0,"ThreadId":0,"Level":"Warning","Keywords":"0x80000000000000","SourceFile":"Z:\\usr\\lib\\wine\\Artifacts\\APPLICATION.evtx","ExtraDataOffset":0,"HiddenRecord":false,"TimeCreated":"2023-03-08T10:01:40.6741786+00:00","RecordNumber":234}
{"ChunkNumber":1,"Computer":"DC01.forela.local","Payload":"{\"EventData\":{\"Data\":\"Service stopped\",\"Binary\":\"\"}}","Channel":"Application","Provider":"edgeupdate","EventId":0,"EventRecordId":"235","ProcessId":0,"ThreadId":0,"Level":"Info","Keywords":"0x80000000000000","SourceFile":"Z:\\usr\\lib\\wine\\Artifacts\\APPLICATION.evtx","ExtraDataOffset":0,"HiddenRecord":false,"TimeCreated":"2023-03-08T10:02:12.3617713+00:00","RecordNumber":235}
{"ChunkNumber":1,"Computer":"DC01.forela.local","Payload":"{\"EventData\":{\"Data\":\"&lt;explicit&gt;\",\"Binary\":\"\"}}","Channel":"Application","Provider":"Microsoft-Windows-Security-SPP","EventId":900,"EventRecordId":"236","ProcessId":0,"ThreadId":0,"Level":"Info","Keywords":"0x80000000000000","SourceFile":"Z:\\usr\\lib\\wine\\Artifacts\\APPLICATION.evtx","ExtraDataOffset":0,"HiddenRecord":false,"TimeCreated":"2023-03-08T10:02:12.6428797+00:00","RecordNumber":236}
{"ChunkNumber":1,"Computer":"DC01.forela.local","Payload":"{\"EventData\":{\"Data\":\"\",\"Binary\":\"\"}}","Channel":"Application","Provider":"Microsoft-Windows-Security-SPP","EventId":16394,"EventRecordId":"237","ProcessId":0,"ThreadId":0,"Level":"Info","Keywords":"0x80000000000000","SourceFile":"Z:\\usr\\lib\\wine\\Artifacts\\APPLICATION.evtx","ExtraDataOffset":0,"HiddenRecord":false,"TimeCreated":"2023-03-08T10:02:12.6743868+00:00","RecordNumber":237}
{"ChunkNumber":1,"Computer":"DC01.forela.local","Payload":"{\"EventData\":{\"Data\":\"2023-08-04T19:46:42Z, RulesEngine\",\"Binary\":\"\"}}","Channel":"Application","Provider":"Microsoft-Windows-Security-SPP","EventId":16384,"EventRecordId":"238","ProcessId":0,"ThreadId":0,"Level":"Info","Keywords":"0x80000000000000","SourceFile":"Z:\\usr\\lib\\wine\\Artifacts\\APPLICATION.evtx","ExtraDataOffset":0,"HiddenRecord":false,"TimeCreated":"2023-03-08T10:02:42.7056789+00:00","RecordNumber":238}
{"ChunkNumber":1,"Computer":"DC01.forela.local","Payload":"{\"EventData\":{\"Data\":\"\",\"Binary\":\"2D-20-43-6F-64-65-3A-20-20-43-4F-52-53-56-43-43-30-30-30-30-30-37-37-38-2D-20-43-61-6C-6C-3A-20-20-43-4F-52-53-56-43-43-30-30-30-30-30-37-36-30-2D-20-50-49-44-3A-20-20-30-30-30-30-34-35-31-36-2D-20-54-49-44-3A-20-20-30-30-30-30-34-35-33-36-2D-20-43-4D-44-3A-20-20-43-3A-5C-57-69-6E-64-6F-77-73-5C-73-79-73-74-65-6D-33-32-5C-76-73-73-76-63-2E-65-78-65-20-20-20-2D-20-55-73-65-72-3A-20-4E-61-6D-65-3A-20-4E-54-20-41-55-54-48-4F-52-49-54-59-5C-53-59-53-54-45-4D-2C-20-53-49-44-3A-53-2D-31-2D-35-2D-31-38-20\"}}","Channel":"Application","Provider":"VSS","EventId":8224,"EventRecordId":"239","ProcessId":0,"ThreadId":0,"Level":"Info","Keywords":"0x80000000000000","SourceFile":"Z:\\usr\\lib\\wine\\Artifacts\\APPLICATION.evtx","ExtraDataOffset":0,"HiddenRecord":false,"TimeCreated":"2023-03-08T10:03:12.8772784+00:00","RecordNumber":239}
{"ChunkNumber":1,"Computer":"DC01.forela.local","Payload":"{\"UserData\":{\"EventXML\":{\"param1\":\"WmiApRpl\",\"param2\":\"WmiApRpl\",\"binaryDataSize\":\"12\",\"binaryData\":\"94-29-00-00-95-29-00-00-D2-05-00-00\"}}}","UserId":"S-1-5-18","Channel":"Application","Provider":"Microsoft-Windows-LoadPerf","EventId":1001,"EventRecordId":"240","ProcessId":4216,"ThreadId":4292,"Level":"Info","Keywords":"Classic","SourceFile":"Z:\\usr\\lib\\wine\\Artifacts\\APPLICATION.evtx","ExtraDataOffset":0,"HiddenRecord":false,"TimeCreated":"2023-03-08T10:04:22.5890631+00:00","RecordNumber":240}
{"ChunkNumber":1,"Computer":"DC01.forela.local","Payload":"{\"UserData\":{\"EventXML\":{\"param1\":\"WmiApRpl\",\"param2\":\"WmiApRpl\",\"binaryDataSize\":\"16\",\"binaryData\":\"96-29-00-00-3C-2A-00-00-97-29-00-00-3D-2A-00-00\"}}}","UserId":"S-1-5-18","Channel":"Application","Provider":"Microsoft-Windows-LoadPerf","EventId":1000,"EventRecordId":"241","ProcessId":4216,"ThreadId":4292,"Level":"Info","Keywords":"Classic","SourceFile":"Z:\\usr\\lib\\wine\\Artifacts\\APPLICATION.evtx","ExtraDataOffset":0,"HiddenRecord":false,"TimeCreated":"2023-03-08T10:04:22.6197067+00:00","RecordNumber":241}
{"ChunkNumber":1,"Computer":"DC01.forela.local","Payload":"{\"EventData\":{\"Data\":\"DFSRs, 2328,P,98, \\\\\\\\.\\\\C:\\\\System Volume Information\\\\DFSR\\\\database_72E6_EF45_E6EF_865\\\\dfsr.db: , 0, 10, 00, 20348, 0000\",\"Binary\":\"\"}}","Channel":"Application","Provider":"ESENT","EventId":102,"EventRecordId":"242","ProcessId":0,"ThreadId":0,"Level":"Info","Keywords":"0x80000000000000","SourceFile":"Z:\\usr\\lib\\wine\\Artifacts\\APPLICATION.evtx","ExtraDataOffset":0,"HiddenRecord":false,"TimeCreated":"2023-03-08T10:05:39.4554606+00:00","RecordNumber":242}
{"ChunkNumber":1,"Computer":"DC01.forela.local","Payload":"{\"EventData\":{\"Data\":\"DFSRs, 2328,D,0, \\\\\\\\.\\\\C:\\\\System Volume Information\\\\DFSR\\\\database_72E6_EF45_E6EF_865\\\\dfsr.db: , 0, 0, \\n[1] 0.001584 +J(0) +M(C:0K, Fs:355, WS:1360K # 1360K, PF:6920K # 6880K, P:6920K)\\n[2] 0.000180 +J(0) +M(C:16K, Fs:107, WS:420K # 420K, PF:412K # 412K, P:412K)\\n[3] 0.000009 +J(0) +M(C:0K, Fs:4, WS:12K # 12K, PF:68K # 68K, P:68K)\\n[4] 0.000092 +J(0) +M(C:2032K, Fs:34, WS:136K # 136K, PF:2440K # 2440K, P:2440K)\\n[5] 0.000324 +J(0) +M(C:0K, Fs:10, WS:40K # 40K, PF:24K # 24K, P:24K)\\n[6] 0.000553 +J(0) +M(C:0K, Fs:13, WS:52K # 52K, PF:12K # 12K, P:12K)\\n[7] -\\n[8] -\\n[9] -\\n[10] -\\n[11] -\\n[12] -\\n[13] 0.011986 -0.005569 (22) WT +J(CM:0, PgRf:0, Rd:0/0, Dy:0/0, Lg:616/1) +M(C:0K, Fs:1469, WS:672K # 5772K, PF:-96K # 5028K, P:-96K)\\n[14] 0.000009 +J(0)\\n[15] 0.000047 +J(0) +M(C:0K, Fs:64, WS:256K # 0K, PF:64K # 0K, P:64K)\\n[16] 0.002646 -0.000068 (1) WT +J(0) +M(C:0K, Fs:9, WS:28K # 0K, PF:0K # 0K, P:0K).\",\"Binary\":\"\"}}","Channel":"Application","Provider":"ESENT","EventId":105,"EventRecordId":"243","ProcessId":0,"ThreadId":0,"Level":"Info","Keywords":"0x80000000000000","SourceFile":"Z:\\usr\\lib\\wine\\Artifacts\\APPLICATION.evtx","ExtraDataOffset":0,"HiddenRecord":false,"TimeCreated":"2023-03-08T10:05:39.4712236+00:00","RecordNumber":243}
{"PayloadData1":"Database: DFSRs, 2328,D,35, \\\\.\\C:\\System Volume Information\\DFSR\\database_72E6_EF45_E6EF_865\\dfsr.db: , 1, \\\\.\\C:\\System Volume Information\\DFSR\\database_72E6_EF45_E6EF_865\\dfsr.db, 0, \r\n[1] 0.000036 +J(0) +M(C:0K, Fs:5, WS:20K # 0K, PF:8K # 0K, P:8K)\r\n[2] 0.001104 -0.000268 (1) WT +J(CM:0, PgRf:0, Rd:0/0, Dy:0/0, Lg:3480/2) +M(C:0K, Fs:4, WS:16K # 0K, PF:0K # 0K, P:0K)\r\n[3] 0.002418 +J(0) +M(C:0K, Fs:12, WS:36K # 0K, PF:24K # 0K, P:24K)\r\n[4] 0.000114 +J(0) +M(C:0K, Fs:1, WS:4K # 0K, PF:0K # 0K, P:0K)\r\n[5] 0.000847 -0.000383 (3) WT +J(CM:0, PgRf:3, Rd:0/0, Dy:3/6, Lg:122/4) +M(C:0K, Fs:42, WS:160K # 0K, PF:244K # 0K, P:244K)\r\n[6] 0.000937 -0.000177 (2) WT +J(CM:0, PgRf:209, Rd:0/0, Dy:12/408, Lg:24454/447) +M(C:0K, Fs:76, WS:304K # 0K, PF:224K # 0K, P:224K)\r\n[7] 0.000561 -0.000300 (3) WT +J(CM:0, PgRf:0, Rd:0/0, Dy:0/0, Lg:4096/3) +M(C:0K, Fs:4, WS:8K # 0K, PF:0K # 0K, P:0K)\r\n[8] 0.000002 +J(0)\r\n[9] 0.000953 -0.000626 (3) WT +J(0) +M(C:-52K, Fs:8, WS:-28K # 0K, PF:-52K # 0K, P:-52K)\r\n[10] 0.001684 -0.000446 (5) WT +J(CM:0, PgRf:348, Rd:0/0, Dy:7/93, Lg:12509/130) +M(C:12K, Fs:46, WS:176K # 0K, PF:96K # 0K, P:96K)\r\n[11] 0.000001 +J(0)., 0 0, lgposCreate = 00000001:0001:0268,\r\ndbv = 1568.180.400 (9360)","MapDescription":"NTDS the database engine created a new database","ChunkNumber":2,"Computer":"DC01.forela.local","Payload":"{\"EventData\":{\"Data\":\"DFSRs, 2328,D,35, \\\\\\\\.\\\\C:\\\\System Volume Information\\\\DFSR\\\\database_72E6_EF45_E6EF_865\\\\dfsr.db: , 1, \\\\\\\\.\\\\C:\\\\System Volume Information\\\\DFSR\\\\database_72E6_EF45_E6EF_865\\\\dfsr.db, 0, \\n[1] 0.000036 +J(0) +M(C:0K, Fs:5, WS:20K # 0K, PF:8K # 0K, P:8K)\\n[2] 0.001104 -0.000268 (1) WT +J(CM:0, PgRf:0, Rd:0/0, Dy:0/0, Lg:3480/2) +M(C:0K, Fs:4, WS:16K # 0K, PF:0K # 0K, P:0K)\\n[3] 0.002418 +J(0) +M(C:0K, Fs:12, WS:36K # 0K, PF:24K # 0K, P:24K)\\n[4] 0.000114 +J(0) +M(C:0K, Fs:1, WS:4K # 0K, PF:0K # 0K, P:0K)\\n[5] 0.000847 -0.000383 (3) WT +J(CM:0, PgRf:3, Rd:0/0, Dy:3/6, Lg:122/4) +M(C:0K, Fs:42, WS:160K # 0K, PF:244K # 0K, P:244K)\\n[6] 0.000937 -0.000177 (2) WT +J(CM:0, PgRf:209, Rd:0/0, Dy:12/408, Lg:24454/447) +M(C:0K, Fs:76, WS:304K # 0K, PF:224K # 0K, P:224K)\\n[7] 0.000561 -0.000300 (3) WT +J(CM:0, PgRf:0, Rd:0/0, Dy:0/0, Lg:4096/3) +M(C:0K, Fs:4, WS:8K # 0K, PF:0K # 0K, P:0K)\\n[8] 0.000002 +J(0)\\n[9] 0.000953 -0.000626 (3) WT +J(0) +M(C:-52K, Fs:8, WS:-28K # 0K, PF:-52K # 0K, P:-52K)\\n[10] 0.001684 -0.000446 (5) WT +J(CM:0, PgRf:348, Rd:0/0, Dy:7/93, Lg:12509/130) +M(C:12K, Fs:46, WS:176K # 0K, PF:96K # 0K, P:96K)\\n[11] 0.000001 +J(0)., 0 0, lgposCreate = 00000001:0001:0268,\\ndbv = 1568.180.400 (9360)\",\"Binary\":\"\"}}","Channel":"Application","Provider":"ESENT","EventId":325,"EventRecordId":"244","ProcessId":0,"ThreadId":0,"Level":"Info","Keywords":"0x80000000000000","SourceFile":"Z:\\usr\\lib\\wine\\Artifacts\\APPLICATION.evtx","ExtraDataOffset":0,"HiddenRecord":false,"TimeCreated":"2023-03-08T10:05:39.4712236+00:00","RecordNumber":244}
{"ChunkNumber":2,"Computer":"DC01.forela.local","Payload":"{\"EventData\":{\"Data\":\"GPClient, 301, CreateSession\",\"Binary\":\"00-00-00-00\"}}","Channel":"Application","Provider":"Microsoft-Windows-Winlogon","EventId":6006,"EventRecordId":"245","ProcessId":0,"ThreadId":0,"Level":"Warning","Keywords":"0x80000000000000","SourceFile":"Z:\\usr\\lib\\wine\\Artifacts\\APPLICATION.evtx","ExtraDataOffset":0,"HiddenRecord":false,"TimeCreated":"2023-03-08T10:05:42.1742878+00:00","RecordNumber":245}
{"ChunkNumber":2,"Computer":"DC01.forela.local","Payload":"{\"EventData\":{\"Data\":\"\",\"Binary\":\"\"}}","Channel":"Application","Provider":"SceCli","EventId":1704,"EventRecordId":"246","ProcessId":0,"ThreadId":0,"Level":"Info","Keywords":"0x80000000000000","SourceFile":"Z:\\usr\\lib\\wine\\Artifacts\\APPLICATION.evtx","ExtraDataOffset":0,"HiddenRecord":false,"TimeCreated":"2023-03-08T10:05:42.4710076+00:00","RecordNumber":246}
{"ChunkNumber":2,"Computer":"DC01.forela.local","Payload":"{\"EventData\":{\"Data\":\"\",\"Binary\":\"2D-20-43-6F-64-65-3A-20-20-43-4F-52-53-56-43-43-30-30-30-30-30-37-37-38-2D-20-43-61-6C-6C-3A-20-20-43-4F-52-53-56-43-43-30-30-30-30-30-37-36-30-2D-20-50-49-44-3A-20-20-30-30-30-30-34-38-36-34-2D-20-54-49-44-3A-20-20-30-30-30-30-35-30-36-34-2D-20-43-4D-44-3A-20-20-43-3A-5C-57-69-6E-64-6F-77-73-5C-73-79-73-74-65-6D-33-32-5C-76-73-73-76-63-2E-65-78-65-20-20-20-2D-20-55-73-65-72-3A-20-4E-61-6D-65-3A-20-4E-54-20-41-55-54-48-4F-52-49-54-59-5C-53-59-53-54-45-4D-2C-20-53-49-44-3A-53-2D-31-2D-35-2D-31-38-20\"}}","Channel":"Application","Provider":"VSS","EventId":8224,"EventRecordId":"247","ProcessId":0,"ThreadId":0,"Level":"Info","Keywords":"0x80000000000000","SourceFile":"Z:\\usr\\lib\\wine\\Artifacts\\APPLICATION.evtx","ExtraDataOffset":0,"HiddenRecord":false,"TimeCreated":"2023-03-08T10:08:43.9556363+00:00","RecordNumber":247}
{"ChunkNumber":2,"Computer":"DC01.forela.local","Payload":"{\"EventData\":{\"Data\":\"\",\"Binary\":\"\"}}","Channel":"Application","Provider":"Microsoft-Windows-Security-SPP","EventId":16394,"EventRecordId":"248","ProcessId":0,"ThreadId":0,"Level":"Info","Keywords":"0x80000000000000","SourceFile":"Z:\\usr\\lib\\wine\\Artifacts\\APPLICATION.evtx","ExtraDataOffset":0,"HiddenRecord":false,"TimeCreated":"2023-03-08T10:10:44.7055945+00:00","RecordNumber":248}
{"ChunkNumber":2,"Computer":"DC01.forela.local","Payload":"{\"EventData\":{\"Data\":\"Security-SPP-Reserved-LicenseProperties, 100\",\"Binary\":\"\"}}","Channel":"Application","Provider":"Microsoft-Windows-Security-SPP","EventId":1034,"EventRecordId":"249","ProcessId":0,"ThreadId":0,"Level":"Info","Keywords":"0x80000000000000","SourceFile":"Z:\\usr\\lib\\wine\\Artifacts\\APPLICATION.evtx","ExtraDataOffset":0,"HiddenRecord":false,"TimeCreated":"2023-03-08T10:10:44.8930735+00:00","RecordNumber":249}
