{"PayloadData1":"TaskName: \\Microsoft\\Windows\\UpdateOrchestrator\\Schedule Scan","PayloadData2":"TaskContentNew: &lt;?xml version=\"1.0\" encoding=\"UTF-16\"?&gt;, &lt;Task version=\"1.2\" xmlns=\"http://schemas.microsoft.com/windows/2004/02/mit/task\"&gt;,   &lt;RegistrationInfo&gt;,     &lt;URI&gt;\\Microsoft\\Windows\\UpdateOrchestrator\\Schedule Scan&lt;/URI&gt;,   &lt;/RegistrationInfo&gt;,   &lt;Triggers&gt;,     &lt;TimeTrigger&gt;,       &lt;Repetition&gt;,         &lt;Interval&gt;PT1320M&lt;/Interval&gt;,         &lt;StopAtDurationEnd&gt;false&lt;/StopAtDurationEnd&gt;,       &lt;/Repetition&gt;,       &lt;StartBoundary&gt;2019-01-01T12:00:00&lt;/StartBoundary&gt;,       &lt;Enabled&gt;true&lt;/Enabled&gt;,       &lt;RandomDelay&gt;PT120M&lt;/RandomDelay&gt;,     &lt;/TimeTrigger&gt;,   &lt;/Triggers&gt;,   &lt;Principals&gt;,     &lt;Principal id=\"Author\"&gt;,       &lt;UserId&gt;S-1-5-18&lt;/UserId&gt;,       &lt;RunLevel&gt;LeastPrivilege&lt;/RunLevel&gt;,     &lt;/Principal&gt;,   &lt;/Principals&gt;,   &lt;Settings&gt;,     &lt;MultipleInstancesPolicy&gt;IgnoreNew&lt;/MultipleInstancesPolicy&gt;,     &lt;DisallowStartIfOnBatteries&gt;true&lt;/DisallowStartIfOnBatteries&gt;,     &lt;StopIfGoingOnBatteries&gt;true&lt;/StopIfGoingOnBatteries&gt;,     &lt;AllowHardTerminate&gt;true&lt;/AllowHardTerminate&gt;,     &lt;StartWhenAvailable&gt;true&lt;/StartWhenAvailable&gt;,     &lt;RunOnlyIfNetworkAvailable&gt;false&lt;/RunOnlyIfNetworkAvailable&gt;,     &lt;IdleSettings&gt;,       &lt;Duration&gt;PT10M&lt;/Duration&gt;,       &lt;WaitTimeout&gt;PT1H&lt;/WaitTimeout&gt;,       &lt;StopOnIdleEnd&gt;true&lt;/StopOnIdleEnd&gt;,       &lt;RestartOnIdle&gt;false&lt;/RestartOnIdle&gt;,     &lt;/IdleSettings&gt;,     &lt;AllowStartOnDemand&gt;true&lt;/AllowStartOnDemand&gt;,     &lt;Enabled&gt;true&lt;/Enabled&gt;,     &lt;Hidden&gt;false&lt;/Hidden&gt;,     &lt;RunOnlyIfIdle&gt;false&lt;/RunOnlyIfIdle&gt;,     &lt;WakeToRun&gt;false&lt;/WakeToRun&gt;,     &lt;ExecutionTimeLimit&gt;PT72H&lt;/ExecutionTimeLimit&gt;,     &lt;Priority&gt;7&lt;/Priority&gt;,   &lt;/Settings&gt;,   &lt;Actions Context=\"Author\"&gt;,     &lt;Exec&gt;,       &lt;Command&gt;%systemroot%\\system32\\usoclient.exe&lt;/Command&gt;,       &lt;Arguments&gt;StartScan&lt;/Arguments&gt;,     &lt;/Exec&gt;,   &lt;/Actions&gt;, &lt;/Task&gt;","UserName":"FORELA\\DC01$","MapDescription":"A scheduled task was updated","ChunkNumber":0,"Computer":"DC01.forela.local","Payload":"{\"EventData\":{\"Data\":[{\"@Name\":\"SubjectUserSid\",\"#text\":\"S-1-5-18\"},{\"@Name\":\"SubjectUserName\",\"#text\":\"DC01$\"},{\"@Name\":\"SubjectDomainName\",\"#text\":\"FORELA\"},{\"@Name\":\"SubjectLogonId\",\"#text\":\"0x3E7\"},{\"@Name\":\"TaskName\",\"#text\":\"\\\\Microsoft\\\\Windows\\\\UpdateOrchestrator\\\\Schedule Scan\"},{\"@Name\":\"TaskContentNew\",\"#text\":\"&lt;?xml version=\\\"1.0\\\" encoding=\\\"UTF-16\\\"?&gt;, &lt;Task version=\\\"1.2\\\" xmlns=\\\"http://schemas.microsoft.com/windows/2004/02/mit/task\\\"&gt;,   &lt;RegistrationInfo&gt;,     &lt;URI&gt;\\\\Microsoft\\\\Windows\\\\UpdateOrchestrator\\\\Schedule Scan&lt;/URI&gt;,   &lt;/RegistrationInfo&gt;,   &lt;Triggers&gt;,     &lt;TimeTrigger&gt;,       &lt;Repetition&gt;,         &lt;Interval&gt;PT1320M&lt;/Interval&gt;,         &lt;StopAtDurationEnd&gt;false&lt;/StopAtDurationEnd&gt;,       &lt;/Repetition&gt;,       &lt;StartBoundary&gt;2019-01-01T12:00:00&lt;/StartBoundary&gt;,       &lt;Enabled&gt;true&lt;/Enabled&gt;,       &lt;RandomDelay&gt;PT120M&lt;/RandomDelay&gt;,     &lt;/TimeTrigger&gt;,   &lt;/Triggers&gt;,   &lt;Principals&gt;,     &lt;Principal id=\\\"Author\\\"&gt;,       &lt;UserId&gt;S-1-5-18&lt;/UserId&gt;,       &lt;RunLevel&gt;LeastPrivilege&lt;/RunLevel&gt;,     &lt;/Principal&gt;,   &lt;/Principals&gt;,   &lt;Settings&gt;,     &lt;MultipleInstancesPolicy&gt;IgnoreNew&lt;/MultipleInstancesPolicy&gt;,     &lt;DisallowStartIfOnBatteries&gt;true&lt;/DisallowStartIfOnBatteries&gt;,     &lt;StopIfGoingOnBatteries&gt;true&lt;/StopIfGoingOnBatteries&gt;,     &lt;AllowHardTerminate&gt;true&lt;/AllowHardTerminate&gt;,     &lt;StartWhenAvailable&gt;true&lt;/StartWhenAvailable&gt;,     &lt;RunOnlyIfNetworkAvailable&gt;false&lt;/RunOnlyIfNetworkAvailable&gt;,     &lt;IdleSettings&gt;,       &lt;Duration&gt;PT10M&lt;/Duration&gt;,       &lt;WaitTimeout&gt;PT1H&lt;/WaitTimeout&gt;,       &lt;StopOnIdleEnd&gt;true&lt;/StopOnIdleEnd&gt;,       &lt;RestartOnIdle&gt;false&lt;/RestartOnIdle&gt;,     &lt;/IdleSettings&gt;,     &lt;AllowStartOnDemand&gt;true&lt;/AllowStartOnDemand&gt;,     &lt;Enabled&gt;true&lt;/Enabled&gt;,     &lt;Hidden&gt;false&lt;/Hidden&gt;,     &lt;RunOnlyIfIdle&gt;false&lt;/RunOnlyIfIdle&gt;,     &lt;WakeToRun&gt;false&lt;/WakeToRun&gt;,     &lt;ExecutionTimeLimit&gt;PT72H&lt;/ExecutionTimeLimit&gt;,     &lt;Priority&gt;7&lt;/Priority&gt;,   &lt;/Settings&gt;,   &lt;Actions Context=\\\"Author\\\"&gt;,     &lt;Exec&gt;,       &lt;Command&gt;%systemroot%\\\\system32\\\\usoclient.exe&lt;/Command&gt;,       &lt;Arguments&gt;StartScan&lt;/Arguments&gt;,     &lt;/Exec&gt;,   &lt;/Actions&gt;, &lt;/Task&gt;\"},{\"@Name\":\"ClientProcessStartKey\",\"#text\":\"2814749767106664\"},{\"@Name\":\"ClientProcessId\",\"#text\":\"4876\"},{\"@Name\":\"ParentProcessId\",\"#text\":\"744\"},{\"@Name\":\"RpcCallClientLocality\",\"#text\":\"0\"},{\"@Name\":\"FQDN\",\"#text\":\"DC01.forela.local\"}]}}","Channel":"Security","Provider":"Microsoft-Windows-Security-Auditing","EventId":4702,"EventRecordId":"5947","ProcessId":764,"ThreadId":992,"Level":"LogAlways","Keywords":"Audit success","SourceFile":"Z:\\usr\\lib\\wine\\Artifacts\\SECURITY.evtx","ExtraDataOffset":0,"HiddenRecord":false,"TimeCreated":"2024-05-15T05:36:54.6205713+00:00","RecordNumber":65}
{"PayloadData1":"TaskName: \\Microsoft\\Windows\\UpdateOrchestrator\\Schedule Scan","PayloadData2":"TaskContentNew: &lt;?xml version=\"1.0\" encoding=\"UTF-16\"?&gt;, &lt;Task version=\"1.2\" xmlns=\"http://schemas.microsoft.com/windows/2004/02/mit/task\"&gt;,   &lt;RegistrationInfo&gt;,     &lt;URI&gt;\\Microsoft\\Windows\\UpdateOrchestrator\\Schedule Scan&lt;/URI&gt;,   &lt;/RegistrationInfo&gt;,   &lt;Triggers&gt;,     &lt;TimeTrigger&gt;,       &lt;Repetition&gt;,         &lt;Interval&gt;PT420M&lt;/Interval&gt;,         &lt;StopAtDurationEnd&gt;false&lt;/StopAtDurationEnd&gt;,       &lt;/Repetition&gt;,       &lt;StartBoundary&gt;2019-01-01T12:00:00&lt;/StartBoundary&gt;,       &lt;Enabled&gt;true&lt;/Enabled&gt;,       &lt;RandomDelay&gt;PT105M&lt;/RandomDelay&gt;,     &lt;/TimeTrigger&gt;,   &lt;/Triggers&gt;,   &lt;Principals&gt;,     &lt;Principal id=\"Author\"&gt;,       &lt;RunLevel&gt;LeastPrivilege&lt;/RunLevel&gt;,       &lt;UserId&gt;S-1-5-18&lt;/UserId&gt;,     &lt;/Principal&gt;,   &lt;/Principals&gt;,   &lt;Settings&gt;,     &lt;MultipleInstancesPolicy&gt;IgnoreNew&lt;/MultipleInstancesPolicy&gt;,     &lt;DisallowStartIfOnBatteries&gt;true&lt;/DisallowStartIfOnBatteries&gt;,     &lt;StopIfGoingOnBatteries&gt;true&lt;/StopIfGoingOnBatteries&gt;,     &lt;AllowHardTerminate&gt;true&lt;/AllowHardTerminate&gt;,     &lt;StartWhenAvailable&gt;true&lt;/StartWhenAvailable&gt;,     &lt;RunOnlyIfNetworkAvailable&gt;false&lt;/RunOnlyIfNetworkAvailable&gt;,     &lt;IdleSettings&gt;,       &lt;Duration&gt;PT10M&lt;/Duration&gt;,       &lt;WaitTimeout&gt;PT1H&lt;/WaitTimeout&gt;,       &lt;StopOnIdleEnd&gt;true&lt;/StopOnIdleEnd&gt;,       &lt;RestartOnIdle&gt;false&lt;/RestartOnIdle&gt;,     &lt;/IdleSettings&gt;,     &lt;AllowStartOnDemand&gt;true&lt;/AllowStartOnDemand&gt;,     &lt;Enabled&gt;true&lt;/Enabled&gt;,     &lt;Hidden&gt;false&lt;/Hidden&gt;,     &lt;RunOnlyIfIdle&gt;false&lt;/RunOnlyIfIdle&gt;,     &lt;WakeToRun&gt;false&lt;/WakeToRun&gt;,     &lt;ExecutionTimeLimit&gt;PT72H&lt;/ExecutionTimeLimit&gt;,     &lt;Priority&gt;7&lt;/Priority&gt;,   &lt;/Settings&gt;,   &lt;Actions Context=\"Author\"&gt;,     &lt;Exec&gt;,       &lt;Command&gt;%systemroot%\\system32\\usoclient.exe&lt;/Command&gt;,       &lt;Arguments&gt;StartScan&lt;/Arguments&gt;,     &lt;/Exec&gt;,   &lt;/Actions&gt;, &lt;/Task&gt;","UserName":"FORELA\\DC01$","MapDescription":"A scheduled task was updated","ChunkNumber":0,"Computer":"DC01.forela.local","Payload":"{\"EventData\":{\"Data\":[{\"@Name\":\"SubjectUserSid\",\"#text\":\"S-1-5-18\"},{\"@Name\":\"SubjectUserName\",\"#text\":\"DC01$\"},{\"@Name\":\"SubjectDomainName\",\"#text\":\"FORELA\"},{\"@Name\":\"SubjectLogonId\",\"#text\":\"0x3E7\"},{\"@Name\":\"TaskName\",\"#text\":\"\\\\Microsoft\\\\Windows\\\\UpdateOrchestrator\\\\Schedule Scan\"},{\"@Name\":\"TaskContentNew\",\"#text\":\"&lt;?xml version=\\\"1.0\\\" encoding=\\\"UTF-16\\\"?&gt;, &lt;Task version=\\\"1.2\\\" xmlns=\\\"http://schemas.microsoft.com/windows/2004/02/mit/task\\\"&gt;,   &lt;RegistrationInfo&gt;,     &lt;URI&gt;\\\\Microsoft\\\\Windows\\\\UpdateOrchestrator\\\\Schedule Scan&lt;/URI&gt;,   &lt;/RegistrationInfo&gt;,   &lt;Triggers&gt;,     &lt;TimeTrigger&gt;,       &lt;Repetition&gt;,         &lt;Interval&gt;PT420M&lt;/Interval&gt;,         &lt;StopAtDurationEnd&gt;false&lt;/StopAtDurationEnd&gt;,       &lt;/Repetition&gt;,       &lt;StartBoundary&gt;2019-01-01T12:00:00&lt;/StartBoundary&gt;,       &lt;Enabled&gt;true&lt;/Enabled&gt;,       &lt;RandomDelay&gt;PT105M&lt;/RandomDelay&gt;,     &lt;/TimeTrigger&gt;,   &lt;/Triggers&gt;,   &lt;Principals&gt;,     &lt;Principal id=\\\"Author\\\"&gt;,       &lt;RunLevel&gt;LeastPrivilege&lt;/RunLevel&gt;,       &lt;UserId&gt;S-1-5-18&lt;/UserId&gt;,     &lt;/Principal&gt;,   &lt;/Principals&gt;,   &lt;Settings&gt;,     &lt;MultipleInstancesPolicy&gt;IgnoreNew&lt;/MultipleInstancesPolicy&gt;,     &lt;DisallowStartIfOnBatteries&gt;true&lt;/DisallowStartIfOnBatteries&gt;,     &lt;StopIfGoingOnBatteries&gt;true&lt;/StopIfGoingOnBatteries&gt;,     &lt;AllowHardTerminate&gt;true&lt;/AllowHardTerminate&gt;,     &lt;StartWhenAvailable&gt;true&lt;/StartWhenAvailable&gt;,     &lt;RunOnlyIfNetworkAvailable&gt;false&lt;/RunOnlyIfNetworkAvailable&gt;,     &lt;IdleSettings&gt;,       &lt;Duration&gt;PT10M&lt;/Duration&gt;,       &lt;WaitTimeout&gt;PT1H&lt;/WaitTimeout&gt;,       &lt;StopOnIdleEnd&gt;true&lt;/StopOnIdleEnd&gt;,       &lt;RestartOnIdle&gt;false&lt;/RestartOnIdle&gt;,     &lt;/IdleSettings&gt;,     &lt;AllowStartOnDemand&gt;true&lt;/AllowStartOnDemand&gt;,     &lt;Enabled&gt;true&lt;/Enabled&gt;,     &lt;Hidden&gt;false&lt;/Hidden&gt;,     &lt;RunOnlyIfIdle&gt;false&lt;/RunOnlyIfIdle&gt;,     &lt;WakeToRun&gt;false&lt;/WakeToRun&gt;,     &lt;ExecutionTimeLimit&gt;PT72H&lt;/ExecutionTimeLimit&gt;,     &lt;Priority&gt;7&lt;/Priority&gt;,   &lt;/Settings&gt;,   &lt;Actions Context=\\\"Author\\\"&gt;,     &lt;Exec&gt;,       &lt;Command&gt;%systemroot%\\\\system32\\\\usoclient.exe&lt;/Command&gt;,       &lt;Arguments&gt;StartScan&lt;/Arguments&gt;,     &lt;/Exec&gt;,   &lt;/Actions&gt;, &lt;/Task&gt;\"},{\"@Name\":\"ClientProcessStartKey\",\"#text\":\"2814749767106709\"},{\"@Name\":\"ClientProcessId\",\"#text\":\"7112\"},{\"@Name\":\"ParentProcessId\",\"#text\":\"996\"},{\"@Name\":\"RpcCallClientLocality\",\"#text\":\"0\"},{\"@Name\":\"FQDN\",\"#text\":\"DC01.forela.local\"}]}}","Channel":"Security","Provider":"Microsoft-Windows-Security-Auditing","EventId":4702,"EventRecordId":"5948","ProcessId":764,"ThreadId":992,"Level":"LogAlways","Keywords":"Audit success","SourceFile":"Z:\\usr\\lib\\wine\\Artifacts\\SECURITY.evtx","ExtraDataOffset":0,"HiddenRecord":false,"TimeCreated":"2024-05-15T05:36:56.3722844+00:00","RecordNumber":66}
{"PayloadData1":"TaskName: \\Microsoft\\Windows\\UpdateOrchestrator\\Schedule Scan","PayloadData2":"TaskContentNew: &lt;?xml version=\"1.0\" encoding=\"UTF-16\"?&gt;, &lt;Task version=\"1.2\" xmlns=\"http://schemas.microsoft.com/windows/2004/02/mit/task\"&gt;,   &lt;RegistrationInfo&gt;,     &lt;URI&gt;\\Microsoft\\Windows\\UpdateOrchestrator\\Schedule Scan&lt;/URI&gt;,   &lt;/RegistrationInfo&gt;,   &lt;Triggers&gt;,     &lt;TimeTrigger&gt;,       &lt;Repetition&gt;,         &lt;Interval&gt;PT420M&lt;/Interval&gt;,         &lt;StopAtDurationEnd&gt;false&lt;/StopAtDurationEnd&gt;,       &lt;/Repetition&gt;,       &lt;StartBoundary&gt;2019-01-01T12:00:00&lt;/StartBoundary&gt;,       &lt;Enabled&gt;true&lt;/Enabled&gt;,       &lt;RandomDelay&gt;PT105M&lt;/RandomDelay&gt;,     &lt;/TimeTrigger&gt;,   &lt;/Triggers&gt;,   &lt;Principals&gt;,     &lt;Principal id=\"Author\"&gt;,       &lt;UserId&gt;S-1-5-18&lt;/UserId&gt;,       &lt;RunLevel&gt;LeastPrivilege&lt;/RunLevel&gt;,     &lt;/Principal&gt;,   &lt;/Principals&gt;,   &lt;Settings&gt;,     &lt;MultipleInstancesPolicy&gt;IgnoreNew&lt;/MultipleInstancesPolicy&gt;,     &lt;DisallowStartIfOnBatteries&gt;true&lt;/DisallowStartIfOnBatteries&gt;,     &lt;StopIfGoingOnBatteries&gt;true&lt;/StopIfGoingOnBatteries&gt;,     &lt;AllowHardTerminate&gt;true&lt;/AllowHardTerminate&gt;,     &lt;StartWhenAvailable&gt;true&lt;/StartWhenAvailable&gt;,     &lt;RunOnlyIfNetworkAvailable&gt;false&lt;/RunOnlyIfNetworkAvailable&gt;,     &lt;IdleSettings&gt;,       &lt;Duration&gt;PT10M&lt;/Duration&gt;,       &lt;WaitTimeout&gt;PT1H&lt;/WaitTimeout&gt;,       &lt;StopOnIdleEnd&gt;true&lt;/StopOnIdleEnd&gt;,       &lt;RestartOnIdle&gt;false&lt;/RestartOnIdle&gt;,     &lt;/IdleSettings&gt;,     &lt;AllowStartOnDemand&gt;true&lt;/AllowStartOnDemand&gt;,     &lt;Enabled&gt;true&lt;/Enabled&gt;,     &lt;Hidden&gt;false&lt;/Hidden&gt;,     &lt;RunOnlyIfIdle&gt;false&lt;/RunOnlyIfIdle&gt;,     &lt;WakeToRun&gt;false&lt;/WakeToRun&gt;,     &lt;ExecutionTimeLimit&gt;PT72H&lt;/ExecutionTimeLimit&gt;,     &lt;Priority&gt;7&lt;/Priority&gt;,   &lt;/Settings&gt;,   &lt;Actions Context=\"Author\"&gt;,     &lt;Exec&gt;,       &lt;Command&gt;%systemroot%\\system32\\usoclient.exe&lt;/Command&gt;,       &lt;Arguments&gt;StartScan&lt;/Arguments&gt;,     &lt;/Exec&gt;,   &lt;/Actions&gt;, &lt;/Task&gt;","UserName":"FORELA\\DC01$","MapDescription":"A scheduled task was updated","ChunkNumber":0,"Computer":"DC01.forela.local","Payload":"{\"EventData\":{\"Data\":[{\"@Name\":\"SubjectUserSid\",\"#text\":\"S-1-5-18\"},{\"@Name\":\"SubjectUserName\",\"#text\":\"DC01$\"},{\"@Name\":\"SubjectDomainName\",\"#text\":\"FORELA\"},{\"@Name\":\"SubjectLogonId\",\"#text\":\"0x3E7\"},{\"@Name\":\"TaskName\",\"#text\":\"\\\\Microsoft\\\\Windows\\\\UpdateOrchestrator\\\\Schedule Scan\"},{\"@Name\":\"TaskContentNew\",\"#text\":\"&lt;?xml version=\\\"1.0\\\" encoding=\\\"UTF-16\\\"?&gt;, &lt;Task version=\\\"1.2\\\" xmlns=\\\"http://schemas.microsoft.com/windows/2004/02/mit/task\\\"&gt;,   &lt;RegistrationInfo&gt;,     &lt;URI&gt;\\\\Microsoft\\\\Windows\\\\UpdateOrchestrator\\\\Schedule Scan&lt;/URI&gt;,   &lt;/RegistrationInfo&gt;,   &lt;Triggers&gt;,     &lt;TimeTrigger&gt;,       &lt;Repetition&gt;,         &lt;Interval&gt;PT420M&lt;/Interval&gt;,         &lt;StopAtDurationEnd&gt;false&lt;/StopAtDurationEnd&gt;,       &lt;/Repetition&gt;,       &lt;StartBoundary&gt;2019-01-01T12:00:00&lt;/StartBoundary&gt;,       &lt;Enabled&gt;true&lt;/Enabled&gt;,       &lt;RandomDelay&gt;PT105M&lt;/RandomDelay&gt;,     &lt;/TimeTrigger&gt;,   &lt;/Triggers&gt;,   &lt;Principals&gt;,     &lt;Principal id=\\\"Author\\\"&gt;,       &lt;UserId&gt;S-1-5-18&lt;/UserId&gt;,       &lt;RunLevel&gt;LeastPrivilege&lt;/RunLevel&gt;,     &lt;/Principal&gt;,   &lt;/Principals&gt;,   &lt;Settings&gt;,     &lt;MultipleInstancesPolicy&gt;IgnoreNew&lt;/MultipleInstancesPolicy&gt;,     &lt;DisallowStartIfOnBatteries&gt;true&lt;/DisallowStartIfOnBatteries&gt;,     &lt;StopIfGoingOnBatteries&gt;true&lt;/StopIfGoingOnBatteries&gt;,     &lt;AllowHardTerminate&gt;true&lt;/AllowHardTerminate&gt;,     &lt;StartWhenAvailable&gt;true&lt;/StartWhenAvailable&gt;,     &lt;RunOnlyIfNetworkAvailable&gt;false&lt;/RunOnlyIfNetworkAvailable&gt;,     &lt;IdleSettings&gt;,       &lt;Duration&gt;PT10M&lt;/Duration&gt;,       &lt;WaitTimeout&gt;PT1H&lt;/WaitTimeout&gt;,       &lt;StopOnIdleEnd&gt;true&lt;/StopOnIdleEnd&gt;,       &lt;RestartOnIdle&gt;false&lt;/RestartOnIdle&gt;,     &lt;/IdleSettings&gt;,     &lt;AllowStartOnDemand&gt;true&lt;/AllowStartOnDemand&gt;,     &lt;Enabled&gt;true&lt;/Enabled&gt;,     &lt;Hidden&gt;false&lt;/Hidden&gt;,     &lt;RunOnlyIfIdle&gt;false&lt;/RunOnlyIfIdle&gt;,     &lt;WakeToRun&gt;false&lt;/WakeToRun&gt;,     &lt;ExecutionTimeLimit&gt;PT72H&lt;/ExecutionTimeLimit&gt;,     &lt;Priority&gt;7&lt;/Priority&gt;,   &lt;/Settings&gt;,   &lt;Actions Context=\\\"Author\\\"&gt;,     &lt;Exec&gt;,       &lt;Command&gt;%systemroot%\\\\system32\\\\usoclient.exe&lt;/Command&gt;,       &lt;Arguments&gt;StartScan&lt;/Arguments&gt;,     &lt;/Exec&gt;,   &lt;/Actions&gt;, &lt;/Task&gt;\"},{\"@Name\":\"ClientProcessStartKey\",\"#text\":\"2814749767106664\"},{\"@Name\":\"ClientProcessId\",\"#text\":\"4876\"},{\"@Name\":\"ParentProcessId\",\"#text\":\"744\"},{\"@Name\":\"RpcCallClientLocality\",\"#text\":\"0\"},{\"@Name\":\"FQDN\",\"#text\":\"DC01.forela.local\"}]}}","Channel":"Security","Provider":"Microsoft-Windows-Security-Auditing","EventId":4702,"EventRecordId":"5949","ProcessId":764,"ThreadId":992,"Level":"LogAlways","Keywords":"Audit success","SourceFile":"Z:\\usr\\lib\\wine\\Artifacts\\SECURITY.evtx","ExtraDataOffset":0,"HiddenRecord":false,"TimeCreated":"2024-05-15T05:36:56.3770980+00:00","RecordNumber":67}
{"PayloadData1":"TaskName: \\Microsoft\\Windows\\Flighting\\OneSettings\\RefreshCache","PayloadData2":"TaskContentNew: &lt;?xml version=\"1.0\" encoding=\"UTF-16\"?&gt;, &lt;Task version=\"1.6\" xmlns=\"http://schemas.microsoft.com/windows/2004/02/mit/task\"&gt;,   &lt;RegistrationInfo&gt;,     &lt;Source&gt;$(@%systemroot%\\system32\\wosc.dll,-602)&lt;/Source&gt;,     &lt;Author&gt;$(@%systemroot%\\system32\\wosc.dll,-601)&lt;/Author&gt;,     &lt;Description&gt;$(@%systemroot%\\system32\\wosc.dll,-603)&lt;/Description&gt;,     &lt;URI&gt;\\Microsoft\\Windows\\Flighting\\OneSettings\\RefreshCache&lt;/URI&gt;,     &lt;SecurityDescriptor&gt;D:P(A;;FA;;;SY)(A;;FA;;;BA)(A;;FRFX;;;AU)&lt;/SecurityDescriptor&gt;,   &lt;/RegistrationInfo&gt;,   &lt;Triggers&gt;,     &lt;TimeTrigger&gt;,       &lt;Repetition&gt;,         &lt;Interval&gt;PT498M&lt;/Interval&gt;,         &lt;StopAtDurationEnd&gt;false&lt;/StopAtDurationEnd&gt;,       &lt;/Repetition&gt;,       &lt;StartBoundary&gt;2024-05-15T05:38:08.726Z&lt;/StartBoundary&gt;,       &lt;Enabled&gt;true&lt;/Enabled&gt;,       &lt;RandomDelay&gt;PT1H&lt;/RandomDelay&gt;,     &lt;/TimeTrigger&gt;,     &lt;WnfStateChangeTrigger&gt;,       &lt;Enabled&gt;true&lt;/Enabled&gt;,       &lt;StateName&gt;7538BCA33A019502&lt;/StateName&gt;,     &lt;/WnfStateChangeTrigger&gt;,   &lt;/Triggers&gt;,   &lt;Principals&gt;,     &lt;Principal id=\"LocalSystem\"&gt;,       &lt;UserId&gt;S-1-5-18&lt;/UserId&gt;,       &lt;RunLevel&gt;LeastPrivilege&lt;/RunLevel&gt;,     &lt;/Principal&gt;,   &lt;/Principals&gt;,   &lt;Settings&gt;,     &lt;MultipleInstancesPolicy&gt;IgnoreNew&lt;/MultipleInstancesPolicy&gt;,     &lt;DisallowStartIfOnBatteries&gt;false&lt;/DisallowStartIfOnBatteries&gt;,     &lt;StopIfGoingOnBatteries&gt;false&lt;/StopIfGoingOnBatteries&gt;,     &lt;AllowHardTerminate&gt;true&lt;/AllowHardTerminate&gt;,     &lt;StartWhenAvailable&gt;true&lt;/StartWhenAvailable&gt;,     &lt;RunOnlyIfNetworkAvailable&gt;true&lt;/RunOnlyIfNetworkAvailable&gt;,     &lt;IdleSettings&gt;,       &lt;StopOnIdleEnd&gt;false&lt;/StopOnIdleEnd&gt;,       &lt;RestartOnIdle&gt;false&lt;/RestartOnIdle&gt;,     &lt;/IdleSettings&gt;,     &lt;AllowStartOnDemand&gt;true&lt;/AllowStartOnDemand&gt;,     &lt;Enabled&gt;true&lt;/Enabled&gt;,     &lt;Hidden&gt;false&lt;/Hidden&gt;,     &lt;RunOnlyIfIdle&gt;false&lt;/RunOnlyIfIdle&gt;,     &lt;DisallowStartOnRemoteAppSession&gt;false&lt;/DisallowStartOnRemoteAppSession&gt;,     &lt;UseUnifiedSchedulingEngine&gt;true&lt;/UseUnifiedSchedulingEngine&gt;,     &lt;WakeToRun&gt;false&lt;/WakeToRun&gt;,     &lt;ExecutionTimeLimit&gt;PT5M&lt;/ExecutionTimeLimit&gt;,     &lt;Priority&gt;7&lt;/Priority&gt;,   &lt;/Settings&gt;,   &lt;Actions Context=\"LocalSystem\"&gt;,     &lt;ComHandler&gt;,       &lt;ClassId&gt;{E07647F7-AED2-48D9-9720-939BC24A8A3C}&lt;/ClassId&gt;,     &lt;/ComHandler&gt;,   &lt;/Actions&gt;, &lt;/Task&gt;","UserName":"FORELA\\DC01$","MapDescription":"A scheduled task was updated","ChunkNumber":1,"Computer":"DC01.forela.local","Payload":"{\"EventData\":{\"Data\":[{\"@Name\":\"SubjectUserSid\",\"#text\":\"S-1-5-18\"},{\"@Name\":\"SubjectUserName\",\"#text\":\"DC01$\"},{\"@Name\":\"SubjectDomainName\",\"#text\":\"FORELA\"},{\"@Name\":\"SubjectLogonId\",\"#text\":\"0x3E7\"},{\"@Name\":\"TaskName\",\"#text\":\"\\\\Microsoft\\\\Windows\\\\Flighting\\\\OneSettings\\\\RefreshCache\"},{\"@Name\":\"TaskContentNew\",\"#text\":\"&lt;?xml version=\\\"1.0\\\" encoding=\\\"UTF-16\\\"?&gt;, &lt;Task version=\\\"1.6\\\" xmlns=\\\"http://schemas.microsoft.com/windows/2004/02/mit/task\\\"&gt;,   &lt;RegistrationInfo&gt;,     &lt;Source&gt;$(@%systemroot%\\\\system32\\\\wosc.dll,-602)&lt;/Source&gt;,     &lt;Author&gt;$(@%systemroot%\\\\system32\\\\wosc.dll,-601)&lt;/Author&gt;,     &lt;Description&gt;$(@%systemroot%\\\\system32\\\\wosc.dll,-603)&lt;/Description&gt;,     &lt;URI&gt;\\\\Microsoft\\\\Windows\\\\Flighting\\\\OneSettings\\\\RefreshCache&lt;/URI&gt;,     &lt;SecurityDescriptor&gt;D:P(A;;FA;;;SY)(A;;FA;;;BA)(A;;FRFX;;;AU)&lt;/SecurityDescriptor&gt;,   &lt;/RegistrationInfo&gt;,   &lt;Triggers&gt;,     &lt;TimeTrigger&gt;,       &lt;Repetition&gt;,         &lt;Interval&gt;PT498M&lt;/Interval&gt;,         &lt;StopAtDurationEnd&gt;false&lt;/StopAtDurationEnd&gt;,       &lt;/Repetition&gt;,       &lt;StartBoundary&gt;2024-05-15T05:38:08.726Z&lt;/StartBoundary&gt;,       &lt;Enabled&gt;true&lt;/Enabled&gt;,       &lt;RandomDelay&gt;PT1H&lt;/RandomDelay&gt;,     &lt;/TimeTrigger&gt;,     &lt;WnfStateChangeTrigger&gt;,       &lt;Enabled&gt;true&lt;/Enabled&gt;,       &lt;StateName&gt;7538BCA33A019502&lt;/StateName&gt;,     &lt;/WnfStateChangeTrigger&gt;,   &lt;/Triggers&gt;,   &lt;Principals&gt;,     &lt;Principal id=\\\"LocalSystem\\\"&gt;,       &lt;UserId&gt;S-1-5-18&lt;/UserId&gt;,       &lt;RunLevel&gt;LeastPrivilege&lt;/RunLevel&gt;,     &lt;/Principal&gt;,   &lt;/Principals&gt;,   &lt;Settings&gt;,     &lt;MultipleInstancesPolicy&gt;IgnoreNew&lt;/MultipleInstancesPolicy&gt;,     &lt;DisallowStartIfOnBatteries&gt;false&lt;/DisallowStartIfOnBatteries&gt;,     &lt;StopIfGoingOnBatteries&gt;false&lt;/StopIfGoingOnBatteries&gt;,     &lt;AllowHardTerminate&gt;true&lt;/AllowHardTerminate&gt;,     &lt;StartWhenAvailable&gt;true&lt;/StartWhenAvailable&gt;,     &lt;RunOnlyIfNetworkAvailable&gt;true&lt;/RunOnlyIfNetworkAvailable&gt;,     &lt;IdleSettings&gt;,       &lt;StopOnIdleEnd&gt;false&lt;/StopOnIdleEnd&gt;,       &lt;RestartOnIdle&gt;false&lt;/RestartOnIdle&gt;,     &lt;/IdleSettings&gt;,     &lt;AllowStartOnDemand&gt;true&lt;/AllowStartOnDemand&gt;,     &lt;Enabled&gt;true&lt;/Enabled&gt;,     &lt;Hidden&gt;false&lt;/Hidden&gt;,     &lt;RunOnlyIfIdle&gt;false&lt;/RunOnlyIfIdle&gt;,     &lt;DisallowStartOnRemoteAppSession&gt;false&lt;/DisallowStartOnRemoteAppSession&gt;,     &lt;UseUnifiedSchedulingEngine&gt;true&lt;/UseUnifiedSchedulingEngine&gt;,     &lt;WakeToRun&gt;false&lt;/WakeToRun&gt;,     &lt;ExecutionTimeLimit&gt;PT5M&lt;/ExecutionTimeLimit&gt;,     &lt;Priority&gt;7&lt;/Priority&gt;,   &lt;/Settings&gt;,   &lt;Actions Context=\\\"LocalSystem\\\"&gt;,     &lt;ComHandler&gt;,       &lt;ClassId&gt;{E07647F7-AED2-48D9-9720-939BC24A8A3C}&lt;/ClassId&gt;,     &lt;/ComHandler&gt;,   &lt;/Actions&gt;, &lt;/Task&gt;\"},{\"@Name\":\"ClientProcessStartKey\",\"#text\":\"2814749767106713\"},{\"@Name\":\"ClientProcessId\",\"#text\":\"6788\"},{\"@Name\":\"ParentProcessId\",\"#text\":\"1812\"},{\"@Name\":\"RpcCallClientLocality\",\"#text\":\"0\"},{\"@Name\":\"FQDN\",\"#text\":\"DC01.forela.local\"}]}}","Channel":"Security","Provider":"Microsoft-Windows-Security-Auditing","EventId":4702,"EventRecordId":"5950","ProcessId":764,"ThreadId":992,"Level":"LogAlways","Keywords":"Audit success","SourceFile":"Z:\\usr\\lib\\wine\\Artifacts\\SECURITY.evtx","ExtraDataOffset":0,"HiddenRecord":false,"TimeCreated":"2024-05-15T05:37:08.7542876+00:00","RecordNumber":68}
{"PayloadData1":"TaskName: \\Microsoft\\Windows\\Application Experience\\PcaPatchDbTask","PayloadData2":"TaskContentNew: &lt;?xml version=\"1.0\" encoding=\"UTF-16\"?&gt;, &lt;Task version=\"1.6\" xmlns=\"http://schemas.microsoft.com/windows/2004/02/mit/task\"&gt;,   &lt;RegistrationInfo&gt;,     &lt;Source&gt;Microsoft Corporation&lt;/Source&gt;,     &lt;Author&gt;Microsoft Corporation&lt;/Author&gt;,     &lt;Version&gt;1.0&lt;/Version&gt;,     &lt;Description&gt;Updates compatibility database&lt;/Description&gt;,     &lt;URI&gt;\\Microsoft\\Windows\\Application Experience\\PcaPatchDbTask&lt;/URI&gt;,     &lt;SecurityDescriptor&gt;D:(A;;GA;;;BA)(A;;GA;;;SY)(A;;FRFX;;;LS)&lt;/SecurityDescriptor&gt;,   &lt;/RegistrationInfo&gt;,   &lt;Triggers&gt;,     &lt;TimeTrigger&gt;,       &lt;Repetition&gt;,         &lt;Interval&gt;PT12H&lt;/Interval&gt;,         &lt;StopAtDurationEnd&gt;false&lt;/StopAtDurationEnd&gt;,       &lt;/Repetition&gt;,       &lt;StartBoundary&gt;2008-09-01T03:00:00&lt;/StartBoundary&gt;,       &lt;Enabled&gt;true&lt;/Enabled&gt;,       &lt;RandomDelay&gt;PT2H&lt;/RandomDelay&gt;,     &lt;/TimeTrigger&gt;,   &lt;/Triggers&gt;,   &lt;Principals&gt;,     &lt;Principal id=\"LocalSystem\"&gt;,       &lt;UserId&gt;S-1-5-18&lt;/UserId&gt;,       &lt;RunLevel&gt;LeastPrivilege&lt;/RunLevel&gt;,       &lt;LogonType&gt;InteractiveToken&lt;/LogonType&gt;,     &lt;/Principal&gt;,   &lt;/Principals&gt;,   &lt;Settings&gt;,     &lt;MultipleInstancesPolicy&gt;IgnoreNew&lt;/MultipleInstancesPolicy&gt;,     &lt;DisallowStartIfOnBatteries&gt;false&lt;/DisallowStartIfOnBatteries&gt;,     &lt;StopIfGoingOnBatteries&gt;false&lt;/StopIfGoingOnBatteries&gt;,     &lt;AllowHardTerminate&gt;true&lt;/AllowHardTerminate&gt;,     &lt;StartWhenAvailable&gt;true&lt;/StartWhenAvailable&gt;,     &lt;RunOnlyIfNetworkAvailable&gt;true&lt;/RunOnlyIfNetworkAvailable&gt;,     &lt;IdleSettings&gt;,       &lt;StopOnIdleEnd&gt;false&lt;/StopOnIdleEnd&gt;,       &lt;RestartOnIdle&gt;false&lt;/RestartOnIdle&gt;,     &lt;/IdleSettings&gt;,     &lt;AllowStartOnDemand&gt;true&lt;/AllowStartOnDemand&gt;,     &lt;Enabled&gt;true&lt;/Enabled&gt;,     &lt;Hidden&gt;false&lt;/Hidden&gt;,     &lt;RunOnlyIfIdle&gt;false&lt;/RunOnlyIfIdle&gt;,     &lt;DisallowStartOnRemoteAppSession&gt;false&lt;/DisallowStartOnRemoteAppSession&gt;,     &lt;UseUnifiedSchedulingEngine&gt;true&lt;/UseUnifiedSchedulingEngine&gt;,     &lt;WakeToRun&gt;false&lt;/WakeToRun&gt;,     &lt;ExecutionTimeLimit&gt;P1D&lt;/ExecutionTimeLimit&gt;,     &lt;Priority&gt;7&lt;/Priority&gt;,   &lt;/Settings&gt;,   &lt;Actions Context=\"LocalSystem\"&gt;,     &lt;Exec&gt;,       &lt;Command&gt;%windir%\\system32\\rundll32.exe&lt;/Command&gt;,       &lt;Arguments&gt;%windir%\\system32\\PcaSvc.dll,PcaPatchSdbTask&lt;/Arguments&gt;,     &lt;/Exec&gt;,   &lt;/Actions&gt;, &lt;/Task&gt;","UserName":"FORELA\\DC01$","MapDescription":"A scheduled task was updated","ChunkNumber":1,"Computer":"DC01.forela.local","Payload":"{\"EventData\":{\"Data\":[{\"@Name\":\"SubjectUserSid\",\"#text\":\"S-1-5-18\"},{\"@Name\":\"SubjectUserName\",\"#text\":\"DC01$\"},{\"@Name\":\"SubjectDomainName\",\"#text\":\"FORELA\"},{\"@Name\":\"SubjectLogonId\",\"#text\":\"0x3E7\"},{\"@Name\":\"TaskName\",\"#text\":\"\\\\Microsoft\\\\Windows\\\\Application Experience\\\\PcaPatchDbTask\"},{\"@Name\":\"TaskContentNew\",\"#text\":\"&lt;?xml version=\\\"1.0\\\" encoding=\\\"UTF-16\\\"?&gt;, &lt;Task version=\\\"1.6\\\" xmlns=\\\"http://schemas.microsoft.com/windows/2004/02/mit/task\\\"&gt;,   &lt;RegistrationInfo&gt;,     &lt;Source&gt;Microsoft Corporation&lt;/Source&gt;,     &lt;Author&gt;Microsoft Corporation&lt;/Author&gt;,     &lt;Version&gt;1.0&lt;/Version&gt;,     &lt;Description&gt;Updates compatibility database&lt;/Description&gt;,     &lt;URI&gt;\\\\Microsoft\\\\Windows\\\\Application Experience\\\\PcaPatchDbTask&lt;/URI&gt;,     &lt;SecurityDescriptor&gt;D:(A;;GA;;;BA)(A;;GA;;;SY)(A;;FRFX;;;LS)&lt;/SecurityDescriptor&gt;,   &lt;/RegistrationInfo&gt;,   &lt;Triggers&gt;,     &lt;TimeTrigger&gt;,       &lt;Repetition&gt;,         &lt;Interval&gt;PT12H&lt;/Interval&gt;,         &lt;StopAtDurationEnd&gt;false&lt;/StopAtDurationEnd&gt;,       &lt;/Repetition&gt;,       &lt;StartBoundary&gt;2008-09-01T03:00:00&lt;/StartBoundary&gt;,       &lt;Enabled&gt;true&lt;/Enabled&gt;,       &lt;RandomDelay&gt;PT2H&lt;/RandomDelay&gt;,     &lt;/TimeTrigger&gt;,   &lt;/Triggers&gt;,   &lt;Principals&gt;,     &lt;Principal id=\\\"LocalSystem\\\"&gt;,       &lt;UserId&gt;S-1-5-18&lt;/UserId&gt;,       &lt;RunLevel&gt;LeastPrivilege&lt;/RunLevel&gt;,       &lt;LogonType&gt;InteractiveToken&lt;/LogonType&gt;,     &lt;/Principal&gt;,   &lt;/Principals&gt;,   &lt;Settings&gt;,     &lt;MultipleInstancesPolicy&gt;IgnoreNew&lt;/MultipleInstancesPolicy&gt;,     &lt;DisallowStartIfOnBatteries&gt;false&lt;/DisallowStartIfOnBatteries&gt;,     &lt;StopIfGoingOnBatteries&gt;false&lt;/StopIfGoingOnBatteries&gt;,     &lt;AllowHardTerminate&gt;true&lt;/AllowHardTerminate&gt;,     &lt;StartWhenAvailable&gt;true&lt;/StartWhenAvailable&gt;,     &lt;RunOnlyIfNetworkAvailable&gt;true&lt;/RunOnlyIfNetworkAvailable&gt;,     &lt;IdleSettings&gt;,       &lt;StopOnIdleEnd&gt;false&lt;/StopOnIdleEnd&gt;,       &lt;RestartOnIdle&gt;false&lt;/RestartOnIdle&gt;,     &lt;/IdleSettings&gt;,     &lt;AllowStartOnDemand&gt;true&lt;/AllowStartOnDemand&gt;,     &lt;Enabled&gt;true&lt;/Enabled&gt;,     &lt;Hidden&gt;false&lt;/Hidden&gt;,     &lt;RunOnlyIfIdle&gt;false&lt;/RunOnlyIfIdle&gt;,     &lt;DisallowStartOnRemoteAppSession&gt;false&lt;/DisallowStartOnRemoteAppSession&gt;,     &lt;UseUnifiedSchedulingEngine&gt;true&lt;/UseUnifiedSchedulingEngine&gt;,     &lt;WakeToRun&gt;false&lt;/WakeToRun&gt;,     &lt;ExecutionTimeLimit&gt;P1D&lt;/ExecutionTimeLimit&gt;,     &lt;Priority&gt;7&lt;/Priority&gt;,   &lt;/Settings&gt;,   &lt;Actions Context=\\\"LocalSystem\\\"&gt;,     &lt;Exec&gt;,       &lt;Command&gt;%windir%\\\\system32\\\\rundll32.exe&lt;/Command&gt;,       &lt;Arguments&gt;%windir%\\\\system32\\\\PcaSvc.dll,PcaPatchSdbTask&lt;/Arguments&gt;,     &lt;/Exec&gt;,   &lt;/Actions&gt;, &lt;/Task&gt;\"},{\"@Name\":\"ClientProcessStartKey\",\"#text\":\"2814749767106722\"},{\"@Name\":\"ClientProcessId\",\"#text\":\"6440\"},{\"@Name\":\"ParentProcessId\",\"#text\":\"744\"},{\"@Name\":\"RpcCallClientLocality\",\"#text\":\"0\"},{\"@Name\":\"FQDN\",\"#text\":\"DC01.forela.local\"}]}}","Channel":"Security","Provider":"Microsoft-Windows-Security-Auditing","EventId":4702,"EventRecordId":"5951","ProcessId":764,"ThreadId":980,"Level":"LogAlways","Keywords":"Audit success","SourceFile":"Z:\\usr\\lib\\wine\\Artifacts\\SECURITY.evtx","ExtraDataOffset":0,"HiddenRecord":false,"TimeCreated":"2024-05-15T05:37:28.9987580+00:00","RecordNumber":69}
{"PayloadData1":"TaskName: \\Microsoft\\Windows\\Data Integrity Scan\\Data Integrity Check And Scan","PayloadData2":"TaskContentNew: &lt;?xml version=\"1.0\" encoding=\"UTF-16\"?&gt;, &lt;Task version=\"1.6\" xmlns=\"http://schemas.microsoft.com/windows/2004/02/mit/task\"&gt;,   &lt;RegistrationInfo&gt;,     &lt;Source&gt;$(@%systemroot%\\system32\\discan.dll,-601)&lt;/Source&gt;,     &lt;Author&gt;$(@%systemroot%\\system32\\discan.dll,-600)&lt;/Author&gt;,     &lt;Description&gt;$(@%systemroot%\\system32\\discan.dll,-602)&lt;/Description&gt;,     &lt;URI&gt;\\Microsoft\\Windows\\Data Integrity Scan\\Data Integrity Check And Scan&lt;/URI&gt;,     &lt;SecurityDescriptor&gt;D:AI(A;;FA;;;BA)(A;;FA;;;SY)(A;;FRFX;;;LS)(A;;FR;;;AU)&lt;/SecurityDescriptor&gt;,   &lt;/RegistrationInfo&gt;,   &lt;Triggers&gt;,     &lt;CalendarTrigger id=\"Init\"&gt;,       &lt;StartBoundary&gt;2011-01-01T23:00:00&lt;/StartBoundary&gt;,       &lt;Enabled&gt;true&lt;/Enabled&gt;,       &lt;RandomDelay&gt;PT1H&lt;/RandomDelay&gt;,       &lt;ScheduleByDay&gt;,         &lt;DaysInterval&gt;1&lt;/DaysInterval&gt;,       &lt;/ScheduleByDay&gt;,     &lt;/CalendarTrigger&gt;,     &lt;BootTrigger id=\"Resume\"&gt;,       &lt;Enabled&gt;true&lt;/Enabled&gt;,       &lt;Delay&gt;PT1H&lt;/Delay&gt;,     &lt;/BootTrigger&gt;,   &lt;/Triggers&gt;,   &lt;Principals&gt;,     &lt;Principal id=\"LocalSystem\"&gt;,       &lt;UserId&gt;S-1-5-18&lt;/UserId&gt;,       &lt;RunLevel&gt;HighestAvailable&lt;/RunLevel&gt;,       &lt;LogonType&gt;InteractiveToken&lt;/LogonType&gt;,     &lt;/Principal&gt;,   &lt;/Principals&gt;,   &lt;Settings&gt;,     &lt;MultipleInstancesPolicy&gt;IgnoreNew&lt;/MultipleInstancesPolicy&gt;,     &lt;DisallowStartIfOnBatteries&gt;true&lt;/DisallowStartIfOnBatteries&gt;,     &lt;StopIfGoingOnBatteries&gt;true&lt;/StopIfGoingOnBatteries&gt;,     &lt;AllowHardTerminate&gt;true&lt;/AllowHardTerminate&gt;,     &lt;StartWhenAvailable&gt;true&lt;/StartWhenAvailable&gt;,     &lt;RunOnlyIfNetworkAvailable&gt;false&lt;/RunOnlyIfNetworkAvailable&gt;,     &lt;IdleSettings&gt;,       &lt;StopOnIdleEnd&gt;false&lt;/StopOnIdleEnd&gt;,       &lt;RestartOnIdle&gt;false&lt;/RestartOnIdle&gt;,     &lt;/IdleSettings&gt;,     &lt;AllowStartOnDemand&gt;true&lt;/AllowStartOnDemand&gt;,     &lt;Enabled&gt;true&lt;/Enabled&gt;,     &lt;Hidden&gt;false&lt;/Hidden&gt;,     &lt;RunOnlyIfIdle&gt;false&lt;/RunOnlyIfIdle&gt;,     &lt;DisallowStartOnRemoteAppSession&gt;false&lt;/DisallowStartOnRemoteAppSession&gt;,     &lt;UseUnifiedSchedulingEngine&gt;true&lt;/UseUnifiedSchedulingEngine&gt;,     &lt;WakeToRun&gt;false&lt;/WakeToRun&gt;,     &lt;ExecutionTimeLimit&gt;PT0S&lt;/ExecutionTimeLimit&gt;,     &lt;Priority&gt;7&lt;/Priority&gt;,   &lt;/Settings&gt;,   &lt;Actions Context=\"LocalSystem\"&gt;,     &lt;ComHandler&gt;,       &lt;ClassId&gt;{DCFD3EA8-D960-4719-8206-490AE315F94F}&lt;/ClassId&gt;,     &lt;/ComHandler&gt;,   &lt;/Actions&gt;, &lt;/Task&gt;","UserName":"FORELA\\DC01$","MapDescription":"A scheduled task was updated","ChunkNumber":1,"Computer":"DC01.forela.local","Payload":"{\"EventData\":{\"Data\":[{\"@Name\":\"SubjectUserSid\",\"#text\":\"S-1-5-18\"},{\"@Name\":\"SubjectUserName\",\"#text\":\"DC01$\"},{\"@Name\":\"SubjectDomainName\",\"#text\":\"FORELA\"},{\"@Name\":\"SubjectLogonId\",\"#text\":\"0x3E7\"},{\"@Name\":\"TaskName\",\"#text\":\"\\\\Microsoft\\\\Windows\\\\Data Integrity Scan\\\\Data Integrity Check And Scan\"},{\"@Name\":\"TaskContentNew\",\"#text\":\"&lt;?xml version=\\\"1.0\\\" encoding=\\\"UTF-16\\\"?&gt;, &lt;Task version=\\\"1.6\\\" xmlns=\\\"http://schemas.microsoft.com/windows/2004/02/mit/task\\\"&gt;,   &lt;RegistrationInfo&gt;,     &lt;Source&gt;$(@%systemroot%\\\\system32\\\\discan.dll,-601)&lt;/Source&gt;,     &lt;Author&gt;$(@%systemroot%\\\\system32\\\\discan.dll,-600)&lt;/Author&gt;,     &lt;Description&gt;$(@%systemroot%\\\\system32\\\\discan.dll,-602)&lt;/Description&gt;,     &lt;URI&gt;\\\\Microsoft\\\\Windows\\\\Data Integrity Scan\\\\Data Integrity Check And Scan&lt;/URI&gt;,     &lt;SecurityDescriptor&gt;D:AI(A;;FA;;;BA)(A;;FA;;;SY)(A;;FRFX;;;LS)(A;;FR;;;AU)&lt;/SecurityDescriptor&gt;,   &lt;/RegistrationInfo&gt;,   &lt;Triggers&gt;,     &lt;CalendarTrigger id=\\\"Init\\\"&gt;,       &lt;StartBoundary&gt;2011-01-01T23:00:00&lt;/StartBoundary&gt;,       &lt;Enabled&gt;true&lt;/Enabled&gt;,       &lt;RandomDelay&gt;PT1H&lt;/RandomDelay&gt;,       &lt;ScheduleByDay&gt;,         &lt;DaysInterval&gt;1&lt;/DaysInterval&gt;,       &lt;/ScheduleByDay&gt;,     &lt;/CalendarTrigger&gt;,     &lt;BootTrigger id=\\\"Resume\\\"&gt;,       &lt;Enabled&gt;true&lt;/Enabled&gt;,       &lt;Delay&gt;PT1H&lt;/Delay&gt;,     &lt;/BootTrigger&gt;,   &lt;/Triggers&gt;,   &lt;Principals&gt;,     &lt;Principal id=\\\"LocalSystem\\\"&gt;,       &lt;UserId&gt;S-1-5-18&lt;/UserId&gt;,       &lt;RunLevel&gt;HighestAvailable&lt;/RunLevel&gt;,       &lt;LogonType&gt;InteractiveToken&lt;/LogonType&gt;,     &lt;/Principal&gt;,   &lt;/Principals&gt;,   &lt;Settings&gt;,     &lt;MultipleInstancesPolicy&gt;IgnoreNew&lt;/MultipleInstancesPolicy&gt;,     &lt;DisallowStartIfOnBatteries&gt;true&lt;/DisallowStartIfOnBatteries&gt;,     &lt;StopIfGoingOnBatteries&gt;true&lt;/StopIfGoingOnBatteries&gt;,     &lt;AllowHardTerminate&gt;true&lt;/AllowHardTerminate&gt;,     &lt;StartWhenAvailable&gt;true&lt;/StartWhenAvailable&gt;,     &lt;RunOnlyIfNetworkAvailable&gt;false&lt;/RunOnlyIfNetworkAvailable&gt;,     &lt;IdleSettings&gt;,       &lt;StopOnIdleEnd&gt;false&lt;/StopOnIdleEnd&gt;,       &lt;RestartOnIdle&gt;false&lt;/RestartOnIdle&gt;,     &lt;/IdleSettings&gt;,     &lt;AllowStartOnDemand&gt;true&lt;/AllowStartOnDemand&gt;,     &lt;Enabled&gt;true&lt;/Enabled&gt;,     &lt;Hidden&gt;false&lt;/Hidden&gt;,     &lt;RunOnlyIfIdle&gt;false&lt;/RunOnlyIfIdle&gt;,     &lt;DisallowStartOnRemoteAppSession&gt;false&lt;/DisallowStartOnRemoteAppSession&gt;,     &lt;UseUnifiedSchedulingEngine&gt;true&lt;/UseUnifiedSchedulingEngine&gt;,     &lt;WakeToRun&gt;false&lt;/WakeToRun&gt;,     &lt;ExecutionTimeLimit&gt;PT0S&lt;/ExecutionTimeLimit&gt;,     &lt;Priority&gt;7&lt;/Priority&gt;,   &lt;/Settings&gt;,   &lt;Actions Context=\\\"LocalSystem\\\"&gt;,     &lt;ComHandler&gt;,       &lt;ClassId&gt;{DCFD3EA8-D960-4719-8206-490AE315F94F}&lt;/ClassId&gt;,     &lt;/ComHandler&gt;,   &lt;/Actions&gt;, &lt;/Task&gt;\"},{\"@Name\":\"ClientProcessStartKey\",\"#text\":\"2814749767106746\"},{\"@Name\":\"ClientProcessId\",\"#text\":\"7128\"},{\"@Name\":\"ParentProcessId\",\"#text\":\"1812\"},{\"@Name\":\"RpcCallClientLocality\",\"#text\":\"0\"},{\"@Name\":\"FQDN\",\"#text\":\"DC01.forela.local\"}]}}","Channel":"Security","Provider":"Microsoft-Windows-Security-Auditing","EventId":4702,"EventRecordId":"5952","ProcessId":764,"ThreadId":980,"Level":"LogAlways","Keywords":"Audit success","SourceFile":"Z:\\usr\\lib\\wine\\Artifacts\\SECURITY.evtx","ExtraDataOffset":0,"HiddenRecord":false,"TimeCreated":"2024-05-15T05:38:47.1114495+00:00","RecordNumber":70}
{"PayloadData1":"TaskName: \\Microsoft\\Windows\\Data Integrity Scan\\Data Integrity Check And Scan","PayloadData2":"TaskContentNew: &lt;?xml version=\"1.0\" encoding=\"UTF-16\"?&gt;, &lt;Task version=\"1.6\" xmlns=\"http://schemas.microsoft.com/windows/2004/02/mit/task\"&gt;,   &lt;RegistrationInfo&gt;,     &lt;Source&gt;$(@%systemroot%\\system32\\discan.dll,-601)&lt;/Source&gt;,     &lt;Author&gt;$(@%systemroot%\\system32\\discan.dll,-600)&lt;/Author&gt;,     &lt;Description&gt;$(@%systemroot%\\system32\\discan.dll,-602)&lt;/Description&gt;,     &lt;URI&gt;\\Microsoft\\Windows\\Data Integrity Scan\\Data Integrity Check And Scan&lt;/URI&gt;,     &lt;SecurityDescriptor&gt;D:AI(A;;FA;;;BA)(A;;FA;;;SY)(A;;FRFX;;;LS)(A;;FR;;;AU)&lt;/SecurityDescriptor&gt;,   &lt;/RegistrationInfo&gt;,   &lt;Triggers&gt;,     &lt;CalendarTrigger id=\"Init\"&gt;,       &lt;StartBoundary&gt;2011-01-01T23:00:00&lt;/StartBoundary&gt;,       &lt;Enabled&gt;true&lt;/Enabled&gt;,       &lt;RandomDelay&gt;PT1H&lt;/RandomDelay&gt;,       &lt;ScheduleByDay&gt;,         &lt;DaysInterval&gt;1&lt;/DaysInterval&gt;,       &lt;/ScheduleByDay&gt;,     &lt;/CalendarTrigger&gt;,     &lt;BootTrigger id=\"Resume\"&gt;,       &lt;Enabled&gt;false&lt;/Enabled&gt;,       &lt;Delay&gt;PT1H&lt;/Delay&gt;,     &lt;/BootTrigger&gt;,   &lt;/Triggers&gt;,   &lt;Principals&gt;,     &lt;Principal id=\"LocalSystem\"&gt;,       &lt;UserId&gt;S-1-5-18&lt;/UserId&gt;,       &lt;RunLevel&gt;HighestAvailable&lt;/RunLevel&gt;,       &lt;LogonType&gt;InteractiveToken&lt;/LogonType&gt;,     &lt;/Principal&gt;,   &lt;/Principals&gt;,   &lt;Settings&gt;,     &lt;MultipleInstancesPolicy&gt;IgnoreNew&lt;/MultipleInstancesPolicy&gt;,     &lt;DisallowStartIfOnBatteries&gt;true&lt;/DisallowStartIfOnBatteries&gt;,     &lt;StopIfGoingOnBatteries&gt;true&lt;/StopIfGoingOnBatteries&gt;,     &lt;AllowHardTerminate&gt;true&lt;/AllowHardTerminate&gt;,     &lt;StartWhenAvailable&gt;true&lt;/StartWhenAvailable&gt;,     &lt;RunOnlyIfNetworkAvailable&gt;false&lt;/RunOnlyIfNetworkAvailable&gt;,     &lt;IdleSettings&gt;,       &lt;StopOnIdleEnd&gt;false&lt;/StopOnIdleEnd&gt;,       &lt;RestartOnIdle&gt;false&lt;/RestartOnIdle&gt;,     &lt;/IdleSettings&gt;,     &lt;AllowStartOnDemand&gt;true&lt;/AllowStartOnDemand&gt;,     &lt;Enabled&gt;true&lt;/Enabled&gt;,     &lt;Hidden&gt;false&lt;/Hidden&gt;,     &lt;RunOnlyIfIdle&gt;false&lt;/RunOnlyIfIdle&gt;,     &lt;DisallowStartOnRemoteAppSession&gt;false&lt;/DisallowStartOnRemoteAppSession&gt;,     &lt;UseUnifiedSchedulingEngine&gt;true&lt;/UseUnifiedSchedulingEngine&gt;,     &lt;WakeToRun&gt;false&lt;/WakeToRun&gt;,     &lt;ExecutionTimeLimit&gt;PT0S&lt;/ExecutionTimeLimit&gt;,     &lt;Priority&gt;7&lt;/Priority&gt;,   &lt;/Settings&gt;,   &lt;Actions Context=\"LocalSystem\"&gt;,     &lt;ComHandler&gt;,       &lt;ClassId&gt;{DCFD3EA8-D960-4719-8206-490AE315F94F}&lt;/ClassId&gt;,     &lt;/ComHandler&gt;,   &lt;/Actions&gt;, &lt;/Task&gt;","UserName":"FORELA\\DC01$","MapDescription":"A scheduled task was updated","ChunkNumber":1,"Computer":"DC01.forela.local","Payload":"{\"EventData\":{\"Data\":[{\"@Name\":\"SubjectUserSid\",\"#text\":\"S-1-5-18\"},{\"@Name\":\"SubjectUserName\",\"#text\":\"DC01$\"},{\"@Name\":\"SubjectDomainName\",\"#text\":\"FORELA\"},{\"@Name\":\"SubjectLogonId\",\"#text\":\"0x3E7\"},{\"@Name\":\"TaskName\",\"#text\":\"\\\\Microsoft\\\\Windows\\\\Data Integrity Scan\\\\Data Integrity Check And Scan\"},{\"@Name\":\"TaskContentNew\",\"#text\":\"&lt;?xml version=\\\"1.0\\\" encoding=\\\"UTF-16\\\"?&gt;, &lt;Task version=\\\"1.6\\\" xmlns=\\\"http://schemas.microsoft.com/windows/2004/02/mit/task\\\"&gt;,   &lt;RegistrationInfo&gt;,     &lt;Source&gt;$(@%systemroot%\\\\system32\\\\discan.dll,-601)&lt;/Source&gt;,     &lt;Author&gt;$(@%systemroot%\\\\system32\\\\discan.dll,-600)&lt;/Author&gt;,     &lt;Description&gt;$(@%systemroot%\\\\system32\\\\discan.dll,-602)&lt;/Description&gt;,     &lt;URI&gt;\\\\Microsoft\\\\Windows\\\\Data Integrity Scan\\\\Data Integrity Check And Scan&lt;/URI&gt;,     &lt;SecurityDescriptor&gt;D:AI(A;;FA;;;BA)(A;;FA;;;SY)(A;;FRFX;;;LS)(A;;FR;;;AU)&lt;/SecurityDescriptor&gt;,   &lt;/RegistrationInfo&gt;,   &lt;Triggers&gt;,     &lt;CalendarTrigger id=\\\"Init\\\"&gt;,       &lt;StartBoundary&gt;2011-01-01T23:00:00&lt;/StartBoundary&gt;,       &lt;Enabled&gt;true&lt;/Enabled&gt;,       &lt;RandomDelay&gt;PT1H&lt;/RandomDelay&gt;,       &lt;ScheduleByDay&gt;,         &lt;DaysInterval&gt;1&lt;/DaysInterval&gt;,       &lt;/ScheduleByDay&gt;,     &lt;/CalendarTrigger&gt;,     &lt;BootTrigger id=\\\"Resume\\\"&gt;,       &lt;Enabled&gt;false&lt;/Enabled&gt;,       &lt;Delay&gt;PT1H&lt;/Delay&gt;,     &lt;/BootTrigger&gt;,   &lt;/Triggers&gt;,   &lt;Principals&gt;,     &lt;Principal id=\\\"LocalSystem\\\"&gt;,       &lt;UserId&gt;S-1-5-18&lt;/UserId&gt;,       &lt;RunLevel&gt;HighestAvailable&lt;/RunLevel&gt;,       &lt;LogonType&gt;InteractiveToken&lt;/LogonType&gt;,     &lt;/Principal&gt;,   &lt;/Principals&gt;,   &lt;Settings&gt;,     &lt;MultipleInstancesPolicy&gt;IgnoreNew&lt;/MultipleInstancesPolicy&gt;,     &lt;DisallowStartIfOnBatteries&gt;true&lt;/DisallowStartIfOnBatteries&gt;,     &lt;StopIfGoingOnBatteries&gt;true&lt;/StopIfGoingOnBatteries&gt;,     &lt;AllowHardTerminate&gt;true&lt;/AllowHardTerminate&gt;,     &lt;StartWhenAvailable&gt;true&lt;/StartWhenAvailable&gt;,     &lt;RunOnlyIfNetworkAvailable&gt;false&lt;/RunOnlyIfNetworkAvailable&gt;,     &lt;IdleSettings&gt;,       &lt;StopOnIdleEnd&gt;false&lt;/StopOnIdleEnd&gt;,       &lt;RestartOnIdle&gt;false&lt;/RestartOnIdle&gt;,     &lt;/IdleSettings&gt;,     &lt;AllowStartOnDemand&gt;true&lt;/AllowStartOnDemand&gt;,     &lt;Enabled&gt;true&lt;/Enabled&gt;,     &lt;Hidden&gt;false&lt;/Hidden&gt;,     &lt;RunOnlyIfIdle&gt;false&lt;/RunOnlyIfIdle&gt;,     &lt;DisallowStartOnRemoteAppSession&gt;false&lt;/DisallowStartOnRemoteAppSession&gt;,     &lt;UseUnifiedSchedulingEngine&gt;true&lt;/UseUnifiedSchedulingEngine&gt;,     &lt;WakeToRun&gt;false&lt;/WakeToRun&gt;,     &lt;ExecutionTimeLimit&gt;PT0S&lt;/ExecutionTimeLimit&gt;,     &lt;Priority&gt;7&lt;/Priority&gt;,   &lt;/Settings&gt;,   &lt;Actions Context=\\\"LocalSystem\\\"&gt;,     &lt;ComHandler&gt;,       &lt;ClassId&gt;{DCFD3EA8-D960-4719-8206-490AE315F94F}&lt;/ClassId&gt;,     &lt;/ComHandler&gt;,   &lt;/Actions&gt;, &lt;/Task&gt;\"},{\"@Name\":\"ClientProcessStartKey\",\"#text\":\"2814749767106746\"},{\"@Name\":\"ClientProcessId\",\"#text\":\"7128\"},{\"@Name\":\"ParentProcessId\",\"#text\":\"1812\"},{\"@Name\":\"RpcCallClientLocality\",\"#text\":\"0\"},{\"@Name\":\"FQDN\",\"#text\":\"DC01.forela.local\"}]}}","Channel":"Security","Provider":"Microsoft-Windows-Security-Auditing","EventId":4702,"EventRecordId":"5953","ProcessId":764,"ThreadId":980,"Level":"LogAlways","Keywords":"Audit success","SourceFile":"Z:\\usr\\lib\\wine\\Artifacts\\SECURITY.evtx","ExtraDataOffset":0,"HiddenRecord":false,"TimeCreated":"2024-05-15T05:38:47.1200724+00:00","RecordNumber":71}
{"PayloadData1":"ObjectServer: WMI","PayloadData2":"ObjectType: WMI Namespace","PayloadData3":"ObjectName: root\\CIMV2\\security\\microsofttpm","PayloadData4":"AccessList: Unknown code (%%1552, )","PayloadData5":"AccessMask: Unknown code (0x1)","UserName":"FORELA\\DC01$","MapDescription":"Operation performed on an object","ChunkNumber":1,"Computer":"DC01.forela.local","Payload":"{\"EventData\":{\"Data\":[{\"@Name\":\"SubjectUserSid\",\"#text\":\"S-1-5-18\"},{\"@Name\":\"SubjectUserName\",\"#text\":\"DC01$\"},{\"@Name\":\"SubjectDomainName\",\"#text\":\"FORELA\"},{\"@Name\":\"SubjectLogonId\",\"#text\":\"0x3E7\"},{\"@Name\":\"ObjectServer\",\"#text\":\"WMI\"},{\"@Name\":\"ObjectType\",\"#text\":\"WMI Namespace\"},{\"@Name\":\"ObjectName\",\"#text\":\"root\\\\CIMV2\\\\security\\\\microsofttpm\"},{\"@Name\":\"OperationType\",\"#text\":\"Object Access\"},{\"@Name\":\"HandleId\",\"#text\":\"0x0\"},{\"@Name\":\"AccessList\",\"#text\":\"%%1552, \"},{\"@Name\":\"AccessMask\",\"#text\":\"0x1\"},{\"@Name\":\"Properties\",\"#text\":\"-\"},{\"@Name\":\"AdditionalInfo\",\"#text\":\"Local Read (ConnectServer)\"},{\"@Name\":\"AdditionalInfo2\",\"#text\":\"root\\\\CIMV2\\\\security\\\\microsofttpm\"}]}}","Channel":"Security","Provider":"Microsoft-Windows-Security-Auditing","EventId":4662,"EventRecordId":"5954","ProcessId":764,"ThreadId":980,"Level":"LogAlways","Keywords":"Audit success","SourceFile":"Z:\\usr\\lib\\wine\\Artifacts\\SECURITY.evtx","ExtraDataOffset":0,"HiddenRecord":false,"TimeCreated":"2024-05-15T05:38:47.9265090+00:00","RecordNumber":72}
{"PayloadData1":"ObjectServer: WMI","PayloadData2":"ObjectType: WMI Namespace","PayloadData3":"ObjectName: root\\CIMV2\\security\\microsofttpm","PayloadData4":"AccessList: Unknown code (%%1552, )","PayloadData5":"AccessMask: Unknown code (0x1)","UserName":"FORELA\\DC01$","MapDescription":"Operation performed on an object","ChunkNumber":1,"Computer":"DC01.forela.local","Payload":"{\"EventData\":{\"Data\":[{\"@Name\":\"SubjectUserSid\",\"#text\":\"S-1-5-18\"},{\"@Name\":\"SubjectUserName\",\"#text\":\"DC01$\"},{\"@Name\":\"SubjectDomainName\",\"#text\":\"FORELA\"},{\"@Name\":\"SubjectLogonId\",\"#text\":\"0x3E7\"},{\"@Name\":\"ObjectServer\",\"#text\":\"WMI\"},{\"@Name\":\"ObjectType\",\"#text\":\"WMI Namespace\"},{\"@Name\":\"ObjectName\",\"#text\":\"root\\\\CIMV2\\\\security\\\\microsofttpm\"},{\"@Name\":\"OperationType\",\"#text\":\"Object Access\"},{\"@Name\":\"HandleId\",\"#text\":\"0x0\"},{\"@Name\":\"AccessList\",\"#text\":\"%%1552, \"},{\"@Name\":\"AccessMask\",\"#text\":\"0x1\"},{\"@Name\":\"Properties\",\"#text\":\"-\"},{\"@Name\":\"AdditionalInfo\",\"#text\":\"Local Read (ExecQuery)\"},{\"@Name\":\"AdditionalInfo2\",\"#text\":\"root\\\\CIMV2\\\\security\\\\microsofttpm:SELECT ManufacturerIdTxt FROM win32_tpm\"}]}}","Channel":"Security","Provider":"Microsoft-Windows-Security-Auditing","EventId":4662,"EventRecordId":"5955","ProcessId":764,"ThreadId":980,"Level":"LogAlways","Keywords":"Audit success","SourceFile":"Z:\\usr\\lib\\wine\\Artifacts\\SECURITY.evtx","ExtraDataOffset":0,"HiddenRecord":false,"TimeCreated":"2024-05-15T05:38:47.9266599+00:00","RecordNumber":73}
{"PayloadData1":"ObjectServer: WMI","PayloadData2":"ObjectType: WMI Namespace","PayloadData3":"ObjectName: root\\CIMV2\\security\\microsofttpm","PayloadData4":"AccessList: Unknown code (%%1552, )","PayloadData5":"AccessMask: Unknown code (0x1)","UserName":"FORELA\\DC01$","MapDescription":"Operation performed on an object","ChunkNumber":1,"Computer":"DC01.forela.local","Payload":"{\"EventData\":{\"Data\":[{\"@Name\":\"SubjectUserSid\",\"#text\":\"S-1-5-18\"},{\"@Name\":\"SubjectUserName\",\"#text\":\"DC01$\"},{\"@Name\":\"SubjectDomainName\",\"#text\":\"FORELA\"},{\"@Name\":\"SubjectLogonId\",\"#text\":\"0x3E7\"},{\"@Name\":\"ObjectServer\",\"#text\":\"WMI\"},{\"@Name\":\"ObjectType\",\"#text\":\"WMI Namespace\"},{\"@Name\":\"ObjectName\",\"#text\":\"root\\\\CIMV2\\\\security\\\\microsofttpm\"},{\"@Name\":\"OperationType\",\"#text\":\"Object Access\"},{\"@Name\":\"HandleId\",\"#text\":\"0x0\"},{\"@Name\":\"AccessList\",\"#text\":\"%%1552, \"},{\"@Name\":\"AccessMask\",\"#text\":\"0x1\"},{\"@Name\":\"Properties\",\"#text\":\"-\"},{\"@Name\":\"AdditionalInfo\",\"#text\":\"Local Read (ExecQuery)\"},{\"@Name\":\"AdditionalInfo2\",\"#text\":\"root\\\\CIMV2\\\\security\\\\microsofttpm:Select * from __ClassProviderRegistration\"}]}}","Channel":"Security","Provider":"Microsoft-Windows-Security-Auditing","EventId":4662,"EventRecordId":"5956","ProcessId":764,"ThreadId":980,"Level":"LogAlways","Keywords":"Audit success","SourceFile":"Z:\\usr\\lib\\wine\\Artifacts\\SECURITY.evtx","ExtraDataOffset":0,"HiddenRecord":false,"TimeCreated":"2024-05-15T05:38:47.9276082+00:00","RecordNumber":74}
