{"ChunkNumber":2,"Computer":"DC01.forela.local","Payload":"{\"EventData\":{\"Data\":\"2023-08-04T19:46:09Z, RulesEngine\",\"Binary\":\"\"}}","Channel":"Application","Provider":"Microsoft-Windows-Security-SPP","EventId":16384,"EventRecordId":"333","ProcessId":0,"ThreadId":0,"Level":"Info","Keywords":"0x80000000000000","SourceFile":"Z:\\usr\\lib\\wine\\Artifacts\\APPLICATION.evtx","ExtraDataOffset":0,"HiddenRecord":false,"TimeCreated":"2023-03-09T11:46:09.7953097+00:00","RecordNumber":333}
{"ChunkNumber":2,"Computer":"DC01.forela.local","Payload":"{\"EventData\":{\"Data\":\"\",\"Binary\":\"\"}}","Channel":"Application","Provider":"Microsoft-Windows-Security-SPP","EventId":16394,"EventRecordId":"334","ProcessId":0,"ThreadId":0,"Level":"Info","Keywords":"0x80000000000000","SourceFile":"Z:\\usr\\lib\\wine\\Artifacts\\APPLICATION.evtx","ExtraDataOffset":0,"HiddenRecord":false,"TimeCreated":"2023-03-09T12:10:26.8893012+00:00","RecordNumber":334}
{"ChunkNumber":2,"Computer":"DC01.forela.local","Payload":"{\"EventData\":{\"Data\":\"2023-08-04T19:45:57Z, RulesEngine\",\"Binary\":\"\"}}","Channel":"Application","Provider":"Microsoft-Windows-Security-SPP","EventId":16384,"EventRecordId":"335","ProcessId":0,"ThreadId":0,"Level":"Info","Keywords":"0x80000000000000","SourceFile":"Z:\\usr\\lib\\wine\\Artifacts\\APPLICATION.evtx","ExtraDataOffset":0,"HiddenRecord":false,"TimeCreated":"2023-03-09T12:10:57.0765924+00:00","RecordNumber":335}
{"ChunkNumber":2,"Computer":"DC01.forela.local","Payload":"{\"EventData\":{\"Data\":\"\",\"Binary\":\"\"}}","Channel":"Application","Provider":"Microsoft-Windows-Security-SPP","EventId":16394,"EventRecordId":"336","ProcessId":0,"ThreadId":0,"Level":"Info","Keywords":"0x80000000000000","SourceFile":"Z:\\usr\\lib\\wine\\Artifacts\\APPLICATION.evtx","ExtraDataOffset":0,"HiddenRecord":false,"TimeCreated":"2023-03-09T12:15:39.8579837+00:00","RecordNumber":336}
{"ChunkNumber":2,"Computer":"DC01.forela.local","Payload":"{\"EventData\":{\"Data\":\"2023-08-04T19:46:09Z, RulesEngine\",\"Binary\":\"\"}}","Channel":"Application","Provider":"Microsoft-Windows-Security-SPP","EventId":16384,"EventRecordId":"337","ProcessId":0,"ThreadId":0,"Level":"Info","Keywords":"0x80000000000000","SourceFile":"Z:\\usr\\lib\\wine\\Artifacts\\APPLICATION.evtx","ExtraDataOffset":0,"HiddenRecord":false,"TimeCreated":"2023-03-09T12:16:09.9358807+00:00","RecordNumber":337}
{"ChunkNumber":2,"Computer":"DC01.forela.local","Payload":"{\"EventData\":{\"Data\":\"\",\"Binary\":\"\"}}","Channel":"Application","Provider":"Microsoft-Windows-Security-SPP","EventId":16394,"EventRecordId":"338","ProcessId":0,"ThreadId":0,"Level":"Info","Keywords":"0x80000000000000","SourceFile":"Z:\\usr\\lib\\wine\\Artifacts\\APPLICATION.evtx","ExtraDataOffset":0,"HiddenRecord":false,"TimeCreated":"2023-03-09T12:45:40.0141530+00:00","RecordNumber":338}
{"ChunkNumber":2,"Computer":"DC01.forela.local","Payload":"{\"EventData\":{\"Data\":\"2023-08-04T19:46:10Z, RulesEngine\",\"Binary\":\"\"}}","Channel":"Application","Provider":"Microsoft-Windows-Security-SPP","EventId":16384,"EventRecordId":"339","ProcessId":0,"ThreadId":0,"Level":"Info","Keywords":"0x80000000000000","SourceFile":"Z:\\usr\\lib\\wine\\Artifacts\\APPLICATION.evtx","ExtraDataOffset":0,"HiddenRecord":false,"TimeCreated":"2023-03-09T12:46:10.0922023+00:00","RecordNumber":339}
{"ChunkNumber":2,"Computer":"DC01.forela.local","Payload":"{\"EventData\":{\"Data\":\"\",\"Binary\":\"\"}}","Channel":"Application","Provider":"Microsoft-Windows-Security-SPP","EventId":16394,"EventRecordId":"340","ProcessId":0,"ThreadId":0,"Level":"Info","Keywords":"0x80000000000000","SourceFile":"Z:\\usr\\lib\\wine\\Artifacts\\APPLICATION.evtx","ExtraDataOffset":0,"HiddenRecord":false,"TimeCreated":"2023-03-09T12:48:13.2327581+00:00","RecordNumber":340}
{"ChunkNumber":2,"Computer":"DC01.forela.local","Payload":"{\"EventData\":{\"Data\":\"2023-08-04T19:46:43Z, RulesEngine\",\"Binary\":\"\"}}","Channel":"Application","Provider":"Microsoft-Windows-Security-SPP","EventId":16384,"EventRecordId":"341","ProcessId":0,"ThreadId":0,"Level":"Info","Keywords":"0x80000000000000","SourceFile":"Z:\\usr\\lib\\wine\\Artifacts\\APPLICATION.evtx","ExtraDataOffset":0,"HiddenRecord":false,"TimeCreated":"2023-03-09T12:48:43.3893594+00:00","RecordNumber":341}
{"ChunkNumber":2,"Computer":"DC01.forela.local","Payload":"{\"EventData\":{\"Data\":\"\",\"Binary\":\"\"}}","Channel":"Application","Provider":"Microsoft-Windows-Security-SPP","EventId":16394,"EventRecordId":"342","ProcessId":0,"ThreadId":0,"Level":"Info","Keywords":"0x80000000000000","SourceFile":"Z:\\usr\\lib\\wine\\Artifacts\\APPLICATION.evtx","ExtraDataOffset":0,"HiddenRecord":false,"TimeCreated":"2023-03-09T13:15:40.1705027+00:00","RecordNumber":342}
{"ChunkNumber":2,"Computer":"DC01.forela.local","Payload":"{\"EventData\":{\"Data\":\"2023-08-04T19:46:10Z, RulesEngine\",\"Binary\":\"\"}}","Channel":"Application","Provider":"Microsoft-Windows-Security-SPP","EventId":16384,"EventRecordId":"343","ProcessId":0,"ThreadId":0,"Level":"Info","Keywords":"0x80000000000000","SourceFile":"Z:\\usr\\lib\\wine\\Artifacts\\APPLICATION.evtx","ExtraDataOffset":0,"HiddenRecord":false,"TimeCreated":"2023-03-09T13:16:10.2643409+00:00","RecordNumber":343}
{"ChunkNumber":2,"Computer":"DC01.forela.local","Payload":"{\"EventData\":{\"Data\":\"\",\"Binary\":\"\"}}","Channel":"Application","Provider":"Microsoft-Windows-Security-SPP","EventId":16394,"EventRecordId":"344","ProcessId":0,"ThreadId":0,"Level":"Info","Keywords":"0x80000000000000","SourceFile":"Z:\\usr\\lib\\wine\\Artifacts\\APPLICATION.evtx","ExtraDataOffset":0,"HiddenRecord":false,"TimeCreated":"2023-03-09T13:35:26.6706017+00:00","RecordNumber":344}
{"ChunkNumber":2,"Computer":"DC01.forela.local","Payload":"{\"EventData\":{\"Data\":\"2023-08-04T19:45:56Z, RulesEngine\",\"Binary\":\"\"}}","Channel":"Application","Provider":"Microsoft-Windows-Security-SPP","EventId":16384,"EventRecordId":"345","ProcessId":0,"ThreadId":0,"Level":"Info","Keywords":"0x80000000000000","SourceFile":"Z:\\usr\\lib\\wine\\Artifacts\\APPLICATION.evtx","ExtraDataOffset":0,"HiddenRecord":false,"TimeCreated":"2023-03-09T13:35:56.8737243+00:00","RecordNumber":345}
{"ChunkNumber":2,"Computer":"DC01.forela.local","Payload":"{\"EventData\":{\"Data\":\"\",\"Binary\":\"\"}}","Channel":"Application","Provider":"VMUpgradeHelper","EventId":260,"EventRecordId":"346","ProcessId":0,"ThreadId":0,"Level":"Info","Keywords":"0x80000000000000","SourceFile":"Z:\\usr\\lib\\wine\\Artifacts\\APPLICATION.evtx","ExtraDataOffset":0,"HiddenRecord":false,"TimeCreated":"2023-03-09T13:39:14.3893425+00:00","RecordNumber":346}
{"ChunkNumber":2,"Computer":"DC01.forela.local","Payload":"{\"EventData\":{\"Data\":\"\",\"Binary\":\"\"}}","Channel":"Application","Provider":"VMUpgradeHelper","EventId":272,"EventRecordId":"347","ProcessId":0,"ThreadId":0,"Level":"Info","Keywords":"0x80000000000000","SourceFile":"Z:\\usr\\lib\\wine\\Artifacts\\APPLICATION.evtx","ExtraDataOffset":0,"HiddenRecord":false,"TimeCreated":"2023-03-09T13:39:14.3893425+00:00","RecordNumber":347}
{"ChunkNumber":2,"Computer":"DC01.forela.local","Payload":"{\"EventData\":{\"Data\":\"\",\"Binary\":\"\"}}","Channel":"Application","Provider":"VMTools","EventId":108,"EventRecordId":"348","ProcessId":0,"ThreadId":0,"Level":"Info","Keywords":"0x80000000000000","SourceFile":"Z:\\usr\\lib\\wine\\Artifacts\\APPLICATION.evtx","ExtraDataOffset":0,"HiddenRecord":false,"TimeCreated":"2023-03-09T13:39:14.4202558+00:00","RecordNumber":348}
{"ChunkNumber":2,"Computer":"DC01.forela.local","Payload":"{\"EventData\":\"\"}","UserId":"S-1-5-18","Channel":"Application","Provider":"Microsoft-Windows-User Profiles Service","EventId":1532,"EventRecordId":"349","ProcessId":1536,"ThreadId":1616,"Level":"Info","Keywords":"Classic","SourceFile":"Z:\\usr\\lib\\wine\\Artifacts\\APPLICATION.evtx","ExtraDataOffset":0,"HiddenRecord":false,"TimeCreated":"2023-03-09T13:39:14.7118163+00:00","RecordNumber":349}
{"ChunkNumber":2,"Computer":"DC01.forela.local","Payload":"{\"EventData\":\"\"}","UserId":"S-1-5-18","Channel":"Application","Provider":"Microsoft-Windows-User Profiles Service","EventId":1531,"EventRecordId":"350","ProcessId":1596,"ThreadId":1672,"Level":"Info","Keywords":"Classic","SourceFile":"Z:\\usr\\lib\\wine\\Artifacts\\APPLICATION.evtx","ExtraDataOffset":0,"HiddenRecord":false,"TimeCreated":"2023-03-10T02:00:20.1307734+00:00","RecordNumber":350}
{"ChunkNumber":2,"Computer":"DC01.forela.local","Payload":"{\"EventData\":{\"Data\":\"TriggerStarted:6\",\"Binary\":\"\"}}","Channel":"Application","Provider":"Microsoft-Windows-Security-SPP","EventId":900,"EventRecordId":"351","ProcessId":0,"ThreadId":0,"Level":"Info","Keywords":"0x80000000000000","SourceFile":"Z:\\usr\\lib\\wine\\Artifacts\\APPLICATION.evtx","ExtraDataOffset":0,"HiddenRecord":false,"TimeCreated":"2023-03-10T02:00:29.2936810+00:00","RecordNumber":351}
{"ChunkNumber":2,"Computer":"DC01.forela.local","Payload":"{\"EventData\":{\"Data\":\"\",\"Binary\":\"\"}}","Channel":"Application","Provider":"VMTools","EventId":105,"EventRecordId":"352","ProcessId":0,"ThreadId":0,"Level":"Info","Keywords":"0x80000000000000","SourceFile":"Z:\\usr\\lib\\wine\\Artifacts\\APPLICATION.evtx","ExtraDataOffset":0,"HiddenRecord":false,"TimeCreated":"2023-03-10T02:00:29.2936810+00:00","RecordNumber":352}
{"ChunkNumber":2,"Computer":"DC01.forela.local","Payload":"{\"EventData\":{\"Data\":\"\",\"Binary\":\"\"}}","Channel":"Application","Provider":"Microsoft-Windows-Security-SPP","EventId":16394,"EventRecordId":"353","ProcessId":0,"ThreadId":0,"Level":"Info","Keywords":"0x80000000000000","SourceFile":"Z:\\usr\\lib\\wine\\Artifacts\\APPLICATION.evtx","ExtraDataOffset":0,"HiddenRecord":false,"TimeCreated":"2023-03-10T02:00:29.6684855+00:00","RecordNumber":353}
{"ChunkNumber":2,"Computer":"DC01.forela.local","Payload":"{\"EventData\":{\"Data\":\"C:\\\\Windows\\\\system32\\\\sppwinob.dll, msft:spp/windowsfunctionality/agent/7.0, 0x00000000, 0x00000000\\nC:\\\\Windows\\\\system32\\\\sppobjs.dll, msft:rm/algorithm/inherited/1.0, 0x00000000, 0x00000000\\nC:\\\\Windows\\\\system32\\\\sppobjs.dll, msft:rm/algorithm/phone/1.0, 0x00000000, 0x00000000\\nC:\\\\Windows\\\\system32\\\\sppobjs.dll, msft:rm/algorithm/pkey/detect, 0x00000000, 0x00000000\\nC:\\\\Windows\\\\system32\\\\sppobjs.dll, msft:spp/ActionScheduler/1.0, 0x00000000, 0x00000000\\nC:\\\\Windows\\\\system32\\\\sppobjs.dll, msft:spp/TaskScheduler/1.0, 0x00000000, 0x00000000\\nC:\\\\Windows\\\\system32\\\\sppobjs.dll, msft:spp/statecollector/pkey, 0x00000000, 0x00000000\\nC:\\\\Windows\\\\system32\\\\sppobjs.dll, msft:spp/volume/services/kms/1.0, 0x00000000, 0x00000000\\nC:\\\\Windows\\\\system32\\\\sppobjs.dll, msft:spp/volume/services/kms/activationinfo/1.0, 0x00000000, 0x00000000\\n\",\"Binary\":\"\"}}","Channel":"Application","Provider":"Microsoft-Windows-Security-SPP","EventId":1066,"EventRecordId":"354","ProcessId":0,"ThreadId":0,"Level":"Info","Keywords":"0x80000000000000","SourceFile":"Z:\\usr\\lib\\wine\\Artifacts\\APPLICATION.evtx","ExtraDataOffset":0,"HiddenRecord":false,"TimeCreated":"2023-03-10T02:00:29.8406941+00:00","RecordNumber":354}
{"ChunkNumber":2,"Computer":"DC01.forela.local","Payload":"{\"EventData\":{\"Data\":\"55c92734-d682-4d71-983e-d6ec3f16059f, \\n1: c1a197b6-ba5e-4394-b9bf-b659a6c1b873, 1, 1 [(0 [0x00000000, 1, 0], [(?)( 1 0x00000000)(?)( 2 0x00000000 0 0 msft:rm/algorithm/hwid/4.0 0x00000000 0)(?)( 9 0x00000000 180 255947)( 10 0x00000000 msft:rm/algorithm/flags/1.0)(?)])(1 )(2 )(3 )]\\n\\n\",\"Binary\":\"\"}}","Channel":"Application","Provider":"Microsoft-Windows-Security-SPP","EventId":1003,"EventRecordId":"355","ProcessId":0,"ThreadId":0,"Level":"Info","Keywords":"0x80000000000000","SourceFile":"Z:\\usr\\lib\\wine\\Artifacts\\APPLICATION.evtx","ExtraDataOffset":0,"HiddenRecord":false,"TimeCreated":"2023-03-10T02:00:29.9496696+00:00","RecordNumber":355}
{"ChunkNumber":2,"Computer":"DC01.forela.local","Payload":"{\"EventData\":{\"Data\":\"validity, 255947\",\"Binary\":\"\"}}","Channel":"Application","Provider":"Microsoft-Windows-Security-SPP","EventId":1037,"EventRecordId":"356","ProcessId":0,"ThreadId":0,"Level":"Info","Keywords":"0x80000000000000","SourceFile":"Z:\\usr\\lib\\wine\\Artifacts\\APPLICATION.evtx","ExtraDataOffset":232,"HiddenRecord":false,"TimeCreated":"2023-03-10T02:00:29.9657076+00:00","RecordNumber":356}
{"ChunkNumber":2,"Computer":"DC01.forela.local","Payload":"{\"EventData\":{\"Data\":\"10.0.20348.587\",\"Binary\":\"\"}}","Channel":"Application","Provider":"Microsoft-Windows-Security-SPP","EventId":902,"EventRecordId":"357","ProcessId":0,"ThreadId":0,"Level":"LogAlways","Keywords":"0x80000000000000","SourceFile":"Z:\\usr\\lib\\wine\\Artifacts\\APPLICATION.evtx","ExtraDataOffset":0,"HiddenRecord":false,"TimeCreated":"2023-03-10T02:00:29.9811941+00:00","RecordNumber":357}
{"ChunkNumber":2,"Computer":"DC01.forela.local","Payload":"{\"EventData\":{\"Data\":[{\"@Name\":\"param1\",\"#text\":\"86400\"},{\"@Name\":\"param2\",\"#text\":\"SuppressDuplicateDuration\"},{\"@Name\":\"param3\",\"#text\":\"Software\\\\Microsoft\\\\COM3\\\\Eventlog\"}]}}","Channel":"Application","Provider":"Microsoft-Windows-Complus","EventId":781,"EventRecordId":"358","ProcessId":0,"ThreadId":0,"Level":"Info","Keywords":"0x80000000000000","SourceFile":"Z:\\usr\\lib\\wine\\Artifacts\\APPLICATION.evtx","ExtraDataOffset":0,"HiddenRecord":false,"TimeCreated":"2023-03-10T02:00:30.0591964+00:00","RecordNumber":358}
{"ChunkNumber":2,"Computer":"DC01.forela.local","Payload":"{\"EventData\":\"\"}","UserId":"S-1-5-18","Channel":"Application","Provider":"Microsoft-Windows-WMI","EventId":5615,"EventRecordId":"359","ProcessId":3024,"ThreadId":3084,"Level":"Info","Keywords":"Classic","SourceFile":"Z:\\usr\\lib\\wine\\Artifacts\\APPLICATION.evtx","ExtraDataOffset":0,"HiddenRecord":false,"TimeCreated":"2023-03-10T02:00:29.1456222+00:00","RecordNumber":359}
{"ChunkNumber":2,"Computer":"DC01.forela.local","Payload":"{\"EventData\":{\"Data\":[{\"@Name\":\"param1\",\"#text\":\"0\"},{\"@Name\":\"param2\",\"#text\":\"0\"},{\"@Name\":\"param3\",\"#text\":\"0\"},{\"@Name\":\"param4\",\"#text\":\"0\"},{\"@Name\":\"param5\",\"#text\":\"0\"},{\"@Name\":\"param6\",\"#text\":\"0\"},{\"@Name\":\"param7\",\"#text\":\"1\"},{\"@Name\":\"param8\",\"#text\":\"Mutual Authentication Required\"},{\"@Name\":\"param9\",\"#text\":\"NT AUTHORITY\\\\NetworkService\"},{\"@Name\":\"param10\",\"#text\":\"0\"},{\"@Name\":\"param11\",\"#text\":\"0\"},{\"@Name\":\"param12\",\"#text\":\"1\"}]}}","Channel":"Application","Provider":"Microsoft-Windows-MSDTC 2","EventId":4202,"EventRecordId":"360","ProcessId":0,"ThreadId":0,"Level":"Info","Keywords":"0x80000000000000","SourceFile":"Z:\\usr\\lib\\wine\\Artifacts\\APPLICATION.evtx","ExtraDataOffset":0,"HiddenRecord":false,"TimeCreated":"2023-03-10T02:00:30.3717320+00:00","RecordNumber":360}
{"ChunkNumber":2,"Computer":"DC01.forela.local","Payload":"{\"EventData\":{\"Data\":\"\",\"Binary\":\"\"}}","Channel":"Application","Provider":"VMUpgradeHelper","EventId":258,"EventRecordId":"361","ProcessId":0,"ThreadId":0,"Level":"Info","Keywords":"0x80000000000000","SourceFile":"Z:\\usr\\lib\\wine\\Artifacts\\APPLICATION.evtx","ExtraDataOffset":0,"HiddenRecord":false,"TimeCreated":"2023-03-10T02:00:30.5746877+00:00","RecordNumber":361}
{"ChunkNumber":2,"Computer":"DC01.forela.local","Payload":"{\"EventData\":{\"Data\":\"\",\"Binary\":\"\"}}","Channel":"Application","Provider":"VMUpgradeHelper","EventId":271,"EventRecordId":"362","ProcessId":0,"ThreadId":0,"Level":"Info","Keywords":"0x80000000000000","SourceFile":"Z:\\usr\\lib\\wine\\Artifacts\\APPLICATION.evtx","ExtraDataOffset":0,"HiddenRecord":false,"TimeCreated":"2023-03-10T02:00:30.7936959+00:00","RecordNumber":362}
{"ChunkNumber":2,"Computer":"DC01.forela.local","Payload":"{\"EventData\":\"\"}","UserId":"S-1-5-18","Channel":"Application","Provider":"Microsoft-Windows-WMI","EventId":5617,"EventRecordId":"363","ProcessId":3024,"ThreadId":3260,"Level":"Info","Keywords":"Classic","SourceFile":"Z:\\usr\\lib\\wine\\Artifacts\\APPLICATION.evtx","ExtraDataOffset":0,"HiddenRecord":false,"TimeCreated":"2023-03-10T02:00:30.1628543+00:00","RecordNumber":363}
{"ChunkNumber":2,"Computer":"DC01.forela.local","Payload":"{\"EventData\":{\"Data\":\"\",\"Binary\":\"\"}}","Channel":"Application","Provider":"Desktop Window Manager","EventId":9027,"EventRecordId":"364","ProcessId":0,"ThreadId":0,"Level":"Info","Keywords":"0x80000000000000","SourceFile":"Z:\\usr\\lib\\wine\\Artifacts\\APPLICATION.evtx","ExtraDataOffset":0,"HiddenRecord":false,"TimeCreated":"2023-03-10T02:00:47.4086054+00:00","RecordNumber":364}
{"ChunkNumber":2,"Computer":"DC01.forela.local","Payload":"{\"EventData\":{\"Data\":\"DFSRs, 2224,P,98, \\\\\\\\.\\\\C:\\\\System Volume Information\\\\DFSR\\\\database_72E6_EF45_E6EF_865\\\\dfsr.db: , 0, 10, 00, 20348, 0000\",\"Binary\":\"\"}}","Channel":"Application","Provider":"ESENT","EventId":102,"EventRecordId":"365","ProcessId":0,"ThreadId":0,"Level":"Info","Keywords":"0x80000000000000","SourceFile":"Z:\\usr\\lib\\wine\\Artifacts\\APPLICATION.evtx","ExtraDataOffset":0,"HiddenRecord":false,"TimeCreated":"2023-03-10T02:00:59.2054534+00:00","RecordNumber":365}
{"ChunkNumber":2,"Computer":"DC01.forela.local","Payload":"{\"EventData\":{\"Data\":\"DFSRs, 2224,D,0, \\\\\\\\.\\\\C:\\\\System Volume Information\\\\DFSR\\\\database_72E6_EF45_E6EF_865\\\\dfsr.db: , 0, 0, \\n[1] 0.002764 +J(0) +M(C:0K, Fs:333, WS:1284K # 1284K, PF:6800K # 6800K, P:6800K)\\n[2] 0.000171 +J(0) +M(C:16K, Fs:106, WS:416K # 416K, PF:356K # 356K, P:356K)\\n[3] 0.000012 +J(0) +M(C:0K, Fs:4, WS:12K # 12K, PF:68K # 68K, P:68K)\\n[4] 0.000097 +J(0) +M(C:2032K, Fs:35, WS:136K # 136K, PF:2452K # 2452K, P:2452K)\\n[5] 0.000361 +J(0) +M(C:0K, Fs:10, WS:-36K # 12K, PF:-100K # 12K, P:-100K)\\n[6] 0.000994 +J(0) +M(C:0K, Fs:21, WS:84K # 36K, PF:12K # 0K, P:12K)\\n[7] 0.015286 -0.012907 (11) WT +J(0) +M(C:0K, Fs:1299, WS:5188K # 5188K, PF:5128K # 5028K, P:5128K)\\n[8] -\\n[9] -\\n[10] -\\n[11] -\\n[12] -\\n[13] 0.006838 -0.003464 (12) WT +J(CM:0, PgRf:0, Rd:0/0, Dy:0/0, Lg:616/1) +M(C:0K, Fs:8, WS:-5100K # 16K, PF:-5120K # 20K, P:-5120K)\\n[14] 0.000012 +J(0) +M(C:0K, Fs:1, WS:4K # 0K, PF:0K # 0K, P:0K)\\n[15] 0.000048 +J(0) +M(C:0K, Fs:64, WS:256K # 0K, PF:64K # 0K, P:64K)\\n[16] 0.000246 -0.000129 (1) WT +J(0) +M(C:0K, Fs:3, WS:4K # 0K, PF:0K # 0K, P:0K).\",\"Binary\":\"\"}}","Channel":"Application","Provider":"ESENT","EventId":105,"EventRecordId":"366","ProcessId":0,"ThreadId":0,"Level":"Info","Keywords":"0x80000000000000","SourceFile":"Z:\\usr\\lib\\wine\\Artifacts\\APPLICATION.evtx","ExtraDataOffset":0,"HiddenRecord":false,"TimeCreated":"2023-03-10T02:00:59.2369312+00:00","RecordNumber":366}
{"PayloadData1":"Database: DFSRs, 2224,D,50, \\\\.\\C:\\System Volume Information\\DFSR\\database_72E6_EF45_E6EF_865\\dfsr.db: , 1, \\\\.\\C:\\System Volume Information\\DFSR\\database_72E6_EF45_E6EF_865\\dfsr.db, 0, \r\n[1] 0.000002 +J(0) +M(C:0K, Fs:1, WS:4K # 0K, PF:0K # 0K, P:0K)\r\n[2] 0.000625 -0.000475 (1) WT +J(0) +M(C:0K, Fs:19, WS:12K # 0K, PF:8K # 0K, P:8K)\r\n[3] 0.003375 -0.001421 (6) WT +J(CM:0, PgRf:0, Rd:0/0, Dy:0/0, Lg:3480/2) +M(C:0K, Fs:34, WS:120K # 0K, PF:164K # 0K, P:164K)\r\n[4] 0.000049 +J(0)\r\n[5] -\r\n[6] -\r\n[7] -\r\n[8] 0.000423 -0.000280 (2) CM -0.000177 (2) WT +J(CM:2, PgRf:2, Rd:14/2, Dy:0/0, Lg:54/1) +M(C:-8K, Fs:62, WS:240K # 0K, PF:140K # 0K, P:140K)\r\n[9] 0.000970 -0.000861 (2) CM -0.000804 (2) WT +J(CM:2, PgRf:23, Rd:0/1, Dy:0/0, Lg:0/0) +M(C:-12K, Fs:30, WS:108K # 0K, PF:188K # 0K, P:188K)\r\n[10] 0.000361 -0.000288 (1) CM -0.000242 (1) WT +J(CM:1, PgRf:40, Rd:0/1, Dy:0/0, Lg:0/0) +M(C:-4K, Fs:6, WS:20K # 0K, PF:60K # 0K, P:60K)\r\n[11] 0.000008 +J(CM:0, PgRf:1, Rd:0/0, Dy:0/0, Lg:0/0) +M(C:0K, Fs:4, WS:16K # 0K, PF:0K # 0K, P:0K)\r\n[12] 0.000011 +J(CM:0, PgRf:36, Rd:0/0, Dy:0/0, Lg:0/0) +M(C:0K, Fs:1, WS:4K # 0K, PF:0K # 0K, P:0K)\r\n[13] 0.0 +J(0)\r\n[14] 0.0 +J(0)\r\n[15] 0.000002 +J(CM:0, PgRf:1, Rd:0/0, Dy:0/0, Lg:0/0)., 0 0, lgposAttach = 00000001:011F:0268,\r\ndbv = 1568.180.400 (9360)","MapDescription":"NTDS the database engine attached a database","ChunkNumber":2,"Computer":"DC01.forela.local","Payload":"{\"EventData\":{\"Data\":\"DFSRs, 2224,D,50, \\\\\\\\.\\\\C:\\\\System Volume Information\\\\DFSR\\\\database_72E6_EF45_E6EF_865\\\\dfsr.db: , 1, \\\\\\\\.\\\\C:\\\\System Volume Information\\\\DFSR\\\\database_72E6_EF45_E6EF_865\\\\dfsr.db, 0, \\n[1] 0.000002 +J(0) +M(C:0K, Fs:1, WS:4K # 0K, PF:0K # 0K, P:0K)\\n[2] 0.000625 -0.000475 (1) WT +J(0) +M(C:0K, Fs:19, WS:12K # 0K, PF:8K # 0K, P:8K)\\n[3] 0.003375 -0.001421 (6) WT +J(CM:0, PgRf:0, Rd:0/0, Dy:0/0, Lg:3480/2) +M(C:0K, Fs:34, WS:120K # 0K, PF:164K # 0K, P:164K)\\n[4] 0.000049 +J(0)\\n[5] -\\n[6] -\\n[7] -\\n[8] 0.000423 -0.000280 (2) CM -0.000177 (2) WT +J(CM:2, PgRf:2, Rd:14/2, Dy:0/0, Lg:54/1) +M(C:-8K, Fs:62, WS:240K # 0K, PF:140K # 0K, P:140K)\\n[9] 0.000970 -0.000861 (2) CM -0.000804 (2) WT +J(CM:2, PgRf:23, Rd:0/1, Dy:0/0, Lg:0/0) +M(C:-12K, Fs:30, WS:108K # 0K, PF:188K # 0K, P:188K)\\n[10] 0.000361 -0.000288 (1) CM -0.000242 (1) WT +J(CM:1, PgRf:40, Rd:0/1, Dy:0/0, Lg:0/0) +M(C:-4K, Fs:6, WS:20K # 0K, PF:60K # 0K, P:60K)\\n[11] 0.000008 +J(CM:0, PgRf:1, Rd:0/0, Dy:0/0, Lg:0/0) +M(C:0K, Fs:4, WS:16K # 0K, PF:0K # 0K, P:0K)\\n[12] 0.000011 +J(CM:0, PgRf:36, Rd:0/0, Dy:0/0, Lg:0/0) +M(C:0K, Fs:1, WS:4K # 0K, PF:0K # 0K, P:0K)\\n[13] 0.0 +J(0)\\n[14] 0.0 +J(0)\\n[15] 0.000002 +J(CM:0, PgRf:1, Rd:0/0, Dy:0/0, Lg:0/0)., 0 0, lgposAttach = 00000001:011F:0268,\\ndbv = 1568.180.400 (9360)\",\"Binary\":\"\"}}","Channel":"Application","Provider":"ESENT","EventId":326,"EventRecordId":"367","ProcessId":0,"ThreadId":0,"Level":"Info","Keywords":"0x80000000000000","SourceFile":"Z:\\usr\\lib\\wine\\Artifacts\\APPLICATION.evtx","ExtraDataOffset":0,"HiddenRecord":false,"TimeCreated":"2023-03-10T02:00:59.2369312+00:00","RecordNumber":367}
{"ChunkNumber":2,"Computer":"DC01.forela.local","Payload":"{\"EventData\":{\"Data\":\"\",\"Binary\":\"\"}}","Channel":"Application","Provider":"SceCli","EventId":1704,"EventRecordId":"368","ProcessId":0,"ThreadId":0,"Level":"Info","Keywords":"0x80000000000000","SourceFile":"Z:\\usr\\lib\\wine\\Artifacts\\APPLICATION.evtx","ExtraDataOffset":0,"HiddenRecord":false,"TimeCreated":"2023-03-10T02:00:59.4554350+00:00","RecordNumber":368}
{"ChunkNumber":3,"Computer":"DC01.forela.local","Payload":"{\"EventData\":{\"Data\":[{\"@Name\":\"Library\",\"#text\":\"C:\\\\Windows\\\\system32\\\\ntdsperf.dll\"},{\"@Name\":\"Win32Error\",\"#text\":\"126\"}]}}","UserId":"S-1-5-18","Channel":"Application","Provider":"Microsoft-Windows-Perflib","EventId":1023,"EventRecordId":"369","ProcessId":4368,"ThreadId":4400,"Level":"Error","Keywords":"Classic","SourceFile":"Z:\\usr\\lib\\wine\\Artifacts\\APPLICATION.evtx","ExtraDataOffset":0,"HiddenRecord":false,"TimeCreated":"2023-03-10T02:00:59.3146917+00:00","RecordNumber":369}
{"ChunkNumber":3,"Computer":"DC01.forela.local","Payload":"{\"EventData\":{\"Data\":\"2023-03-11T02:00:00Z, TBL\",\"Binary\":\"\"}}","Channel":"Application","Provider":"Microsoft-Windows-Security-SPP","EventId":16384,"EventRecordId":"370","ProcessId":0,"ThreadId":0,"Level":"Info","Keywords":"0x80000000000000","SourceFile":"Z:\\usr\\lib\\wine\\Artifacts\\APPLICATION.evtx","ExtraDataOffset":0,"HiddenRecord":false,"TimeCreated":"2023-03-10T02:01:00.0494254+00:00","RecordNumber":370}
{"ChunkNumber":3,"Computer":"DC01.forela.local","Payload":"{\"EventData\":{\"Data\":\"\",\"Binary\":\"\"}}","Channel":"Application","Provider":"Microsoft-Windows-Security-SPP","EventId":903,"EventRecordId":"371","ProcessId":0,"ThreadId":0,"Level":"LogAlways","Keywords":"0x80000000000000","SourceFile":"Z:\\usr\\lib\\wine\\Artifacts\\APPLICATION.evtx","ExtraDataOffset":0,"HiddenRecord":false,"TimeCreated":"2023-03-10T02:01:00.0494254+00:00","RecordNumber":371}
{"ChunkNumber":3,"Computer":"DC01.forela.local","Payload":"{\"EventData\":{\"Data\":\"Service stopped\",\"Binary\":\"\"}}","Channel":"Application","Provider":"edgeupdate","EventId":0,"EventRecordId":"372","ProcessId":0,"ThreadId":0,"Level":"Info","Keywords":"0x80000000000000","SourceFile":"Z:\\usr\\lib\\wine\\Artifacts\\APPLICATION.evtx","ExtraDataOffset":0,"HiddenRecord":false,"TimeCreated":"2023-03-10T02:02:31.4398681+00:00","RecordNumber":372}
{"ChunkNumber":3,"Computer":"DC01.forela.local","Payload":"{\"EventData\":{\"Data\":\"&lt;explicit&gt;\",\"Binary\":\"\"}}","Channel":"Application","Provider":"Microsoft-Windows-Security-SPP","EventId":900,"EventRecordId":"373","ProcessId":0,"ThreadId":0,"Level":"Info","Keywords":"0x80000000000000","SourceFile":"Z:\\usr\\lib\\wine\\Artifacts\\APPLICATION.evtx","ExtraDataOffset":0,"HiddenRecord":false,"TimeCreated":"2023-03-10T02:02:31.7215166+00:00","RecordNumber":373}
{"ChunkNumber":3,"Computer":"DC01.forela.local","Payload":"{\"EventData\":{\"Data\":\"\",\"Binary\":\"\"}}","Channel":"Application","Provider":"Microsoft-Windows-Security-SPP","EventId":16394,"EventRecordId":"374","ProcessId":0,"ThreadId":0,"Level":"Info","Keywords":"0x80000000000000","SourceFile":"Z:\\usr\\lib\\wine\\Artifacts\\APPLICATION.evtx","ExtraDataOffset":0,"HiddenRecord":false,"TimeCreated":"2023-03-10T02:02:31.7679521+00:00","RecordNumber":374}
{"ChunkNumber":3,"Computer":"DC01.forela.local","Payload":"{\"EventData\":{\"Data\":\"2023-08-04T19:46:09Z, RulesEngine\",\"Binary\":\"\"}}","Channel":"Application","Provider":"Microsoft-Windows-Security-SPP","EventId":16384,"EventRecordId":"375","ProcessId":0,"ThreadId":0,"Level":"Info","Keywords":"0x80000000000000","SourceFile":"Z:\\usr\\lib\\wine\\Artifacts\\APPLICATION.evtx","ExtraDataOffset":0,"HiddenRecord":false,"TimeCreated":"2023-03-10T02:03:09.8463865+00:00","RecordNumber":375}
{"ChunkNumber":3,"Computer":"DC01.forela.local","Payload":"{\"EventData\":{\"Data\":\"\",\"Binary\":\"2D-20-43-6F-64-65-3A-20-20-43-4F-52-53-56-43-43-30-30-30-30-30-37-37-38-2D-20-43-61-6C-6C-3A-20-20-43-4F-52-53-56-43-43-30-30-30-30-30-37-36-30-2D-20-50-49-44-3A-20-20-30-30-30-30-34-35-33-32-2D-20-54-49-44-3A-20-20-30-30-30-30-34-35-35-32-2D-20-43-4D-44-3A-20-20-43-3A-5C-57-69-6E-64-6F-77-73-5C-73-79-73-74-65-6D-33-32-5C-76-73-73-76-63-2E-65-78-65-20-20-20-2D-20-55-73-65-72-3A-20-4E-61-6D-65-3A-20-4E-54-20-41-55-54-48-4F-52-49-54-59-5C-53-59-53-54-45-4D-2C-20-53-49-44-3A-53-2D-31-2D-35-2D-31-38-20\"}}","Channel":"Application","Provider":"VSS","EventId":8224,"EventRecordId":"376","ProcessId":0,"ThreadId":0,"Level":"Info","Keywords":"0x80000000000000","SourceFile":"Z:\\usr\\lib\\wine\\Artifacts\\APPLICATION.evtx","ExtraDataOffset":0,"HiddenRecord":false,"TimeCreated":"2023-03-10T02:03:31.6274682+00:00","RecordNumber":376}
{"ChunkNumber":3,"Computer":"DC01.forela.local","Payload":"{\"UserData\":{\"EventXML\":{\"param1\":\"WmiApRpl\",\"param2\":\"WmiApRpl\",\"binaryDataSize\":\"12\",\"binaryData\":\"94-29-00-00-95-29-00-00-D2-05-00-00\"}}}","UserId":"S-1-5-18","Channel":"Application","Provider":"Microsoft-Windows-LoadPerf","EventId":1001,"EventRecordId":"377","ProcessId":5888,"ThreadId":5868,"Level":"Info","Keywords":"Classic","SourceFile":"Z:\\usr\\lib\\wine\\Artifacts\\APPLICATION.evtx","ExtraDataOffset":0,"HiddenRecord":false,"TimeCreated":"2023-03-10T02:04:35.6824359+00:00","RecordNumber":377}
{"ChunkNumber":3,"Computer":"DC01.forela.local","Payload":"{\"UserData\":{\"EventXML\":{\"param1\":\"WmiApRpl\",\"param2\":\"WmiApRpl\",\"binaryDataSize\":\"16\",\"binaryData\":\"96-29-00-00-3C-2A-00-00-97-29-00-00-3D-2A-00-00\"}}}","UserId":"S-1-5-18","Channel":"Application","Provider":"Microsoft-Windows-LoadPerf","EventId":1000,"EventRecordId":"378","ProcessId":5888,"ThreadId":5868,"Level":"Info","Keywords":"Classic","SourceFile":"Z:\\usr\\lib\\wine\\Artifacts\\APPLICATION.evtx","ExtraDataOffset":0,"HiddenRecord":false,"TimeCreated":"2023-03-10T02:04:35.6990647+00:00","RecordNumber":378}
{"ChunkNumber":3,"Computer":"DC01.forela.local","Payload":"{\"EventData\":{\"Data\":\"\",\"Binary\":\"\"}}","Channel":"Application","Provider":"Microsoft-Windows-Security-SPP","EventId":16394,"EventRecordId":"379","ProcessId":0,"ThreadId":0,"Level":"Info","Keywords":"0x80000000000000","SourceFile":"Z:\\usr\\lib\\wine\\Artifacts\\APPLICATION.evtx","ExtraDataOffset":0,"HiddenRecord":false,"TimeCreated":"2023-03-10T02:09:31.1745986+00:00","RecordNumber":379}
{"ChunkNumber":3,"Computer":"DC01.forela.local","Payload":"{\"EventData\":{\"Data\":\"Service stopped\",\"Binary\":\"\"}}","Channel":"Application","Provider":"edgeupdate","EventId":0,"EventRecordId":"380","ProcessId":0,"ThreadId":0,"Level":"Info","Keywords":"0x80000000000000","SourceFile":"Z:\\usr\\lib\\wine\\Artifacts\\APPLICATION.evtx","ExtraDataOffset":0,"HiddenRecord":false,"TimeCreated":"2023-03-10T02:09:38.9866784+00:00","RecordNumber":380}
{"ChunkNumber":3,"Computer":"DC01.forela.local","Payload":"{\"EventData\":{\"Data\":\"2023-08-04T19:46:01Z, RulesEngine\",\"Binary\":\"\"}}","Channel":"Application","Provider":"Microsoft-Windows-Security-SPP","EventId":16384,"EventRecordId":"381","ProcessId":0,"ThreadId":0,"Level":"Info","Keywords":"0x80000000000000","SourceFile":"Z:\\usr\\lib\\wine\\Artifacts\\APPLICATION.evtx","ExtraDataOffset":0,"HiddenRecord":false,"TimeCreated":"2023-03-10T02:10:01.4085793+00:00","RecordNumber":381}
{"ChunkNumber":3,"Computer":"DC01.forela.local","Payload":"{\"EventData\":{\"Data\":\"\",\"Binary\":\"\"}}","Channel":"Application","Provider":"Microsoft-Windows-Security-SPP","EventId":16394,"EventRecordId":"382","ProcessId":0,"ThreadId":0,"Level":"Info","Keywords":"0x80000000000000","SourceFile":"Z:\\usr\\lib\\wine\\Artifacts\\APPLICATION.evtx","ExtraDataOffset":0,"HiddenRecord":false,"TimeCreated":"2023-03-10T02:30:30.1117681+00:00","RecordNumber":382}
{"ChunkNumber":3,"Computer":"DC01.forela.local","Payload":"{\"EventData\":{\"Data\":\"2023-08-04T19:46:00Z, RulesEngine\",\"Binary\":\"\"}}","Channel":"Application","Provider":"Microsoft-Windows-Security-SPP","EventId":16384,"EventRecordId":"383","ProcessId":0,"ThreadId":0,"Level":"Info","Keywords":"0x80000000000000","SourceFile":"Z:\\usr\\lib\\wine\\Artifacts\\APPLICATION.evtx","ExtraDataOffset":0,"HiddenRecord":false,"TimeCreated":"2023-03-10T02:31:00.1743781+00:00","RecordNumber":383}
{"ChunkNumber":3,"Computer":"DC01.forela.local","Payload":"{\"EventData\":{\"Data\":\"\",\"Binary\":\"\"}}","Channel":"Application","Provider":"Microsoft-Windows-Security-SPP","EventId":16394,"EventRecordId":"384","ProcessId":0,"ThreadId":0,"Level":"Info","Keywords":"0x80000000000000","SourceFile":"Z:\\usr\\lib\\wine\\Artifacts\\APPLICATION.evtx","ExtraDataOffset":0,"HiddenRecord":false,"TimeCreated":"2023-03-10T02:42:05.9712556+00:00","RecordNumber":384}
{"ChunkNumber":3,"Computer":"DC01.forela.local","Payload":"{\"EventData\":{\"Data\":\"2023-08-04T19:46:36Z, RulesEngine\",\"Binary\":\"\"}}","Channel":"Application","Provider":"Microsoft-Windows-Security-SPP","EventId":16384,"EventRecordId":"385","ProcessId":0,"ThreadId":0,"Level":"Info","Keywords":"0x80000000000000","SourceFile":"Z:\\usr\\lib\\wine\\Artifacts\\APPLICATION.evtx","ExtraDataOffset":0,"HiddenRecord":false,"TimeCreated":"2023-03-10T02:42:36.2058426+00:00","RecordNumber":385}
{"ChunkNumber":3,"Computer":"DC01.forela.local","Payload":"{\"EventData\":{\"Data\":\"\",\"Binary\":\"\"}}","Channel":"Application","Provider":"Microsoft-Windows-Security-SPP","EventId":16394,"EventRecordId":"386","ProcessId":0,"ThreadId":0,"Level":"Info","Keywords":"0x80000000000000","SourceFile":"Z:\\usr\\lib\\wine\\Artifacts\\APPLICATION.evtx","ExtraDataOffset":0,"HiddenRecord":false,"TimeCreated":"2023-03-10T02:58:09.3618035+00:00","RecordNumber":386}
{"ChunkNumber":3,"Computer":"DC01.forela.local","Payload":"{\"EventData\":{\"Data\":\"2023-08-04T19:46:39Z, RulesEngine\",\"Binary\":\"\"}}","Channel":"Application","Provider":"Microsoft-Windows-Security-SPP","EventId":16384,"EventRecordId":"387","ProcessId":0,"ThreadId":0,"Level":"Info","Keywords":"0x80000000000000","SourceFile":"Z:\\usr\\lib\\wine\\Artifacts\\APPLICATION.evtx","ExtraDataOffset":0,"HiddenRecord":false,"TimeCreated":"2023-03-10T02:58:39.5805402+00:00","RecordNumber":387}
{"ChunkNumber":3,"Computer":"DC01.forela.local","Payload":"{\"EventData\":{\"Data\":\"\",\"Binary\":\"\"}}","Channel":"Application","Provider":"Microsoft-Windows-Security-SPP","EventId":16394,"EventRecordId":"388","ProcessId":0,"ThreadId":0,"Level":"Info","Keywords":"0x80000000000000","SourceFile":"Z:\\usr\\lib\\wine\\Artifacts\\APPLICATION.evtx","ExtraDataOffset":0,"HiddenRecord":false,"TimeCreated":"2023-03-10T03:00:30.2526550+00:00","RecordNumber":388}
{"ChunkNumber":3,"Computer":"DC01.forela.local","Payload":"{\"EventData\":{\"Data\":\"2023-08-04T19:46:00Z, RulesEngine\",\"Binary\":\"\"}}","Channel":"Application","Provider":"Microsoft-Windows-Security-SPP","EventId":16384,"EventRecordId":"389","ProcessId":0,"ThreadId":0,"Level":"Info","Keywords":"0x80000000000000","SourceFile":"Z:\\usr\\lib\\wine\\Artifacts\\APPLICATION.evtx","ExtraDataOffset":0,"HiddenRecord":false,"TimeCreated":"2023-03-10T03:01:00.3306454+00:00","RecordNumber":389}
{"ChunkNumber":3,"Computer":"DC01.forela.local","Payload":"{\"EventData\":{\"Data\":\"\",\"Binary\":\"\"}}","Channel":"Application","Provider":"Microsoft-Windows-Security-SPP","EventId":16394,"EventRecordId":"390","ProcessId":0,"ThreadId":0,"Level":"Info","Keywords":"0x80000000000000","SourceFile":"Z:\\usr\\lib\\wine\\Artifacts\\APPLICATION.evtx","ExtraDataOffset":0,"HiddenRecord":false,"TimeCreated":"2023-03-10T03:30:30.4086529+00:00","RecordNumber":390}
{"ChunkNumber":3,"Computer":"DC01.forela.local","Payload":"{\"EventData\":{\"Data\":\"2023-08-04T19:46:00Z, RulesEngine\",\"Binary\":\"\"}}","Channel":"Application","Provider":"Microsoft-Windows-Security-SPP","EventId":16384,"EventRecordId":"391","ProcessId":0,"ThreadId":0,"Level":"Info","Keywords":"0x80000000000000","SourceFile":"Z:\\usr\\lib\\wine\\Artifacts\\APPLICATION.evtx","ExtraDataOffset":0,"HiddenRecord":false,"TimeCreated":"2023-03-10T03:31:00.4867927+00:00","RecordNumber":391}
{"ChunkNumber":3,"Computer":"DC01.forela.local","Payload":"{\"EventData\":{\"Data\":\"\",\"Binary\":\"\"}}","Channel":"Application","Provider":"Microsoft-Windows-Security-SPP","EventId":16394,"EventRecordId":"392","ProcessId":0,"ThreadId":0,"Level":"Info","Keywords":"0x80000000000000","SourceFile":"Z:\\usr\\lib\\wine\\Artifacts\\APPLICATION.evtx","ExtraDataOffset":0,"HiddenRecord":false,"TimeCreated":"2023-03-10T03:38:22.1273988+00:00","RecordNumber":392}
{"ChunkNumber":3,"Computer":"DC01.forela.local","Payload":"{\"EventData\":{\"Data\":\"2023-08-04T19:45:52Z, RulesEngine\",\"Binary\":\"\"}}","Channel":"Application","Provider":"Microsoft-Windows-Security-SPP","EventId":16384,"EventRecordId":"393","ProcessId":0,"ThreadId":0,"Level":"Info","Keywords":"0x80000000000000","SourceFile":"Z:\\usr\\lib\\wine\\Artifacts\\APPLICATION.evtx","ExtraDataOffset":0,"HiddenRecord":false,"TimeCreated":"2023-03-10T03:38:52.3620589+00:00","RecordNumber":393}
{"ChunkNumber":3,"Computer":"DC01.forela.local","Payload":"{\"EventData\":{\"Data\":\"\",\"Binary\":\"\"}}","Channel":"Application","Provider":"Microsoft-Windows-Security-SPP","EventId":16394,"EventRecordId":"394","ProcessId":0,"ThreadId":0,"Level":"Info","Keywords":"0x80000000000000","SourceFile":"Z:\\usr\\lib\\wine\\Artifacts\\APPLICATION.evtx","ExtraDataOffset":0,"HiddenRecord":false,"TimeCreated":"2023-03-10T04:00:30.5964580+00:00","RecordNumber":394}
{"ChunkNumber":3,"Computer":"DC01.forela.local","Payload":"{\"EventData\":{\"Data\":\"2023-08-04T19:46:00Z, RulesEngine\",\"Binary\":\"\"}}","Channel":"Application","Provider":"Microsoft-Windows-Security-SPP","EventId":16384,"EventRecordId":"395","ProcessId":0,"ThreadId":0,"Level":"Info","Keywords":"0x80000000000000","SourceFile":"Z:\\usr\\lib\\wine\\Artifacts\\APPLICATION.evtx","ExtraDataOffset":0,"HiddenRecord":false,"TimeCreated":"2023-03-10T04:01:00.6588536+00:00","RecordNumber":395}
{"ChunkNumber":3,"Computer":"DC01.forela.local","Payload":"{\"EventData\":{\"Data\":\"\",\"Binary\":\"\"}}","Channel":"Application","Provider":"Microsoft-Windows-Security-SPP","EventId":16394,"EventRecordId":"396","ProcessId":0,"ThreadId":0,"Level":"Info","Keywords":"0x80000000000000","SourceFile":"Z:\\usr\\lib\\wine\\Artifacts\\APPLICATION.evtx","ExtraDataOffset":0,"HiddenRecord":false,"TimeCreated":"2023-03-10T04:10:04.5027775+00:00","RecordNumber":396}
{"ChunkNumber":3,"Computer":"DC01.forela.local","Payload":"{\"EventData\":{\"Data\":\"2023-08-04T19:46:34Z, RulesEngine\",\"Binary\":\"\"}}","Channel":"Application","Provider":"Microsoft-Windows-Security-SPP","EventId":16384,"EventRecordId":"397","ProcessId":0,"ThreadId":0,"Level":"Info","Keywords":"0x80000000000000","SourceFile":"Z:\\usr\\lib\\wine\\Artifacts\\APPLICATION.evtx","ExtraDataOffset":0,"HiddenRecord":false,"TimeCreated":"2023-03-10T04:10:34.7368737+00:00","RecordNumber":397}
{"ChunkNumber":3,"Computer":"DC01.forela.local","Payload":"{\"EventData\":{\"Data\":\"\",\"Binary\":\"\"}}","Channel":"Application","Provider":"Microsoft-Windows-Security-SPP","EventId":16394,"EventRecordId":"398","ProcessId":0,"ThreadId":0,"Level":"Info","Keywords":"0x80000000000000","SourceFile":"Z:\\usr\\lib\\wine\\Artifacts\\APPLICATION.evtx","ExtraDataOffset":0,"HiddenRecord":false,"TimeCreated":"2023-03-10T04:30:30.7523867+00:00","RecordNumber":398}
{"ChunkNumber":3,"Computer":"DC01.forela.local","Payload":"{\"EventData\":{\"Data\":\"2023-08-04T19:46:00Z, RulesEngine\",\"Binary\":\"\"}}","Channel":"Application","Provider":"Microsoft-Windows-Security-SPP","EventId":16384,"EventRecordId":"399","ProcessId":0,"ThreadId":0,"Level":"Info","Keywords":"0x80000000000000","SourceFile":"Z:\\usr\\lib\\wine\\Artifacts\\APPLICATION.evtx","ExtraDataOffset":0,"HiddenRecord":false,"TimeCreated":"2023-03-10T04:31:00.8148911+00:00","RecordNumber":399}
{"ChunkNumber":3,"Computer":"DC01.forela.local","Payload":"{\"EventData\":{\"Data\":\"\",\"Binary\":\"\"}}","Channel":"Application","Provider":"Microsoft-Windows-Security-SPP","EventId":16394,"EventRecordId":"400","ProcessId":0,"ThreadId":0,"Level":"Info","Keywords":"0x80000000000000","SourceFile":"Z:\\usr\\lib\\wine\\Artifacts\\APPLICATION.evtx","ExtraDataOffset":0,"HiddenRecord":false,"TimeCreated":"2023-03-10T04:48:53.8777121+00:00","RecordNumber":400}
{"ChunkNumber":3,"Computer":"DC01.forela.local","Payload":"{\"EventData\":{\"Data\":\"2023-08-04T19:46:24Z, RulesEngine\",\"Binary\":\"\"}}","Channel":"Application","Provider":"Microsoft-Windows-Security-SPP","EventId":16384,"EventRecordId":"401","ProcessId":0,"ThreadId":0,"Level":"Info","Keywords":"0x80000000000000","SourceFile":"Z:\\usr\\lib\\wine\\Artifacts\\APPLICATION.evtx","ExtraDataOffset":0,"HiddenRecord":false,"TimeCreated":"2023-03-10T04:49:24.1117434+00:00","RecordNumber":401}
{"ChunkNumber":3,"Computer":"DC01.forela.local","Payload":"{\"EventData\":{\"Data\":\"\",\"Binary\":\"\"}}","Channel":"Application","Provider":"Microsoft-Windows-Security-SPP","EventId":16394,"EventRecordId":"402","ProcessId":0,"ThreadId":0,"Level":"Info","Keywords":"0x80000000000000","SourceFile":"Z:\\usr\\lib\\wine\\Artifacts\\APPLICATION.evtx","ExtraDataOffset":0,"HiddenRecord":false,"TimeCreated":"2023-03-10T05:00:30.9088082+00:00","RecordNumber":402}
{"ChunkNumber":3,"Computer":"DC01.forela.local","Payload":"{\"EventData\":{\"Data\":\"2023-08-04T19:46:00Z, RulesEngine\",\"Binary\":\"\"}}","Channel":"Application","Provider":"Microsoft-Windows-Security-SPP","EventId":16384,"EventRecordId":"403","ProcessId":0,"ThreadId":0,"Level":"Info","Keywords":"0x80000000000000","SourceFile":"Z:\\usr\\lib\\wine\\Artifacts\\APPLICATION.evtx","ExtraDataOffset":0,"HiddenRecord":false,"TimeCreated":"2023-03-10T05:01:00.9868544+00:00","RecordNumber":403}
{"ChunkNumber":3,"Computer":"DC01.forela.local","Payload":"{\"EventData\":{\"Data\":\"\",\"Binary\":\"\"}}","Channel":"Application","Provider":"Microsoft-Windows-Security-SPP","EventId":16394,"EventRecordId":"404","ProcessId":0,"ThreadId":0,"Level":"Info","Keywords":"0x80000000000000","SourceFile":"Z:\\usr\\lib\\wine\\Artifacts\\APPLICATION.evtx","ExtraDataOffset":0,"HiddenRecord":false,"TimeCreated":"2023-03-10T05:26:59.1744887+00:00","RecordNumber":404}
{"ChunkNumber":3,"Computer":"DC01.forela.local","Payload":"{\"EventData\":{\"Data\":\"2023-08-04T19:46:29Z, RulesEngine\",\"Binary\":\"\"}}","Channel":"Application","Provider":"Microsoft-Windows-Security-SPP","EventId":16384,"EventRecordId":"405","ProcessId":0,"ThreadId":0,"Level":"Info","Keywords":"0x80000000000000","SourceFile":"Z:\\usr\\lib\\wine\\Artifacts\\APPLICATION.evtx","ExtraDataOffset":0,"HiddenRecord":false,"TimeCreated":"2023-03-10T05:27:29.4245288+00:00","RecordNumber":405}
{"ChunkNumber":3,"Computer":"DC01.forela.local","Payload":"{\"EventData\":{\"Data\":\"\",\"Binary\":\"\"}}","Channel":"Application","Provider":"Microsoft-Windows-Security-SPP","EventId":16394,"EventRecordId":"406","ProcessId":0,"ThreadId":0,"Level":"Info","Keywords":"0x80000000000000","SourceFile":"Z:\\usr\\lib\\wine\\Artifacts\\APPLICATION.evtx","ExtraDataOffset":0,"HiddenRecord":false,"TimeCreated":"2023-03-10T05:30:32.3774516+00:00","RecordNumber":406}
{"ChunkNumber":3,"Computer":"DC01.forela.local","Payload":"{\"EventData\":{\"Data\":\"2023-08-04T19:46:02Z, RulesEngine\",\"Binary\":\"\"}}","Channel":"Application","Provider":"Microsoft-Windows-Security-SPP","EventId":16384,"EventRecordId":"407","ProcessId":0,"ThreadId":0,"Level":"Info","Keywords":"0x80000000000000","SourceFile":"Z:\\usr\\lib\\wine\\Artifacts\\APPLICATION.evtx","ExtraDataOffset":0,"HiddenRecord":false,"TimeCreated":"2023-03-10T05:31:02.4559042+00:00","RecordNumber":407}
{"ChunkNumber":3,"Computer":"DC01.forela.local","Payload":"{\"EventData\":{\"Data\":\"\",\"Binary\":\"\"}}","Channel":"Application","Provider":"Microsoft-Windows-Security-SPP","EventId":16394,"EventRecordId":"408","ProcessId":0,"ThreadId":0,"Level":"Info","Keywords":"0x80000000000000","SourceFile":"Z:\\usr\\lib\\wine\\Artifacts\\APPLICATION.evtx","ExtraDataOffset":0,"HiddenRecord":false,"TimeCreated":"2023-03-10T05:59:43.5650574+00:00","RecordNumber":408}
{"ChunkNumber":3,"Computer":"DC01.forela.local","Payload":"{\"EventData\":{\"Data\":\"2023-08-04T19:46:14Z, RulesEngine\",\"Binary\":\"\"}}","Channel":"Application","Provider":"Microsoft-Windows-Security-SPP","EventId":16384,"EventRecordId":"409","ProcessId":0,"ThreadId":0,"Level":"Info","Keywords":"0x80000000000000","SourceFile":"Z:\\usr\\lib\\wine\\Artifacts\\APPLICATION.evtx","ExtraDataOffset":0,"HiddenRecord":false,"TimeCreated":"2023-03-10T06:00:14.7835625+00:00","RecordNumber":409}
{"ChunkNumber":3,"Computer":"DC01.forela.local","Payload":"{\"EventData\":{\"Data\":\"\",\"Binary\":\"\"}}","Channel":"Application","Provider":"Microsoft-Windows-Security-SPP","EventId":16394,"EventRecordId":"410","ProcessId":0,"ThreadId":0,"Level":"Info","Keywords":"0x80000000000000","SourceFile":"Z:\\usr\\lib\\wine\\Artifacts\\APPLICATION.evtx","ExtraDataOffset":0,"HiddenRecord":false,"TimeCreated":"2023-03-10T06:00:32.5496460+00:00","RecordNumber":410}
{"ChunkNumber":3,"Computer":"DC01.forela.local","Payload":"{\"EventData\":{\"Data\":\"2023-08-04T19:46:02Z, RulesEngine\",\"Binary\":\"\"}}","Channel":"Application","Provider":"Microsoft-Windows-Security-SPP","EventId":16384,"EventRecordId":"411","ProcessId":0,"ThreadId":0,"Level":"Info","Keywords":"0x80000000000000","SourceFile":"Z:\\usr\\lib\\wine\\Artifacts\\APPLICATION.evtx","ExtraDataOffset":0,"HiddenRecord":false,"TimeCreated":"2023-03-10T06:01:02.6431257+00:00","RecordNumber":411}
{"ChunkNumber":3,"Computer":"DC01.forela.local","Payload":"{\"EventData\":{\"Data\":\"\",\"Binary\":\"\"}}","Channel":"Application","Provider":"Microsoft-Windows-Security-SPP","EventId":16394,"EventRecordId":"412","ProcessId":0,"ThreadId":0,"Level":"Info","Keywords":"0x80000000000000","SourceFile":"Z:\\usr\\lib\\wine\\Artifacts\\APPLICATION.evtx","ExtraDataOffset":0,"HiddenRecord":false,"TimeCreated":"2023-03-10T06:30:32.7370363+00:00","RecordNumber":412}
{"ChunkNumber":3,"Computer":"DC01.forela.local","Payload":"{\"EventData\":{\"Data\":\"2023-08-04T19:46:02Z, RulesEngine\",\"Binary\":\"\"}}","Channel":"Application","Provider":"Microsoft-Windows-Security-SPP","EventId":16384,"EventRecordId":"413","ProcessId":0,"ThreadId":0,"Level":"Info","Keywords":"0x80000000000000","SourceFile":"Z:\\usr\\lib\\wine\\Artifacts\\APPLICATION.evtx","ExtraDataOffset":0,"HiddenRecord":false,"TimeCreated":"2023-03-10T06:31:02.8150706+00:00","RecordNumber":413}
{"ChunkNumber":3,"Computer":"DC01.forela.local","Payload":"{\"EventData\":{\"Data\":\"\",\"Binary\":\"\"}}","Channel":"Application","Provider":"Microsoft-Windows-Security-SPP","EventId":16394,"EventRecordId":"414","ProcessId":0,"ThreadId":0,"Level":"Info","Keywords":"0x80000000000000","SourceFile":"Z:\\usr\\lib\\wine\\Artifacts\\APPLICATION.evtx","ExtraDataOffset":0,"HiddenRecord":false,"TimeCreated":"2023-03-10T06:55:31.0336695+00:00","RecordNumber":414}
{"ChunkNumber":3,"Computer":"DC01.forela.local","Payload":"{\"EventData\":{\"Data\":\"2023-08-04T19:46:01Z, RulesEngine\",\"Binary\":\"\"}}","Channel":"Application","Provider":"Microsoft-Windows-Security-SPP","EventId":16384,"EventRecordId":"415","ProcessId":0,"ThreadId":0,"Level":"Info","Keywords":"0x80000000000000","SourceFile":"Z:\\usr\\lib\\wine\\Artifacts\\APPLICATION.evtx","ExtraDataOffset":0,"HiddenRecord":false,"TimeCreated":"2023-03-10T06:56:01.2527253+00:00","RecordNumber":415}
{"ChunkNumber":3,"Computer":"DC01.forela.local","Payload":"{\"EventData\":{\"Data\":\"\",\"Binary\":\"\"}}","Channel":"Application","Provider":"Microsoft-Windows-Security-SPP","EventId":16394,"EventRecordId":"416","ProcessId":0,"ThreadId":0,"Level":"Info","Keywords":"0x80000000000000","SourceFile":"Z:\\usr\\lib\\wine\\Artifacts\\APPLICATION.evtx","ExtraDataOffset":0,"HiddenRecord":false,"TimeCreated":"2023-03-10T07:00:32.9087734+00:00","RecordNumber":416}
{"ChunkNumber":3,"Computer":"DC01.forela.local","Payload":"{\"EventData\":{\"Data\":\"2023-08-04T19:46:02Z, RulesEngine\",\"Binary\":\"\"}}","Channel":"Application","Provider":"Microsoft-Windows-Security-SPP","EventId":16384,"EventRecordId":"417","ProcessId":0,"ThreadId":0,"Level":"Info","Keywords":"0x80000000000000","SourceFile":"Z:\\usr\\lib\\wine\\Artifacts\\APPLICATION.evtx","ExtraDataOffset":0,"HiddenRecord":false,"TimeCreated":"2023-03-10T07:01:03.0023223+00:00","RecordNumber":417}
{"ChunkNumber":3,"Computer":"DC01.forela.local","Payload":"{\"EventData\":{\"Data\":\"\",\"Binary\":\"\"}}","Channel":"Application","Provider":"Microsoft-Windows-Security-SPP","EventId":16394,"EventRecordId":"418","ProcessId":0,"ThreadId":0,"Level":"Info","Keywords":"0x80000000000000","SourceFile":"Z:\\usr\\lib\\wine\\Artifacts\\APPLICATION.evtx","ExtraDataOffset":0,"HiddenRecord":false,"TimeCreated":"2023-03-10T07:05:03.4558307+00:00","RecordNumber":418}
{"ChunkNumber":3,"Computer":"DC01.forela.local","Payload":"{\"EventData\":{\"Data\":\"2023-08-04T19:46:33Z, RulesEngine\",\"Binary\":\"\"}}","Channel":"Application","Provider":"Microsoft-Windows-Security-SPP","EventId":16384,"EventRecordId":"419","ProcessId":0,"ThreadId":0,"Level":"Info","Keywords":"0x80000000000000","SourceFile":"Z:\\usr\\lib\\wine\\Artifacts\\APPLICATION.evtx","ExtraDataOffset":0,"HiddenRecord":false,"TimeCreated":"2023-03-10T07:05:33.7213807+00:00","RecordNumber":419}
{"ChunkNumber":3,"Computer":"DC01.forela.local","Payload":"{\"EventData\":{\"Data\":\"\",\"Binary\":\"\"}}","Channel":"Application","Provider":"Microsoft-Windows-Security-SPP","EventId":16394,"EventRecordId":"420","ProcessId":0,"ThreadId":0,"Level":"Info","Keywords":"0x80000000000000","SourceFile":"Z:\\usr\\lib\\wine\\Artifacts\\APPLICATION.evtx","ExtraDataOffset":0,"HiddenRecord":false,"TimeCreated":"2023-03-10T07:18:15.8930213+00:00","RecordNumber":420}
{"ChunkNumber":3,"Computer":"DC01.forela.local","Payload":"{\"EventData\":{\"Data\":\"2023-08-04T19:46:46Z, RulesEngine\",\"Binary\":\"\"}}","Channel":"Application","Provider":"Microsoft-Windows-Security-SPP","EventId":16384,"EventRecordId":"421","ProcessId":0,"ThreadId":0,"Level":"Info","Keywords":"0x80000000000000","SourceFile":"Z:\\usr\\lib\\wine\\Artifacts\\APPLICATION.evtx","ExtraDataOffset":0,"HiddenRecord":false,"TimeCreated":"2023-03-10T07:18:46.1430049+00:00","RecordNumber":421}
{"ChunkNumber":3,"Computer":"DC01.forela.local","Payload":"{\"EventData\":{\"Data\":\"\",\"Binary\":\"\"}}","Channel":"Application","Provider":"Microsoft-Windows-Security-SPP","EventId":16394,"EventRecordId":"422","ProcessId":0,"ThreadId":0,"Level":"Info","Keywords":"0x80000000000000","SourceFile":"Z:\\usr\\lib\\wine\\Artifacts\\APPLICATION.evtx","ExtraDataOffset":0,"HiddenRecord":false,"TimeCreated":"2023-03-10T07:28:42.2992115+00:00","RecordNumber":422}
{"ChunkNumber":3,"Computer":"DC01.forela.local","Payload":"{\"EventData\":{\"Data\":\"2023-08-04T19:46:12Z, RulesEngine\",\"Binary\":\"\"}}","Channel":"Application","Provider":"Microsoft-Windows-Security-SPP","EventId":16384,"EventRecordId":"423","ProcessId":0,"ThreadId":0,"Level":"Info","Keywords":"0x80000000000000","SourceFile":"Z:\\usr\\lib\\wine\\Artifacts\\APPLICATION.evtx","ExtraDataOffset":0,"HiddenRecord":false,"TimeCreated":"2023-03-10T07:29:12.5492831+00:00","RecordNumber":423}
{"ChunkNumber":3,"Computer":"DC01.forela.local","Payload":"{\"EventData\":{\"Data\":\"\",\"Binary\":\"\"}}","Channel":"Application","Provider":"Microsoft-Windows-Security-SPP","EventId":16394,"EventRecordId":"424","ProcessId":0,"ThreadId":0,"Level":"Info","Keywords":"0x80000000000000","SourceFile":"Z:\\usr\\lib\\wine\\Artifacts\\APPLICATION.evtx","ExtraDataOffset":0,"HiddenRecord":false,"TimeCreated":"2023-03-10T07:30:33.0809135+00:00","RecordNumber":424}
